<?xml version="1.0" encoding="UTF-8"?>
<testsuite xmlns:xsi="http://www.w3.org/2001/XMLSchema-instance" xsi:noNamespaceSchemaLocation="https://maven.apache.org/surefire/maven-failsafe-plugin/xsd/failsafe-test-report-3.0.xsd" version="3.0" name="com.ejemplos.testing.serenity.CucumberTestSuite" time="353.974" tests="161" errors="0" skipped="0" failures="18">
  <properties>
    <property name="java.specification.version" value="16" />
    <property name="webdriver.chrome.driver" value="C:\Users\34603\.cache\selenium\chromedriver\win32\99.0.4844.51\chromedriver.exe" />
    <property name="sun.cpu.isalist" value="amd64" />
    <property name="sun.jnu.encoding" value="Cp1252" />
    <property name="java.class.path" value="C:\Users\34603\Documents\GitHub\Proyecto3\Proyecto3-Serenity\target\test-classes;C:\Users\34603\.m2\repository\net\serenity-bdd\serenity-core\3.2.3\serenity-core-3.2.3.jar;C:\Users\34603\.m2\repository\net\serenity-bdd\serenity-model\3.2.3\serenity-model-3.2.3.jar;C:\Users\34603\.m2\repository\org\apache\commons\commons-text\1.9\commons-text-1.9.jar;C:\Users\34603\.m2\repository\commons-net\commons-net\3.8.0\commons-net-3.8.0.jar;C:\Users\34603\.m2\repository\com\google\guava\guava\31.1-jre\guava-31.1-jre.jar;C:\Users\34603\.m2\repository\com\google\guava\failureaccess\1.0.1\failureaccess-1.0.1.jar;C:\Users\34603\.m2\repository\com\google\guava\listenablefuture\9999.0-empty-to-avoid-conflict-with-guava\listenablefuture-9999.0-empty-to-avoid-conflict-with-guava.jar;C:\Users\34603\.m2\repository\com\google\code\findbugs\jsr305\3.0.2\jsr305-3.0.2.jar;C:\Users\34603\.m2\repository\org\checkerframework\checker-qual\3.12.0\checker-qual-3.12.0.jar;C:\Users\34603\.m2\repository\com\google\errorprone\error_prone_annotations\2.11.0\error_prone_annotations-2.11.0.jar;C:\Users\34603\.m2\repository\com\google\j2objc\j2objc-annotations\1.3\j2objc-annotations-1.3.jar;C:\Users\34603\.m2\repository\com\google\inject\guice\5.1.0\guice-5.1.0.jar;C:\Users\34603\.m2\repository\javax\inject\javax.inject\1\javax.inject-1.jar;C:\Users\34603\.m2\repository\aopalliance\aopalliance\1.0\aopalliance-1.0.jar;C:\Users\34603\.m2\repository\org\jsoup\jsoup\1.14.3\jsoup-1.14.3.jar;C:\Users\34603\.m2\repository\com\thoughtworks\xstream\xstream\1.4.19\xstream-1.4.19.jar;C:\Users\34603\.m2\repository\io\github\x-stream\mxparser\1.2.2\mxparser-1.2.2.jar;C:\Users\34603\.m2\repository\xmlpull\xmlpull\1.1.3.1\xmlpull-1.1.3.1.jar;C:\Users\34603\.m2\repository\io\cucumber\cucumber-java\7.2.3\cucumber-java-7.2.3.jar;C:\Users\34603\.m2\repository\com\typesafe\config\1.4.2\config-1.4.2.jar;C:\Users\34603\.m2\repository\org\imgscalr\imgscalr-lib\4.2\imgscalr-lib-4.2.jar;C:\Users\34603\.m2\repository\org\awaitility\awaitility\4.2.0\awaitility-4.2.0.jar;C:\Users\34603\.m2\repository\org\freemarker\freemarker\2.3.31\freemarker-2.3.31.jar;C:\Users\34603\.m2\repository\io\github\classgraph\classgraph\4.8.138\classgraph-4.8.138.jar;C:\Users\34603\.m2\repository\net\sourceforge\jexcelapi\jxl\2.6.12\jxl-2.6.12.jar;C:\Users\34603\.m2\repository\net\bytebuddy\byte-buddy\1.12.8\byte-buddy-1.12.8.jar;C:\Users\34603\.m2\repository\net\bytebuddy\byte-buddy-agent\1.12.8\byte-buddy-agent-1.12.8.jar;C:\Users\34603\.m2\repository\org\objenesis\objenesis\3.1\objenesis-3.1.jar;C:\Users\34603\.m2\repository\net\serenity-bdd\serenity-reports\3.2.3\serenity-reports-3.2.3.jar;C:\Users\34603\.m2\repository\net\serenity-bdd\serenity-stats\3.2.3\serenity-stats-3.2.3.jar;C:\Users\34603\.m2\repository\net\serenity-bdd\serenity-reports-configuration\3.2.3\serenity-reports-configuration-3.2.3.jar;C:\Users\34603\.m2\repository\com\vladsch\flexmark\flexmark-all\0.34.30\flexmark-all-0.34.30.jar;C:\Users\34603\.m2\repository\com\vladsch\flexmark\flexmark\0.34.30\flexmark-0.34.30.jar;C:\Users\34603\.m2\repository\com\vladsch\flexmark\flexmark-ext-abbreviation\0.34.30\flexmark-ext-abbreviation-0.34.30.jar;C:\Users\34603\.m2\repository\com\vladsch\flexmark\flexmark-ext-admonition\0.34.30\flexmark-ext-admonition-0.34.30.jar;C:\Users\34603\.m2\repository\com\vladsch\flexmark\flexmark-ext-anchorlink\0.34.30\flexmark-ext-anchorlink-0.34.30.jar;C:\Users\34603\.m2\repository\com\vladsch\flexmark\flexmark-ext-aside\0.34.30\flexmark-ext-aside-0.34.30.jar;C:\Users\34603\.m2\repository\com\vladsch\flexmark\flexmark-ext-attributes\0.34.30\flexmark-ext-attributes-0.34.30.jar;C:\Users\34603\.m2\repository\com\vladsch\flexmark\flexmark-ext-autolink\0.34.30\flexmark-ext-autolink-0.34.30.jar;C:\Users\34603\.m2\repository\org\nibor\autolink\autolink\0.6.0\autolink-0.6.0.jar;C:\Users\34603\.m2\repository\com\vladsch\flexmark\flexmark-ext-definition\0.34.30\flexmark-ext-definition-0.34.30.jar;C:\Users\34603\.m2\repository\com\vladsch\flexmark\flexmark-ext-emoji\0.34.30\flexmark-ext-emoji-0.34.30.jar;C:\Users\34603\.m2\repository\com\vladsch\flexmark\flexmark-ext-enumerated-reference\0.34.30\flexmark-ext-enumerated-reference-0.34.30.jar;C:\Users\34603\.m2\repository\com\vladsch\flexmark\flexmark-ext-escaped-character\0.34.30\flexmark-ext-escaped-character-0.34.30.jar;C:\Users\34603\.m2\repository\com\vladsch\flexmark\flexmark-ext-footnotes\0.34.30\flexmark-ext-footnotes-0.34.30.jar;C:\Users\34603\.m2\repository\com\vladsch\flexmark\flexmark-ext-gfm-issues\0.34.30\flexmark-ext-gfm-issues-0.34.30.jar;C:\Users\34603\.m2\repository\com\vladsch\flexmark\flexmark-ext-gfm-strikethrough\0.34.30\flexmark-ext-gfm-strikethrough-0.34.30.jar;C:\Users\34603\.m2\repository\com\vladsch\flexmark\flexmark-ext-gfm-tables\0.34.30\flexmark-ext-gfm-tables-0.34.30.jar;C:\Users\34603\.m2\repository\com\vladsch\flexmark\flexmark-ext-gfm-tasklist\0.34.30\flexmark-ext-gfm-tasklist-0.34.30.jar;C:\Users\34603\.m2\repository\com\vladsch\flexmark\flexmark-ext-gfm-users\0.34.30\flexmark-ext-gfm-users-0.34.30.jar;C:\Users\34603\.m2\repository\com\vladsch\flexmark\flexmark-ext-gitlab\0.34.30\flexmark-ext-gitlab-0.34.30.jar;C:\Users\34603\.m2\repository\com\vladsch\flexmark\flexmark-ext-jekyll-front-matter\0.34.30\flexmark-ext-jekyll-front-matter-0.34.30.jar;C:\Users\34603\.m2\repository\com\vladsch\flexmark\flexmark-ext-jekyll-tag\0.34.30\flexmark-ext-jekyll-tag-0.34.30.jar;C:\Users\34603\.m2\repository\com\vladsch\flexmark\flexmark-ext-media-tags\0.34.30\flexmark-ext-media-tags-0.34.30.jar;C:\Users\34603\.m2\repository\com\vladsch\flexmark\flexmark-test-util\0.34.30\flexmark-test-util-0.34.30.jar;C:\Users\34603\.m2\repository\com\vladsch\flexmark\flexmark-ext-ins\0.34.30\flexmark-ext-ins-0.34.30.jar;C:\Users\34603\.m2\repository\com\vladsch\flexmark\flexmark-ext-xwiki-macros\0.34.30\flexmark-ext-xwiki-macros-0.34.30.jar;C:\Users\34603\.m2\repository\com\vladsch\flexmark\flexmark-ext-superscript\0.34.30\flexmark-ext-superscript-0.34.30.jar;C:\Users\34603\.m2\repository\com\vladsch\flexmark\flexmark-ext-tables\0.34.30\flexmark-ext-tables-0.34.30.jar;C:\Users\34603\.m2\repository\com\vladsch\flexmark\flexmark-ext-toc\0.34.30\flexmark-ext-toc-0.34.30.jar;C:\Users\34603\.m2\repository\com\vladsch\flexmark\flexmark-ext-typographic\0.34.30\flexmark-ext-typographic-0.34.30.jar;C:\Users\34603\.m2\repository\com\vladsch\flexmark\flexmark-ext-wikilink\0.34.30\flexmark-ext-wikilink-0.34.30.jar;C:\Users\34603\.m2\repository\com\vladsch\flexmark\flexmark-ext-yaml-front-matter\0.34.30\flexmark-ext-yaml-front-matter-0.34.30.jar;C:\Users\34603\.m2\repository\com\vladsch\flexmark\flexmark-ext-youtube-embedded\0.34.30\flexmark-ext-youtube-embedded-0.34.30.jar;C:\Users\34603\.m2\repository\com\vladsch\flexmark\flexmark-formatter\0.34.30\flexmark-formatter-0.34.30.jar;C:\Users\34603\.m2\repository\com\vladsch\flexmark\flexmark-html-parser\0.34.30\flexmark-html-parser-0.34.30.jar;C:\Users\34603\.m2\repository\com\vladsch\flexmark\flexmark-jira-converter\0.34.30\flexmark-jira-converter-0.34.30.jar;C:\Users\34603\.m2\repository\com\vladsch\flexmark\flexmark-pdf-converter\0.34.30\flexmark-pdf-converter-0.34.30.jar;C:\Users\34603\.m2\repository\com\openhtmltopdf\openhtmltopdf-core\0.0.1-RC13\openhtmltopdf-core-0.0.1-RC13.jar;C:\Users\34603\.m2\repository\com\openhtmltopdf\openhtmltopdf-pdfbox\0.0.1-RC13\openhtmltopdf-pdfbox-0.0.1-RC13.jar;C:\Users\34603\.m2\repository\org\apache\pdfbox\pdfbox\2.0.8\pdfbox-2.0.8.jar;C:\Users\34603\.m2\repository\org\apache\pdfbox\fontbox\2.0.8\fontbox-2.0.8.jar;C:\Users\34603\.m2\repository\org\apache\pdfbox\xmpbox\2.0.8\xmpbox-2.0.8.jar;C:\Users\34603\.m2\repository\de\rototor\pdfbox\graphics2d\0.12\graphics2d-0.12.jar;C:\Users\34603\.m2\repository\com\openhtmltopdf\openhtmltopdf-rtl-support\0.0.1-RC13\openhtmltopdf-rtl-support-0.0.1-RC13.jar;C:\Users\34603\.m2\repository\com\ibm\icu\icu4j\59.1\icu4j-59.1.jar;C:\Users\34603\.m2\repository\com\openhtmltopdf\openhtmltopdf-jsoup-dom-converter\0.0.1-RC13\openhtmltopdf-jsoup-dom-converter-0.0.1-RC13.jar;C:\Users\34603\.m2\repository\com\vladsch\flexmark\flexmark-profile-pegdown\0.34.30\flexmark-profile-pegdown-0.34.30.jar;C:\Users\34603\.m2\repository\com\vladsch\flexmark\flexmark-util\0.34.30\flexmark-util-0.34.30.jar;C:\Users\34603\.m2\repository\com\vladsch\flexmark\flexmark-youtrack-converter\0.34.30\flexmark-youtrack-converter-0.34.30.jar;C:\Users\34603\.m2\repository\es\nitaur\markdown\txtmark\0.16\txtmark-0.16.jar;C:\Users\34603\.m2\repository\net\serenity-bdd\serenity-report-resources\3.2.3\serenity-report-resources-3.2.3.jar;C:\Users\34603\.m2\repository\com\google\code\gson\gson\2.9.0\gson-2.9.0.jar;C:\Users\34603\.m2\repository\com\fasterxml\jackson\core\jackson-core\2.13.2\jackson-core-2.13.2.jar;C:\Users\34603\.m2\repository\com\fasterxml\jackson\core\jackson-databind\2.13.2\jackson-databind-2.13.2.jar;C:\Users\34603\.m2\repository\com\fasterxml\jackson\core\jackson-annotations\2.13.2\jackson-annotations-2.13.2.jar;C:\Users\34603\.m2\repository\commons-codec\commons-codec\1.15\commons-codec-1.15.jar;C:\Users\34603\.m2\repository\commons-io\commons-io\2.11.0\commons-io-2.11.0.jar;C:\Users\34603\.m2\repository\org\seleniumhq\selenium\selenium-java\4.1.3\selenium-java-4.1.3.jar;C:\Users\34603\.m2\repository\org\seleniumhq\selenium\selenium-devtools-v85\4.1.3\selenium-devtools-v85-4.1.3.jar;C:\Users\34603\.m2\repository\org\seleniumhq\selenium\selenium-devtools-v97\4.1.3\selenium-devtools-v97-4.1.3.jar;C:\Users\34603\.m2\repository\org\seleniumhq\selenium\selenium-devtools-v98\4.1.3\selenium-devtools-v98-4.1.3.jar;C:\Users\34603\.m2\repository\org\seleniumhq\selenium\selenium-devtools-v99\4.1.3\selenium-devtools-v99-4.1.3.jar;C:\Users\34603\.m2\repository\org\seleniumhq\selenium\selenium-opera-driver\4.1.3\selenium-opera-driver-4.1.3.jar;C:\Users\34603\.m2\repository\org\seleniumhq\selenium\selenium-remote-driver\4.1.3\selenium-remote-driver-4.1.3.jar;C:\Users\34603\.m2\repository\com\beust\jcommander\1.82\jcommander-1.82.jar;C:\Users\34603\.m2\repository\io\netty\netty-buffer\4.1.75.Final\netty-buffer-4.1.75.Final.jar;C:\Users\34603\.m2\repository\io\netty\netty-codec-http\4.1.75.Final\netty-codec-http-4.1.75.Final.jar;C:\Users\34603\.m2\repository\io\netty\netty-codec\4.1.75.Final\netty-codec-4.1.75.Final.jar;C:\Users\34603\.m2\repository\io\netty\netty-handler\4.1.75.Final\netty-handler-4.1.75.Final.jar;C:\Users\34603\.m2\repository\io\netty\netty-common\4.1.75.Final\netty-common-4.1.75.Final.jar;C:\Users\34603\.m2\repository\io\netty\netty-transport-classes-epoll\4.1.75.Final\netty-transport-classes-epoll-4.1.75.Final.jar;C:\Users\34603\.m2\repository\io\netty\netty-transport-classes-kqueue\4.1.75.Final\netty-transport-classes-kqueue-4.1.75.Final.jar;C:\Users\34603\.m2\repository\io\netty\netty-transport-native-epoll\4.1.75.Final\netty-transport-native-epoll-4.1.75.Final.jar;C:\Users\34603\.m2\repository\io\netty\netty-transport-native-kqueue\4.1.75.Final\netty-transport-native-kqueue-4.1.75.Final.jar;C:\Users\34603\.m2\repository\io\netty\netty-transport-native-unix-common\4.1.75.Final\netty-transport-native-unix-common-4.1.75.Final.jar;C:\Users\34603\.m2\repository\io\netty\netty-transport\4.1.75.Final\netty-transport-4.1.75.Final.jar;C:\Users\34603\.m2\repository\io\netty\netty-resolver\4.1.75.Final\netty-resolver-4.1.75.Final.jar;C:\Users\34603\.m2\repository\io\opentelemetry\opentelemetry-api\1.12.0\opentelemetry-api-1.12.0.jar;C:\Users\34603\.m2\repository\io\opentelemetry\opentelemetry-context\1.12.0\opentelemetry-context-1.12.0.jar;C:\Users\34603\.m2\repository\io\opentelemetry\opentelemetry-exporter-logging\1.12.0\opentelemetry-exporter-logging-1.12.0.jar;C:\Users\34603\.m2\repository\io\opentelemetry\opentelemetry-sdk-metrics\1.12.0-alpha\opentelemetry-sdk-metrics-1.12.0-alpha.jar;C:\Users\34603\.m2\repository\io\opentelemetry\opentelemetry-sdk-logs\1.12.0-alpha\opentelemetry-sdk-logs-1.12.0-alpha.jar;C:\Users\34603\.m2\repository\io\opentelemetry\opentelemetry-sdk-common\1.12.0\opentelemetry-sdk-common-1.12.0.jar;C:\Users\34603\.m2\repository\io\opentelemetry\opentelemetry-sdk-extension-autoconfigure-spi\1.12.0\opentelemetry-sdk-extension-autoconfigure-spi-1.12.0.jar;C:\Users\34603\.m2\repository\io\opentelemetry\opentelemetry-sdk-extension-autoconfigure\1.12.0-alpha\opentelemetry-sdk-extension-autoconfigure-1.12.0-alpha.jar;C:\Users\34603\.m2\repository\io\opentelemetry\opentelemetry-sdk-trace\1.12.0\opentelemetry-sdk-trace-1.12.0.jar;C:\Users\34603\.m2\repository\io\opentelemetry\opentelemetry-sdk\1.12.0\opentelemetry-sdk-1.12.0.jar;C:\Users\34603\.m2\repository\io\opentelemetry\opentelemetry-semconv\1.12.0-alpha\opentelemetry-semconv-1.12.0-alpha.jar;C:\Users\34603\.m2\repository\io\ous\jtoml\2.0.0\jtoml-2.0.0.jar;C:\Users\34603\.m2\repository\org\apache\commons\commons-exec\1.3\commons-exec-1.3.jar;C:\Users\34603\.m2\repository\org\asynchttpclient\async-http-client\2.12.3\async-http-client-2.12.3.jar;C:\Users\34603\.m2\repository\org\asynchttpclient\async-http-client-netty-utils\2.12.3\async-http-client-netty-utils-2.12.3.jar;C:\Users\34603\.m2\repository\io\netty\netty-codec-socks\4.1.60.Final\netty-codec-socks-4.1.60.Final.jar;C:\Users\34603\.m2\repository\io\netty\netty-handler-proxy\4.1.60.Final\netty-handler-proxy-4.1.60.Final.jar;C:\Users\34603\.m2\repository\io\netty\netty-transport-native-epoll\4.1.60.Final\netty-transport-native-epoll-4.1.60.Final-linux-x86_64.jar;C:\Users\34603\.m2\repository\io\netty\netty-transport-native-kqueue\4.1.60.Final\netty-transport-native-kqueue-4.1.60.Final-osx-x86_64.jar;C:\Users\34603\.m2\repository\org\reactivestreams\reactive-streams\1.0.3\reactive-streams-1.0.3.jar;C:\Users\34603\.m2\repository\com\typesafe\netty\netty-reactive-streams\2.0.4\netty-reactive-streams-2.0.4.jar;C:\Users\34603\.m2\repository\org\seleniumhq\selenium\selenium-http\4.1.3\selenium-http-4.1.3.jar;C:\Users\34603\.m2\repository\dev\failsafe\failsafe\3.2.3\failsafe-3.2.3.jar;C:\Users\34603\.m2\repository\org\seleniumhq\selenium\selenium-safari-driver\4.1.3\selenium-safari-driver-4.1.3.jar;C:\Users\34603\.m2\repository\org\seleniumhq\selenium\selenium-api\4.1.3\selenium-api-4.1.3.jar;C:\Users\34603\.m2\repository\org\seleniumhq\selenium\selenium-support\4.1.3\selenium-support-4.1.3.jar;C:\Users\34603\.m2\repository\com\google\auto\service\auto-service-annotations\1.0.1\auto-service-annotations-1.0.1.jar;C:\Users\34603\.m2\repository\com\google\auto\service\auto-service\1.0.1\auto-service-1.0.1.jar;C:\Users\34603\.m2\repository\com\google\auto\auto-common\1.2\auto-common-1.2.jar;C:\Users\34603\.m2\repository\org\seleniumhq\selenium\selenium-json\4.1.3\selenium-json-4.1.3.jar;C:\Users\34603\.m2\repository\org\seleniumhq\selenium\selenium-chrome-driver\4.1.3\selenium-chrome-driver-4.1.3.jar;C:\Users\34603\.m2\repository\org\seleniumhq\selenium\selenium-chromium-driver\4.1.3\selenium-chromium-driver-4.1.3.jar;C:\Users\34603\.m2\repository\org\seleniumhq\selenium\selenium-firefox-driver\4.1.3\selenium-firefox-driver-4.1.3.jar;C:\Users\34603\.m2\repository\org\seleniumhq\selenium\selenium-edge-driver\4.1.3\selenium-edge-driver-4.1.3.jar;C:\Users\34603\.m2\repository\org\seleniumhq\selenium\selenium-ie-driver\4.1.3\selenium-ie-driver-4.1.3.jar;C:\Users\34603\.m2\repository\org\projectlombok\lombok\1.18.20\lombok-1.18.20.jar;C:\Users\34603\.m2\repository\io\appium\java-client\8.0.0\java-client-8.0.0.jar;C:\Users\34603\.m2\repository\commons-validator\commons-validator\1.7\commons-validator-1.7.jar;C:\Users\34603\.m2\repository\commons-digester\commons-digester\2.1\commons-digester-2.1.jar;C:\Users\34603\.m2\repository\org\aspectj\aspectjweaver\1.9.8\aspectjweaver-1.9.8.jar;C:\Users\34603\.m2\repository\org\codehaus\groovy\groovy\3.0.10\groovy-3.0.10.jar;C:\Users\34603\.m2\repository\net\sf\opencsv\opencsv\2.0\opencsv-2.0.jar;C:\Users\34603\.m2\repository\commons-beanutils\commons-beanutils\1.9.4\commons-beanutils-1.9.4.jar;C:\Users\34603\.m2\repository\org\apache\commons\commons-lang3\3.12.0\commons-lang3-3.12.0.jar;C:\Users\34603\.m2\repository\commons-collections\commons-collections\3.2.2\commons-collections-3.2.2.jar;C:\Users\34603\.m2\repository\org\fluentlenium\fluentlenium-core\0.10.2\fluentlenium-core-0.10.2.jar;C:\Users\34603\.m2\repository\io\github\bonigarcia\webdrivermanager\5.1.0\webdrivermanager-5.1.0.jar;C:\Users\34603\.m2\repository\com\github\docker-java\docker-java\3.2.13\docker-java-3.2.13.jar;C:\Users\34603\.m2\repository\com\github\docker-java\docker-java-core\3.2.13\docker-java-core-3.2.13.jar;C:\Users\34603\.m2\repository\com\github\docker-java\docker-java-api\3.2.13\docker-java-api-3.2.13.jar;C:\Users\34603\.m2\repository\org\apache\commons\commons-compress\1.21\commons-compress-1.21.jar;C:\Users\34603\.m2\repository\org\bouncycastle\bcpkix-jdk15on\1.64\bcpkix-jdk15on-1.64.jar;C:\Users\34603\.m2\repository\org\bouncycastle\bcprov-jdk15on\1.64\bcprov-jdk15on-1.64.jar;C:\Users\34603\.m2\repository\org\slf4j\jcl-over-slf4j\1.7.30\jcl-over-slf4j-1.7.30.jar;C:\Users\34603\.m2\repository\com\github\docker-java\docker-java-transport-httpclient5\3.2.13\docker-java-transport-httpclient5-3.2.13.jar;C:\Users\34603\.m2\repository\com\github\docker-java\docker-java-transport\3.2.13\docker-java-transport-3.2.13.jar;C:\Users\34603\.m2\repository\org\apache\httpcomponents\client5\httpclient5\5.0.3\httpclient5-5.0.3.jar;C:\Users\34603\.m2\repository\org\apache\httpcomponents\core5\httpcore5\5.0.2\httpcore5-5.0.2.jar;C:\Users\34603\.m2\repository\net\java\dev\jna\jna\5.8.0\jna-5.8.0.jar;C:\Users\34603\.m2\repository\org\brotli\dec\0.1.2\dec-0.1.2.jar;C:\Users\34603\.m2\repository\com\jhlabs\filters\2.0.235\filters-2.0.235.jar;C:\Users\34603\.m2\repository\com\paulhammant\ngwebdriver\1.1.6\ngwebdriver-1.1.6.jar;C:\Users\34603\.m2\repository\joda-time\joda-time\2.8.2\joda-time-2.8.2.jar;C:\Users\34603\.m2\repository\org\hamcrest\hamcrest\2.2\hamcrest-2.2.jar;C:\Users\34603\.m2\repository\com\google\jimfs\jimfs\1.2\jimfs-1.2.jar;C:\Users\34603\.m2\repository\org\mockito\mockito-core\3.3.3\mockito-core-3.3.3.jar;C:\Users\34603\.m2\repository\javax\xml\bind\jaxb-api\2.3.1\jaxb-api-2.3.1.jar;C:\Users\34603\.m2\repository\javax\activation\javax.activation-api\1.2.0\javax.activation-api-1.2.0.jar;C:\Users\34603\.m2\repository\com\sun\xml\bind\jaxb-core\2.3.0.1\jaxb-core-2.3.0.1.jar;C:\Users\34603\.m2\repository\com\sun\xml\bind\jaxb-impl\2.3.3\jaxb-impl-2.3.3.jar;C:\Users\34603\.m2\repository\jakarta\xml\bind\jakarta.xml.bind-api\2.3.3\jakarta.xml.bind-api-2.3.3.jar;C:\Users\34603\.m2\repository\com\sun\activation\jakarta.activation\1.2.2\jakarta.activation-1.2.2.jar;C:\Users\34603\.m2\repository\javax\activation\activation\1.1.1\activation-1.1.1.jar;C:\Users\34603\.m2\repository\net\serenity-bdd\serenity-cucumber\3.2.3\serenity-cucumber-3.2.3.jar;C:\Users\34603\.m2\repository\io\cucumber\cucumber-core\7.2.3\cucumber-core-7.2.3.jar;C:\Users\34603\.m2\repository\io\cucumber\cucumber-gherkin\7.2.3\cucumber-gherkin-7.2.3.jar;C:\Users\34603\.m2\repository\io\cucumber\cucumber-gherkin-messages\7.2.3\cucumber-gherkin-messages-7.2.3.jar;C:\Users\34603\.m2\repository\io\cucumber\messages\17.1.1\messages-17.1.1.jar;C:\Users\34603\.m2\repository\io\cucumber\tag-expressions\4.1.0\tag-expressions-4.1.0.jar;C:\Users\34603\.m2\repository\io\cucumber\cucumber-expressions\15.0.1\cucumber-expressions-15.0.1.jar;C:\Users\34603\.m2\repository\io\cucumber\datatable\7.2.3\datatable-7.2.3.jar;C:\Users\34603\.m2\repository\io\cucumber\cucumber-plugin\7.2.3\cucumber-plugin-7.2.3.jar;C:\Users\34603\.m2\repository\io\cucumber\docstring\7.2.3\docstring-7.2.3.jar;C:\Users\34603\.m2\repository\io\cucumber\html-formatter\17.0.0\html-formatter-17.0.0.jar;C:\Users\34603\.m2\repository\io\cucumber\ci-environment\8.1.0\ci-environment-8.1.0.jar;C:\Users\34603\.m2\repository\io\cucumber\cucumber-junit\7.2.3\cucumber-junit-7.2.3.jar;C:\Users\34603\.m2\repository\org\apache\commons\commons-csv\1.5\commons-csv-1.5.jar;C:\Users\34603\.m2\repository\net\serenity-bdd\serenity-screenplay\3.2.3\serenity-screenplay-3.2.3.jar;C:\Users\34603\.m2\repository\net\serenity-bdd\serenity-screenplay-webdriver\3.2.3\serenity-screenplay-webdriver-3.2.3.jar;C:\Users\34603\.m2\repository\net\serenity-bdd\serenity-ensure\3.2.3\serenity-ensure-3.2.3.jar;C:\Users\34603\.m2\repository\net\serenity-bdd\serenity-junit\3.2.3\serenity-junit-3.2.3.jar;C:\Users\34603\.m2\repository\org\jetbrains\kotlin\kotlin-stdlib\1.6.0\kotlin-stdlib-1.6.0.jar;C:\Users\34603\.m2\repository\org\jetbrains\annotations\13.0\annotations-13.0.jar;C:\Users\34603\.m2\repository\org\jetbrains\kotlin\kotlin-stdlib-common\1.6.0\kotlin-stdlib-common-1.6.0.jar;C:\Users\34603\.m2\repository\ch\qos\logback\logback-classic\1.2.11\logback-classic-1.2.11.jar;C:\Users\34603\.m2\repository\ch\qos\logback\logback-core\1.2.11\logback-core-1.2.11.jar;C:\Users\34603\.m2\repository\org\slf4j\slf4j-api\1.7.32\slf4j-api-1.7.32.jar;C:\Users\34603\.m2\repository\org\junit\platform\junit-platform-launcher\1.8.1\junit-platform-launcher-1.8.1.jar;C:\Users\34603\.m2\repository\org\junit\platform\junit-platform-engine\1.8.1\junit-platform-engine-1.8.1.jar;C:\Users\34603\.m2\repository\org\opentest4j\opentest4j\1.2.0\opentest4j-1.2.0.jar;C:\Users\34603\.m2\repository\org\junit\platform\junit-platform-commons\1.8.1\junit-platform-commons-1.8.1.jar;C:\Users\34603\.m2\repository\org\apiguardian\apiguardian-api\1.1.2\apiguardian-api-1.1.2.jar;C:\Users\34603\.m2\repository\org\junit\jupiter\junit-jupiter-engine\5.8.2\junit-jupiter-engine-5.8.2.jar;C:\Users\34603\.m2\repository\org\junit\jupiter\junit-jupiter-api\5.8.2\junit-jupiter-api-5.8.2.jar;C:\Users\34603\.m2\repository\org\junit\vintage\junit-vintage-engine\5.8.2\junit-vintage-engine-5.8.2.jar;C:\Users\34603\.m2\repository\junit\junit\4.13.2\junit-4.13.2.jar;C:\Users\34603\.m2\repository\org\hamcrest\hamcrest-core\1.3\hamcrest-core-1.3.jar;C:\Users\34603\.m2\repository\org\assertj\assertj-core\3.6.2\assertj-core-3.6.2.jar;C:\Users\34603\.m2\repository\net\serenity-bdd\serenity-screenplay-rest\3.2.3\serenity-screenplay-rest-3.2.3.jar;C:\Users\34603\.m2\repository\net\serenity-bdd\serenity-rest-assured\3.2.3\serenity-rest-assured-3.2.3.jar;C:\Users\34603\.m2\repository\org\apache\httpcomponents\httpclient\4.5.13\httpclient-4.5.13.jar;C:\Users\34603\.m2\repository\org\apache\httpcomponents\httpcore\4.4.13\httpcore-4.4.13.jar;C:\Users\34603\.m2\repository\commons-logging\commons-logging\1.2\commons-logging-1.2.jar;C:\Users\34603\.m2\repository\io\rest-assured\rest-assured\4.5.1\rest-assured-4.5.1.jar;C:\Users\34603\.m2\repository\org\apache\httpcomponents\httpmime\4.5.13\httpmime-4.5.13.jar;C:\Users\34603\.m2\repository\org\ccil\cowan\tagsoup\tagsoup\1.2.1\tagsoup-1.2.1.jar;C:\Users\34603\.m2\repository\io\rest-assured\json-path\4.5.1\json-path-4.5.1.jar;C:\Users\34603\.m2\repository\io\rest-assured\rest-assured-common\4.5.1\rest-assured-common-4.5.1.jar;C:\Users\34603\.m2\repository\io\rest-assured\xml-path\4.5.1\xml-path-4.5.1.jar;C:\Users\34603\.m2\repository\org\codehaus\groovy\groovy-json\3.0.10\groovy-json-3.0.10.jar;C:\Users\34603\.m2\repository\org\codehaus\groovy\groovy-xml\3.0.10\groovy-xml-3.0.10.jar;C:\Users\34603\.m2\repository\org\json\json\20220320\json-20220320.jar;" />
    <property name="java.vm.vendor" value="Oracle Corporation" />
    <property name="sun.arch.data.model" value="64" />
    <property name="user.variant" value="" />
    <property name="java.vendor.url" value="https://java.oracle.com/" />
    <property name="user.timezone" value="Europe/Madrid" />
    <property name="log4j2.formatMsgNoLookups" value="true" />
    <property name="os.name" value="Windows 10" />
    <property name="java.vm.specification.version" value="16" />
    <property name="sun.java.launcher" value="SUN_STANDARD" />
    <property name="user.country" value="ES" />
    <property name="sun.boot.library.path" value="C:\Program Files\Java\jdk-16.0.1\bin" />
    <property name="sun.java.command" value="org.apache.maven.surefire.booter.ForkedBooter C:\Users\34603\AppData\Local\Temp\surefire17227093146291884395 2022-04-07T16-16-31_982-jvmRun1 surefire15352750207995994145tmp surefire_017309210046904564384tmp" />
    <property name="jdk.debug" value="release" />
    <property name="surefire.test.class.path" value="C:\Users\34603\Documents\GitHub\Proyecto3\Proyecto3-Serenity\target\test-classes;C:\Users\34603\.m2\repository\net\serenity-bdd\serenity-core\3.2.3\serenity-core-3.2.3.jar;C:\Users\34603\.m2\repository\net\serenity-bdd\serenity-model\3.2.3\serenity-model-3.2.3.jar;C:\Users\34603\.m2\repository\org\apache\commons\commons-text\1.9\commons-text-1.9.jar;C:\Users\34603\.m2\repository\commons-net\commons-net\3.8.0\commons-net-3.8.0.jar;C:\Users\34603\.m2\repository\com\google\guava\guava\31.1-jre\guava-31.1-jre.jar;C:\Users\34603\.m2\repository\com\google\guava\failureaccess\1.0.1\failureaccess-1.0.1.jar;C:\Users\34603\.m2\repository\com\google\guava\listenablefuture\9999.0-empty-to-avoid-conflict-with-guava\listenablefuture-9999.0-empty-to-avoid-conflict-with-guava.jar;C:\Users\34603\.m2\repository\com\google\code\findbugs\jsr305\3.0.2\jsr305-3.0.2.jar;C:\Users\34603\.m2\repository\org\checkerframework\checker-qual\3.12.0\checker-qual-3.12.0.jar;C:\Users\34603\.m2\repository\com\google\errorprone\error_prone_annotations\2.11.0\error_prone_annotations-2.11.0.jar;C:\Users\34603\.m2\repository\com\google\j2objc\j2objc-annotations\1.3\j2objc-annotations-1.3.jar;C:\Users\34603\.m2\repository\com\google\inject\guice\5.1.0\guice-5.1.0.jar;C:\Users\34603\.m2\repository\javax\inject\javax.inject\1\javax.inject-1.jar;C:\Users\34603\.m2\repository\aopalliance\aopalliance\1.0\aopalliance-1.0.jar;C:\Users\34603\.m2\repository\org\jsoup\jsoup\1.14.3\jsoup-1.14.3.jar;C:\Users\34603\.m2\repository\com\thoughtworks\xstream\xstream\1.4.19\xstream-1.4.19.jar;C:\Users\34603\.m2\repository\io\github\x-stream\mxparser\1.2.2\mxparser-1.2.2.jar;C:\Users\34603\.m2\repository\xmlpull\xmlpull\1.1.3.1\xmlpull-1.1.3.1.jar;C:\Users\34603\.m2\repository\io\cucumber\cucumber-java\7.2.3\cucumber-java-7.2.3.jar;C:\Users\34603\.m2\repository\com\typesafe\config\1.4.2\config-1.4.2.jar;C:\Users\34603\.m2\repository\org\imgscalr\imgscalr-lib\4.2\imgscalr-lib-4.2.jar;C:\Users\34603\.m2\repository\org\awaitility\awaitility\4.2.0\awaitility-4.2.0.jar;C:\Users\34603\.m2\repository\org\freemarker\freemarker\2.3.31\freemarker-2.3.31.jar;C:\Users\34603\.m2\repository\io\github\classgraph\classgraph\4.8.138\classgraph-4.8.138.jar;C:\Users\34603\.m2\repository\net\sourceforge\jexcelapi\jxl\2.6.12\jxl-2.6.12.jar;C:\Users\34603\.m2\repository\net\bytebuddy\byte-buddy\1.12.8\byte-buddy-1.12.8.jar;C:\Users\34603\.m2\repository\net\bytebuddy\byte-buddy-agent\1.12.8\byte-buddy-agent-1.12.8.jar;C:\Users\34603\.m2\repository\org\objenesis\objenesis\3.1\objenesis-3.1.jar;C:\Users\34603\.m2\repository\net\serenity-bdd\serenity-reports\3.2.3\serenity-reports-3.2.3.jar;C:\Users\34603\.m2\repository\net\serenity-bdd\serenity-stats\3.2.3\serenity-stats-3.2.3.jar;C:\Users\34603\.m2\repository\net\serenity-bdd\serenity-reports-configuration\3.2.3\serenity-reports-configuration-3.2.3.jar;C:\Users\34603\.m2\repository\com\vladsch\flexmark\flexmark-all\0.34.30\flexmark-all-0.34.30.jar;C:\Users\34603\.m2\repository\com\vladsch\flexmark\flexmark\0.34.30\flexmark-0.34.30.jar;C:\Users\34603\.m2\repository\com\vladsch\flexmark\flexmark-ext-abbreviation\0.34.30\flexmark-ext-abbreviation-0.34.30.jar;C:\Users\34603\.m2\repository\com\vladsch\flexmark\flexmark-ext-admonition\0.34.30\flexmark-ext-admonition-0.34.30.jar;C:\Users\34603\.m2\repository\com\vladsch\flexmark\flexmark-ext-anchorlink\0.34.30\flexmark-ext-anchorlink-0.34.30.jar;C:\Users\34603\.m2\repository\com\vladsch\flexmark\flexmark-ext-aside\0.34.30\flexmark-ext-aside-0.34.30.jar;C:\Users\34603\.m2\repository\com\vladsch\flexmark\flexmark-ext-attributes\0.34.30\flexmark-ext-attributes-0.34.30.jar;C:\Users\34603\.m2\repository\com\vladsch\flexmark\flexmark-ext-autolink\0.34.30\flexmark-ext-autolink-0.34.30.jar;C:\Users\34603\.m2\repository\org\nibor\autolink\autolink\0.6.0\autolink-0.6.0.jar;C:\Users\34603\.m2\repository\com\vladsch\flexmark\flexmark-ext-definition\0.34.30\flexmark-ext-definition-0.34.30.jar;C:\Users\34603\.m2\repository\com\vladsch\flexmark\flexmark-ext-emoji\0.34.30\flexmark-ext-emoji-0.34.30.jar;C:\Users\34603\.m2\repository\com\vladsch\flexmark\flexmark-ext-enumerated-reference\0.34.30\flexmark-ext-enumerated-reference-0.34.30.jar;C:\Users\34603\.m2\repository\com\vladsch\flexmark\flexmark-ext-escaped-character\0.34.30\flexmark-ext-escaped-character-0.34.30.jar;C:\Users\34603\.m2\repository\com\vladsch\flexmark\flexmark-ext-footnotes\0.34.30\flexmark-ext-footnotes-0.34.30.jar;C:\Users\34603\.m2\repository\com\vladsch\flexmark\flexmark-ext-gfm-issues\0.34.30\flexmark-ext-gfm-issues-0.34.30.jar;C:\Users\34603\.m2\repository\com\vladsch\flexmark\flexmark-ext-gfm-strikethrough\0.34.30\flexmark-ext-gfm-strikethrough-0.34.30.jar;C:\Users\34603\.m2\repository\com\vladsch\flexmark\flexmark-ext-gfm-tables\0.34.30\flexmark-ext-gfm-tables-0.34.30.jar;C:\Users\34603\.m2\repository\com\vladsch\flexmark\flexmark-ext-gfm-tasklist\0.34.30\flexmark-ext-gfm-tasklist-0.34.30.jar;C:\Users\34603\.m2\repository\com\vladsch\flexmark\flexmark-ext-gfm-users\0.34.30\flexmark-ext-gfm-users-0.34.30.jar;C:\Users\34603\.m2\repository\com\vladsch\flexmark\flexmark-ext-gitlab\0.34.30\flexmark-ext-gitlab-0.34.30.jar;C:\Users\34603\.m2\repository\com\vladsch\flexmark\flexmark-ext-jekyll-front-matter\0.34.30\flexmark-ext-jekyll-front-matter-0.34.30.jar;C:\Users\34603\.m2\repository\com\vladsch\flexmark\flexmark-ext-jekyll-tag\0.34.30\flexmark-ext-jekyll-tag-0.34.30.jar;C:\Users\34603\.m2\repository\com\vladsch\flexmark\flexmark-ext-media-tags\0.34.30\flexmark-ext-media-tags-0.34.30.jar;C:\Users\34603\.m2\repository\com\vladsch\flexmark\flexmark-test-util\0.34.30\flexmark-test-util-0.34.30.jar;C:\Users\34603\.m2\repository\com\vladsch\flexmark\flexmark-ext-ins\0.34.30\flexmark-ext-ins-0.34.30.jar;C:\Users\34603\.m2\repository\com\vladsch\flexmark\flexmark-ext-xwiki-macros\0.34.30\flexmark-ext-xwiki-macros-0.34.30.jar;C:\Users\34603\.m2\repository\com\vladsch\flexmark\flexmark-ext-superscript\0.34.30\flexmark-ext-superscript-0.34.30.jar;C:\Users\34603\.m2\repository\com\vladsch\flexmark\flexmark-ext-tables\0.34.30\flexmark-ext-tables-0.34.30.jar;C:\Users\34603\.m2\repository\com\vladsch\flexmark\flexmark-ext-toc\0.34.30\flexmark-ext-toc-0.34.30.jar;C:\Users\34603\.m2\repository\com\vladsch\flexmark\flexmark-ext-typographic\0.34.30\flexmark-ext-typographic-0.34.30.jar;C:\Users\34603\.m2\repository\com\vladsch\flexmark\flexmark-ext-wikilink\0.34.30\flexmark-ext-wikilink-0.34.30.jar;C:\Users\34603\.m2\repository\com\vladsch\flexmark\flexmark-ext-yaml-front-matter\0.34.30\flexmark-ext-yaml-front-matter-0.34.30.jar;C:\Users\34603\.m2\repository\com\vladsch\flexmark\flexmark-ext-youtube-embedded\0.34.30\flexmark-ext-youtube-embedded-0.34.30.jar;C:\Users\34603\.m2\repository\com\vladsch\flexmark\flexmark-formatter\0.34.30\flexmark-formatter-0.34.30.jar;C:\Users\34603\.m2\repository\com\vladsch\flexmark\flexmark-html-parser\0.34.30\flexmark-html-parser-0.34.30.jar;C:\Users\34603\.m2\repository\com\vladsch\flexmark\flexmark-jira-converter\0.34.30\flexmark-jira-converter-0.34.30.jar;C:\Users\34603\.m2\repository\com\vladsch\flexmark\flexmark-pdf-converter\0.34.30\flexmark-pdf-converter-0.34.30.jar;C:\Users\34603\.m2\repository\com\openhtmltopdf\openhtmltopdf-core\0.0.1-RC13\openhtmltopdf-core-0.0.1-RC13.jar;C:\Users\34603\.m2\repository\com\openhtmltopdf\openhtmltopdf-pdfbox\0.0.1-RC13\openhtmltopdf-pdfbox-0.0.1-RC13.jar;C:\Users\34603\.m2\repository\org\apache\pdfbox\pdfbox\2.0.8\pdfbox-2.0.8.jar;C:\Users\34603\.m2\repository\org\apache\pdfbox\fontbox\2.0.8\fontbox-2.0.8.jar;C:\Users\34603\.m2\repository\org\apache\pdfbox\xmpbox\2.0.8\xmpbox-2.0.8.jar;C:\Users\34603\.m2\repository\de\rototor\pdfbox\graphics2d\0.12\graphics2d-0.12.jar;C:\Users\34603\.m2\repository\com\openhtmltopdf\openhtmltopdf-rtl-support\0.0.1-RC13\openhtmltopdf-rtl-support-0.0.1-RC13.jar;C:\Users\34603\.m2\repository\com\ibm\icu\icu4j\59.1\icu4j-59.1.jar;C:\Users\34603\.m2\repository\com\openhtmltopdf\openhtmltopdf-jsoup-dom-converter\0.0.1-RC13\openhtmltopdf-jsoup-dom-converter-0.0.1-RC13.jar;C:\Users\34603\.m2\repository\com\vladsch\flexmark\flexmark-profile-pegdown\0.34.30\flexmark-profile-pegdown-0.34.30.jar;C:\Users\34603\.m2\repository\com\vladsch\flexmark\flexmark-util\0.34.30\flexmark-util-0.34.30.jar;C:\Users\34603\.m2\repository\com\vladsch\flexmark\flexmark-youtrack-converter\0.34.30\flexmark-youtrack-converter-0.34.30.jar;C:\Users\34603\.m2\repository\es\nitaur\markdown\txtmark\0.16\txtmark-0.16.jar;C:\Users\34603\.m2\repository\net\serenity-bdd\serenity-report-resources\3.2.3\serenity-report-resources-3.2.3.jar;C:\Users\34603\.m2\repository\com\google\code\gson\gson\2.9.0\gson-2.9.0.jar;C:\Users\34603\.m2\repository\com\fasterxml\jackson\core\jackson-core\2.13.2\jackson-core-2.13.2.jar;C:\Users\34603\.m2\repository\com\fasterxml\jackson\core\jackson-databind\2.13.2\jackson-databind-2.13.2.jar;C:\Users\34603\.m2\repository\com\fasterxml\jackson\core\jackson-annotations\2.13.2\jackson-annotations-2.13.2.jar;C:\Users\34603\.m2\repository\commons-codec\commons-codec\1.15\commons-codec-1.15.jar;C:\Users\34603\.m2\repository\commons-io\commons-io\2.11.0\commons-io-2.11.0.jar;C:\Users\34603\.m2\repository\org\seleniumhq\selenium\selenium-java\4.1.3\selenium-java-4.1.3.jar;C:\Users\34603\.m2\repository\org\seleniumhq\selenium\selenium-devtools-v85\4.1.3\selenium-devtools-v85-4.1.3.jar;C:\Users\34603\.m2\repository\org\seleniumhq\selenium\selenium-devtools-v97\4.1.3\selenium-devtools-v97-4.1.3.jar;C:\Users\34603\.m2\repository\org\seleniumhq\selenium\selenium-devtools-v98\4.1.3\selenium-devtools-v98-4.1.3.jar;C:\Users\34603\.m2\repository\org\seleniumhq\selenium\selenium-devtools-v99\4.1.3\selenium-devtools-v99-4.1.3.jar;C:\Users\34603\.m2\repository\org\seleniumhq\selenium\selenium-opera-driver\4.1.3\selenium-opera-driver-4.1.3.jar;C:\Users\34603\.m2\repository\org\seleniumhq\selenium\selenium-remote-driver\4.1.3\selenium-remote-driver-4.1.3.jar;C:\Users\34603\.m2\repository\com\beust\jcommander\1.82\jcommander-1.82.jar;C:\Users\34603\.m2\repository\io\netty\netty-buffer\4.1.75.Final\netty-buffer-4.1.75.Final.jar;C:\Users\34603\.m2\repository\io\netty\netty-codec-http\4.1.75.Final\netty-codec-http-4.1.75.Final.jar;C:\Users\34603\.m2\repository\io\netty\netty-codec\4.1.75.Final\netty-codec-4.1.75.Final.jar;C:\Users\34603\.m2\repository\io\netty\netty-handler\4.1.75.Final\netty-handler-4.1.75.Final.jar;C:\Users\34603\.m2\repository\io\netty\netty-common\4.1.75.Final\netty-common-4.1.75.Final.jar;C:\Users\34603\.m2\repository\io\netty\netty-transport-classes-epoll\4.1.75.Final\netty-transport-classes-epoll-4.1.75.Final.jar;C:\Users\34603\.m2\repository\io\netty\netty-transport-classes-kqueue\4.1.75.Final\netty-transport-classes-kqueue-4.1.75.Final.jar;C:\Users\34603\.m2\repository\io\netty\netty-transport-native-epoll\4.1.75.Final\netty-transport-native-epoll-4.1.75.Final.jar;C:\Users\34603\.m2\repository\io\netty\netty-transport-native-kqueue\4.1.75.Final\netty-transport-native-kqueue-4.1.75.Final.jar;C:\Users\34603\.m2\repository\io\netty\netty-transport-native-unix-common\4.1.75.Final\netty-transport-native-unix-common-4.1.75.Final.jar;C:\Users\34603\.m2\repository\io\netty\netty-transport\4.1.75.Final\netty-transport-4.1.75.Final.jar;C:\Users\34603\.m2\repository\io\netty\netty-resolver\4.1.75.Final\netty-resolver-4.1.75.Final.jar;C:\Users\34603\.m2\repository\io\opentelemetry\opentelemetry-api\1.12.0\opentelemetry-api-1.12.0.jar;C:\Users\34603\.m2\repository\io\opentelemetry\opentelemetry-context\1.12.0\opentelemetry-context-1.12.0.jar;C:\Users\34603\.m2\repository\io\opentelemetry\opentelemetry-exporter-logging\1.12.0\opentelemetry-exporter-logging-1.12.0.jar;C:\Users\34603\.m2\repository\io\opentelemetry\opentelemetry-sdk-metrics\1.12.0-alpha\opentelemetry-sdk-metrics-1.12.0-alpha.jar;C:\Users\34603\.m2\repository\io\opentelemetry\opentelemetry-sdk-logs\1.12.0-alpha\opentelemetry-sdk-logs-1.12.0-alpha.jar;C:\Users\34603\.m2\repository\io\opentelemetry\opentelemetry-sdk-common\1.12.0\opentelemetry-sdk-common-1.12.0.jar;C:\Users\34603\.m2\repository\io\opentelemetry\opentelemetry-sdk-extension-autoconfigure-spi\1.12.0\opentelemetry-sdk-extension-autoconfigure-spi-1.12.0.jar;C:\Users\34603\.m2\repository\io\opentelemetry\opentelemetry-sdk-extension-autoconfigure\1.12.0-alpha\opentelemetry-sdk-extension-autoconfigure-1.12.0-alpha.jar;C:\Users\34603\.m2\repository\io\opentelemetry\opentelemetry-sdk-trace\1.12.0\opentelemetry-sdk-trace-1.12.0.jar;C:\Users\34603\.m2\repository\io\opentelemetry\opentelemetry-sdk\1.12.0\opentelemetry-sdk-1.12.0.jar;C:\Users\34603\.m2\repository\io\opentelemetry\opentelemetry-semconv\1.12.0-alpha\opentelemetry-semconv-1.12.0-alpha.jar;C:\Users\34603\.m2\repository\io\ous\jtoml\2.0.0\jtoml-2.0.0.jar;C:\Users\34603\.m2\repository\org\apache\commons\commons-exec\1.3\commons-exec-1.3.jar;C:\Users\34603\.m2\repository\org\asynchttpclient\async-http-client\2.12.3\async-http-client-2.12.3.jar;C:\Users\34603\.m2\repository\org\asynchttpclient\async-http-client-netty-utils\2.12.3\async-http-client-netty-utils-2.12.3.jar;C:\Users\34603\.m2\repository\io\netty\netty-codec-socks\4.1.60.Final\netty-codec-socks-4.1.60.Final.jar;C:\Users\34603\.m2\repository\io\netty\netty-handler-proxy\4.1.60.Final\netty-handler-proxy-4.1.60.Final.jar;C:\Users\34603\.m2\repository\io\netty\netty-transport-native-epoll\4.1.60.Final\netty-transport-native-epoll-4.1.60.Final-linux-x86_64.jar;C:\Users\34603\.m2\repository\io\netty\netty-transport-native-kqueue\4.1.60.Final\netty-transport-native-kqueue-4.1.60.Final-osx-x86_64.jar;C:\Users\34603\.m2\repository\org\reactivestreams\reactive-streams\1.0.3\reactive-streams-1.0.3.jar;C:\Users\34603\.m2\repository\com\typesafe\netty\netty-reactive-streams\2.0.4\netty-reactive-streams-2.0.4.jar;C:\Users\34603\.m2\repository\org\seleniumhq\selenium\selenium-http\4.1.3\selenium-http-4.1.3.jar;C:\Users\34603\.m2\repository\dev\failsafe\failsafe\3.2.3\failsafe-3.2.3.jar;C:\Users\34603\.m2\repository\org\seleniumhq\selenium\selenium-safari-driver\4.1.3\selenium-safari-driver-4.1.3.jar;C:\Users\34603\.m2\repository\org\seleniumhq\selenium\selenium-api\4.1.3\selenium-api-4.1.3.jar;C:\Users\34603\.m2\repository\org\seleniumhq\selenium\selenium-support\4.1.3\selenium-support-4.1.3.jar;C:\Users\34603\.m2\repository\com\google\auto\service\auto-service-annotations\1.0.1\auto-service-annotations-1.0.1.jar;C:\Users\34603\.m2\repository\com\google\auto\service\auto-service\1.0.1\auto-service-1.0.1.jar;C:\Users\34603\.m2\repository\com\google\auto\auto-common\1.2\auto-common-1.2.jar;C:\Users\34603\.m2\repository\org\seleniumhq\selenium\selenium-json\4.1.3\selenium-json-4.1.3.jar;C:\Users\34603\.m2\repository\org\seleniumhq\selenium\selenium-chrome-driver\4.1.3\selenium-chrome-driver-4.1.3.jar;C:\Users\34603\.m2\repository\org\seleniumhq\selenium\selenium-chromium-driver\4.1.3\selenium-chromium-driver-4.1.3.jar;C:\Users\34603\.m2\repository\org\seleniumhq\selenium\selenium-firefox-driver\4.1.3\selenium-firefox-driver-4.1.3.jar;C:\Users\34603\.m2\repository\org\seleniumhq\selenium\selenium-edge-driver\4.1.3\selenium-edge-driver-4.1.3.jar;C:\Users\34603\.m2\repository\org\seleniumhq\selenium\selenium-ie-driver\4.1.3\selenium-ie-driver-4.1.3.jar;C:\Users\34603\.m2\repository\org\projectlombok\lombok\1.18.20\lombok-1.18.20.jar;C:\Users\34603\.m2\repository\io\appium\java-client\8.0.0\java-client-8.0.0.jar;C:\Users\34603\.m2\repository\commons-validator\commons-validator\1.7\commons-validator-1.7.jar;C:\Users\34603\.m2\repository\commons-digester\commons-digester\2.1\commons-digester-2.1.jar;C:\Users\34603\.m2\repository\org\aspectj\aspectjweaver\1.9.8\aspectjweaver-1.9.8.jar;C:\Users\34603\.m2\repository\org\codehaus\groovy\groovy\3.0.10\groovy-3.0.10.jar;C:\Users\34603\.m2\repository\net\sf\opencsv\opencsv\2.0\opencsv-2.0.jar;C:\Users\34603\.m2\repository\commons-beanutils\commons-beanutils\1.9.4\commons-beanutils-1.9.4.jar;C:\Users\34603\.m2\repository\org\apache\commons\commons-lang3\3.12.0\commons-lang3-3.12.0.jar;C:\Users\34603\.m2\repository\commons-collections\commons-collections\3.2.2\commons-collections-3.2.2.jar;C:\Users\34603\.m2\repository\org\fluentlenium\fluentlenium-core\0.10.2\fluentlenium-core-0.10.2.jar;C:\Users\34603\.m2\repository\io\github\bonigarcia\webdrivermanager\5.1.0\webdrivermanager-5.1.0.jar;C:\Users\34603\.m2\repository\com\github\docker-java\docker-java\3.2.13\docker-java-3.2.13.jar;C:\Users\34603\.m2\repository\com\github\docker-java\docker-java-core\3.2.13\docker-java-core-3.2.13.jar;C:\Users\34603\.m2\repository\com\github\docker-java\docker-java-api\3.2.13\docker-java-api-3.2.13.jar;C:\Users\34603\.m2\repository\org\apache\commons\commons-compress\1.21\commons-compress-1.21.jar;C:\Users\34603\.m2\repository\org\bouncycastle\bcpkix-jdk15on\1.64\bcpkix-jdk15on-1.64.jar;C:\Users\34603\.m2\repository\org\bouncycastle\bcprov-jdk15on\1.64\bcprov-jdk15on-1.64.jar;C:\Users\34603\.m2\repository\org\slf4j\jcl-over-slf4j\1.7.30\jcl-over-slf4j-1.7.30.jar;C:\Users\34603\.m2\repository\com\github\docker-java\docker-java-transport-httpclient5\3.2.13\docker-java-transport-httpclient5-3.2.13.jar;C:\Users\34603\.m2\repository\com\github\docker-java\docker-java-transport\3.2.13\docker-java-transport-3.2.13.jar;C:\Users\34603\.m2\repository\org\apache\httpcomponents\client5\httpclient5\5.0.3\httpclient5-5.0.3.jar;C:\Users\34603\.m2\repository\org\apache\httpcomponents\core5\httpcore5\5.0.2\httpcore5-5.0.2.jar;C:\Users\34603\.m2\repository\net\java\dev\jna\jna\5.8.0\jna-5.8.0.jar;C:\Users\34603\.m2\repository\org\brotli\dec\0.1.2\dec-0.1.2.jar;C:\Users\34603\.m2\repository\com\jhlabs\filters\2.0.235\filters-2.0.235.jar;C:\Users\34603\.m2\repository\com\paulhammant\ngwebdriver\1.1.6\ngwebdriver-1.1.6.jar;C:\Users\34603\.m2\repository\joda-time\joda-time\2.8.2\joda-time-2.8.2.jar;C:\Users\34603\.m2\repository\org\hamcrest\hamcrest\2.2\hamcrest-2.2.jar;C:\Users\34603\.m2\repository\com\google\jimfs\jimfs\1.2\jimfs-1.2.jar;C:\Users\34603\.m2\repository\org\mockito\mockito-core\3.3.3\mockito-core-3.3.3.jar;C:\Users\34603\.m2\repository\javax\xml\bind\jaxb-api\2.3.1\jaxb-api-2.3.1.jar;C:\Users\34603\.m2\repository\javax\activation\javax.activation-api\1.2.0\javax.activation-api-1.2.0.jar;C:\Users\34603\.m2\repository\com\sun\xml\bind\jaxb-core\2.3.0.1\jaxb-core-2.3.0.1.jar;C:\Users\34603\.m2\repository\com\sun\xml\bind\jaxb-impl\2.3.3\jaxb-impl-2.3.3.jar;C:\Users\34603\.m2\repository\jakarta\xml\bind\jakarta.xml.bind-api\2.3.3\jakarta.xml.bind-api-2.3.3.jar;C:\Users\34603\.m2\repository\com\sun\activation\jakarta.activation\1.2.2\jakarta.activation-1.2.2.jar;C:\Users\34603\.m2\repository\javax\activation\activation\1.1.1\activation-1.1.1.jar;C:\Users\34603\.m2\repository\net\serenity-bdd\serenity-cucumber\3.2.3\serenity-cucumber-3.2.3.jar;C:\Users\34603\.m2\repository\io\cucumber\cucumber-core\7.2.3\cucumber-core-7.2.3.jar;C:\Users\34603\.m2\repository\io\cucumber\cucumber-gherkin\7.2.3\cucumber-gherkin-7.2.3.jar;C:\Users\34603\.m2\repository\io\cucumber\cucumber-gherkin-messages\7.2.3\cucumber-gherkin-messages-7.2.3.jar;C:\Users\34603\.m2\repository\io\cucumber\messages\17.1.1\messages-17.1.1.jar;C:\Users\34603\.m2\repository\io\cucumber\tag-expressions\4.1.0\tag-expressions-4.1.0.jar;C:\Users\34603\.m2\repository\io\cucumber\cucumber-expressions\15.0.1\cucumber-expressions-15.0.1.jar;C:\Users\34603\.m2\repository\io\cucumber\datatable\7.2.3\datatable-7.2.3.jar;C:\Users\34603\.m2\repository\io\cucumber\cucumber-plugin\7.2.3\cucumber-plugin-7.2.3.jar;C:\Users\34603\.m2\repository\io\cucumber\docstring\7.2.3\docstring-7.2.3.jar;C:\Users\34603\.m2\repository\io\cucumber\html-formatter\17.0.0\html-formatter-17.0.0.jar;C:\Users\34603\.m2\repository\io\cucumber\ci-environment\8.1.0\ci-environment-8.1.0.jar;C:\Users\34603\.m2\repository\io\cucumber\cucumber-junit\7.2.3\cucumber-junit-7.2.3.jar;C:\Users\34603\.m2\repository\org\apache\commons\commons-csv\1.5\commons-csv-1.5.jar;C:\Users\34603\.m2\repository\net\serenity-bdd\serenity-screenplay\3.2.3\serenity-screenplay-3.2.3.jar;C:\Users\34603\.m2\repository\net\serenity-bdd\serenity-screenplay-webdriver\3.2.3\serenity-screenplay-webdriver-3.2.3.jar;C:\Users\34603\.m2\repository\net\serenity-bdd\serenity-ensure\3.2.3\serenity-ensure-3.2.3.jar;C:\Users\34603\.m2\repository\net\serenity-bdd\serenity-junit\3.2.3\serenity-junit-3.2.3.jar;C:\Users\34603\.m2\repository\org\jetbrains\kotlin\kotlin-stdlib\1.6.0\kotlin-stdlib-1.6.0.jar;C:\Users\34603\.m2\repository\org\jetbrains\annotations\13.0\annotations-13.0.jar;C:\Users\34603\.m2\repository\org\jetbrains\kotlin\kotlin-stdlib-common\1.6.0\kotlin-stdlib-common-1.6.0.jar;C:\Users\34603\.m2\repository\ch\qos\logback\logback-classic\1.2.11\logback-classic-1.2.11.jar;C:\Users\34603\.m2\repository\ch\qos\logback\logback-core\1.2.11\logback-core-1.2.11.jar;C:\Users\34603\.m2\repository\org\slf4j\slf4j-api\1.7.32\slf4j-api-1.7.32.jar;C:\Users\34603\.m2\repository\org\junit\platform\junit-platform-launcher\1.8.1\junit-platform-launcher-1.8.1.jar;C:\Users\34603\.m2\repository\org\junit\platform\junit-platform-engine\1.8.1\junit-platform-engine-1.8.1.jar;C:\Users\34603\.m2\repository\org\opentest4j\opentest4j\1.2.0\opentest4j-1.2.0.jar;C:\Users\34603\.m2\repository\org\junit\platform\junit-platform-commons\1.8.1\junit-platform-commons-1.8.1.jar;C:\Users\34603\.m2\repository\org\apiguardian\apiguardian-api\1.1.2\apiguardian-api-1.1.2.jar;C:\Users\34603\.m2\repository\org\junit\jupiter\junit-jupiter-engine\5.8.2\junit-jupiter-engine-5.8.2.jar;C:\Users\34603\.m2\repository\org\junit\jupiter\junit-jupiter-api\5.8.2\junit-jupiter-api-5.8.2.jar;C:\Users\34603\.m2\repository\org\junit\vintage\junit-vintage-engine\5.8.2\junit-vintage-engine-5.8.2.jar;C:\Users\34603\.m2\repository\junit\junit\4.13.2\junit-4.13.2.jar;C:\Users\34603\.m2\repository\org\hamcrest\hamcrest-core\1.3\hamcrest-core-1.3.jar;C:\Users\34603\.m2\repository\org\assertj\assertj-core\3.6.2\assertj-core-3.6.2.jar;C:\Users\34603\.m2\repository\net\serenity-bdd\serenity-screenplay-rest\3.2.3\serenity-screenplay-rest-3.2.3.jar;C:\Users\34603\.m2\repository\net\serenity-bdd\serenity-rest-assured\3.2.3\serenity-rest-assured-3.2.3.jar;C:\Users\34603\.m2\repository\org\apache\httpcomponents\httpclient\4.5.13\httpclient-4.5.13.jar;C:\Users\34603\.m2\repository\org\apache\httpcomponents\httpcore\4.4.13\httpcore-4.4.13.jar;C:\Users\34603\.m2\repository\commons-logging\commons-logging\1.2\commons-logging-1.2.jar;C:\Users\34603\.m2\repository\io\rest-assured\rest-assured\4.5.1\rest-assured-4.5.1.jar;C:\Users\34603\.m2\repository\org\apache\httpcomponents\httpmime\4.5.13\httpmime-4.5.13.jar;C:\Users\34603\.m2\repository\org\ccil\cowan\tagsoup\tagsoup\1.2.1\tagsoup-1.2.1.jar;C:\Users\34603\.m2\repository\io\rest-assured\json-path\4.5.1\json-path-4.5.1.jar;C:\Users\34603\.m2\repository\io\rest-assured\rest-assured-common\4.5.1\rest-assured-common-4.5.1.jar;C:\Users\34603\.m2\repository\io\rest-assured\xml-path\4.5.1\xml-path-4.5.1.jar;C:\Users\34603\.m2\repository\org\codehaus\groovy\groovy-json\3.0.10\groovy-json-3.0.10.jar;C:\Users\34603\.m2\repository\org\codehaus\groovy\groovy-xml\3.0.10\groovy-xml-3.0.10.jar;C:\Users\34603\.m2\repository\org\json\json\20220320\json-20220320.jar;" />
    <property name="sun.cpu.endian" value="little" />
    <property name="user.home" value="C:\Users\34603" />
    <property name="user.language" value="es" />
    <property name="java.specification.vendor" value="Oracle Corporation" />
    <property name="jdk.module.path" value="C:\Users\34603\Documents\GitHub\Proyecto3\Proyecto3-Serenity\target\Proyecto3-Serenity-0.0.1-SNAPSHOT.jar" />
    <property name="java.version.date" value="2021-04-20" />
    <property name="java.home" value="C:\Program Files\Java\jdk-16.0.1" />
    <property name="file.separator" value="\" />
    <property name="basedir" value="C:\Users\34603\Documents\GitHub\Proyecto3\Proyecto3-Serenity" />
    <property name="java.vm.compressedOopsMode" value="Zero based" />
    <property name="line.separator" value="&#10;" />
    <property name="java.vm.specification.vendor" value="Oracle Corporation" />
    <property name="java.specification.name" value="Java Platform API Specification" />
    <property name="surefire.real.class.path" value="C:\Users\34603\.m2\repository\org\apache\maven\surefire\surefire-booter\3.0.0-M5\surefire-booter-3.0.0-M5.jar;C:\Users\34603\.m2\repository\org\apache\maven\surefire\surefire-api\3.0.0-M5\surefire-api-3.0.0-M5.jar;C:\Users\34603\.m2\repository\org\apache\maven\surefire\surefire-logger-api\3.0.0-M5\surefire-logger-api-3.0.0-M5.jar;C:\Users\34603\.m2\repository\org\apache\maven\surefire\surefire-shared-utils\3.0.0-M4\surefire-shared-utils-3.0.0-M4.jar;C:\Users\34603\.m2\repository\org\apache\maven\surefire\surefire-extensions-spi\3.0.0-M5\surefire-extensions-spi-3.0.0-M5.jar;C:\Users\34603\Documents\GitHub\Proyecto3\Proyecto3-Serenity\target\test-classes;C:\Users\34603\.m2\repository\net\serenity-bdd\serenity-core\3.2.3\serenity-core-3.2.3.jar;C:\Users\34603\.m2\repository\net\serenity-bdd\serenity-model\3.2.3\serenity-model-3.2.3.jar;C:\Users\34603\.m2\repository\org\apache\commons\commons-text\1.9\commons-text-1.9.jar;C:\Users\34603\.m2\repository\commons-net\commons-net\3.8.0\commons-net-3.8.0.jar;C:\Users\34603\.m2\repository\com\google\guava\guava\31.1-jre\guava-31.1-jre.jar;C:\Users\34603\.m2\repository\com\google\guava\failureaccess\1.0.1\failureaccess-1.0.1.jar;C:\Users\34603\.m2\repository\com\google\guava\listenablefuture\9999.0-empty-to-avoid-conflict-with-guava\listenablefuture-9999.0-empty-to-avoid-conflict-with-guava.jar;C:\Users\34603\.m2\repository\com\google\code\findbugs\jsr305\3.0.2\jsr305-3.0.2.jar;C:\Users\34603\.m2\repository\org\checkerframework\checker-qual\3.12.0\checker-qual-3.12.0.jar;C:\Users\34603\.m2\repository\com\google\errorprone\error_prone_annotations\2.11.0\error_prone_annotations-2.11.0.jar;C:\Users\34603\.m2\repository\com\google\j2objc\j2objc-annotations\1.3\j2objc-annotations-1.3.jar;C:\Users\34603\.m2\repository\com\google\inject\guice\5.1.0\guice-5.1.0.jar;C:\Users\34603\.m2\repository\javax\inject\javax.inject\1\javax.inject-1.jar;C:\Users\34603\.m2\repository\aopalliance\aopalliance\1.0\aopalliance-1.0.jar;C:\Users\34603\.m2\repository\org\jsoup\jsoup\1.14.3\jsoup-1.14.3.jar;C:\Users\34603\.m2\repository\com\thoughtworks\xstream\xstream\1.4.19\xstream-1.4.19.jar;C:\Users\34603\.m2\repository\io\github\x-stream\mxparser\1.2.2\mxparser-1.2.2.jar;C:\Users\34603\.m2\repository\xmlpull\xmlpull\1.1.3.1\xmlpull-1.1.3.1.jar;C:\Users\34603\.m2\repository\io\cucumber\cucumber-java\7.2.3\cucumber-java-7.2.3.jar;C:\Users\34603\.m2\repository\com\typesafe\config\1.4.2\config-1.4.2.jar;C:\Users\34603\.m2\repository\org\imgscalr\imgscalr-lib\4.2\imgscalr-lib-4.2.jar;C:\Users\34603\.m2\repository\org\awaitility\awaitility\4.2.0\awaitility-4.2.0.jar;C:\Users\34603\.m2\repository\org\freemarker\freemarker\2.3.31\freemarker-2.3.31.jar;C:\Users\34603\.m2\repository\io\github\classgraph\classgraph\4.8.138\classgraph-4.8.138.jar;C:\Users\34603\.m2\repository\net\sourceforge\jexcelapi\jxl\2.6.12\jxl-2.6.12.jar;C:\Users\34603\.m2\repository\net\bytebuddy\byte-buddy\1.12.8\byte-buddy-1.12.8.jar;C:\Users\34603\.m2\repository\net\bytebuddy\byte-buddy-agent\1.12.8\byte-buddy-agent-1.12.8.jar;C:\Users\34603\.m2\repository\org\objenesis\objenesis\3.1\objenesis-3.1.jar;C:\Users\34603\.m2\repository\net\serenity-bdd\serenity-reports\3.2.3\serenity-reports-3.2.3.jar;C:\Users\34603\.m2\repository\net\serenity-bdd\serenity-stats\3.2.3\serenity-stats-3.2.3.jar;C:\Users\34603\.m2\repository\net\serenity-bdd\serenity-reports-configuration\3.2.3\serenity-reports-configuration-3.2.3.jar;C:\Users\34603\.m2\repository\com\vladsch\flexmark\flexmark-all\0.34.30\flexmark-all-0.34.30.jar;C:\Users\34603\.m2\repository\com\vladsch\flexmark\flexmark\0.34.30\flexmark-0.34.30.jar;C:\Users\34603\.m2\repository\com\vladsch\flexmark\flexmark-ext-abbreviation\0.34.30\flexmark-ext-abbreviation-0.34.30.jar;C:\Users\34603\.m2\repository\com\vladsch\flexmark\flexmark-ext-admonition\0.34.30\flexmark-ext-admonition-0.34.30.jar;C:\Users\34603\.m2\repository\com\vladsch\flexmark\flexmark-ext-anchorlink\0.34.30\flexmark-ext-anchorlink-0.34.30.jar;C:\Users\34603\.m2\repository\com\vladsch\flexmark\flexmark-ext-aside\0.34.30\flexmark-ext-aside-0.34.30.jar;C:\Users\34603\.m2\repository\com\vladsch\flexmark\flexmark-ext-attributes\0.34.30\flexmark-ext-attributes-0.34.30.jar;C:\Users\34603\.m2\repository\com\vladsch\flexmark\flexmark-ext-autolink\0.34.30\flexmark-ext-autolink-0.34.30.jar;C:\Users\34603\.m2\repository\org\nibor\autolink\autolink\0.6.0\autolink-0.6.0.jar;C:\Users\34603\.m2\repository\com\vladsch\flexmark\flexmark-ext-definition\0.34.30\flexmark-ext-definition-0.34.30.jar;C:\Users\34603\.m2\repository\com\vladsch\flexmark\flexmark-ext-emoji\0.34.30\flexmark-ext-emoji-0.34.30.jar;C:\Users\34603\.m2\repository\com\vladsch\flexmark\flexmark-ext-enumerated-reference\0.34.30\flexmark-ext-enumerated-reference-0.34.30.jar;C:\Users\34603\.m2\repository\com\vladsch\flexmark\flexmark-ext-escaped-character\0.34.30\flexmark-ext-escaped-character-0.34.30.jar;C:\Users\34603\.m2\repository\com\vladsch\flexmark\flexmark-ext-footnotes\0.34.30\flexmark-ext-footnotes-0.34.30.jar;C:\Users\34603\.m2\repository\com\vladsch\flexmark\flexmark-ext-gfm-issues\0.34.30\flexmark-ext-gfm-issues-0.34.30.jar;C:\Users\34603\.m2\repository\com\vladsch\flexmark\flexmark-ext-gfm-strikethrough\0.34.30\flexmark-ext-gfm-strikethrough-0.34.30.jar;C:\Users\34603\.m2\repository\com\vladsch\flexmark\flexmark-ext-gfm-tables\0.34.30\flexmark-ext-gfm-tables-0.34.30.jar;C:\Users\34603\.m2\repository\com\vladsch\flexmark\flexmark-ext-gfm-tasklist\0.34.30\flexmark-ext-gfm-tasklist-0.34.30.jar;C:\Users\34603\.m2\repository\com\vladsch\flexmark\flexmark-ext-gfm-users\0.34.30\flexmark-ext-gfm-users-0.34.30.jar;C:\Users\34603\.m2\repository\com\vladsch\flexmark\flexmark-ext-gitlab\0.34.30\flexmark-ext-gitlab-0.34.30.jar;C:\Users\34603\.m2\repository\com\vladsch\flexmark\flexmark-ext-jekyll-front-matter\0.34.30\flexmark-ext-jekyll-front-matter-0.34.30.jar;C:\Users\34603\.m2\repository\com\vladsch\flexmark\flexmark-ext-jekyll-tag\0.34.30\flexmark-ext-jekyll-tag-0.34.30.jar;C:\Users\34603\.m2\repository\com\vladsch\flexmark\flexmark-ext-media-tags\0.34.30\flexmark-ext-media-tags-0.34.30.jar;C:\Users\34603\.m2\repository\com\vladsch\flexmark\flexmark-test-util\0.34.30\flexmark-test-util-0.34.30.jar;C:\Users\34603\.m2\repository\com\vladsch\flexmark\flexmark-ext-ins\0.34.30\flexmark-ext-ins-0.34.30.jar;C:\Users\34603\.m2\repository\com\vladsch\flexmark\flexmark-ext-xwiki-macros\0.34.30\flexmark-ext-xwiki-macros-0.34.30.jar;C:\Users\34603\.m2\repository\com\vladsch\flexmark\flexmark-ext-superscript\0.34.30\flexmark-ext-superscript-0.34.30.jar;C:\Users\34603\.m2\repository\com\vladsch\flexmark\flexmark-ext-tables\0.34.30\flexmark-ext-tables-0.34.30.jar;C:\Users\34603\.m2\repository\com\vladsch\flexmark\flexmark-ext-toc\0.34.30\flexmark-ext-toc-0.34.30.jar;C:\Users\34603\.m2\repository\com\vladsch\flexmark\flexmark-ext-typographic\0.34.30\flexmark-ext-typographic-0.34.30.jar;C:\Users\34603\.m2\repository\com\vladsch\flexmark\flexmark-ext-wikilink\0.34.30\flexmark-ext-wikilink-0.34.30.jar;C:\Users\34603\.m2\repository\com\vladsch\flexmark\flexmark-ext-yaml-front-matter\0.34.30\flexmark-ext-yaml-front-matter-0.34.30.jar;C:\Users\34603\.m2\repository\com\vladsch\flexmark\flexmark-ext-youtube-embedded\0.34.30\flexmark-ext-youtube-embedded-0.34.30.jar;C:\Users\34603\.m2\repository\com\vladsch\flexmark\flexmark-formatter\0.34.30\flexmark-formatter-0.34.30.jar;C:\Users\34603\.m2\repository\com\vladsch\flexmark\flexmark-html-parser\0.34.30\flexmark-html-parser-0.34.30.jar;C:\Users\34603\.m2\repository\com\vladsch\flexmark\flexmark-jira-converter\0.34.30\flexmark-jira-converter-0.34.30.jar;C:\Users\34603\.m2\repository\com\vladsch\flexmark\flexmark-pdf-converter\0.34.30\flexmark-pdf-converter-0.34.30.jar;C:\Users\34603\.m2\repository\com\openhtmltopdf\openhtmltopdf-core\0.0.1-RC13\openhtmltopdf-core-0.0.1-RC13.jar;C:\Users\34603\.m2\repository\com\openhtmltopdf\openhtmltopdf-pdfbox\0.0.1-RC13\openhtmltopdf-pdfbox-0.0.1-RC13.jar;C:\Users\34603\.m2\repository\org\apache\pdfbox\pdfbox\2.0.8\pdfbox-2.0.8.jar;C:\Users\34603\.m2\repository\org\apache\pdfbox\fontbox\2.0.8\fontbox-2.0.8.jar;C:\Users\34603\.m2\repository\org\apache\pdfbox\xmpbox\2.0.8\xmpbox-2.0.8.jar;C:\Users\34603\.m2\repository\de\rototor\pdfbox\graphics2d\0.12\graphics2d-0.12.jar;C:\Users\34603\.m2\repository\com\openhtmltopdf\openhtmltopdf-rtl-support\0.0.1-RC13\openhtmltopdf-rtl-support-0.0.1-RC13.jar;C:\Users\34603\.m2\repository\com\ibm\icu\icu4j\59.1\icu4j-59.1.jar;C:\Users\34603\.m2\repository\com\openhtmltopdf\openhtmltopdf-jsoup-dom-converter\0.0.1-RC13\openhtmltopdf-jsoup-dom-converter-0.0.1-RC13.jar;C:\Users\34603\.m2\repository\com\vladsch\flexmark\flexmark-profile-pegdown\0.34.30\flexmark-profile-pegdown-0.34.30.jar;C:\Users\34603\.m2\repository\com\vladsch\flexmark\flexmark-util\0.34.30\flexmark-util-0.34.30.jar;C:\Users\34603\.m2\repository\com\vladsch\flexmark\flexmark-youtrack-converter\0.34.30\flexmark-youtrack-converter-0.34.30.jar;C:\Users\34603\.m2\repository\es\nitaur\markdown\txtmark\0.16\txtmark-0.16.jar;C:\Users\34603\.m2\repository\net\serenity-bdd\serenity-report-resources\3.2.3\serenity-report-resources-3.2.3.jar;C:\Users\34603\.m2\repository\com\google\code\gson\gson\2.9.0\gson-2.9.0.jar;C:\Users\34603\.m2\repository\com\fasterxml\jackson\core\jackson-core\2.13.2\jackson-core-2.13.2.jar;C:\Users\34603\.m2\repository\com\fasterxml\jackson\core\jackson-databind\2.13.2\jackson-databind-2.13.2.jar;C:\Users\34603\.m2\repository\com\fasterxml\jackson\core\jackson-annotations\2.13.2\jackson-annotations-2.13.2.jar;C:\Users\34603\.m2\repository\commons-codec\commons-codec\1.15\commons-codec-1.15.jar;C:\Users\34603\.m2\repository\commons-io\commons-io\2.11.0\commons-io-2.11.0.jar;C:\Users\34603\.m2\repository\org\seleniumhq\selenium\selenium-java\4.1.3\selenium-java-4.1.3.jar;C:\Users\34603\.m2\repository\org\seleniumhq\selenium\selenium-devtools-v85\4.1.3\selenium-devtools-v85-4.1.3.jar;C:\Users\34603\.m2\repository\org\seleniumhq\selenium\selenium-devtools-v97\4.1.3\selenium-devtools-v97-4.1.3.jar;C:\Users\34603\.m2\repository\org\seleniumhq\selenium\selenium-devtools-v98\4.1.3\selenium-devtools-v98-4.1.3.jar;C:\Users\34603\.m2\repository\org\seleniumhq\selenium\selenium-devtools-v99\4.1.3\selenium-devtools-v99-4.1.3.jar;C:\Users\34603\.m2\repository\org\seleniumhq\selenium\selenium-opera-driver\4.1.3\selenium-opera-driver-4.1.3.jar;C:\Users\34603\.m2\repository\org\seleniumhq\selenium\selenium-remote-driver\4.1.3\selenium-remote-driver-4.1.3.jar;C:\Users\34603\.m2\repository\com\beust\jcommander\1.82\jcommander-1.82.jar;C:\Users\34603\.m2\repository\io\netty\netty-buffer\4.1.75.Final\netty-buffer-4.1.75.Final.jar;C:\Users\34603\.m2\repository\io\netty\netty-codec-http\4.1.75.Final\netty-codec-http-4.1.75.Final.jar;C:\Users\34603\.m2\repository\io\netty\netty-codec\4.1.75.Final\netty-codec-4.1.75.Final.jar;C:\Users\34603\.m2\repository\io\netty\netty-handler\4.1.75.Final\netty-handler-4.1.75.Final.jar;C:\Users\34603\.m2\repository\io\netty\netty-common\4.1.75.Final\netty-common-4.1.75.Final.jar;C:\Users\34603\.m2\repository\io\netty\netty-transport-classes-epoll\4.1.75.Final\netty-transport-classes-epoll-4.1.75.Final.jar;C:\Users\34603\.m2\repository\io\netty\netty-transport-classes-kqueue\4.1.75.Final\netty-transport-classes-kqueue-4.1.75.Final.jar;C:\Users\34603\.m2\repository\io\netty\netty-transport-native-epoll\4.1.75.Final\netty-transport-native-epoll-4.1.75.Final.jar;C:\Users\34603\.m2\repository\io\netty\netty-transport-native-kqueue\4.1.75.Final\netty-transport-native-kqueue-4.1.75.Final.jar;C:\Users\34603\.m2\repository\io\netty\netty-transport-native-unix-common\4.1.75.Final\netty-transport-native-unix-common-4.1.75.Final.jar;C:\Users\34603\.m2\repository\io\netty\netty-transport\4.1.75.Final\netty-transport-4.1.75.Final.jar;C:\Users\34603\.m2\repository\io\netty\netty-resolver\4.1.75.Final\netty-resolver-4.1.75.Final.jar;C:\Users\34603\.m2\repository\io\opentelemetry\opentelemetry-api\1.12.0\opentelemetry-api-1.12.0.jar;C:\Users\34603\.m2\repository\io\opentelemetry\opentelemetry-context\1.12.0\opentelemetry-context-1.12.0.jar;C:\Users\34603\.m2\repository\io\opentelemetry\opentelemetry-exporter-logging\1.12.0\opentelemetry-exporter-logging-1.12.0.jar;C:\Users\34603\.m2\repository\io\opentelemetry\opentelemetry-sdk-metrics\1.12.0-alpha\opentelemetry-sdk-metrics-1.12.0-alpha.jar;C:\Users\34603\.m2\repository\io\opentelemetry\opentelemetry-sdk-logs\1.12.0-alpha\opentelemetry-sdk-logs-1.12.0-alpha.jar;C:\Users\34603\.m2\repository\io\opentelemetry\opentelemetry-sdk-common\1.12.0\opentelemetry-sdk-common-1.12.0.jar;C:\Users\34603\.m2\repository\io\opentelemetry\opentelemetry-sdk-extension-autoconfigure-spi\1.12.0\opentelemetry-sdk-extension-autoconfigure-spi-1.12.0.jar;C:\Users\34603\.m2\repository\io\opentelemetry\opentelemetry-sdk-extension-autoconfigure\1.12.0-alpha\opentelemetry-sdk-extension-autoconfigure-1.12.0-alpha.jar;C:\Users\34603\.m2\repository\io\opentelemetry\opentelemetry-sdk-trace\1.12.0\opentelemetry-sdk-trace-1.12.0.jar;C:\Users\34603\.m2\repository\io\opentelemetry\opentelemetry-sdk\1.12.0\opentelemetry-sdk-1.12.0.jar;C:\Users\34603\.m2\repository\io\opentelemetry\opentelemetry-semconv\1.12.0-alpha\opentelemetry-semconv-1.12.0-alpha.jar;C:\Users\34603\.m2\repository\io\ous\jtoml\2.0.0\jtoml-2.0.0.jar;C:\Users\34603\.m2\repository\org\apache\commons\commons-exec\1.3\commons-exec-1.3.jar;C:\Users\34603\.m2\repository\org\asynchttpclient\async-http-client\2.12.3\async-http-client-2.12.3.jar;C:\Users\34603\.m2\repository\org\asynchttpclient\async-http-client-netty-utils\2.12.3\async-http-client-netty-utils-2.12.3.jar;C:\Users\34603\.m2\repository\io\netty\netty-codec-socks\4.1.60.Final\netty-codec-socks-4.1.60.Final.jar;C:\Users\34603\.m2\repository\io\netty\netty-handler-proxy\4.1.60.Final\netty-handler-proxy-4.1.60.Final.jar;C:\Users\34603\.m2\repository\io\netty\netty-transport-native-epoll\4.1.60.Final\netty-transport-native-epoll-4.1.60.Final-linux-x86_64.jar;C:\Users\34603\.m2\repository\io\netty\netty-transport-native-kqueue\4.1.60.Final\netty-transport-native-kqueue-4.1.60.Final-osx-x86_64.jar;C:\Users\34603\.m2\repository\org\reactivestreams\reactive-streams\1.0.3\reactive-streams-1.0.3.jar;C:\Users\34603\.m2\repository\com\typesafe\netty\netty-reactive-streams\2.0.4\netty-reactive-streams-2.0.4.jar;C:\Users\34603\.m2\repository\org\seleniumhq\selenium\selenium-http\4.1.3\selenium-http-4.1.3.jar;C:\Users\34603\.m2\repository\dev\failsafe\failsafe\3.2.3\failsafe-3.2.3.jar;C:\Users\34603\.m2\repository\org\seleniumhq\selenium\selenium-safari-driver\4.1.3\selenium-safari-driver-4.1.3.jar;C:\Users\34603\.m2\repository\org\seleniumhq\selenium\selenium-api\4.1.3\selenium-api-4.1.3.jar;C:\Users\34603\.m2\repository\org\seleniumhq\selenium\selenium-support\4.1.3\selenium-support-4.1.3.jar;C:\Users\34603\.m2\repository\com\google\auto\service\auto-service-annotations\1.0.1\auto-service-annotations-1.0.1.jar;C:\Users\34603\.m2\repository\com\google\auto\service\auto-service\1.0.1\auto-service-1.0.1.jar;C:\Users\34603\.m2\repository\com\google\auto\auto-common\1.2\auto-common-1.2.jar;C:\Users\34603\.m2\repository\org\seleniumhq\selenium\selenium-json\4.1.3\selenium-json-4.1.3.jar;C:\Users\34603\.m2\repository\org\seleniumhq\selenium\selenium-chrome-driver\4.1.3\selenium-chrome-driver-4.1.3.jar;C:\Users\34603\.m2\repository\org\seleniumhq\selenium\selenium-chromium-driver\4.1.3\selenium-chromium-driver-4.1.3.jar;C:\Users\34603\.m2\repository\org\seleniumhq\selenium\selenium-firefox-driver\4.1.3\selenium-firefox-driver-4.1.3.jar;C:\Users\34603\.m2\repository\org\seleniumhq\selenium\selenium-edge-driver\4.1.3\selenium-edge-driver-4.1.3.jar;C:\Users\34603\.m2\repository\org\seleniumhq\selenium\selenium-ie-driver\4.1.3\selenium-ie-driver-4.1.3.jar;C:\Users\34603\.m2\repository\org\projectlombok\lombok\1.18.20\lombok-1.18.20.jar;C:\Users\34603\.m2\repository\io\appium\java-client\8.0.0\java-client-8.0.0.jar;C:\Users\34603\.m2\repository\commons-validator\commons-validator\1.7\commons-validator-1.7.jar;C:\Users\34603\.m2\repository\commons-digester\commons-digester\2.1\commons-digester-2.1.jar;C:\Users\34603\.m2\repository\org\aspectj\aspectjweaver\1.9.8\aspectjweaver-1.9.8.jar;C:\Users\34603\.m2\repository\org\codehaus\groovy\groovy\3.0.10\groovy-3.0.10.jar;C:\Users\34603\.m2\repository\net\sf\opencsv\opencsv\2.0\opencsv-2.0.jar;C:\Users\34603\.m2\repository\commons-beanutils\commons-beanutils\1.9.4\commons-beanutils-1.9.4.jar;C:\Users\34603\.m2\repository\org\apache\commons\commons-lang3\3.12.0\commons-lang3-3.12.0.jar;C:\Users\34603\.m2\repository\commons-collections\commons-collections\3.2.2\commons-collections-3.2.2.jar;C:\Users\34603\.m2\repository\org\fluentlenium\fluentlenium-core\0.10.2\fluentlenium-core-0.10.2.jar;C:\Users\34603\.m2\repository\io\github\bonigarcia\webdrivermanager\5.1.0\webdrivermanager-5.1.0.jar;C:\Users\34603\.m2\repository\com\github\docker-java\docker-java\3.2.13\docker-java-3.2.13.jar;C:\Users\34603\.m2\repository\com\github\docker-java\docker-java-core\3.2.13\docker-java-core-3.2.13.jar;C:\Users\34603\.m2\repository\com\github\docker-java\docker-java-api\3.2.13\docker-java-api-3.2.13.jar;C:\Users\34603\.m2\repository\org\apache\commons\commons-compress\1.21\commons-compress-1.21.jar;C:\Users\34603\.m2\repository\org\bouncycastle\bcpkix-jdk15on\1.64\bcpkix-jdk15on-1.64.jar;C:\Users\34603\.m2\repository\org\bouncycastle\bcprov-jdk15on\1.64\bcprov-jdk15on-1.64.jar;C:\Users\34603\.m2\repository\org\slf4j\jcl-over-slf4j\1.7.30\jcl-over-slf4j-1.7.30.jar;C:\Users\34603\.m2\repository\com\github\docker-java\docker-java-transport-httpclient5\3.2.13\docker-java-transport-httpclient5-3.2.13.jar;C:\Users\34603\.m2\repository\com\github\docker-java\docker-java-transport\3.2.13\docker-java-transport-3.2.13.jar;C:\Users\34603\.m2\repository\org\apache\httpcomponents\client5\httpclient5\5.0.3\httpclient5-5.0.3.jar;C:\Users\34603\.m2\repository\org\apache\httpcomponents\core5\httpcore5\5.0.2\httpcore5-5.0.2.jar;C:\Users\34603\.m2\repository\net\java\dev\jna\jna\5.8.0\jna-5.8.0.jar;C:\Users\34603\.m2\repository\org\brotli\dec\0.1.2\dec-0.1.2.jar;C:\Users\34603\.m2\repository\com\jhlabs\filters\2.0.235\filters-2.0.235.jar;C:\Users\34603\.m2\repository\com\paulhammant\ngwebdriver\1.1.6\ngwebdriver-1.1.6.jar;C:\Users\34603\.m2\repository\joda-time\joda-time\2.8.2\joda-time-2.8.2.jar;C:\Users\34603\.m2\repository\org\hamcrest\hamcrest\2.2\hamcrest-2.2.jar;C:\Users\34603\.m2\repository\com\google\jimfs\jimfs\1.2\jimfs-1.2.jar;C:\Users\34603\.m2\repository\org\mockito\mockito-core\3.3.3\mockito-core-3.3.3.jar;C:\Users\34603\.m2\repository\javax\xml\bind\jaxb-api\2.3.1\jaxb-api-2.3.1.jar;C:\Users\34603\.m2\repository\javax\activation\javax.activation-api\1.2.0\javax.activation-api-1.2.0.jar;C:\Users\34603\.m2\repository\com\sun\xml\bind\jaxb-core\2.3.0.1\jaxb-core-2.3.0.1.jar;C:\Users\34603\.m2\repository\com\sun\xml\bind\jaxb-impl\2.3.3\jaxb-impl-2.3.3.jar;C:\Users\34603\.m2\repository\jakarta\xml\bind\jakarta.xml.bind-api\2.3.3\jakarta.xml.bind-api-2.3.3.jar;C:\Users\34603\.m2\repository\com\sun\activation\jakarta.activation\1.2.2\jakarta.activation-1.2.2.jar;C:\Users\34603\.m2\repository\javax\activation\activation\1.1.1\activation-1.1.1.jar;C:\Users\34603\.m2\repository\net\serenity-bdd\serenity-cucumber\3.2.3\serenity-cucumber-3.2.3.jar;C:\Users\34603\.m2\repository\io\cucumber\cucumber-core\7.2.3\cucumber-core-7.2.3.jar;C:\Users\34603\.m2\repository\io\cucumber\cucumber-gherkin\7.2.3\cucumber-gherkin-7.2.3.jar;C:\Users\34603\.m2\repository\io\cucumber\cucumber-gherkin-messages\7.2.3\cucumber-gherkin-messages-7.2.3.jar;C:\Users\34603\.m2\repository\io\cucumber\messages\17.1.1\messages-17.1.1.jar;C:\Users\34603\.m2\repository\io\cucumber\tag-expressions\4.1.0\tag-expressions-4.1.0.jar;C:\Users\34603\.m2\repository\io\cucumber\cucumber-expressions\15.0.1\cucumber-expressions-15.0.1.jar;C:\Users\34603\.m2\repository\io\cucumber\datatable\7.2.3\datatable-7.2.3.jar;C:\Users\34603\.m2\repository\io\cucumber\cucumber-plugin\7.2.3\cucumber-plugin-7.2.3.jar;C:\Users\34603\.m2\repository\io\cucumber\docstring\7.2.3\docstring-7.2.3.jar;C:\Users\34603\.m2\repository\io\cucumber\html-formatter\17.0.0\html-formatter-17.0.0.jar;C:\Users\34603\.m2\repository\io\cucumber\ci-environment\8.1.0\ci-environment-8.1.0.jar;C:\Users\34603\.m2\repository\io\cucumber\cucumber-junit\7.2.3\cucumber-junit-7.2.3.jar;C:\Users\34603\.m2\repository\org\apache\commons\commons-csv\1.5\commons-csv-1.5.jar;C:\Users\34603\.m2\repository\net\serenity-bdd\serenity-screenplay\3.2.3\serenity-screenplay-3.2.3.jar;C:\Users\34603\.m2\repository\net\serenity-bdd\serenity-screenplay-webdriver\3.2.3\serenity-screenplay-webdriver-3.2.3.jar;C:\Users\34603\.m2\repository\net\serenity-bdd\serenity-ensure\3.2.3\serenity-ensure-3.2.3.jar;C:\Users\34603\.m2\repository\net\serenity-bdd\serenity-junit\3.2.3\serenity-junit-3.2.3.jar;C:\Users\34603\.m2\repository\org\jetbrains\kotlin\kotlin-stdlib\1.6.0\kotlin-stdlib-1.6.0.jar;C:\Users\34603\.m2\repository\org\jetbrains\annotations\13.0\annotations-13.0.jar;C:\Users\34603\.m2\repository\org\jetbrains\kotlin\kotlin-stdlib-common\1.6.0\kotlin-stdlib-common-1.6.0.jar;C:\Users\34603\.m2\repository\ch\qos\logback\logback-classic\1.2.11\logback-classic-1.2.11.jar;C:\Users\34603\.m2\repository\ch\qos\logback\logback-core\1.2.11\logback-core-1.2.11.jar;C:\Users\34603\.m2\repository\org\slf4j\slf4j-api\1.7.32\slf4j-api-1.7.32.jar;C:\Users\34603\.m2\repository\org\junit\platform\junit-platform-launcher\1.8.1\junit-platform-launcher-1.8.1.jar;C:\Users\34603\.m2\repository\org\junit\platform\junit-platform-engine\1.8.1\junit-platform-engine-1.8.1.jar;C:\Users\34603\.m2\repository\org\opentest4j\opentest4j\1.2.0\opentest4j-1.2.0.jar;C:\Users\34603\.m2\repository\org\junit\platform\junit-platform-commons\1.8.1\junit-platform-commons-1.8.1.jar;C:\Users\34603\.m2\repository\org\apiguardian\apiguardian-api\1.1.2\apiguardian-api-1.1.2.jar;C:\Users\34603\.m2\repository\org\junit\jupiter\junit-jupiter-engine\5.8.2\junit-jupiter-engine-5.8.2.jar;C:\Users\34603\.m2\repository\org\junit\jupiter\junit-jupiter-api\5.8.2\junit-jupiter-api-5.8.2.jar;C:\Users\34603\.m2\repository\org\junit\vintage\junit-vintage-engine\5.8.2\junit-vintage-engine-5.8.2.jar;C:\Users\34603\.m2\repository\junit\junit\4.13.2\junit-4.13.2.jar;C:\Users\34603\.m2\repository\org\hamcrest\hamcrest-core\1.3\hamcrest-core-1.3.jar;C:\Users\34603\.m2\repository\org\assertj\assertj-core\3.6.2\assertj-core-3.6.2.jar;C:\Users\34603\.m2\repository\net\serenity-bdd\serenity-screenplay-rest\3.2.3\serenity-screenplay-rest-3.2.3.jar;C:\Users\34603\.m2\repository\net\serenity-bdd\serenity-rest-assured\3.2.3\serenity-rest-assured-3.2.3.jar;C:\Users\34603\.m2\repository\org\apache\httpcomponents\httpclient\4.5.13\httpclient-4.5.13.jar;C:\Users\34603\.m2\repository\org\apache\httpcomponents\httpcore\4.4.13\httpcore-4.4.13.jar;C:\Users\34603\.m2\repository\commons-logging\commons-logging\1.2\commons-logging-1.2.jar;C:\Users\34603\.m2\repository\io\rest-assured\rest-assured\4.5.1\rest-assured-4.5.1.jar;C:\Users\34603\.m2\repository\org\apache\httpcomponents\httpmime\4.5.13\httpmime-4.5.13.jar;C:\Users\34603\.m2\repository\org\ccil\cowan\tagsoup\tagsoup\1.2.1\tagsoup-1.2.1.jar;C:\Users\34603\.m2\repository\io\rest-assured\json-path\4.5.1\json-path-4.5.1.jar;C:\Users\34603\.m2\repository\io\rest-assured\rest-assured-common\4.5.1\rest-assured-common-4.5.1.jar;C:\Users\34603\.m2\repository\io\rest-assured\xml-path\4.5.1\xml-path-4.5.1.jar;C:\Users\34603\.m2\repository\org\codehaus\groovy\groovy-json\3.0.10\groovy-json-3.0.10.jar;C:\Users\34603\.m2\repository\org\codehaus\groovy\groovy-xml\3.0.10\groovy-xml-3.0.10.jar;C:\Users\34603\.m2\repository\org\json\json\20220320\json-20220320.jar;C:\Users\34603\.m2\repository\org\apache\maven\surefire\surefire-junit-platform\3.0.0-M5\surefire-junit-platform-3.0.0-M5.jar;C:\Users\34603\.m2\repository\org\apache\maven\surefire\common-java5\3.0.0-M5\common-java5-3.0.0-M5.jar" />
    <property name="user.script" value="" />
    <property name="java.protocol.handler.pkgs" value="com.google.common" />
    <property name="sun.management.compiler" value="HotSpot 64-Bit Tiered Compilers" />
    <property name="java.runtime.version" value="16.0.1+9-24" />
    <property name="user.name" value="34603" />
    <property name="path.separator" value=";" />
    <property name="os.version" value="10.0" />
    <property name="java.runtime.name" value="Java(TM) SE Runtime Environment" />
    <property name="file.encoding" value="Cp1252" />
    <property name="webdriver.base.url" value="" />
    <property name="java.vm.name" value="Java HotSpot(TM) 64-Bit Server VM" />
    <property name="localRepository" value="C:\Users\34603\.m2\repository" />
    <property name="java.vendor.url.bug" value="https://bugreport.java.com/bugreport/" />
    <property name="java.io.tmpdir" value="C:\Users\34603\AppData\Local\Temp\" />
    <property name="java.version" value="16.0.1" />
    <property name="user.dir" value="C:\Users\34603\Documents\GitHub\Proyecto3\Proyecto3-Serenity" />
    <property name="os.arch" value="amd64" />
    <property name="java.vm.specification.name" value="Java Virtual Machine Specification" />
    <property name="sun.os.patch.level" value="" />
    <property name="java.library.path" value="C:\Program Files\Java\jdk-16.0.1\bin;C:\Windows\Sun\Java\bin;C:\Windows\system32;C:\Windows;C:/Program Files/Java/jdk-16.0.1/bin/server;C:/Program Files/Java/jdk-16.0.1/bin;C:\ProgramData\Oracle\Java\javapath;C:\Program Files\Common Files\Oracle\Java\javapath;C:\Windows\system32;C:\Windows;C:\Windows\System32\Wbem;C:\Windows\System32\WindowsPowerShell\v1.0\;C:\Windows\System32\OpenSSH\;C:\Program Files\NVIDIA Corporation\NVIDIA NvDLISR;C:\Program Files (x86)\NVIDIA Corporation\PhysX\Common;C:\Python27;C:\AndroBugs_Framework;C:\ETLParser-master;C:\Users\34603\Documents\pecmd;C:\Program Files\nodejs\;C:\Program Files\Git\cmd;C:\Gradle\gradle-7.4\bin;C:\Users\34603\AppData\Local\Microsoft\WindowsApps;C:\Users\34603\AppData\Local\Programs\Microsoft VS Code\bin;C:\Users\34603\AppData\Local\GitHubDesktop\bin;C:\Users\34603\AppData\Roaming\npm;C:\Gradle\gradle-7.4\bin;;C:\Windows\System32;;." />
    <property name="java.vm.info" value="mixed mode" />
    <property name="java.vendor" value="Oracle Corporation" />
    <property name="java.vm.version" value="16.0.1+9-24" />
    <property name="sun.io.unicode.encoding" value="UnicodeLittle" />
    <property name="java.class.version" value="60.0" />
  </properties>
  <testcase name="Un usuario intenta enviar un formulario con &apos;Nombre Completo&apos; vacío" classname="Como usuario quiero poder acceder al formulario en la página Contacto para enviar una solicitud a la empresa" time="22.542">
    <system-out>
      <![CDATA[16:16:39.071 [main] INFO  i.c.core.plugin.SerenityReporter - Running feature from file:///C:/Users/34603/Documents/GitHub/Proyecto3/Proyecto3-Serenity/src/test/resources/features/contacto/contacto.feature
16:16:39.419 [main] INFO   - 

-------------------------------------------------------------------------------------
     _______. _______ .______       _______ .__   __.  __  .___________.____    ____ 
    /       ||   ____||   _  \     |   ____||  \ |  | |  | |           |\   \  /   / 
   |   (----`|  |__   |  |_)  |    |  |__   |   \|  | |  | `---|  |----` \   \/   /  
    \   \    |   __|  |      /     |   __|  |  . `  | |  |     |  |       \_    _/   
.----)   |   |  |____ |  |\  \----.|  |____ |  |\   | |  |     |  |         |  |     
|_______/    |_______|| _| `._____||_______||__| \__| |__|     |__|         |__|    
                                                                                     
 News and tutorials at http://www.serenity-bdd.info                                  
 Documentation at https://wakaleo.gitbooks.io/the-serenity-book/content/             
 Join the Serenity Community on Gitter: https://gitter.im/serenity-bdd/serenity-core 
 Serenity BDD Support and Training at http://serenity-bdd.info/#/trainingandsupport  
-------------------------------------------------------------------------------------

16:16:39.426 [main] INFO   - Test Suite Started: Como usuario quiero poder acceder al formulario en la página Contacto para enviar una solicitud a la empresa
16:16:39.495 [main] INFO  i.c.core.plugin.SerenityReporter - Running feature from file:///C:/Users/34603/Documents/GitHub/Proyecto3/Proyecto3-Serenity/src/test/resources/features/getAll/getAll.feature
16:16:39.502 [main] INFO   - Test Suite Started: Como administrador quiero poder obtener un listado para ver todos los empleados de la empresa
16:16:39.510 [main] INFO  i.c.core.plugin.SerenityReporter - Running feature from file:///C:/Users/34603/Documents/GitHub/Proyecto3/Proyecto3-Serenity/src/test/resources/features/getEmpleado/getEmpleado.feature
16:16:39.552 [main] INFO   - Test Suite Started: Como administrador quiero poder obtener los datos de un empleado específico para consultar la información de éste
16:16:39.611 [main] INFO  i.c.core.plugin.SerenityReporter - Running feature from file:///C:/Users/34603/Documents/GitHub/Proyecto3/Proyecto3-Serenity/src/test/resources/features/home/home.feature
16:16:39.623 [main] INFO   - Test Suite Started: Como usuario quiero poder acceder a la página Home de la web para poder conocer la empresa
16:16:39.625 [main] INFO  i.c.core.plugin.SerenityReporter - Running feature from file:///C:/Users/34603/Documents/GitHub/Proyecto3/Proyecto3-Serenity/src/test/resources/features/servicios/servicios.feature
16:16:39.636 [main] INFO   - Test Suite Started: Como usuario quiero poder acceder a la página Servicios de la web para poder visualizar los servicios y productos de la empresa
16:16:39.639 [main] INFO  i.c.core.plugin.SerenityReporter - Running feature from file:///C:/Users/34603/Documents/GitHub/Proyecto3/Proyecto3-Serenity/src/test/resources/features/contacto/contacto.feature
16:16:39.645 [main] INFO   - Test Suite Started: Como usuario quiero poder acceder al formulario en la página Contacto para enviar una solicitud a la empresa

@REQ_P3Q-11 @TEST_P3Q-106 @TESTSET_P3Q-36 @Cucumber @Web
Scenario: Un usuario intenta enviar un formulario con 'Nombre Completo' vacÃ­o &amp#27;[90m# src/test/resources/features/contacto/contacto.feature:5&amp#27;[0m
16:16:39.855 [main] INFO  i.c.core.plugin.SerenityReporter - Running feature from file:///C:/Users/34603/Documents/GitHub/Proyecto3/Proyecto3-Serenity/src/test/resources/features/contacto/contacto.feature
16:16:40.037 [main] INFO   - 
  _____   ___   ___   _____     ___   _____     _     ___   _____   ___   ___  
 |_   _| | __| / __| |_   _|   / __| |_   _|   /_\   | _ \ |_   _| | __| |   \ 
   | |   | _|  \__ \   | |     \__ \   | |    / _ \  |   /   | |   | _|  | |) |
   |_|   |___| |___/   |_|     |___/   |_|   /_/ \_\ |_|_\   |_|   |___| |___/ 

Un usuario intenta enviar un formulario con 'Nombre Completo' vacío(como-usuario-quiero-poder-acceder-al-formulario-en-la-página-contacto-para-enviar-una-solicitud-a-la-empresa;un-usuario-intenta-enviar-un-formulario-con--nombre-completo--vacío)
--------------------------------------------------------------------------------
16:16:41.265 [main] INFO  n.s.c.w.d.ChromeDriverProvider - Using automatically driver download
16:16:43.440 [main] INFO  i.g.bonigarcia.wdm.WebDriverManager - Using chromedriver 99.0.4844.51 (resolved driver for Chrome 99)
16:16:43.474 [main] INFO  i.g.bonigarcia.wdm.WebDriverManager - Exporting webdriver.chrome.driver as C:\Users\34603\.cache\selenium\chromedriver\win32\99.0.4844.51\chromedriver.exe
  &amp#27;[32mGiven &amp#27;[0m&amp#27;[32mun &amp#27;[0m&amp#27;[32m&amp#27;[1musuario&amp#27;[0m&amp#27;[32m en la pÃ¡gina Contacto&amp#27;[0m                                      &amp#27;[90m# com.ejemplos.testing.serenity.stepdefinitions.ContactoStepDefinitions.un_usuario_en_la_pagina_contacto(net.serenitybdd.screenplay.Actor)&amp#27;[0m
  &amp#27;[32mWhen &amp#27;[0m&amp#27;[32mredacta el formulario con el campo 'Nombre Completo' vacÃ­o&amp#27;[0m             &amp#27;[90m# com.ejemplos.testing.serenity.stepdefinitions.ContactoStepDefinitions.dejar_vacio_campo_nombre()&amp#27;[0m
  &amp#27;[32mAnd &amp#27;[0m&amp#27;[32mhace click en el botÃ³n 'Submit'&amp#27;[0m                                         &amp#27;[90m# com.ejemplos.testing.serenity.stepdefinitions.ContactoStepDefinitions.click_en_submit()&amp#27;[0m
  &amp#27;[32mThen &amp#27;[0m&amp#27;[32mse muestra una alerta al respecto&amp#27;[0m                                      &amp#27;[90m# com.ejemplos.testing.serenity.stepdefinitions.ContactoStepDefinitions.alerta_por_nombre_vacio()&amp#27;[0m
16:17:00.911 [main] INFO   - 
  _____   ___   ___   _____     ___     _     ___   ___   ___   ___  
 |_   _| | __| / __| |_   _|   | _ \   /_\   / __| / __| | __| |   \ 
   | |   | _|  \__ \   | |     |  _/  / _ \  \__ \ \__ \ | _|  | |) |
   |_|   |___| |___/   |_|     |_|   /_/ \_\ |___/ |___/ |___| |___/ 

Un usuario intenta enviar un formulario con 'Nombre Completo' vacío
----------------------------------------------------------------------
]]>
    </system-out>
    <system-err>
      <![CDATA[Starting ChromeDriver 99.0.4844.51 (d537ec02474b5afe23684e7963d538896c63ac77-refs/branch-heads/4844@{#875}) on port 64854
Only local connections are allowed.
Please see https://chromedriver.chromium.org/security-considerations for suggestions on keeping ChromeDriver safe.
ChromeDriver was started successfully.
abr 07, 2022 4:16:54 P. M. org.openqa.selenium.remote.ProtocolHandshake createSession
INFO: Detected dialect: W3C
abr 07, 2022 4:16:54 P. M. org.openqa.selenium.devtools.CdpVersionFinder findNearestMatch
INFO: Found exact CDP implementation for version 99
]]>
    </system-err>
  </testcase>
  <testcase name="Un usuario en la página de contacto visualiza los términos de uso" classname="Como usuario quiero poder acceder al formulario en la página Contacto para enviar una solicitud a la empresa" time="5.075">
    <failure type="java.lang.AssertionError">
      <![CDATA[java.lang.AssertionError: 

Expecting a value that contains: <[privacidad]>
But got........................: <"https://lucaticenterprise.herokuapp.com/contact.html#!">
]]>
    </failure>
    <system-out>
      <![CDATA[
@REQ_P3Q-11
Scenario: Un usuario en la pÃ¡gina de contacto visualiza los tÃ©rminos de uso &amp#27;[90m# src/test/resources/features/contacto/contacto.feature:11&amp#27;[0m
16:17:02.220 [main] INFO  i.c.core.plugin.SerenityReporter - Running feature from file:///C:/Users/34603/Documents/GitHub/Proyecto3/Proyecto3-Serenity/src/test/resources/features/contacto/contacto.feature
16:17:02.225 [main] INFO   - 
  _____   ___   ___   _____     ___   _____     _     ___   _____   ___   ___  
 |_   _| | __| / __| |_   _|   / __| |_   _|   /_\   | _ \ |_   _| | __| |   \ 
   | |   | _|  \__ \   | |     \__ \   | |    / _ \  |   /   | |   | _|  | |) |
   |_|   |___| |___/   |_|     |___/   |_|   /_/ \_\ |_|_\   |_|   |___| |___/ 

Un usuario en la página de contacto visualiza los términos de uso(como-usuario-quiero-poder-acceder-al-formulario-en-la-página-contacto-para-enviar-una-solicitud-a-la-empresa;un-usuario-en-la-página-de-contacto-visualiza-los-términos-de-uso)
--------------------------------------------------------------------------------
16:17:02.256 [main] INFO  n.s.c.w.d.ChromeDriverProvider - Using automatically driver download
16:17:02.462 [main] INFO  i.g.bonigarcia.wdm.WebDriverManager - Using chromedriver 99.0.4844.51 (resolved driver for Chrome 99)
16:17:02.482 [main] INFO  i.g.bonigarcia.wdm.WebDriverManager - Exporting webdriver.chrome.driver as C:\Users\34603\.cache\selenium\chromedriver\win32\99.0.4844.51\chromedriver.exe
  &amp#27;[32mGiven &amp#27;[0m&amp#27;[32mun &amp#27;[0m&amp#27;[32m&amp#27;[1musuario&amp#27;[0m&amp#27;[32m en la pÃ¡gina Contacto&amp#27;[0m                                    &amp#27;[90m# com.ejemplos.testing.serenity.stepdefinitions.ContactoStepDefinitions.un_usuario_en_la_pagina_contacto(net.serenitybdd.screenplay.Actor)&amp#27;[0m
  &amp#27;[32mWhen &amp#27;[0m&amp#27;[32mclickea en los tÃ©rminos de uso&amp#27;[0m                                       &amp#27;[90m# com.ejemplos.testing.serenity.stepdefinitions.ContactoStepDefinitions.clickea_en_los_teminos_de_uso()&amp#27;[0m
  &amp#27;[31mThen &amp#27;[0m&amp#27;[31mte redirige a la correspondiente pÃ¡gina&amp#27;[0m                              &amp#27;[90m# com.ejemplos.testing.serenity.stepdefinitions.ContactoStepDefinitions.te_redirige()&amp#27;[0m
      &amp#27;[31mjava.lang.AssertionError: 
Expecting a value that contains: <[privacidad]>
But got........................: <"https://lucaticenterprise.herokuapp.com/contact.html#!">
	at net.serenitybdd.screenplay.ensure.PerformableExpectation.performAs(PerformableExpectations.kt:35)
	at net.serenitybdd.screenplay.ensure.PerformableExpectation$ByteBuddy$nfcU14Cb.performAs$accessor$mxz0NuU5(Unknown Source)
	at java.base/jdk.internal.reflect.NativeMethodAccessorImpl.invoke0(Native Method)
	at java.base/jdk.internal.reflect.NativeMethodAccessorImpl.invoke(NativeMethodAccessorImpl.java:78)
	at java.base/jdk.internal.reflect.DelegatingMethodAccessorImpl.invoke(DelegatingMethodAccessorImpl.java:43)
	at java.base/java.lang.reflect.Method.invoke(Method.java:567)
	at net.thucydides.core.steps.StepInterceptor.invokeMethod(StepInterceptor.java:503)
	at net.thucydides.core.steps.StepInterceptor.executeTestStepMethod(StepInterceptor.java:483)
	at net.thucydides.core.steps.StepInterceptor.runTestStep(StepInterceptor.java:457)
	at net.thucydides.core.steps.StepInterceptor.runOrSkipMethod(StepInterceptor.java:209)
	at net.thucydides.core.steps.StepInterceptor.testStepResult(StepInterceptor.java:196)
	at net.thucydides.core.steps.StepInterceptor.intercept(StepInterceptor.java:84)
	at net.thucydides.core.steps.ProxyConfiguration$InterceptorDispatcher.intercept(ProxyConfiguration.java:51)
	at net.serenitybdd.screenplay.ensure.PerformableExpectation$ByteBuddy$nfcU14Cb.performAs(Unknown Source)
	at net.serenitybdd.screenplay.Actor.performTask(Actor.java:277)
	at net.serenitybdd.screenplay.Actor.perform(Actor.java:256)
	at net.serenitybdd.screenplay.Actor.attemptsTo(Actor.java:197)
	at net.serenitybdd.screenplay.Actor.attemptsTo(Actor.java:204)
	at Proyecto3.Serenity@0.0.1-SNAPSHOT/com.ejemplos.testing.serenity.stepdefinitions.ContactoStepDefinitions.te_redirige(ContactoStepDefinitions.java:89)
	at âœ½.te redirige a la correspondiente pÃ¡gina(file:///C:/Users/34603/Documents/GitHub/Proyecto3/Proyecto3-Serenity/src/test/resources/features/contacto/contacto.feature:14)
&amp#27;[0m
16:17:06.513 [main] ERROR  - 
  _____   ___   ___   _____     ___     _     ___   _      ___   ___  
 |_   _| | __| / __| |_   _|   | __|   /_\   |_ _| | |    | __| |   \ 
   | |   | _|  \__ \   | |     | _|   / _ \   | |  | |__  | _|  | |) |
   |_|   |___| |___/   |_|     |_|   /_/ \_\ |___| |____| |___| |___/ 

Un usuario en la página de contacto visualiza los términos de uso
-----------------------------------------------------------------------
16:17:06.519 [main] ERROR  -     Test failed at step: usuario should see a value that contains: <[privacidad]>
16:17:06.519 [main] ERROR  -     Expecting a value that contains: <[privacidad]>But got........................: <"https://lucaticenterprise.herokuapp.com/contact.html#!">
]]>
    </system-out>
    <system-err>
      <![CDATA[Starting ChromeDriver 99.0.4844.51 (d537ec02474b5afe23684e7963d538896c63ac77-refs/branch-heads/4844@{#875}) on port 64293
Only local connections are allowed.
Please see https://chromedriver.chromium.org/security-considerations for suggestions on keeping ChromeDriver safe.
ChromeDriver was started successfully.
abr 07, 2022 4:17:04 P. M. org.openqa.selenium.remote.ProtocolHandshake createSession
INFO: Detected dialect: W3C
abr 07, 2022 4:17:04 P. M. org.openqa.selenium.devtools.CdpVersionFinder findNearestMatch
INFO: Found exact CDP implementation for version 99
]]>
    </system-err>
  </testcase>
  <testcase name="un usuario con daltonismo es capaz de navegar sin problema por la página Contacto" classname="Como usuario quiero poder acceder al formulario en la página Contacto para enviar una solicitud a la empresa" time="9.63">
    <failure type="java.lang.AssertionError">
      <![CDATA[java.lang.AssertionError: 

Expecting fallos contraste with text value that is equal to: <"0">
But got....................................................: <"1">
]]>
    </failure>
    <system-out>
      <![CDATA[
@REQ_P3Q-11
Scenario: un usuario con daltonismo es capaz de navegar sin problema por la pÃ¡gina Contacto &amp#27;[90m# src/test/resources/features/contacto/contacto.feature:16&amp#27;[0m
16:17:07.292 [main] INFO  i.c.core.plugin.SerenityReporter - Running feature from file:///C:/Users/34603/Documents/GitHub/Proyecto3/Proyecto3-Serenity/src/test/resources/features/contacto/contacto.feature
16:17:07.296 [main] INFO   - 
  _____   ___   ___   _____     ___   _____     _     ___   _____   ___   ___  
 |_   _| | __| / __| |_   _|   / __| |_   _|   /_\   | _ \ |_   _| | __| |   \ 
   | |   | _|  \__ \   | |     \__ \   | |    / _ \  |   /   | |   | _|  | |) |
   |_|   |___| |___/   |_|     |___/   |_|   /_/ \_\ |_|_\   |_|   |___| |___/ 

un usuario con daltonismo es capaz de navegar sin problema por la página Contacto(como-usuario-quiero-poder-acceder-al-formulario-en-la-página-contacto-para-enviar-una-solicitud-a-la-empresa;un-usuario-con-daltonismo-es-capaz-de-navegar-sin-problema-por-la-página-contacto)
--------------------------------------------------------------------------------
16:17:07.323 [main] INFO  n.s.c.w.d.ChromeDriverProvider - Using automatically driver download
16:17:07.525 [main] INFO  i.g.bonigarcia.wdm.WebDriverManager - Using chromedriver 99.0.4844.51 (resolved driver for Chrome 99)
16:17:07.553 [main] INFO  i.g.bonigarcia.wdm.WebDriverManager - Exporting webdriver.chrome.driver as C:\Users\34603\.cache\selenium\chromedriver\win32\99.0.4844.51\chromedriver.exe
  &amp#27;[32mGiven &amp#27;[0m&amp#27;[32mun &amp#27;[0m&amp#27;[32m&amp#27;[1musuario&amp#27;[0m&amp#27;[32m en la pÃ¡gina Contacto&amp#27;[0m                                                    &amp#27;[90m# com.ejemplos.testing.serenity.stepdefinitions.ContactoStepDefinitions.un_usuario_en_la_pagina_contacto(net.serenitybdd.screenplay.Actor)&amp#27;[0m
  &amp#27;[32mWhen &amp#27;[0m&amp#27;[32mese &amp#27;[0m&amp#27;[32m&amp#27;[1musuario&amp#27;[0m&amp#27;[32m navega por la pÃ¡gina Contacto&amp#27;[0m                                            &amp#27;[90m# com.ejemplos.testing.serenity.stepdefinitions.ContactoStepDefinitions.navega_por_la_pagina_contacto(net.serenitybdd.screenplay.Actor)&amp#27;[0m
  &amp#27;[31mThen &amp#27;[0m&amp#27;[31mno tiene ningÃºn impedimento respecto al contraste de texto-fondo&amp#27;[0m                     &amp#27;[90m# com.ejemplos.testing.serenity.stepdefinitions.ContactoStepDefinitions.comprobar_contrastes_()&amp#27;[0m
      &amp#27;[31mjava.lang.AssertionError: 
Expecting fallos contraste with text value that is equal to: <"0">
But got....................................................: <"1">
	at net.serenitybdd.screenplay.ensure.PerformableExpectation.performAs(PerformableExpectations.kt:35)
	at net.serenitybdd.screenplay.ensure.PerformableExpectation$ByteBuddy$nfcU14Cb.performAs$accessor$mxz0NuU5(Unknown Source)
	at java.base/jdk.internal.reflect.NativeMethodAccessorImpl.invoke0(Native Method)
	at java.base/jdk.internal.reflect.NativeMethodAccessorImpl.invoke(NativeMethodAccessorImpl.java:78)
	at java.base/jdk.internal.reflect.DelegatingMethodAccessorImpl.invoke(DelegatingMethodAccessorImpl.java:43)
	at java.base/java.lang.reflect.Method.invoke(Method.java:567)
	at net.thucydides.core.steps.StepInterceptor.invokeMethod(StepInterceptor.java:503)
	at net.thucydides.core.steps.StepInterceptor.executeTestStepMethod(StepInterceptor.java:483)
	at net.thucydides.core.steps.StepInterceptor.runTestStep(StepInterceptor.java:457)
	at net.thucydides.core.steps.StepInterceptor.runOrSkipMethod(StepInterceptor.java:209)
	at net.thucydides.core.steps.StepInterceptor.testStepResult(StepInterceptor.java:196)
	at net.thucydides.core.steps.StepInterceptor.intercept(StepInterceptor.java:84)
	at net.thucydides.core.steps.ProxyConfiguration$InterceptorDispatcher.intercept(ProxyConfiguration.java:51)
	at net.serenitybdd.screenplay.ensure.PerformableExpectation$ByteBuddy$nfcU14Cb.performAs(Unknown Source)
	at net.serenitybdd.screenplay.Actor.performTask(Actor.java:277)
	at net.serenitybdd.screenplay.Actor.perform(Actor.java:256)
	at net.serenitybdd.screenplay.Actor.attemptsTo(Actor.java:197)
	at net.serenitybdd.screenplay.Actor.attemptsTo(Actor.java:204)
	at Proyecto3.Serenity@0.0.1-SNAPSHOT/com.ejemplos.testing.serenity.stepdefinitions.ContactoStepDefinitions.comprobar_contrastes_(ContactoStepDefinitions.java:117)
	at âœ½.no tiene ningÃºn impedimento respecto al contraste de texto-fondo(file:///C:/Users/34603/Documents/GitHub/Proyecto3/Proyecto3-Serenity/src/test/resources/features/contacto/contacto.feature:19)
&amp#27;[0m
16:17:15.808 [main] ERROR  - 
  _____   ___   ___   _____     ___     _     ___   _      ___   ___  
 |_   _| | __| / __| |_   _|   | __|   /_\   |_ _| | |    | __| |   \ 
   | |   | _|  \__ \   | |     | _|   / _ \   | |  | |__  | _|  | |) |
   |_|   |___| |___/   |_|     |_|   /_/ \_\ |___| |____| |___| |___/ 

un usuario con daltonismo es capaz de navegar sin problema por la página Contacto
-----------------------------------------------------------------------
16:17:15.809 [main] ERROR  -     Test failed at step: usuario should see fallos contraste with text value that is equal to: <"0">
16:17:15.809 [main] ERROR  -     Expecting fallos contraste with text value that is equal to: <"0">But got....................................................: <"1">
]]>
    </system-out>
    <system-err>
      <![CDATA[Starting ChromeDriver 99.0.4844.51 (d537ec02474b5afe23684e7963d538896c63ac77-refs/branch-heads/4844@{#875}) on port 62823
Only local connections are allowed.
Please see https://chromedriver.chromium.org/security-considerations for suggestions on keeping ChromeDriver safe.
ChromeDriver was started successfully.
abr 07, 2022 4:17:09 P. M. org.openqa.selenium.remote.ProtocolHandshake createSession
INFO: Detected dialect: W3C
abr 07, 2022 4:17:09 P. M. org.openqa.selenium.devtools.CdpVersionFinder findNearestMatch
INFO: Found exact CDP implementation for version 99
]]>
    </system-err>
  </testcase>
  <testcase name="un usuario con discapacidad visual leve es capaz de ver el contenido de Contacto" classname="Como usuario quiero poder acceder al formulario en la página Contacto para enviar una solicitud a la empresa" time="6.543">
    <system-out>
      <![CDATA[
@REQ_P3Q-11
Scenario: un usuario con discapacidad visual leve es capaz de ver el contenido de Contacto &amp#27;[90m# src/test/resources/features/contacto/contacto.feature:21&amp#27;[0m
16:17:16.927 [main] INFO  i.c.core.plugin.SerenityReporter - Running feature from file:///C:/Users/34603/Documents/GitHub/Proyecto3/Proyecto3-Serenity/src/test/resources/features/contacto/contacto.feature
16:17:16.930 [main] INFO   - 
  _____   ___   ___   _____     ___   _____     _     ___   _____   ___   ___  
 |_   _| | __| / __| |_   _|   / __| |_   _|   /_\   | _ \ |_   _| | __| |   \ 
   | |   | _|  \__ \   | |     \__ \   | |    / _ \  |   /   | |   | _|  | |) |
   |_|   |___| |___/   |_|     |___/   |_|   /_/ \_\ |_|_\   |_|   |___| |___/ 

un usuario con discapacidad visual leve es capaz de ver el contenido de Contacto(como-usuario-quiero-poder-acceder-al-formulario-en-la-página-contacto-para-enviar-una-solicitud-a-la-empresa;un-usuario-con-discapacidad-visual-leve-es-capaz-de-ver-el-contenido-de-contacto)
--------------------------------------------------------------------------------
16:17:16.957 [main] INFO  n.s.c.w.d.ChromeDriverProvider - Using automatically driver download
16:17:17.142 [main] INFO  i.g.bonigarcia.wdm.WebDriverManager - Using chromedriver 99.0.4844.51 (resolved driver for Chrome 99)
16:17:17.158 [main] INFO  i.g.bonigarcia.wdm.WebDriverManager - Exporting webdriver.chrome.driver as C:\Users\34603\.cache\selenium\chromedriver\win32\99.0.4844.51\chromedriver.exe
  &amp#27;[32mGiven &amp#27;[0m&amp#27;[32mun &amp#27;[0m&amp#27;[32m&amp#27;[1musuario&amp#27;[0m&amp#27;[32m en la pÃ¡gina Contacto&amp#27;[0m                                                   &amp#27;[90m# com.ejemplos.testing.serenity.stepdefinitions.ContactoStepDefinitions.un_usuario_en_la_pagina_contacto(net.serenitybdd.screenplay.Actor)&amp#27;[0m
  &amp#27;[32mWhen &amp#27;[0m&amp#27;[32mese &amp#27;[0m&amp#27;[32m&amp#27;[1musuario&amp#27;[0m&amp#27;[32m navega por la pÃ¡gina Contacto&amp#27;[0m                                           &amp#27;[90m# com.ejemplos.testing.serenity.stepdefinitions.ContactoStepDefinitions.navega_por_la_pagina_contacto(net.serenitybdd.screenplay.Actor)&amp#27;[0m
  &amp#27;[32mThen &amp#27;[0m&amp#27;[32mpuede de leer toda la secciÃ³n correctamente&amp#27;[0m                                         &amp#27;[90m# com.ejemplos.testing.serenity.stepdefinitions.ContactoStepDefinitions.letra_mayor_11_contacto()&amp#27;[0m
16:17:22.348 [main] INFO   - 
  _____   ___   ___   _____     ___     _     ___   ___   ___   ___  
 |_   _| | __| / __| |_   _|   | _ \   /_\   / __| / __| | __| |   \ 
   | |   | _|  \__ \   | |     |  _/  / _ \  \__ \ \__ \ | _|  | |) |
   |_|   |___| |___/   |_|     |_|   /_/ \_\ |___/ |___/ |___| |___/ 

un usuario con discapacidad visual leve es capaz de ver el contenido de Contacto
----------------------------------------------------------------------
]]>
    </system-out>
    <system-err>
      <![CDATA[Starting ChromeDriver 99.0.4844.51 (d537ec02474b5afe23684e7963d538896c63ac77-refs/branch-heads/4844@{#875}) on port 64133
Only local connections are allowed.
Please see https://chromedriver.chromium.org/security-considerations for suggestions on keeping ChromeDriver safe.
ChromeDriver was started successfully.
abr 07, 2022 4:17:18 P. M. org.openqa.selenium.remote.ProtocolHandshake createSession
INFO: Detected dialect: W3C
abr 07, 2022 4:17:18 P. M. org.openqa.selenium.devtools.CdpVersionFinder findNearestMatch
INFO: Found exact CDP implementation for version 99
]]>
    </system-err>
  </testcase>
  <testcase name="Al hacer una petición se recibe un objeto JSON" classname="Como administrador quiero poder obtener un listado para ver todos los empleados de la empresa" time="3.081">
    <system-out>
      <![CDATA[16:17:23.454 [main] INFO  i.c.core.plugin.SerenityReporter - Running feature from file:///C:/Users/34603/Documents/GitHub/Proyecto3/Proyecto3-Serenity/src/test/resources/features/getAll/getAll.feature
16:17:23.458 [main] INFO   - Test Suite Started: Como administrador quiero poder obtener un listado para ver todos los empleados de la empresa

@REQ_P3Q-3 @TEST_P3Q-24 @TESTSET_P3Q-22 @API @Cucumber
Scenario: Al hacer una peticiÃ³n se recibe un objeto JSON &amp#27;[90m# src/test/resources/features/getAll/getAll.feature:4&amp#27;[0m
16:17:23.472 [main] INFO  i.c.core.plugin.SerenityReporter - Running feature from file:///C:/Users/34603/Documents/GitHub/Proyecto3/Proyecto3-Serenity/src/test/resources/features/getAll/getAll.feature
16:17:23.475 [main] INFO   - 
  _____   ___   ___   _____     ___   _____     _     ___   _____   ___   ___  
 |_   _| | __| / __| |_   _|   / __| |_   _|   /_\   | _ \ |_   _| | __| |   \ 
   | |   | _|  \__ \   | |     \__ \   | |    / _ \  |   /   | |   | _|  | |) |
   |_|   |___| |___/   |_|     |___/   |_|   /_/ \_\ |_|_\   |_|   |___| |___/ 

Al hacer una petición se recibe un objeto JSON(como-administrador-quiero-poder-obtener-un-listado-para-ver-todos-los-empleados-de-la-empresa;al-hacer-una-petición-se-recibe-un-objeto-json)
--------------------------------------------------------------------------------
  &amp#27;[32mGiven &amp#27;[0m&amp#27;[32mun administrador&amp#27;[0m                                 &amp#27;[90m# com.ejemplos.testing.serenity.stepdefinitions.GetAllStepDefinitions.un_administrador_logueado()&amp#27;[0m
  &amp#27;[32mWhen &amp#27;[0m&amp#27;[32mhace una peticiÃ³n a la API&amp#27;[0m                        &amp#27;[90m# com.ejemplos.testing.serenity.stepdefinitions.GetAllStepDefinitions.realiza_una_peticion_a_la_API()&amp#27;[0m
  &amp#27;[32mThen &amp#27;[0m&amp#27;[32mobtiene informaciÃ³n en formato JSON&amp#27;[0m               &amp#27;[90m# com.ejemplos.testing.serenity.stepdefinitions.GetAllStepDefinitions.se_obtiene_informacion_en_formato_JSON()&amp#27;[0m
16:17:26.540 [main] INFO   - 
  _____   ___   ___   _____     ___     _     ___   ___   ___   ___  
 |_   _| | __| / __| |_   _|   | _ \   /_\   / __| / __| | __| |   \ 
   | |   | _|  \__ \   | |     |  _/  / _ \  \__ \ \__ \ | _|  | |) |
   |_|   |___| |___/   |_|     |_|   /_/ \_\ |___/ |___/ |___| |___/ 

Al hacer una petición se recibe un objeto JSON
----------------------------------------------------------------------
]]>
    </system-out>
  </testcase>
  <testcase name="Se lanza una petición que devuelve un número determinado de empleados" classname="Como administrador quiero poder obtener un listado para ver todos los empleados de la empresa" time="0.973">
    <system-out>
      <![CDATA[
@REQ_P3Q-3 @TEST_P3Q-27 @TESTSET_P3Q-22 @API @Cucumber
Scenario: Se lanza una peticiÃ³n que devuelve un nÃºmero determinado de empleados &amp#27;[90m# src/test/resources/features/getAll/getAll.feature:9&amp#27;[0m
16:17:26.553 [main] INFO  i.c.core.plugin.SerenityReporter - Running feature from file:///C:/Users/34603/Documents/GitHub/Proyecto3/Proyecto3-Serenity/src/test/resources/features/getAll/getAll.feature
16:17:26.556 [main] INFO   - 
  _____   ___   ___   _____     ___   _____     _     ___   _____   ___   ___  
 |_   _| | __| / __| |_   _|   / __| |_   _|   /_\   | _ \ |_   _| | __| |   \ 
   | |   | _|  \__ \   | |     \__ \   | |    / _ \  |   /   | |   | _|  | |) |
   |_|   |___| |___/   |_|     |___/   |_|   /_/ \_\ |_|_\   |_|   |___| |___/ 

Se lanza una petición que devuelve un número determinado de empleados(como-administrador-quiero-poder-obtener-un-listado-para-ver-todos-los-empleados-de-la-empresa;se-lanza-una-petición-que-devuelve-un-número-determinado-de-empleados)
--------------------------------------------------------------------------------
  &amp#27;[32mGiven &amp#27;[0m&amp#27;[32mun administrador&amp#27;[0m                                                        &amp#27;[90m# com.ejemplos.testing.serenity.stepdefinitions.GetAllStepDefinitions.un_administrador_logueado()&amp#27;[0m
  &amp#27;[32mWhen &amp#27;[0m&amp#27;[32mhace una peticiÃ³n a la API&amp#27;[0m                                               &amp#27;[90m# com.ejemplos.testing.serenity.stepdefinitions.GetAllStepDefinitions.realiza_una_peticion_a_la_API()&amp#27;[0m
  &amp#27;[32mAnd &amp#27;[0m&amp#27;[32msabe cuÃ¡ntos empleados existen&amp#27;[0m                                            &amp#27;[90m# com.ejemplos.testing.serenity.stepdefinitions.GetAllStepDefinitions.conoce_el_numero_de_empleados()&amp#27;[0m
  &amp#27;[32mThen &amp#27;[0m&amp#27;[32mrecibe la informaciÃ³n de dichos empleados en formato JSON&amp#27;[0m                &amp#27;[90m# com.ejemplos.testing.serenity.stepdefinitions.GetAllStepDefinitions.se_obtiene_informacion__de_todos_los_empleados_en_formato_JSON()&amp#27;[0m
16:17:27.514 [main] INFO   - 
  _____   ___   ___   _____     ___     _     ___   ___   ___   ___  
 |_   _| | __| / __| |_   _|   | _ \   /_\   / __| / __| | __| |   \ 
   | |   | _|  \__ \   | |     |  _/  / _ \  \__ \ \__ \ | _|  | |) |
   |_|   |___| |___/   |_|     |_|   /_/ \_\ |___/ |___/ |___| |___/ 

Se lanza una petición que devuelve un número determinado de empleados
----------------------------------------------------------------------
]]>
    </system-out>
  </testcase>
  <testcase name="Un administrador obtiene los datos de un empleado específico en formato JSON #1" classname="Como administrador quiero poder obtener los datos de un empleado específico para consultar la información de éste" time="0.908">
    <system-out>
      <![CDATA[16:17:27.517 [main] INFO  i.c.core.plugin.SerenityReporter - Running feature from file:///C:/Users/34603/Documents/GitHub/Proyecto3/Proyecto3-Serenity/src/test/resources/features/getEmpleado/getEmpleado.feature
16:17:27.520 [main] INFO   - Test Suite Started: Como administrador quiero poder obtener los datos de un empleado específico para consultar la información de éste

@REQ_P3Q-4 @TEST_P3Q-16 @TESTSET_P3Q-15 @API @Cucumber
Scenario: Un administrador obtiene los datos de un empleado especÃ­fico en formato JSON &amp#27;[90m# src/test/resources/features/getEmpleado/getEmpleado.feature:10&amp#27;[0m
16:17:27.560 [main] INFO  i.c.core.plugin.SerenityReporter - Running feature from file:///C:/Users/34603/Documents/GitHub/Proyecto3/Proyecto3-Serenity/src/test/resources/features/getEmpleado/getEmpleado.feature
16:17:27.574 [main] INFO   - 
  _____   ___   ___   _____     ___   _____     _     ___   _____   ___   ___  
 |_   _| | __| / __| |_   _|   / __| |_   _|   /_\   | _ \ |_   _| | __| |   \ 
   | |   | _|  \__ \   | |     \__ \   | |    / _ \  |   /   | |   | _|  | |) |
   |_|   |___| |___/   |_|     |___/   |_|   /_/ \_\ |_|_\   |_|   |___| |___/ 

Un administrador obtiene los datos de un empleado específico en formato JSON(como-administrador-quiero-poder-obtener-los-datos-de-un-empleado-específico-para-consultar-la-información-de-éste;un-administrador-obtiene-los-datos-de-un-empleado-específico-en-formato-json)
--------------------------------------------------------------------------------
  &amp#27;[32mGiven &amp#27;[0m&amp#27;[32mun administrador estÃ¡ logueado&amp#27;[0m                                                 &amp#27;[90m# com.ejemplos.testing.serenity.stepdefinitions.GetEmpleadoStepDefinitions.un_administrador_logueado()&amp#27;[0m
  &amp#27;[32mWhen &amp#27;[0m&amp#27;[32mpide los datos de un empleado especÃ­fico con id &amp#27;[0m&amp#27;[32m&amp#27;[1m1&amp#27;[0m                               &amp#27;[90m# com.ejemplos.testing.serenity.stepdefinitions.GetEmpleadoStepDefinitions.realiza_una_peticion_a_la_API(int)&amp#27;[0m
  &amp#27;[32mThen &amp#27;[0m&amp#27;[32mse obtiene un JSON con la informaciÃ³n del empleado&amp#27;[0m                              &amp#27;[90m# com.ejemplos.testing.serenity.stepdefinitions.GetEmpleadoStepDefinitions.se_obtiene_informacion_en_formato_JSON()&amp#27;[0m
16:17:28.443 [main] INFO   - 
  _____   ___   ___   _____     ___     _     ___   ___   ___   ___  
 |_   _| | __| / __| |_   _|   | _ \   /_\   / __| / __| | __| |   \ 
   | |   | _|  \__ \   | |     |  _/  / _ \  \__ \ \__ \ | _|  | |) |
   |_|   |___| |___/   |_|     |_|   /_/ \_\ |___/ |___/ |___| |___/ 

Un administrador obtiene los datos de un empleado específico en formato JSON
----------------------------------------------------------------------
]]>
    </system-out>
  </testcase>
  <testcase name="Un administrador obtiene los datos de un empleado específico en formato JSON #2" classname="Como administrador quiero poder obtener los datos de un empleado específico para consultar la información de éste" time="1.529">
    <system-out>
      <![CDATA[
@REQ_P3Q-4 @TEST_P3Q-16 @TESTSET_P3Q-15 @API @Cucumber
Scenario: Un administrador obtiene los datos de un empleado especÃ­fico en formato JSON &amp#27;[90m# src/test/resources/features/getEmpleado/getEmpleado.feature:11&amp#27;[0m
16:17:28.454 [main] INFO  i.c.core.plugin.SerenityReporter - Running feature from file:///C:/Users/34603/Documents/GitHub/Proyecto3/Proyecto3-Serenity/src/test/resources/features/getEmpleado/getEmpleado.feature
  &amp#27;[32mGiven &amp#27;[0m&amp#27;[32mun administrador estÃ¡ logueado&amp#27;[0m                                                 &amp#27;[90m# com.ejemplos.testing.serenity.stepdefinitions.GetEmpleadoStepDefinitions.un_administrador_logueado()&amp#27;[0m
  &amp#27;[32mWhen &amp#27;[0m&amp#27;[32mpide los datos de un empleado especÃ­fico con id &amp#27;[0m&amp#27;[32m&amp#27;[1m15&amp#27;[0m                              &amp#27;[90m# com.ejemplos.testing.serenity.stepdefinitions.GetEmpleadoStepDefinitions.realiza_una_peticion_a_la_API(int)&amp#27;[0m
  &amp#27;[32mThen &amp#27;[0m&amp#27;[32mse obtiene un JSON con la informaciÃ³n del empleado&amp#27;[0m                              &amp#27;[90m# com.ejemplos.testing.serenity.stepdefinitions.GetEmpleadoStepDefinitions.se_obtiene_informacion_en_formato_JSON()&amp#27;[0m
16:17:29.973 [main] INFO   - 
  _____   ___   ___   _____     ___     _     ___   ___   ___   ___  
 |_   _| | __| / __| |_   _|   | _ \   /_\   / __| / __| | __| |   \ 
   | |   | _|  \__ \   | |     |  _/  / _ \  \__ \ \__ \ | _|  | |) |
   |_|   |___| |___/   |_|     |_|   /_/ \_\ |___/ |___/ |___| |___/ 

Un administrador obtiene los datos de un empleado específico en formato JSON
----------------------------------------------------------------------
]]>
    </system-out>
  </testcase>
  <testcase name="Un administrador obtiene los datos de un empleado específico en formato JSON #3" classname="Como administrador quiero poder obtener los datos de un empleado específico para consultar la información de éste" time="0.828">
    <system-out>
      <![CDATA[
@REQ_P3Q-4 @TEST_P3Q-16 @TESTSET_P3Q-15 @API @Cucumber
Scenario: Un administrador obtiene los datos de un empleado especÃ­fico en formato JSON &amp#27;[90m# src/test/resources/features/getEmpleado/getEmpleado.feature:12&amp#27;[0m
16:17:29.983 [main] INFO  i.c.core.plugin.SerenityReporter - Running feature from file:///C:/Users/34603/Documents/GitHub/Proyecto3/Proyecto3-Serenity/src/test/resources/features/getEmpleado/getEmpleado.feature
  &amp#27;[32mGiven &amp#27;[0m&amp#27;[32mun administrador estÃ¡ logueado&amp#27;[0m                                                 &amp#27;[90m# com.ejemplos.testing.serenity.stepdefinitions.GetEmpleadoStepDefinitions.un_administrador_logueado()&amp#27;[0m
  &amp#27;[32mWhen &amp#27;[0m&amp#27;[32mpide los datos de un empleado especÃ­fico con id &amp#27;[0m&amp#27;[32m&amp#27;[1m27&amp#27;[0m                              &amp#27;[90m# com.ejemplos.testing.serenity.stepdefinitions.GetEmpleadoStepDefinitions.realiza_una_peticion_a_la_API(int)&amp#27;[0m
  &amp#27;[32mThen &amp#27;[0m&amp#27;[32mse obtiene un JSON con la informaciÃ³n del empleado&amp#27;[0m                              &amp#27;[90m# com.ejemplos.testing.serenity.stepdefinitions.GetEmpleadoStepDefinitions.se_obtiene_informacion_en_formato_JSON()&amp#27;[0m
]]>
    </system-out>
  </testcase>
  <testcase name="Un administrador obtiene los datos de un empleado específico en formato JSON #4" classname="Como administrador quiero poder obtener los datos de un empleado específico para consultar la información de éste" time="0.803">
    <system-out>
      <![CDATA[
@REQ_P3Q-4 @TEST_P3Q-16 @TESTSET_P3Q-15 @API @Cucumber
Scenario: Un administrador obtiene los datos de un empleado especÃ­fico en formato JSON &amp#27;[90m# src/test/resources/features/getEmpleado/getEmpleado.feature:13&amp#27;[0m
16:17:30.813 [main] INFO  i.c.core.plugin.SerenityReporter - Running feature from file:///C:/Users/34603/Documents/GitHub/Proyecto3/Proyecto3-Serenity/src/test/resources/features/getEmpleado/getEmpleado.feature
  &amp#27;[32mGiven &amp#27;[0m&amp#27;[32mun administrador estÃ¡ logueado&amp#27;[0m                                                 &amp#27;[90m# com.ejemplos.testing.serenity.stepdefinitions.GetEmpleadoStepDefinitions.un_administrador_logueado()&amp#27;[0m
  &amp#27;[32mWhen &amp#27;[0m&amp#27;[32mpide los datos de un empleado especÃ­fico con id &amp#27;[0m&amp#27;[32m&amp#27;[1m33&amp#27;[0m                              &amp#27;[90m# com.ejemplos.testing.serenity.stepdefinitions.GetEmpleadoStepDefinitions.realiza_una_peticion_a_la_API(int)&amp#27;[0m
  &amp#27;[32mThen &amp#27;[0m&amp#27;[32mse obtiene un JSON con la informaciÃ³n del empleado&amp#27;[0m                              &amp#27;[90m# com.ejemplos.testing.serenity.stepdefinitions.GetEmpleadoStepDefinitions.se_obtiene_informacion_en_formato_JSON()&amp#27;[0m
]]>
    </system-out>
  </testcase>
  <testcase name="Un administrador obtiene los datos de un empleado específico en formato JSON #5" classname="Como administrador quiero poder obtener los datos de un empleado específico para consultar la información de éste" time="0.722">
    <system-out>
      <![CDATA[
@REQ_P3Q-4 @TEST_P3Q-16 @TESTSET_P3Q-15 @API @Cucumber
Scenario: Un administrador obtiene los datos de un empleado especÃ­fico en formato JSON &amp#27;[90m# src/test/resources/features/getEmpleado/getEmpleado.feature:14&amp#27;[0m
16:17:31.615 [main] INFO  i.c.core.plugin.SerenityReporter - Running feature from file:///C:/Users/34603/Documents/GitHub/Proyecto3/Proyecto3-Serenity/src/test/resources/features/getEmpleado/getEmpleado.feature
  &amp#27;[32mGiven &amp#27;[0m&amp#27;[32mun administrador estÃ¡ logueado&amp#27;[0m                                                 &amp#27;[90m# com.ejemplos.testing.serenity.stepdefinitions.GetEmpleadoStepDefinitions.un_administrador_logueado()&amp#27;[0m
  &amp#27;[32mWhen &amp#27;[0m&amp#27;[32mpide los datos de un empleado especÃ­fico con id &amp#27;[0m&amp#27;[32m&amp#27;[1m42&amp#27;[0m                              &amp#27;[90m# com.ejemplos.testing.serenity.stepdefinitions.GetEmpleadoStepDefinitions.realiza_una_peticion_a_la_API(int)&amp#27;[0m
  &amp#27;[32mThen &amp#27;[0m&amp#27;[32mse obtiene un JSON con la informaciÃ³n del empleado&amp#27;[0m                              &amp#27;[90m# com.ejemplos.testing.serenity.stepdefinitions.GetEmpleadoStepDefinitions.se_obtiene_informacion_en_formato_JSON()&amp#27;[0m
]]>
    </system-out>
  </testcase>
  <testcase name="Un administrador obtiene los datos de un empleado específico en formato JSON #6" classname="Como administrador quiero poder obtener los datos de un empleado específico para consultar la información de éste" time="0.759">
    <system-out>
      <![CDATA[
@REQ_P3Q-4 @TEST_P3Q-16 @TESTSET_P3Q-15 @API @Cucumber
Scenario: Un administrador obtiene los datos de un empleado especÃ­fico en formato JSON &amp#27;[90m# src/test/resources/features/getEmpleado/getEmpleado.feature:15&amp#27;[0m
16:17:32.335 [main] INFO  i.c.core.plugin.SerenityReporter - Running feature from file:///C:/Users/34603/Documents/GitHub/Proyecto3/Proyecto3-Serenity/src/test/resources/features/getEmpleado/getEmpleado.feature
  &amp#27;[32mGiven &amp#27;[0m&amp#27;[32mun administrador estÃ¡ logueado&amp#27;[0m                                                 &amp#27;[90m# com.ejemplos.testing.serenity.stepdefinitions.GetEmpleadoStepDefinitions.un_administrador_logueado()&amp#27;[0m
  &amp#27;[32mWhen &amp#27;[0m&amp#27;[32mpide los datos de un empleado especÃ­fico con id &amp#27;[0m&amp#27;[32m&amp#27;[1m59&amp#27;[0m                              &amp#27;[90m# com.ejemplos.testing.serenity.stepdefinitions.GetEmpleadoStepDefinitions.realiza_una_peticion_a_la_API(int)&amp#27;[0m
  &amp#27;[32mThen &amp#27;[0m&amp#27;[32mse obtiene un JSON con la informaciÃ³n del empleado&amp#27;[0m                              &amp#27;[90m# com.ejemplos.testing.serenity.stepdefinitions.GetEmpleadoStepDefinitions.se_obtiene_informacion_en_formato_JSON()&amp#27;[0m
]]>
    </system-out>
  </testcase>
  <testcase name="Un administrador obtiene los datos de un empleado específico en formato JSON #7" classname="Como administrador quiero poder obtener los datos de un empleado específico para consultar la información de éste" time="0.726">
    <system-out>
      <![CDATA[
@REQ_P3Q-4 @TEST_P3Q-16 @TESTSET_P3Q-15 @API @Cucumber
Scenario: Un administrador obtiene los datos de un empleado especÃ­fico en formato JSON &amp#27;[90m# src/test/resources/features/getEmpleado/getEmpleado.feature:16&amp#27;[0m
16:17:33.094 [main] INFO  i.c.core.plugin.SerenityReporter - Running feature from file:///C:/Users/34603/Documents/GitHub/Proyecto3/Proyecto3-Serenity/src/test/resources/features/getEmpleado/getEmpleado.feature
  &amp#27;[32mGiven &amp#27;[0m&amp#27;[32mun administrador estÃ¡ logueado&amp#27;[0m                                                 &amp#27;[90m# com.ejemplos.testing.serenity.stepdefinitions.GetEmpleadoStepDefinitions.un_administrador_logueado()&amp#27;[0m
  &amp#27;[32mWhen &amp#27;[0m&amp#27;[32mpide los datos de un empleado especÃ­fico con id &amp#27;[0m&amp#27;[32m&amp#27;[1m66&amp#27;[0m                              &amp#27;[90m# com.ejemplos.testing.serenity.stepdefinitions.GetEmpleadoStepDefinitions.realiza_una_peticion_a_la_API(int)&amp#27;[0m
  &amp#27;[32mThen &amp#27;[0m&amp#27;[32mse obtiene un JSON con la informaciÃ³n del empleado&amp#27;[0m                              &amp#27;[90m# com.ejemplos.testing.serenity.stepdefinitions.GetEmpleadoStepDefinitions.se_obtiene_informacion_en_formato_JSON()&amp#27;[0m
]]>
    </system-out>
  </testcase>
  <testcase name="Un administrador obtiene los datos de un empleado específico en formato JSON #8" classname="Como administrador quiero poder obtener los datos de un empleado específico para consultar la información de éste" time="0.726">
    <system-out>
      <![CDATA[
@REQ_P3Q-4 @TEST_P3Q-16 @TESTSET_P3Q-15 @API @Cucumber
Scenario: Un administrador obtiene los datos de un empleado especÃ­fico en formato JSON &amp#27;[90m# src/test/resources/features/getEmpleado/getEmpleado.feature:17&amp#27;[0m
16:17:33.820 [main] INFO  i.c.core.plugin.SerenityReporter - Running feature from file:///C:/Users/34603/Documents/GitHub/Proyecto3/Proyecto3-Serenity/src/test/resources/features/getEmpleado/getEmpleado.feature
  &amp#27;[32mGiven &amp#27;[0m&amp#27;[32mun administrador estÃ¡ logueado&amp#27;[0m                                                 &amp#27;[90m# com.ejemplos.testing.serenity.stepdefinitions.GetEmpleadoStepDefinitions.un_administrador_logueado()&amp#27;[0m
  &amp#27;[32mWhen &amp#27;[0m&amp#27;[32mpide los datos de un empleado especÃ­fico con id &amp#27;[0m&amp#27;[32m&amp#27;[1m72&amp#27;[0m                              &amp#27;[90m# com.ejemplos.testing.serenity.stepdefinitions.GetEmpleadoStepDefinitions.realiza_una_peticion_a_la_API(int)&amp#27;[0m
  &amp#27;[32mThen &amp#27;[0m&amp#27;[32mse obtiene un JSON con la informaciÃ³n del empleado&amp#27;[0m                              &amp#27;[90m# com.ejemplos.testing.serenity.stepdefinitions.GetEmpleadoStepDefinitions.se_obtiene_informacion_en_formato_JSON()&amp#27;[0m
]]>
    </system-out>
  </testcase>
  <testcase name="Un administrador obtiene los datos de un empleado específico en formato JSON #9" classname="Como administrador quiero poder obtener los datos de un empleado específico para consultar la información de éste" time="0.733">
    <system-out>
      <![CDATA[
@REQ_P3Q-4 @TEST_P3Q-16 @TESTSET_P3Q-15 @API @Cucumber
Scenario: Un administrador obtiene los datos de un empleado especÃ­fico en formato JSON &amp#27;[90m# src/test/resources/features/getEmpleado/getEmpleado.feature:18&amp#27;[0m
16:17:34.546 [main] INFO  i.c.core.plugin.SerenityReporter - Running feature from file:///C:/Users/34603/Documents/GitHub/Proyecto3/Proyecto3-Serenity/src/test/resources/features/getEmpleado/getEmpleado.feature
  &amp#27;[32mGiven &amp#27;[0m&amp#27;[32mun administrador estÃ¡ logueado&amp#27;[0m                                                 &amp#27;[90m# com.ejemplos.testing.serenity.stepdefinitions.GetEmpleadoStepDefinitions.un_administrador_logueado()&amp#27;[0m
  &amp#27;[32mWhen &amp#27;[0m&amp#27;[32mpide los datos de un empleado especÃ­fico con id &amp#27;[0m&amp#27;[32m&amp#27;[1m88&amp#27;[0m                              &amp#27;[90m# com.ejemplos.testing.serenity.stepdefinitions.GetEmpleadoStepDefinitions.realiza_una_peticion_a_la_API(int)&amp#27;[0m
  &amp#27;[32mThen &amp#27;[0m&amp#27;[32mse obtiene un JSON con la informaciÃ³n del empleado&amp#27;[0m                              &amp#27;[90m# com.ejemplos.testing.serenity.stepdefinitions.GetEmpleadoStepDefinitions.se_obtiene_informacion_en_formato_JSON()&amp#27;[0m
]]>
    </system-out>
  </testcase>
  <testcase name="Un administrador obtiene los datos de un empleado específico en formato JSON #10" classname="Como administrador quiero poder obtener los datos de un empleado específico para consultar la información de éste" time="0.766">
    <system-out>
      <![CDATA[
@REQ_P3Q-4 @TEST_P3Q-16 @TESTSET_P3Q-15 @API @Cucumber
Scenario: Un administrador obtiene los datos de un empleado especÃ­fico en formato JSON &amp#27;[90m# src/test/resources/features/getEmpleado/getEmpleado.feature:19&amp#27;[0m
16:17:35.283 [main] INFO  i.c.core.plugin.SerenityReporter - Running feature from file:///C:/Users/34603/Documents/GitHub/Proyecto3/Proyecto3-Serenity/src/test/resources/features/getEmpleado/getEmpleado.feature
  &amp#27;[32mGiven &amp#27;[0m&amp#27;[32mun administrador estÃ¡ logueado&amp#27;[0m                                                 &amp#27;[90m# com.ejemplos.testing.serenity.stepdefinitions.GetEmpleadoStepDefinitions.un_administrador_logueado()&amp#27;[0m
  &amp#27;[32mWhen &amp#27;[0m&amp#27;[32mpide los datos de un empleado especÃ­fico con id &amp#27;[0m&amp#27;[32m&amp#27;[1m93&amp#27;[0m                              &amp#27;[90m# com.ejemplos.testing.serenity.stepdefinitions.GetEmpleadoStepDefinitions.realiza_una_peticion_a_la_API(int)&amp#27;[0m
  &amp#27;[32mThen &amp#27;[0m&amp#27;[32mse obtiene un JSON con la informaciÃ³n del empleado&amp#27;[0m                              &amp#27;[90m# com.ejemplos.testing.serenity.stepdefinitions.GetEmpleadoStepDefinitions.se_obtiene_informacion_en_formato_JSON()&amp#27;[0m
]]>
    </system-out>
  </testcase>
  <testcase name="Al pedir los datos de un empleado se devuelven todos los datos de ese empleado #1" classname="Como administrador quiero poder obtener los datos de un empleado específico para consultar la información de éste" time="0.755">
    <failure type="java.lang.AssertionError">
      <![CDATA[java.lang.AssertionError
]]>
    </failure>
    <system-out>
      <![CDATA[
@REQ_P3Q-4 @TEST_P3Q-19 @TESTSET_P3Q-15 @API @Cucumber
Scenario: Al pedir los datos de un empleado se devuelven todos los datos de ese empleado &amp#27;[90m# src/test/resources/features/getEmpleado/getEmpleado.feature:27&amp#27;[0m
16:17:36.048 [main] INFO  i.c.core.plugin.SerenityReporter - Running feature from file:///C:/Users/34603/Documents/GitHub/Proyecto3/Proyecto3-Serenity/src/test/resources/features/getEmpleado/getEmpleado.feature
16:17:36.051 [main] INFO   - 
  _____   ___   ___   _____     ___   _____     _     ___   _____   ___   ___  
 |_   _| | __| / __| |_   _|   / __| |_   _|   /_\   | _ \ |_   _| | __| |   \ 
   | |   | _|  \__ \   | |     \__ \   | |    / _ \  |   /   | |   | _|  | |) |
   |_|   |___| |___/   |_|     |___/   |_|   /_/ \_\ |_|_\   |_|   |___| |___/ 

Al pedir los datos de un empleado se devuelven todos los datos de ese empleado(como-administrador-quiero-poder-obtener-los-datos-de-un-empleado-específico-para-consultar-la-información-de-éste;al-pedir-los-datos-de-un-empleado-se-devuelven-todos-los-datos-de-ese-empleado)
--------------------------------------------------------------------------------
  &amp#27;[32mGiven &amp#27;[0m&amp#27;[32mun administrador estÃ¡ logueado&amp#27;[0m                                                   &amp#27;[90m# com.ejemplos.testing.serenity.stepdefinitions.GetEmpleadoStepDefinitions.un_administrador_logueado()&amp#27;[0m
  &amp#27;[32mWhen &amp#27;[0m&amp#27;[32mpide los datos de un empleado especÃ­fico con id &amp#27;[0m&amp#27;[32m&amp#27;[1m1&amp#27;[0m                                 &amp#27;[90m# com.ejemplos.testing.serenity.stepdefinitions.GetEmpleadoStepDefinitions.realiza_una_peticion_a_la_API(int)&amp#27;[0m
  &amp#27;[31mThen &amp#27;[0m&amp#27;[31mse devuelve un objeto cuyo nÃºmero de propiedades coincide con las de empleado&amp#27;[0m     &amp#27;[90m# com.ejemplos.testing.serenity.stepdefinitions.GetEmpleadoStepDefinitions.devuelve_un_objeto_con_datos_cuyo_numero_de_propiedades_coincide_con_las_de_empleado()&amp#27;[0m
      &amp#27;[31mjava.lang.AssertionError
	at org.junit.Assert.fail(Assert.java:87)
	at org.junit.Assert.assertTrue(Assert.java:42)
	at org.junit.Assert.assertTrue(Assert.java:53)
	at Proyecto3.Serenity@0.0.1-SNAPSHOT/com.ejemplos.testing.serenity.stepdefinitions.GetEmpleadoStepDefinitions.devuelve_un_objeto_con_datos_cuyo_numero_de_propiedades_coincide_con_las_de_empleado(GetEmpleadoStepDefinitions.java:83)
	at âœ½.se devuelve un objeto cuyo nÃºmero de propiedades coincide con las de empleado(file:///C:/Users/34603/Documents/GitHub/Proyecto3/Proyecto3-Serenity/src/test/resources/features/getEmpleado/getEmpleado.feature:24)
&amp#27;[0m
16:17:36.793 [main] ERROR  - 
  _____   ___   ___   _____     ___     _     ___   _      ___   ___  
 |_   _| | __| / __| |_   _|   | __|   /_\   |_ _| | |    | __| |   \ 
   | |   | _|  \__ \   | |     | _|   / _ \   | |  | |__  | _|  | |) |
   |_|   |___| |___/   |_|     |_|   /_/ \_\ |___| |____| |___| |___/ 

Al pedir los datos de un empleado se devuelven todos los datos de ese empleado
-----------------------------------------------------------------------
16:17:36.793 [main] ERROR  -     Test failed at step: Then se devuelve un objeto cuyo número de propiedades coincide con las de empleado
16:17:36.793 [main] ERROR  -     
]]>
    </system-out>
  </testcase>
  <testcase name="Al pedir los datos de un empleado se devuelven todos los datos de ese empleado #2" classname="Como administrador quiero poder obtener los datos de un empleado específico para consultar la información de éste" time="0.757">
    <failure type="java.lang.AssertionError">
      <![CDATA[java.lang.AssertionError
]]>
    </failure>
    <system-out>
      <![CDATA[
@REQ_P3Q-4 @TEST_P3Q-19 @TESTSET_P3Q-15 @API @Cucumber
Scenario: Al pedir los datos de un empleado se devuelven todos los datos de ese empleado &amp#27;[90m# src/test/resources/features/getEmpleado/getEmpleado.feature:28&amp#27;[0m
16:17:36.804 [main] INFO  i.c.core.plugin.SerenityReporter - Running feature from file:///C:/Users/34603/Documents/GitHub/Proyecto3/Proyecto3-Serenity/src/test/resources/features/getEmpleado/getEmpleado.feature
  &amp#27;[32mGiven &amp#27;[0m&amp#27;[32mun administrador estÃ¡ logueado&amp#27;[0m                                                   &amp#27;[90m# com.ejemplos.testing.serenity.stepdefinitions.GetEmpleadoStepDefinitions.un_administrador_logueado()&amp#27;[0m
  &amp#27;[32mWhen &amp#27;[0m&amp#27;[32mpide los datos de un empleado especÃ­fico con id &amp#27;[0m&amp#27;[32m&amp#27;[1m15&amp#27;[0m                                &amp#27;[90m# com.ejemplos.testing.serenity.stepdefinitions.GetEmpleadoStepDefinitions.realiza_una_peticion_a_la_API(int)&amp#27;[0m
  &amp#27;[31mThen &amp#27;[0m&amp#27;[31mse devuelve un objeto cuyo nÃºmero de propiedades coincide con las de empleado&amp#27;[0m     &amp#27;[90m# com.ejemplos.testing.serenity.stepdefinitions.GetEmpleadoStepDefinitions.devuelve_un_objeto_con_datos_cuyo_numero_de_propiedades_coincide_con_las_de_empleado()&amp#27;[0m
      &amp#27;[31mjava.lang.AssertionError
	at org.junit.Assert.fail(Assert.java:87)
	at org.junit.Assert.assertTrue(Assert.java:42)
	at org.junit.Assert.assertTrue(Assert.java:53)
	at Proyecto3.Serenity@0.0.1-SNAPSHOT/com.ejemplos.testing.serenity.stepdefinitions.GetEmpleadoStepDefinitions.devuelve_un_objeto_con_datos_cuyo_numero_de_propiedades_coincide_con_las_de_empleado(GetEmpleadoStepDefinitions.java:83)
	at âœ½.se devuelve un objeto cuyo nÃºmero de propiedades coincide con las de empleado(file:///C:/Users/34603/Documents/GitHub/Proyecto3/Proyecto3-Serenity/src/test/resources/features/getEmpleado/getEmpleado.feature:24)
&amp#27;[0m
16:17:37.550 [main] ERROR  - 
  _____   ___   ___   _____     ___     _     ___   _      ___   ___  
 |_   _| | __| / __| |_   _|   | __|   /_\   |_ _| | |    | __| |   \ 
   | |   | _|  \__ \   | |     | _|   / _ \   | |  | |__  | _|  | |) |
   |_|   |___| |___/   |_|     |_|   /_/ \_\ |___| |____| |___| |___/ 

Al pedir los datos de un empleado se devuelven todos los datos de ese empleado
-----------------------------------------------------------------------
16:17:37.551 [main] ERROR  -     Test failed at step: Then se devuelve un objeto cuyo número de propiedades coincide con las de empleado
16:17:37.551 [main] ERROR  -     
]]>
    </system-out>
  </testcase>
  <testcase name="Al pedir los datos de un empleado se devuelven todos los datos de ese empleado #3" classname="Como administrador quiero poder obtener los datos de un empleado específico para consultar la información de éste" time="0.991">
    <failure type="java.lang.AssertionError">
      <![CDATA[java.lang.AssertionError
]]>
    </failure>
    <system-out>
      <![CDATA[
@REQ_P3Q-4 @TEST_P3Q-19 @TESTSET_P3Q-15 @API @Cucumber
Scenario: Al pedir los datos de un empleado se devuelven todos los datos de ese empleado &amp#27;[90m# src/test/resources/features/getEmpleado/getEmpleado.feature:29&amp#27;[0m
16:17:37.561 [main] INFO  i.c.core.plugin.SerenityReporter - Running feature from file:///C:/Users/34603/Documents/GitHub/Proyecto3/Proyecto3-Serenity/src/test/resources/features/getEmpleado/getEmpleado.feature
  &amp#27;[32mGiven &amp#27;[0m&amp#27;[32mun administrador estÃ¡ logueado&amp#27;[0m                                                   &amp#27;[90m# com.ejemplos.testing.serenity.stepdefinitions.GetEmpleadoStepDefinitions.un_administrador_logueado()&amp#27;[0m
  &amp#27;[32mWhen &amp#27;[0m&amp#27;[32mpide los datos de un empleado especÃ­fico con id &amp#27;[0m&amp#27;[32m&amp#27;[1m27&amp#27;[0m                                &amp#27;[90m# com.ejemplos.testing.serenity.stepdefinitions.GetEmpleadoStepDefinitions.realiza_una_peticion_a_la_API(int)&amp#27;[0m
  &amp#27;[31mThen &amp#27;[0m&amp#27;[31mse devuelve un objeto cuyo nÃºmero de propiedades coincide con las de empleado&amp#27;[0m     &amp#27;[90m# com.ejemplos.testing.serenity.stepdefinitions.GetEmpleadoStepDefinitions.devuelve_un_objeto_con_datos_cuyo_numero_de_propiedades_coincide_con_las_de_empleado()&amp#27;[0m
      &amp#27;[31mjava.lang.AssertionError
	at org.junit.Assert.fail(Assert.java:87)
	at org.junit.Assert.assertTrue(Assert.java:42)
	at org.junit.Assert.assertTrue(Assert.java:53)
	at Proyecto3.Serenity@0.0.1-SNAPSHOT/com.ejemplos.testing.serenity.stepdefinitions.GetEmpleadoStepDefinitions.devuelve_un_objeto_con_datos_cuyo_numero_de_propiedades_coincide_con_las_de_empleado(GetEmpleadoStepDefinitions.java:83)
	at âœ½.se devuelve un objeto cuyo nÃºmero de propiedades coincide con las de empleado(file:///C:/Users/34603/Documents/GitHub/Proyecto3/Proyecto3-Serenity/src/test/resources/features/getEmpleado/getEmpleado.feature:24)
&amp#27;[0m
]]>
    </system-out>
  </testcase>
  <testcase name="Al pedir los datos de un empleado se devuelven todos los datos de ese empleado #4" classname="Como administrador quiero poder obtener los datos de un empleado específico para consultar la información de éste" time="0.823">
    <failure type="java.lang.AssertionError">
      <![CDATA[java.lang.AssertionError
]]>
    </failure>
    <system-out>
      <![CDATA[
@REQ_P3Q-4 @TEST_P3Q-19 @TESTSET_P3Q-15 @API @Cucumber
Scenario: Al pedir los datos de un empleado se devuelven todos los datos de ese empleado &amp#27;[90m# src/test/resources/features/getEmpleado/getEmpleado.feature:30&amp#27;[0m
16:17:38.553 [main] INFO  i.c.core.plugin.SerenityReporter - Running feature from file:///C:/Users/34603/Documents/GitHub/Proyecto3/Proyecto3-Serenity/src/test/resources/features/getEmpleado/getEmpleado.feature
  &amp#27;[32mGiven &amp#27;[0m&amp#27;[32mun administrador estÃ¡ logueado&amp#27;[0m                                                   &amp#27;[90m# com.ejemplos.testing.serenity.stepdefinitions.GetEmpleadoStepDefinitions.un_administrador_logueado()&amp#27;[0m
  &amp#27;[32mWhen &amp#27;[0m&amp#27;[32mpide los datos de un empleado especÃ­fico con id &amp#27;[0m&amp#27;[32m&amp#27;[1m33&amp#27;[0m                                &amp#27;[90m# com.ejemplos.testing.serenity.stepdefinitions.GetEmpleadoStepDefinitions.realiza_una_peticion_a_la_API(int)&amp#27;[0m
  &amp#27;[31mThen &amp#27;[0m&amp#27;[31mse devuelve un objeto cuyo nÃºmero de propiedades coincide con las de empleado&amp#27;[0m     &amp#27;[90m# com.ejemplos.testing.serenity.stepdefinitions.GetEmpleadoStepDefinitions.devuelve_un_objeto_con_datos_cuyo_numero_de_propiedades_coincide_con_las_de_empleado()&amp#27;[0m
      &amp#27;[31mjava.lang.AssertionError
	at org.junit.Assert.fail(Assert.java:87)
	at org.junit.Assert.assertTrue(Assert.java:42)
	at org.junit.Assert.assertTrue(Assert.java:53)
	at Proyecto3.Serenity@0.0.1-SNAPSHOT/com.ejemplos.testing.serenity.stepdefinitions.GetEmpleadoStepDefinitions.devuelve_un_objeto_con_datos_cuyo_numero_de_propiedades_coincide_con_las_de_empleado(GetEmpleadoStepDefinitions.java:83)
	at âœ½.se devuelve un objeto cuyo nÃºmero de propiedades coincide con las de empleado(file:///C:/Users/34603/Documents/GitHub/Proyecto3/Proyecto3-Serenity/src/test/resources/features/getEmpleado/getEmpleado.feature:24)
&amp#27;[0m
]]>
    </system-out>
  </testcase>
  <testcase name="Al pedir los datos de un empleado se devuelven todos los datos de ese empleado #5" classname="Como administrador quiero poder obtener los datos de un empleado específico para consultar la información de éste" time="0.792">
    <failure type="java.lang.AssertionError">
      <![CDATA[java.lang.AssertionError
]]>
    </failure>
    <system-out>
      <![CDATA[
@REQ_P3Q-4 @TEST_P3Q-19 @TESTSET_P3Q-15 @API @Cucumber
Scenario: Al pedir los datos de un empleado se devuelven todos los datos de ese empleado &amp#27;[90m# src/test/resources/features/getEmpleado/getEmpleado.feature:31&amp#27;[0m
16:17:39.377 [main] INFO  i.c.core.plugin.SerenityReporter - Running feature from file:///C:/Users/34603/Documents/GitHub/Proyecto3/Proyecto3-Serenity/src/test/resources/features/getEmpleado/getEmpleado.feature
  &amp#27;[32mGiven &amp#27;[0m&amp#27;[32mun administrador estÃ¡ logueado&amp#27;[0m                                                   &amp#27;[90m# com.ejemplos.testing.serenity.stepdefinitions.GetEmpleadoStepDefinitions.un_administrador_logueado()&amp#27;[0m
  &amp#27;[32mWhen &amp#27;[0m&amp#27;[32mpide los datos de un empleado especÃ­fico con id &amp#27;[0m&amp#27;[32m&amp#27;[1m42&amp#27;[0m                                &amp#27;[90m# com.ejemplos.testing.serenity.stepdefinitions.GetEmpleadoStepDefinitions.realiza_una_peticion_a_la_API(int)&amp#27;[0m
  &amp#27;[31mThen &amp#27;[0m&amp#27;[31mse devuelve un objeto cuyo nÃºmero de propiedades coincide con las de empleado&amp#27;[0m     &amp#27;[90m# com.ejemplos.testing.serenity.stepdefinitions.GetEmpleadoStepDefinitions.devuelve_un_objeto_con_datos_cuyo_numero_de_propiedades_coincide_con_las_de_empleado()&amp#27;[0m
      &amp#27;[31mjava.lang.AssertionError
	at org.junit.Assert.fail(Assert.java:87)
	at org.junit.Assert.assertTrue(Assert.java:42)
	at org.junit.Assert.assertTrue(Assert.java:53)
	at Proyecto3.Serenity@0.0.1-SNAPSHOT/com.ejemplos.testing.serenity.stepdefinitions.GetEmpleadoStepDefinitions.devuelve_un_objeto_con_datos_cuyo_numero_de_propiedades_coincide_con_las_de_empleado(GetEmpleadoStepDefinitions.java:83)
	at âœ½.se devuelve un objeto cuyo nÃºmero de propiedades coincide con las de empleado(file:///C:/Users/34603/Documents/GitHub/Proyecto3/Proyecto3-Serenity/src/test/resources/features/getEmpleado/getEmpleado.feature:24)
&amp#27;[0m
]]>
    </system-out>
  </testcase>
  <testcase name="Al pedir los datos de un empleado se devuelven todos los datos de ese empleado #6" classname="Como administrador quiero poder obtener los datos de un empleado específico para consultar la información de éste" time="0.753">
    <failure type="java.lang.AssertionError">
      <![CDATA[java.lang.AssertionError
]]>
    </failure>
    <system-out>
      <![CDATA[
@REQ_P3Q-4 @TEST_P3Q-19 @TESTSET_P3Q-15 @API @Cucumber
Scenario: Al pedir los datos de un empleado se devuelven todos los datos de ese empleado &amp#27;[90m# src/test/resources/features/getEmpleado/getEmpleado.feature:32&amp#27;[0m
16:17:40.169 [main] INFO  i.c.core.plugin.SerenityReporter - Running feature from file:///C:/Users/34603/Documents/GitHub/Proyecto3/Proyecto3-Serenity/src/test/resources/features/getEmpleado/getEmpleado.feature
  &amp#27;[32mGiven &amp#27;[0m&amp#27;[32mun administrador estÃ¡ logueado&amp#27;[0m                                                   &amp#27;[90m# com.ejemplos.testing.serenity.stepdefinitions.GetEmpleadoStepDefinitions.un_administrador_logueado()&amp#27;[0m
  &amp#27;[32mWhen &amp#27;[0m&amp#27;[32mpide los datos de un empleado especÃ­fico con id &amp#27;[0m&amp#27;[32m&amp#27;[1m59&amp#27;[0m                                &amp#27;[90m# com.ejemplos.testing.serenity.stepdefinitions.GetEmpleadoStepDefinitions.realiza_una_peticion_a_la_API(int)&amp#27;[0m
  &amp#27;[31mThen &amp#27;[0m&amp#27;[31mse devuelve un objeto cuyo nÃºmero de propiedades coincide con las de empleado&amp#27;[0m     &amp#27;[90m# com.ejemplos.testing.serenity.stepdefinitions.GetEmpleadoStepDefinitions.devuelve_un_objeto_con_datos_cuyo_numero_de_propiedades_coincide_con_las_de_empleado()&amp#27;[0m
      &amp#27;[31mjava.lang.AssertionError
	at org.junit.Assert.fail(Assert.java:87)
	at org.junit.Assert.assertTrue(Assert.java:42)
	at org.junit.Assert.assertTrue(Assert.java:53)
	at Proyecto3.Serenity@0.0.1-SNAPSHOT/com.ejemplos.testing.serenity.stepdefinitions.GetEmpleadoStepDefinitions.devuelve_un_objeto_con_datos_cuyo_numero_de_propiedades_coincide_con_las_de_empleado(GetEmpleadoStepDefinitions.java:83)
	at âœ½.se devuelve un objeto cuyo nÃºmero de propiedades coincide con las de empleado(file:///C:/Users/34603/Documents/GitHub/Proyecto3/Proyecto3-Serenity/src/test/resources/features/getEmpleado/getEmpleado.feature:24)
&amp#27;[0m
]]>
    </system-out>
  </testcase>
  <testcase name="Al pedir los datos de un empleado se devuelven todos los datos de ese empleado #7" classname="Como administrador quiero poder obtener los datos de un empleado específico para consultar la información de éste" time="0.784">
    <failure type="java.lang.AssertionError">
      <![CDATA[java.lang.AssertionError
]]>
    </failure>
    <system-out>
      <![CDATA[
@REQ_P3Q-4 @TEST_P3Q-19 @TESTSET_P3Q-15 @API @Cucumber
Scenario: Al pedir los datos de un empleado se devuelven todos los datos de ese empleado &amp#27;[90m# src/test/resources/features/getEmpleado/getEmpleado.feature:33&amp#27;[0m
16:17:40.922 [main] INFO  i.c.core.plugin.SerenityReporter - Running feature from file:///C:/Users/34603/Documents/GitHub/Proyecto3/Proyecto3-Serenity/src/test/resources/features/getEmpleado/getEmpleado.feature
  &amp#27;[32mGiven &amp#27;[0m&amp#27;[32mun administrador estÃ¡ logueado&amp#27;[0m                                                   &amp#27;[90m# com.ejemplos.testing.serenity.stepdefinitions.GetEmpleadoStepDefinitions.un_administrador_logueado()&amp#27;[0m
  &amp#27;[32mWhen &amp#27;[0m&amp#27;[32mpide los datos de un empleado especÃ­fico con id &amp#27;[0m&amp#27;[32m&amp#27;[1m66&amp#27;[0m                                &amp#27;[90m# com.ejemplos.testing.serenity.stepdefinitions.GetEmpleadoStepDefinitions.realiza_una_peticion_a_la_API(int)&amp#27;[0m
  &amp#27;[31mThen &amp#27;[0m&amp#27;[31mse devuelve un objeto cuyo nÃºmero de propiedades coincide con las de empleado&amp#27;[0m     &amp#27;[90m# com.ejemplos.testing.serenity.stepdefinitions.GetEmpleadoStepDefinitions.devuelve_un_objeto_con_datos_cuyo_numero_de_propiedades_coincide_con_las_de_empleado()&amp#27;[0m
      &amp#27;[31mjava.lang.AssertionError
	at org.junit.Assert.fail(Assert.java:87)
	at org.junit.Assert.assertTrue(Assert.java:42)
	at org.junit.Assert.assertTrue(Assert.java:53)
	at Proyecto3.Serenity@0.0.1-SNAPSHOT/com.ejemplos.testing.serenity.stepdefinitions.GetEmpleadoStepDefinitions.devuelve_un_objeto_con_datos_cuyo_numero_de_propiedades_coincide_con_las_de_empleado(GetEmpleadoStepDefinitions.java:83)
	at âœ½.se devuelve un objeto cuyo nÃºmero de propiedades coincide con las de empleado(file:///C:/Users/34603/Documents/GitHub/Proyecto3/Proyecto3-Serenity/src/test/resources/features/getEmpleado/getEmpleado.feature:24)
&amp#27;[0m
]]>
    </system-out>
  </testcase>
  <testcase name="Al pedir los datos de un empleado se devuelven todos los datos de ese empleado #8" classname="Como administrador quiero poder obtener los datos de un empleado específico para consultar la información de éste" time="0.822">
    <failure type="java.lang.AssertionError">
      <![CDATA[java.lang.AssertionError
]]>
    </failure>
    <system-out>
      <![CDATA[
@REQ_P3Q-4 @TEST_P3Q-19 @TESTSET_P3Q-15 @API @Cucumber
Scenario: Al pedir los datos de un empleado se devuelven todos los datos de ese empleado &amp#27;[90m# src/test/resources/features/getEmpleado/getEmpleado.feature:34&amp#27;[0m
16:17:41.706 [main] INFO  i.c.core.plugin.SerenityReporter - Running feature from file:///C:/Users/34603/Documents/GitHub/Proyecto3/Proyecto3-Serenity/src/test/resources/features/getEmpleado/getEmpleado.feature
  &amp#27;[32mGiven &amp#27;[0m&amp#27;[32mun administrador estÃ¡ logueado&amp#27;[0m                                                   &amp#27;[90m# com.ejemplos.testing.serenity.stepdefinitions.GetEmpleadoStepDefinitions.un_administrador_logueado()&amp#27;[0m
  &amp#27;[32mWhen &amp#27;[0m&amp#27;[32mpide los datos de un empleado especÃ­fico con id &amp#27;[0m&amp#27;[32m&amp#27;[1m72&amp#27;[0m                                &amp#27;[90m# com.ejemplos.testing.serenity.stepdefinitions.GetEmpleadoStepDefinitions.realiza_una_peticion_a_la_API(int)&amp#27;[0m
  &amp#27;[31mThen &amp#27;[0m&amp#27;[31mse devuelve un objeto cuyo nÃºmero de propiedades coincide con las de empleado&amp#27;[0m     &amp#27;[90m# com.ejemplos.testing.serenity.stepdefinitions.GetEmpleadoStepDefinitions.devuelve_un_objeto_con_datos_cuyo_numero_de_propiedades_coincide_con_las_de_empleado()&amp#27;[0m
      &amp#27;[31mjava.lang.AssertionError
	at org.junit.Assert.fail(Assert.java:87)
	at org.junit.Assert.assertTrue(Assert.java:42)
	at org.junit.Assert.assertTrue(Assert.java:53)
	at Proyecto3.Serenity@0.0.1-SNAPSHOT/com.ejemplos.testing.serenity.stepdefinitions.GetEmpleadoStepDefinitions.devuelve_un_objeto_con_datos_cuyo_numero_de_propiedades_coincide_con_las_de_empleado(GetEmpleadoStepDefinitions.java:83)
	at âœ½.se devuelve un objeto cuyo nÃºmero de propiedades coincide con las de empleado(file:///C:/Users/34603/Documents/GitHub/Proyecto3/Proyecto3-Serenity/src/test/resources/features/getEmpleado/getEmpleado.feature:24)
&amp#27;[0m
]]>
    </system-out>
  </testcase>
  <testcase name="Al pedir los datos de un empleado se devuelven todos los datos de ese empleado #9" classname="Como administrador quiero poder obtener los datos de un empleado específico para consultar la información de éste" time="0.773">
    <failure type="java.lang.AssertionError">
      <![CDATA[java.lang.AssertionError
]]>
    </failure>
    <system-out>
      <![CDATA[
@REQ_P3Q-4 @TEST_P3Q-19 @TESTSET_P3Q-15 @API @Cucumber
Scenario: Al pedir los datos de un empleado se devuelven todos los datos de ese empleado &amp#27;[90m# src/test/resources/features/getEmpleado/getEmpleado.feature:35&amp#27;[0m
16:17:42.528 [main] INFO  i.c.core.plugin.SerenityReporter - Running feature from file:///C:/Users/34603/Documents/GitHub/Proyecto3/Proyecto3-Serenity/src/test/resources/features/getEmpleado/getEmpleado.feature
  &amp#27;[32mGiven &amp#27;[0m&amp#27;[32mun administrador estÃ¡ logueado&amp#27;[0m                                                   &amp#27;[90m# com.ejemplos.testing.serenity.stepdefinitions.GetEmpleadoStepDefinitions.un_administrador_logueado()&amp#27;[0m
  &amp#27;[32mWhen &amp#27;[0m&amp#27;[32mpide los datos de un empleado especÃ­fico con id &amp#27;[0m&amp#27;[32m&amp#27;[1m88&amp#27;[0m                                &amp#27;[90m# com.ejemplos.testing.serenity.stepdefinitions.GetEmpleadoStepDefinitions.realiza_una_peticion_a_la_API(int)&amp#27;[0m
  &amp#27;[31mThen &amp#27;[0m&amp#27;[31mse devuelve un objeto cuyo nÃºmero de propiedades coincide con las de empleado&amp#27;[0m     &amp#27;[90m# com.ejemplos.testing.serenity.stepdefinitions.GetEmpleadoStepDefinitions.devuelve_un_objeto_con_datos_cuyo_numero_de_propiedades_coincide_con_las_de_empleado()&amp#27;[0m
      &amp#27;[31mjava.lang.AssertionError
	at org.junit.Assert.fail(Assert.java:87)
	at org.junit.Assert.assertTrue(Assert.java:42)
	at org.junit.Assert.assertTrue(Assert.java:53)
	at Proyecto3.Serenity@0.0.1-SNAPSHOT/com.ejemplos.testing.serenity.stepdefinitions.GetEmpleadoStepDefinitions.devuelve_un_objeto_con_datos_cuyo_numero_de_propiedades_coincide_con_las_de_empleado(GetEmpleadoStepDefinitions.java:83)
	at âœ½.se devuelve un objeto cuyo nÃºmero de propiedades coincide con las de empleado(file:///C:/Users/34603/Documents/GitHub/Proyecto3/Proyecto3-Serenity/src/test/resources/features/getEmpleado/getEmpleado.feature:24)
&amp#27;[0m
]]>
    </system-out>
  </testcase>
  <testcase name="Al pedir los datos de un empleado se devuelven todos los datos de ese empleado #10" classname="Como administrador quiero poder obtener los datos de un empleado específico para consultar la información de éste" time="0.784">
    <failure type="java.lang.AssertionError">
      <![CDATA[java.lang.AssertionError
]]>
    </failure>
    <system-out>
      <![CDATA[
@REQ_P3Q-4 @TEST_P3Q-19 @TESTSET_P3Q-15 @API @Cucumber
Scenario: Al pedir los datos de un empleado se devuelven todos los datos de ese empleado &amp#27;[90m# src/test/resources/features/getEmpleado/getEmpleado.feature:36&amp#27;[0m
16:17:43.303 [main] INFO  i.c.core.plugin.SerenityReporter - Running feature from file:///C:/Users/34603/Documents/GitHub/Proyecto3/Proyecto3-Serenity/src/test/resources/features/getEmpleado/getEmpleado.feature
  &amp#27;[32mGiven &amp#27;[0m&amp#27;[32mun administrador estÃ¡ logueado&amp#27;[0m                                                   &amp#27;[90m# com.ejemplos.testing.serenity.stepdefinitions.GetEmpleadoStepDefinitions.un_administrador_logueado()&amp#27;[0m
  &amp#27;[32mWhen &amp#27;[0m&amp#27;[32mpide los datos de un empleado especÃ­fico con id &amp#27;[0m&amp#27;[32m&amp#27;[1m93&amp#27;[0m                                &amp#27;[90m# com.ejemplos.testing.serenity.stepdefinitions.GetEmpleadoStepDefinitions.realiza_una_peticion_a_la_API(int)&amp#27;[0m
  &amp#27;[31mThen &amp#27;[0m&amp#27;[31mse devuelve un objeto cuyo nÃºmero de propiedades coincide con las de empleado&amp#27;[0m     &amp#27;[90m# com.ejemplos.testing.serenity.stepdefinitions.GetEmpleadoStepDefinitions.devuelve_un_objeto_con_datos_cuyo_numero_de_propiedades_coincide_con_las_de_empleado()&amp#27;[0m
      &amp#27;[31mjava.lang.AssertionError
	at org.junit.Assert.fail(Assert.java:87)
	at org.junit.Assert.assertTrue(Assert.java:42)
	at org.junit.Assert.assertTrue(Assert.java:53)
	at Proyecto3.Serenity@0.0.1-SNAPSHOT/com.ejemplos.testing.serenity.stepdefinitions.GetEmpleadoStepDefinitions.devuelve_un_objeto_con_datos_cuyo_numero_de_propiedades_coincide_con_las_de_empleado(GetEmpleadoStepDefinitions.java:83)
	at âœ½.se devuelve un objeto cuyo nÃºmero de propiedades coincide con las de empleado(file:///C:/Users/34603/Documents/GitHub/Proyecto3/Proyecto3-Serenity/src/test/resources/features/getEmpleado/getEmpleado.feature:24)
&amp#27;[0m
]]>
    </system-out>
  </testcase>
  <testcase name="Al pedir los datos de un empleado la propiedad nombre es una cadena de caracteres alfabéticos #1" classname="Como administrador quiero poder obtener los datos de un empleado específico para consultar la información de éste" time="0.798">
    <system-out>
      <![CDATA[
@REQ_P3Q-4 @TEST_P3Q-21 @TESTSET_P3Q-15 @API @Cucumber
Scenario: Al pedir los datos de un empleado la propiedad nombre es una cadena de caracteres alfabÃ©ticos &amp#27;[90m# src/test/resources/features/getEmpleado/getEmpleado.feature:44&amp#27;[0m
16:17:44.087 [main] INFO  i.c.core.plugin.SerenityReporter - Running feature from file:///C:/Users/34603/Documents/GitHub/Proyecto3/Proyecto3-Serenity/src/test/resources/features/getEmpleado/getEmpleado.feature
16:17:44.090 [main] INFO   - 
  _____   ___   ___   _____     ___   _____     _     ___   _____   ___   ___  
 |_   _| | __| / __| |_   _|   / __| |_   _|   /_\   | _ \ |_   _| | __| |   \ 
   | |   | _|  \__ \   | |     \__ \   | |    / _ \  |   /   | |   | _|  | |) |
   |_|   |___| |___/   |_|     |___/   |_|   /_/ \_\ |_|_\   |_|   |___| |___/ 

Al pedir los datos de un empleado la propiedad nombre es una cadena de caracteres alfabéticos(como-administrador-quiero-poder-obtener-los-datos-de-un-empleado-específico-para-consultar-la-información-de-éste;al-pedir-los-datos-de-un-empleado-la-propiedad-nombre-es-una-cadena-de-caracteres-alfabéticos)
--------------------------------------------------------------------------------
  &amp#27;[32mGiven &amp#27;[0m&amp#27;[32mun administrador estÃ¡ logueado&amp#27;[0m                                                                  &amp#27;[90m# com.ejemplos.testing.serenity.stepdefinitions.GetEmpleadoStepDefinitions.un_administrador_logueado()&amp#27;[0m
  &amp#27;[32mWhen &amp#27;[0m&amp#27;[32mpide los datos de un empleado especÃ­fico con id &amp#27;[0m&amp#27;[32m&amp#27;[1m1&amp#27;[0m                                                &amp#27;[90m# com.ejemplos.testing.serenity.stepdefinitions.GetEmpleadoStepDefinitions.realiza_una_peticion_a_la_API(int)&amp#27;[0m
  &amp#27;[32mThen &amp#27;[0m&amp#27;[32mse devuelve un empleado cuya propiedad nombre estÃ¡ compuesta por caracteres alfabÃ©ticos&amp#27;[0m          &amp#27;[90m# com.ejemplos.testing.serenity.stepdefinitions.GetEmpleadoStepDefinitions.devuelve_un_objeto_cuyo_nombre_solo_tiene_letras()&amp#27;[0m
16:17:44.878 [main] INFO   - 
  _____   ___   ___   _____     ___     _     ___   ___   ___   ___  
 |_   _| | __| / __| |_   _|   | _ \   /_\   / __| / __| | __| |   \ 
   | |   | _|  \__ \   | |     |  _/  / _ \  \__ \ \__ \ | _|  | |) |
   |_|   |___| |___/   |_|     |_|   /_/ \_\ |___/ |___/ |___| |___/ 

Al pedir los datos de un empleado la propiedad nombre es una cadena de caracteres alfabéticos
----------------------------------------------------------------------
]]>
    </system-out>
  </testcase>
  <testcase name="Al pedir los datos de un empleado la propiedad nombre es una cadena de caracteres alfabéticos #2" classname="Como administrador quiero poder obtener los datos de un empleado específico para consultar la información de éste" time="0.804">
    <system-out>
      <![CDATA[
@REQ_P3Q-4 @TEST_P3Q-21 @TESTSET_P3Q-15 @API @Cucumber
Scenario: Al pedir los datos de un empleado la propiedad nombre es una cadena de caracteres alfabÃ©ticos &amp#27;[90m# src/test/resources/features/getEmpleado/getEmpleado.feature:45&amp#27;[0m
16:17:44.886 [main] INFO  i.c.core.plugin.SerenityReporter - Running feature from file:///C:/Users/34603/Documents/GitHub/Proyecto3/Proyecto3-Serenity/src/test/resources/features/getEmpleado/getEmpleado.feature
  &amp#27;[32mGiven &amp#27;[0m&amp#27;[32mun administrador estÃ¡ logueado&amp#27;[0m                                                                  &amp#27;[90m# com.ejemplos.testing.serenity.stepdefinitions.GetEmpleadoStepDefinitions.un_administrador_logueado()&amp#27;[0m
  &amp#27;[32mWhen &amp#27;[0m&amp#27;[32mpide los datos de un empleado especÃ­fico con id &amp#27;[0m&amp#27;[32m&amp#27;[1m15&amp#27;[0m                                               &amp#27;[90m# com.ejemplos.testing.serenity.stepdefinitions.GetEmpleadoStepDefinitions.realiza_una_peticion_a_la_API(int)&amp#27;[0m
  &amp#27;[32mThen &amp#27;[0m&amp#27;[32mse devuelve un empleado cuya propiedad nombre estÃ¡ compuesta por caracteres alfabÃ©ticos&amp#27;[0m          &amp#27;[90m# com.ejemplos.testing.serenity.stepdefinitions.GetEmpleadoStepDefinitions.devuelve_un_objeto_cuyo_nombre_solo_tiene_letras()&amp#27;[0m
16:17:45.682 [main] INFO   - 
  _____   ___   ___   _____     ___     _     ___   ___   ___   ___  
 |_   _| | __| / __| |_   _|   | _ \   /_\   / __| / __| | __| |   \ 
   | |   | _|  \__ \   | |     |  _/  / _ \  \__ \ \__ \ | _|  | |) |
   |_|   |___| |___/   |_|     |_|   /_/ \_\ |___/ |___/ |___| |___/ 

Al pedir los datos de un empleado la propiedad nombre es una cadena de caracteres alfabéticos
----------------------------------------------------------------------
]]>
    </system-out>
  </testcase>
  <testcase name="Al pedir los datos de un empleado la propiedad nombre es una cadena de caracteres alfabéticos #3" classname="Como administrador quiero poder obtener los datos de un empleado específico para consultar la información de éste" time="0.756">
    <system-out>
      <![CDATA[
@REQ_P3Q-4 @TEST_P3Q-21 @TESTSET_P3Q-15 @API @Cucumber
Scenario: Al pedir los datos de un empleado la propiedad nombre es una cadena de caracteres alfabÃ©ticos &amp#27;[90m# src/test/resources/features/getEmpleado/getEmpleado.feature:46&amp#27;[0m
16:17:45.689 [main] INFO  i.c.core.plugin.SerenityReporter - Running feature from file:///C:/Users/34603/Documents/GitHub/Proyecto3/Proyecto3-Serenity/src/test/resources/features/getEmpleado/getEmpleado.feature
  &amp#27;[32mGiven &amp#27;[0m&amp#27;[32mun administrador estÃ¡ logueado&amp#27;[0m                                                                  &amp#27;[90m# com.ejemplos.testing.serenity.stepdefinitions.GetEmpleadoStepDefinitions.un_administrador_logueado()&amp#27;[0m
  &amp#27;[32mWhen &amp#27;[0m&amp#27;[32mpide los datos de un empleado especÃ­fico con id &amp#27;[0m&amp#27;[32m&amp#27;[1m27&amp#27;[0m                                               &amp#27;[90m# com.ejemplos.testing.serenity.stepdefinitions.GetEmpleadoStepDefinitions.realiza_una_peticion_a_la_API(int)&amp#27;[0m
  &amp#27;[32mThen &amp#27;[0m&amp#27;[32mse devuelve un empleado cuya propiedad nombre estÃ¡ compuesta por caracteres alfabÃ©ticos&amp#27;[0m          &amp#27;[90m# com.ejemplos.testing.serenity.stepdefinitions.GetEmpleadoStepDefinitions.devuelve_un_objeto_cuyo_nombre_solo_tiene_letras()&amp#27;[0m
]]>
    </system-out>
  </testcase>
  <testcase name="Al pedir los datos de un empleado la propiedad nombre es una cadena de caracteres alfabéticos #4" classname="Como administrador quiero poder obtener los datos de un empleado específico para consultar la información de éste" time="0.762">
    <system-out>
      <![CDATA[
@REQ_P3Q-4 @TEST_P3Q-21 @TESTSET_P3Q-15 @API @Cucumber
Scenario: Al pedir los datos de un empleado la propiedad nombre es una cadena de caracteres alfabÃ©ticos &amp#27;[90m# src/test/resources/features/getEmpleado/getEmpleado.feature:47&amp#27;[0m
16:17:46.446 [main] INFO  i.c.core.plugin.SerenityReporter - Running feature from file:///C:/Users/34603/Documents/GitHub/Proyecto3/Proyecto3-Serenity/src/test/resources/features/getEmpleado/getEmpleado.feature
  &amp#27;[32mGiven &amp#27;[0m&amp#27;[32mun administrador estÃ¡ logueado&amp#27;[0m                                                                  &amp#27;[90m# com.ejemplos.testing.serenity.stepdefinitions.GetEmpleadoStepDefinitions.un_administrador_logueado()&amp#27;[0m
  &amp#27;[32mWhen &amp#27;[0m&amp#27;[32mpide los datos de un empleado especÃ­fico con id &amp#27;[0m&amp#27;[32m&amp#27;[1m33&amp#27;[0m                                               &amp#27;[90m# com.ejemplos.testing.serenity.stepdefinitions.GetEmpleadoStepDefinitions.realiza_una_peticion_a_la_API(int)&amp#27;[0m
  &amp#27;[32mThen &amp#27;[0m&amp#27;[32mse devuelve un empleado cuya propiedad nombre estÃ¡ compuesta por caracteres alfabÃ©ticos&amp#27;[0m          &amp#27;[90m# com.ejemplos.testing.serenity.stepdefinitions.GetEmpleadoStepDefinitions.devuelve_un_objeto_cuyo_nombre_solo_tiene_letras()&amp#27;[0m
]]>
    </system-out>
  </testcase>
  <testcase name="Al pedir los datos de un empleado la propiedad nombre es una cadena de caracteres alfabéticos #5" classname="Como administrador quiero poder obtener los datos de un empleado específico para consultar la información de éste" time="0.779">
    <system-out>
      <![CDATA[
@REQ_P3Q-4 @TEST_P3Q-21 @TESTSET_P3Q-15 @API @Cucumber
Scenario: Al pedir los datos de un empleado la propiedad nombre es una cadena de caracteres alfabÃ©ticos &amp#27;[90m# src/test/resources/features/getEmpleado/getEmpleado.feature:48&amp#27;[0m
16:17:47.208 [main] INFO  i.c.core.plugin.SerenityReporter - Running feature from file:///C:/Users/34603/Documents/GitHub/Proyecto3/Proyecto3-Serenity/src/test/resources/features/getEmpleado/getEmpleado.feature
  &amp#27;[32mGiven &amp#27;[0m&amp#27;[32mun administrador estÃ¡ logueado&amp#27;[0m                                                                  &amp#27;[90m# com.ejemplos.testing.serenity.stepdefinitions.GetEmpleadoStepDefinitions.un_administrador_logueado()&amp#27;[0m
  &amp#27;[32mWhen &amp#27;[0m&amp#27;[32mpide los datos de un empleado especÃ­fico con id &amp#27;[0m&amp#27;[32m&amp#27;[1m42&amp#27;[0m                                               &amp#27;[90m# com.ejemplos.testing.serenity.stepdefinitions.GetEmpleadoStepDefinitions.realiza_una_peticion_a_la_API(int)&amp#27;[0m
  &amp#27;[32mThen &amp#27;[0m&amp#27;[32mse devuelve un empleado cuya propiedad nombre estÃ¡ compuesta por caracteres alfabÃ©ticos&amp#27;[0m          &amp#27;[90m# com.ejemplos.testing.serenity.stepdefinitions.GetEmpleadoStepDefinitions.devuelve_un_objeto_cuyo_nombre_solo_tiene_letras()&amp#27;[0m
]]>
    </system-out>
  </testcase>
  <testcase name="Al pedir los datos de un empleado la propiedad nombre es una cadena de caracteres alfabéticos #6" classname="Como administrador quiero poder obtener los datos de un empleado específico para consultar la información de éste" time="0.786">
    <system-out>
      <![CDATA[
@REQ_P3Q-4 @TEST_P3Q-21 @TESTSET_P3Q-15 @API @Cucumber
Scenario: Al pedir los datos de un empleado la propiedad nombre es una cadena de caracteres alfabÃ©ticos &amp#27;[90m# src/test/resources/features/getEmpleado/getEmpleado.feature:49&amp#27;[0m
16:17:47.988 [main] INFO  i.c.core.plugin.SerenityReporter - Running feature from file:///C:/Users/34603/Documents/GitHub/Proyecto3/Proyecto3-Serenity/src/test/resources/features/getEmpleado/getEmpleado.feature
  &amp#27;[32mGiven &amp#27;[0m&amp#27;[32mun administrador estÃ¡ logueado&amp#27;[0m                                                                  &amp#27;[90m# com.ejemplos.testing.serenity.stepdefinitions.GetEmpleadoStepDefinitions.un_administrador_logueado()&amp#27;[0m
  &amp#27;[32mWhen &amp#27;[0m&amp#27;[32mpide los datos de un empleado especÃ­fico con id &amp#27;[0m&amp#27;[32m&amp#27;[1m59&amp#27;[0m                                               &amp#27;[90m# com.ejemplos.testing.serenity.stepdefinitions.GetEmpleadoStepDefinitions.realiza_una_peticion_a_la_API(int)&amp#27;[0m
  &amp#27;[32mThen &amp#27;[0m&amp#27;[32mse devuelve un empleado cuya propiedad nombre estÃ¡ compuesta por caracteres alfabÃ©ticos&amp#27;[0m          &amp#27;[90m# com.ejemplos.testing.serenity.stepdefinitions.GetEmpleadoStepDefinitions.devuelve_un_objeto_cuyo_nombre_solo_tiene_letras()&amp#27;[0m
]]>
    </system-out>
  </testcase>
  <testcase name="Al pedir los datos de un empleado la propiedad nombre es una cadena de caracteres alfabéticos #7" classname="Como administrador quiero poder obtener los datos de un empleado específico para consultar la información de éste" time="0.783">
    <system-out>
      <![CDATA[
@REQ_P3Q-4 @TEST_P3Q-21 @TESTSET_P3Q-15 @API @Cucumber
Scenario: Al pedir los datos de un empleado la propiedad nombre es una cadena de caracteres alfabÃ©ticos &amp#27;[90m# src/test/resources/features/getEmpleado/getEmpleado.feature:50&amp#27;[0m
16:17:48.774 [main] INFO  i.c.core.plugin.SerenityReporter - Running feature from file:///C:/Users/34603/Documents/GitHub/Proyecto3/Proyecto3-Serenity/src/test/resources/features/getEmpleado/getEmpleado.feature
  &amp#27;[32mGiven &amp#27;[0m&amp#27;[32mun administrador estÃ¡ logueado&amp#27;[0m                                                                  &amp#27;[90m# com.ejemplos.testing.serenity.stepdefinitions.GetEmpleadoStepDefinitions.un_administrador_logueado()&amp#27;[0m
  &amp#27;[32mWhen &amp#27;[0m&amp#27;[32mpide los datos de un empleado especÃ­fico con id &amp#27;[0m&amp#27;[32m&amp#27;[1m66&amp#27;[0m                                               &amp#27;[90m# com.ejemplos.testing.serenity.stepdefinitions.GetEmpleadoStepDefinitions.realiza_una_peticion_a_la_API(int)&amp#27;[0m
  &amp#27;[32mThen &amp#27;[0m&amp#27;[32mse devuelve un empleado cuya propiedad nombre estÃ¡ compuesta por caracteres alfabÃ©ticos&amp#27;[0m          &amp#27;[90m# com.ejemplos.testing.serenity.stepdefinitions.GetEmpleadoStepDefinitions.devuelve_un_objeto_cuyo_nombre_solo_tiene_letras()&amp#27;[0m
]]>
    </system-out>
  </testcase>
  <testcase name="Al pedir los datos de un empleado la propiedad nombre es una cadena de caracteres alfabéticos #8" classname="Como administrador quiero poder obtener los datos de un empleado específico para consultar la información de éste" time="0.768">
    <system-out>
      <![CDATA[
@REQ_P3Q-4 @TEST_P3Q-21 @TESTSET_P3Q-15 @API @Cucumber
Scenario: Al pedir los datos de un empleado la propiedad nombre es una cadena de caracteres alfabÃ©ticos &amp#27;[90m# src/test/resources/features/getEmpleado/getEmpleado.feature:51&amp#27;[0m
16:17:49.557 [main] INFO  i.c.core.plugin.SerenityReporter - Running feature from file:///C:/Users/34603/Documents/GitHub/Proyecto3/Proyecto3-Serenity/src/test/resources/features/getEmpleado/getEmpleado.feature
  &amp#27;[32mGiven &amp#27;[0m&amp#27;[32mun administrador estÃ¡ logueado&amp#27;[0m                                                                  &amp#27;[90m# com.ejemplos.testing.serenity.stepdefinitions.GetEmpleadoStepDefinitions.un_administrador_logueado()&amp#27;[0m
  &amp#27;[32mWhen &amp#27;[0m&amp#27;[32mpide los datos de un empleado especÃ­fico con id &amp#27;[0m&amp#27;[32m&amp#27;[1m72&amp#27;[0m                                               &amp#27;[90m# com.ejemplos.testing.serenity.stepdefinitions.GetEmpleadoStepDefinitions.realiza_una_peticion_a_la_API(int)&amp#27;[0m
  &amp#27;[32mThen &amp#27;[0m&amp#27;[32mse devuelve un empleado cuya propiedad nombre estÃ¡ compuesta por caracteres alfabÃ©ticos&amp#27;[0m          &amp#27;[90m# com.ejemplos.testing.serenity.stepdefinitions.GetEmpleadoStepDefinitions.devuelve_un_objeto_cuyo_nombre_solo_tiene_letras()&amp#27;[0m
]]>
    </system-out>
  </testcase>
  <testcase name="Al pedir los datos de un empleado la propiedad nombre es una cadena de caracteres alfabéticos #9" classname="Como administrador quiero poder obtener los datos de un empleado específico para consultar la información de éste" time="0.745">
    <system-out>
      <![CDATA[
@REQ_P3Q-4 @TEST_P3Q-21 @TESTSET_P3Q-15 @API @Cucumber
Scenario: Al pedir los datos de un empleado la propiedad nombre es una cadena de caracteres alfabÃ©ticos &amp#27;[90m# src/test/resources/features/getEmpleado/getEmpleado.feature:52&amp#27;[0m
16:17:50.325 [main] INFO  i.c.core.plugin.SerenityReporter - Running feature from file:///C:/Users/34603/Documents/GitHub/Proyecto3/Proyecto3-Serenity/src/test/resources/features/getEmpleado/getEmpleado.feature
  &amp#27;[32mGiven &amp#27;[0m&amp#27;[32mun administrador estÃ¡ logueado&amp#27;[0m                                                                  &amp#27;[90m# com.ejemplos.testing.serenity.stepdefinitions.GetEmpleadoStepDefinitions.un_administrador_logueado()&amp#27;[0m
  &amp#27;[32mWhen &amp#27;[0m&amp#27;[32mpide los datos de un empleado especÃ­fico con id &amp#27;[0m&amp#27;[32m&amp#27;[1m88&amp#27;[0m                                               &amp#27;[90m# com.ejemplos.testing.serenity.stepdefinitions.GetEmpleadoStepDefinitions.realiza_una_peticion_a_la_API(int)&amp#27;[0m
  &amp#27;[32mThen &amp#27;[0m&amp#27;[32mse devuelve un empleado cuya propiedad nombre estÃ¡ compuesta por caracteres alfabÃ©ticos&amp#27;[0m          &amp#27;[90m# com.ejemplos.testing.serenity.stepdefinitions.GetEmpleadoStepDefinitions.devuelve_un_objeto_cuyo_nombre_solo_tiene_letras()&amp#27;[0m
]]>
    </system-out>
  </testcase>
  <testcase name="Al pedir los datos de un empleado la propiedad nombre es una cadena de caracteres alfabéticos #10" classname="Como administrador quiero poder obtener los datos de un empleado específico para consultar la información de éste" time="0.767">
    <system-out>
      <![CDATA[
@REQ_P3Q-4 @TEST_P3Q-21 @TESTSET_P3Q-15 @API @Cucumber
Scenario: Al pedir los datos de un empleado la propiedad nombre es una cadena de caracteres alfabÃ©ticos &amp#27;[90m# src/test/resources/features/getEmpleado/getEmpleado.feature:53&amp#27;[0m
16:17:51.070 [main] INFO  i.c.core.plugin.SerenityReporter - Running feature from file:///C:/Users/34603/Documents/GitHub/Proyecto3/Proyecto3-Serenity/src/test/resources/features/getEmpleado/getEmpleado.feature
  &amp#27;[32mGiven &amp#27;[0m&amp#27;[32mun administrador estÃ¡ logueado&amp#27;[0m                                                                  &amp#27;[90m# com.ejemplos.testing.serenity.stepdefinitions.GetEmpleadoStepDefinitions.un_administrador_logueado()&amp#27;[0m
  &amp#27;[32mWhen &amp#27;[0m&amp#27;[32mpide los datos de un empleado especÃ­fico con id &amp#27;[0m&amp#27;[32m&amp#27;[1m93&amp#27;[0m                                               &amp#27;[90m# com.ejemplos.testing.serenity.stepdefinitions.GetEmpleadoStepDefinitions.realiza_una_peticion_a_la_API(int)&amp#27;[0m
  &amp#27;[32mThen &amp#27;[0m&amp#27;[32mse devuelve un empleado cuya propiedad nombre estÃ¡ compuesta por caracteres alfabÃ©ticos&amp#27;[0m          &amp#27;[90m# com.ejemplos.testing.serenity.stepdefinitions.GetEmpleadoStepDefinitions.devuelve_un_objeto_cuyo_nombre_solo_tiene_letras()&amp#27;[0m
]]>
    </system-out>
  </testcase>
  <testcase name="Al pedir los datos de un empleado, la propiedad apellido es una cadena de caracteres alfabéticos #1" classname="Como administrador quiero poder obtener los datos de un empleado específico para consultar la información de éste" time="0.798">
    <system-out>
      <![CDATA[
@REQ_P3Q-4 @TEST_P3Q-89 @TESTSET_P3Q-15 @API @Cucumber
Scenario: Al pedir los datos de un empleado, la propiedad apellido es una cadena de caracteres alfabÃ©ticos &amp#27;[90m# src/test/resources/features/getEmpleado/getEmpleado.feature:61&amp#27;[0m
16:17:51.840 [main] INFO  i.c.core.plugin.SerenityReporter - Running feature from file:///C:/Users/34603/Documents/GitHub/Proyecto3/Proyecto3-Serenity/src/test/resources/features/getEmpleado/getEmpleado.feature
16:17:51.843 [main] INFO   - 
  _____   ___   ___   _____     ___   _____     _     ___   _____   ___   ___  
 |_   _| | __| / __| |_   _|   / __| |_   _|   /_\   | _ \ |_   _| | __| |   \ 
   | |   | _|  \__ \   | |     \__ \   | |    / _ \  |   /   | |   | _|  | |) |
   |_|   |___| |___/   |_|     |___/   |_|   /_/ \_\ |_|_\   |_|   |___| |___/ 

Al pedir los datos de un empleado, la propiedad apellido es una cadena de caracteres alfabéticos(como-administrador-quiero-poder-obtener-los-datos-de-un-empleado-específico-para-consultar-la-información-de-éste;al-pedir-los-datos-de-un-empleado--la-propiedad-apellido-es-una-cadena-de-caracteres-alfabéticos)
--------------------------------------------------------------------------------
  &amp#27;[32mGiven &amp#27;[0m&amp#27;[32mun administrador estÃ¡ logueado&amp#27;[0m                                                                     &amp#27;[90m# com.ejemplos.testing.serenity.stepdefinitions.GetEmpleadoStepDefinitions.un_administrador_logueado()&amp#27;[0m
  &amp#27;[32mWhen &amp#27;[0m&amp#27;[32mpide los datos de un empleado especÃ­fico con id &amp#27;[0m&amp#27;[32m&amp#27;[1m1&amp#27;[0m                                                   &amp#27;[90m# com.ejemplos.testing.serenity.stepdefinitions.GetEmpleadoStepDefinitions.realiza_una_peticion_a_la_API(int)&amp#27;[0m
  &amp#27;[32mThen &amp#27;[0m&amp#27;[32mse devuelve un empleado cuya propiedad apellido estÃ¡ compuesta por caracteres alfabÃ©ticos&amp#27;[0m           &amp#27;[90m# com.ejemplos.testing.serenity.stepdefinitions.GetEmpleadoStepDefinitions.devuelve_un_objeto_cuyo_apellido_solo_tiene_letras()&amp#27;[0m
16:17:52.628 [main] INFO   - 
  _____   ___   ___   _____     ___     _     ___   ___   ___   ___  
 |_   _| | __| / __| |_   _|   | _ \   /_\   / __| / __| | __| |   \ 
   | |   | _|  \__ \   | |     |  _/  / _ \  \__ \ \__ \ | _|  | |) |
   |_|   |___| |___/   |_|     |_|   /_/ \_\ |___/ |___/ |___| |___/ 

Al pedir los datos de un empleado, la propiedad apellido es una cadena de caracteres alfabéticos
----------------------------------------------------------------------
]]>
    </system-out>
  </testcase>
  <testcase name="Al pedir los datos de un empleado, la propiedad apellido es una cadena de caracteres alfabéticos #2" classname="Como administrador quiero poder obtener los datos de un empleado específico para consultar la información de éste" time="0.76">
    <system-out>
      <![CDATA[
@REQ_P3Q-4 @TEST_P3Q-89 @TESTSET_P3Q-15 @API @Cucumber
Scenario: Al pedir los datos de un empleado, la propiedad apellido es una cadena de caracteres alfabÃ©ticos &amp#27;[90m# src/test/resources/features/getEmpleado/getEmpleado.feature:62&amp#27;[0m
16:17:52.636 [main] INFO  i.c.core.plugin.SerenityReporter - Running feature from file:///C:/Users/34603/Documents/GitHub/Proyecto3/Proyecto3-Serenity/src/test/resources/features/getEmpleado/getEmpleado.feature
  &amp#27;[32mGiven &amp#27;[0m&amp#27;[32mun administrador estÃ¡ logueado&amp#27;[0m                                                                     &amp#27;[90m# com.ejemplos.testing.serenity.stepdefinitions.GetEmpleadoStepDefinitions.un_administrador_logueado()&amp#27;[0m
  &amp#27;[32mWhen &amp#27;[0m&amp#27;[32mpide los datos de un empleado especÃ­fico con id &amp#27;[0m&amp#27;[32m&amp#27;[1m15&amp#27;[0m                                                  &amp#27;[90m# com.ejemplos.testing.serenity.stepdefinitions.GetEmpleadoStepDefinitions.realiza_una_peticion_a_la_API(int)&amp#27;[0m
  &amp#27;[32mThen &amp#27;[0m&amp#27;[32mse devuelve un empleado cuya propiedad apellido estÃ¡ compuesta por caracteres alfabÃ©ticos&amp#27;[0m           &amp#27;[90m# com.ejemplos.testing.serenity.stepdefinitions.GetEmpleadoStepDefinitions.devuelve_un_objeto_cuyo_apellido_solo_tiene_letras()&amp#27;[0m
16:17:53.388 [main] INFO   - 
  _____   ___   ___   _____     ___     _     ___   ___   ___   ___  
 |_   _| | __| / __| |_   _|   | _ \   /_\   / __| / __| | __| |   \ 
   | |   | _|  \__ \   | |     |  _/  / _ \  \__ \ \__ \ | _|  | |) |
   |_|   |___| |___/   |_|     |_|   /_/ \_\ |___/ |___/ |___| |___/ 

Al pedir los datos de un empleado, la propiedad apellido es una cadena de caracteres alfabéticos
----------------------------------------------------------------------
]]>
    </system-out>
  </testcase>
  <testcase name="Al pedir los datos de un empleado, la propiedad apellido es una cadena de caracteres alfabéticos #3" classname="Como administrador quiero poder obtener los datos de un empleado específico para consultar la información de éste" time="0.754">
    <system-out>
      <![CDATA[
@REQ_P3Q-4 @TEST_P3Q-89 @TESTSET_P3Q-15 @API @Cucumber
Scenario: Al pedir los datos de un empleado, la propiedad apellido es una cadena de caracteres alfabÃ©ticos &amp#27;[90m# src/test/resources/features/getEmpleado/getEmpleado.feature:63&amp#27;[0m
16:17:53.396 [main] INFO  i.c.core.plugin.SerenityReporter - Running feature from file:///C:/Users/34603/Documents/GitHub/Proyecto3/Proyecto3-Serenity/src/test/resources/features/getEmpleado/getEmpleado.feature
  &amp#27;[32mGiven &amp#27;[0m&amp#27;[32mun administrador estÃ¡ logueado&amp#27;[0m                                                                     &amp#27;[90m# com.ejemplos.testing.serenity.stepdefinitions.GetEmpleadoStepDefinitions.un_administrador_logueado()&amp#27;[0m
  &amp#27;[32mWhen &amp#27;[0m&amp#27;[32mpide los datos de un empleado especÃ­fico con id &amp#27;[0m&amp#27;[32m&amp#27;[1m27&amp#27;[0m                                                  &amp#27;[90m# com.ejemplos.testing.serenity.stepdefinitions.GetEmpleadoStepDefinitions.realiza_una_peticion_a_la_API(int)&amp#27;[0m
  &amp#27;[32mThen &amp#27;[0m&amp#27;[32mse devuelve un empleado cuya propiedad apellido estÃ¡ compuesta por caracteres alfabÃ©ticos&amp#27;[0m           &amp#27;[90m# com.ejemplos.testing.serenity.stepdefinitions.GetEmpleadoStepDefinitions.devuelve_un_objeto_cuyo_apellido_solo_tiene_letras()&amp#27;[0m
]]>
    </system-out>
  </testcase>
  <testcase name="Al pedir los datos de un empleado, la propiedad apellido es una cadena de caracteres alfabéticos #4" classname="Como administrador quiero poder obtener los datos de un empleado específico para consultar la información de éste" time="0.773">
    <system-out>
      <![CDATA[
@REQ_P3Q-4 @TEST_P3Q-89 @TESTSET_P3Q-15 @API @Cucumber
Scenario: Al pedir los datos de un empleado, la propiedad apellido es una cadena de caracteres alfabÃ©ticos &amp#27;[90m# src/test/resources/features/getEmpleado/getEmpleado.feature:64&amp#27;[0m
16:17:54.151 [main] INFO  i.c.core.plugin.SerenityReporter - Running feature from file:///C:/Users/34603/Documents/GitHub/Proyecto3/Proyecto3-Serenity/src/test/resources/features/getEmpleado/getEmpleado.feature
  &amp#27;[32mGiven &amp#27;[0m&amp#27;[32mun administrador estÃ¡ logueado&amp#27;[0m                                                                     &amp#27;[90m# com.ejemplos.testing.serenity.stepdefinitions.GetEmpleadoStepDefinitions.un_administrador_logueado()&amp#27;[0m
  &amp#27;[32mWhen &amp#27;[0m&amp#27;[32mpide los datos de un empleado especÃ­fico con id &amp#27;[0m&amp#27;[32m&amp#27;[1m33&amp#27;[0m                                                  &amp#27;[90m# com.ejemplos.testing.serenity.stepdefinitions.GetEmpleadoStepDefinitions.realiza_una_peticion_a_la_API(int)&amp#27;[0m
  &amp#27;[32mThen &amp#27;[0m&amp#27;[32mse devuelve un empleado cuya propiedad apellido estÃ¡ compuesta por caracteres alfabÃ©ticos&amp#27;[0m           &amp#27;[90m# com.ejemplos.testing.serenity.stepdefinitions.GetEmpleadoStepDefinitions.devuelve_un_objeto_cuyo_apellido_solo_tiene_letras()&amp#27;[0m
]]>
    </system-out>
  </testcase>
  <testcase name="Al pedir los datos de un empleado, la propiedad apellido es una cadena de caracteres alfabéticos #5" classname="Como administrador quiero poder obtener los datos de un empleado específico para consultar la información de éste" time="0.762">
    <system-out>
      <![CDATA[
@REQ_P3Q-4 @TEST_P3Q-89 @TESTSET_P3Q-15 @API @Cucumber
Scenario: Al pedir los datos de un empleado, la propiedad apellido es una cadena de caracteres alfabÃ©ticos &amp#27;[90m# src/test/resources/features/getEmpleado/getEmpleado.feature:65&amp#27;[0m
16:17:54.926 [main] INFO  i.c.core.plugin.SerenityReporter - Running feature from file:///C:/Users/34603/Documents/GitHub/Proyecto3/Proyecto3-Serenity/src/test/resources/features/getEmpleado/getEmpleado.feature
  &amp#27;[32mGiven &amp#27;[0m&amp#27;[32mun administrador estÃ¡ logueado&amp#27;[0m                                                                     &amp#27;[90m# com.ejemplos.testing.serenity.stepdefinitions.GetEmpleadoStepDefinitions.un_administrador_logueado()&amp#27;[0m
  &amp#27;[32mWhen &amp#27;[0m&amp#27;[32mpide los datos de un empleado especÃ­fico con id &amp#27;[0m&amp#27;[32m&amp#27;[1m42&amp#27;[0m                                                  &amp#27;[90m# com.ejemplos.testing.serenity.stepdefinitions.GetEmpleadoStepDefinitions.realiza_una_peticion_a_la_API(int)&amp#27;[0m
  &amp#27;[32mThen &amp#27;[0m&amp#27;[32mse devuelve un empleado cuya propiedad apellido estÃ¡ compuesta por caracteres alfabÃ©ticos&amp#27;[0m           &amp#27;[90m# com.ejemplos.testing.serenity.stepdefinitions.GetEmpleadoStepDefinitions.devuelve_un_objeto_cuyo_apellido_solo_tiene_letras()&amp#27;[0m
]]>
    </system-out>
  </testcase>
  <testcase name="Al pedir los datos de un empleado, la propiedad apellido es una cadena de caracteres alfabéticos #6" classname="Como administrador quiero poder obtener los datos de un empleado específico para consultar la información de éste" time="0.844">
    <system-out>
      <![CDATA[
@REQ_P3Q-4 @TEST_P3Q-89 @TESTSET_P3Q-15 @API @Cucumber
Scenario: Al pedir los datos de un empleado, la propiedad apellido es una cadena de caracteres alfabÃ©ticos &amp#27;[90m# src/test/resources/features/getEmpleado/getEmpleado.feature:66&amp#27;[0m
16:17:55.686 [main] INFO  i.c.core.plugin.SerenityReporter - Running feature from file:///C:/Users/34603/Documents/GitHub/Proyecto3/Proyecto3-Serenity/src/test/resources/features/getEmpleado/getEmpleado.feature
  &amp#27;[32mGiven &amp#27;[0m&amp#27;[32mun administrador estÃ¡ logueado&amp#27;[0m                                                                     &amp#27;[90m# com.ejemplos.testing.serenity.stepdefinitions.GetEmpleadoStepDefinitions.un_administrador_logueado()&amp#27;[0m
  &amp#27;[32mWhen &amp#27;[0m&amp#27;[32mpide los datos de un empleado especÃ­fico con id &amp#27;[0m&amp#27;[32m&amp#27;[1m59&amp#27;[0m                                                  &amp#27;[90m# com.ejemplos.testing.serenity.stepdefinitions.GetEmpleadoStepDefinitions.realiza_una_peticion_a_la_API(int)&amp#27;[0m
  &amp#27;[32mThen &amp#27;[0m&amp#27;[32mse devuelve un empleado cuya propiedad apellido estÃ¡ compuesta por caracteres alfabÃ©ticos&amp#27;[0m           &amp#27;[90m# com.ejemplos.testing.serenity.stepdefinitions.GetEmpleadoStepDefinitions.devuelve_un_objeto_cuyo_apellido_solo_tiene_letras()&amp#27;[0m
]]>
    </system-out>
  </testcase>
  <testcase name="Al pedir los datos de un empleado, la propiedad apellido es una cadena de caracteres alfabéticos #7" classname="Como administrador quiero poder obtener los datos de un empleado específico para consultar la información de éste" time="0.742">
    <system-out>
      <![CDATA[
@REQ_P3Q-4 @TEST_P3Q-89 @TESTSET_P3Q-15 @API @Cucumber
Scenario: Al pedir los datos de un empleado, la propiedad apellido es una cadena de caracteres alfabÃ©ticos &amp#27;[90m# src/test/resources/features/getEmpleado/getEmpleado.feature:67&amp#27;[0m
16:17:56.530 [main] INFO  i.c.core.plugin.SerenityReporter - Running feature from file:///C:/Users/34603/Documents/GitHub/Proyecto3/Proyecto3-Serenity/src/test/resources/features/getEmpleado/getEmpleado.feature
  &amp#27;[32mGiven &amp#27;[0m&amp#27;[32mun administrador estÃ¡ logueado&amp#27;[0m                                                                     &amp#27;[90m# com.ejemplos.testing.serenity.stepdefinitions.GetEmpleadoStepDefinitions.un_administrador_logueado()&amp#27;[0m
  &amp#27;[32mWhen &amp#27;[0m&amp#27;[32mpide los datos de un empleado especÃ­fico con id &amp#27;[0m&amp#27;[32m&amp#27;[1m66&amp#27;[0m                                                  &amp#27;[90m# com.ejemplos.testing.serenity.stepdefinitions.GetEmpleadoStepDefinitions.realiza_una_peticion_a_la_API(int)&amp#27;[0m
  &amp#27;[32mThen &amp#27;[0m&amp#27;[32mse devuelve un empleado cuya propiedad apellido estÃ¡ compuesta por caracteres alfabÃ©ticos&amp#27;[0m           &amp#27;[90m# com.ejemplos.testing.serenity.stepdefinitions.GetEmpleadoStepDefinitions.devuelve_un_objeto_cuyo_apellido_solo_tiene_letras()&amp#27;[0m
]]>
    </system-out>
  </testcase>
  <testcase name="Al pedir los datos de un empleado, la propiedad apellido es una cadena de caracteres alfabéticos #8" classname="Como administrador quiero poder obtener los datos de un empleado específico para consultar la información de éste" time="0.733">
    <system-out>
      <![CDATA[
@REQ_P3Q-4 @TEST_P3Q-89 @TESTSET_P3Q-15 @API @Cucumber
Scenario: Al pedir los datos de un empleado, la propiedad apellido es una cadena de caracteres alfabÃ©ticos &amp#27;[90m# src/test/resources/features/getEmpleado/getEmpleado.feature:68&amp#27;[0m
16:17:57.275 [main] INFO  i.c.core.plugin.SerenityReporter - Running feature from file:///C:/Users/34603/Documents/GitHub/Proyecto3/Proyecto3-Serenity/src/test/resources/features/getEmpleado/getEmpleado.feature
  &amp#27;[32mGiven &amp#27;[0m&amp#27;[32mun administrador estÃ¡ logueado&amp#27;[0m                                                                     &amp#27;[90m# com.ejemplos.testing.serenity.stepdefinitions.GetEmpleadoStepDefinitions.un_administrador_logueado()&amp#27;[0m
  &amp#27;[32mWhen &amp#27;[0m&amp#27;[32mpide los datos de un empleado especÃ­fico con id &amp#27;[0m&amp#27;[32m&amp#27;[1m72&amp#27;[0m                                                  &amp#27;[90m# com.ejemplos.testing.serenity.stepdefinitions.GetEmpleadoStepDefinitions.realiza_una_peticion_a_la_API(int)&amp#27;[0m
  &amp#27;[32mThen &amp#27;[0m&amp#27;[32mse devuelve un empleado cuya propiedad apellido estÃ¡ compuesta por caracteres alfabÃ©ticos&amp#27;[0m           &amp#27;[90m# com.ejemplos.testing.serenity.stepdefinitions.GetEmpleadoStepDefinitions.devuelve_un_objeto_cuyo_apellido_solo_tiene_letras()&amp#27;[0m
]]>
    </system-out>
  </testcase>
  <testcase name="Al pedir los datos de un empleado, la propiedad apellido es una cadena de caracteres alfabéticos #9" classname="Como administrador quiero poder obtener los datos de un empleado específico para consultar la información de éste" time="0.735">
    <system-out>
      <![CDATA[
@REQ_P3Q-4 @TEST_P3Q-89 @TESTSET_P3Q-15 @API @Cucumber
Scenario: Al pedir los datos de un empleado, la propiedad apellido es una cadena de caracteres alfabÃ©ticos &amp#27;[90m# src/test/resources/features/getEmpleado/getEmpleado.feature:69&amp#27;[0m
16:17:58.005 [main] INFO  i.c.core.plugin.SerenityReporter - Running feature from file:///C:/Users/34603/Documents/GitHub/Proyecto3/Proyecto3-Serenity/src/test/resources/features/getEmpleado/getEmpleado.feature
  &amp#27;[32mGiven &amp#27;[0m&amp#27;[32mun administrador estÃ¡ logueado&amp#27;[0m                                                                     &amp#27;[90m# com.ejemplos.testing.serenity.stepdefinitions.GetEmpleadoStepDefinitions.un_administrador_logueado()&amp#27;[0m
  &amp#27;[32mWhen &amp#27;[0m&amp#27;[32mpide los datos de un empleado especÃ­fico con id &amp#27;[0m&amp#27;[32m&amp#27;[1m88&amp#27;[0m                                                  &amp#27;[90m# com.ejemplos.testing.serenity.stepdefinitions.GetEmpleadoStepDefinitions.realiza_una_peticion_a_la_API(int)&amp#27;[0m
  &amp#27;[32mThen &amp#27;[0m&amp#27;[32mse devuelve un empleado cuya propiedad apellido estÃ¡ compuesta por caracteres alfabÃ©ticos&amp#27;[0m           &amp#27;[90m# com.ejemplos.testing.serenity.stepdefinitions.GetEmpleadoStepDefinitions.devuelve_un_objeto_cuyo_apellido_solo_tiene_letras()&amp#27;[0m
]]>
    </system-out>
  </testcase>
  <testcase name="Al pedir los datos de un empleado, la propiedad apellido es una cadena de caracteres alfabéticos #10" classname="Como administrador quiero poder obtener los datos de un empleado específico para consultar la información de éste" time="0.746">
    <system-out>
      <![CDATA[
@REQ_P3Q-4 @TEST_P3Q-89 @TESTSET_P3Q-15 @API @Cucumber
Scenario: Al pedir los datos de un empleado, la propiedad apellido es una cadena de caracteres alfabÃ©ticos &amp#27;[90m# src/test/resources/features/getEmpleado/getEmpleado.feature:70&amp#27;[0m
16:17:58.741 [main] INFO  i.c.core.plugin.SerenityReporter - Running feature from file:///C:/Users/34603/Documents/GitHub/Proyecto3/Proyecto3-Serenity/src/test/resources/features/getEmpleado/getEmpleado.feature
  &amp#27;[32mGiven &amp#27;[0m&amp#27;[32mun administrador estÃ¡ logueado&amp#27;[0m                                                                     &amp#27;[90m# com.ejemplos.testing.serenity.stepdefinitions.GetEmpleadoStepDefinitions.un_administrador_logueado()&amp#27;[0m
  &amp#27;[32mWhen &amp#27;[0m&amp#27;[32mpide los datos de un empleado especÃ­fico con id &amp#27;[0m&amp#27;[32m&amp#27;[1m93&amp#27;[0m                                                  &amp#27;[90m# com.ejemplos.testing.serenity.stepdefinitions.GetEmpleadoStepDefinitions.realiza_una_peticion_a_la_API(int)&amp#27;[0m
  &amp#27;[32mThen &amp#27;[0m&amp#27;[32mse devuelve un empleado cuya propiedad apellido estÃ¡ compuesta por caracteres alfabÃ©ticos&amp#27;[0m           &amp#27;[90m# com.ejemplos.testing.serenity.stepdefinitions.GetEmpleadoStepDefinitions.devuelve_un_objeto_cuyo_apellido_solo_tiene_letras()&amp#27;[0m
]]>
    </system-out>
  </testcase>
  <testcase name="Al pedir los datos de un empleado, la propiedad edad es un entero #1" classname="Como administrador quiero poder obtener los datos de un empleado específico para consultar la información de éste" time="0.72">
    <system-out>
      <![CDATA[
@REQ_P3Q-4 @TEST_P3Q-91 @TESTSET_P3Q-15 @API @Cucumber
Scenario: Al pedir los datos de un empleado, la propiedad edad es un entero &amp#27;[90m# src/test/resources/features/getEmpleado/getEmpleado.feature:78&amp#27;[0m
16:17:59.488 [main] INFO  i.c.core.plugin.SerenityReporter - Running feature from file:///C:/Users/34603/Documents/GitHub/Proyecto3/Proyecto3-Serenity/src/test/resources/features/getEmpleado/getEmpleado.feature
16:17:59.490 [main] INFO   - 
  _____   ___   ___   _____     ___   _____     _     ___   _____   ___   ___  
 |_   _| | __| / __| |_   _|   / __| |_   _|   /_\   | _ \ |_   _| | __| |   \ 
   | |   | _|  \__ \   | |     \__ \   | |    / _ \  |   /   | |   | _|  | |) |
   |_|   |___| |___/   |_|     |___/   |_|   /_/ \_\ |_|_\   |_|   |___| |___/ 

Al pedir los datos de un empleado, la propiedad edad es un entero(como-administrador-quiero-poder-obtener-los-datos-de-un-empleado-específico-para-consultar-la-información-de-éste;al-pedir-los-datos-de-un-empleado--la-propiedad-edad-es-un-entero)
--------------------------------------------------------------------------------
  &amp#27;[32mGiven &amp#27;[0m&amp#27;[32mun administrador estÃ¡ logueado&amp#27;[0m                                      &amp#27;[90m# com.ejemplos.testing.serenity.stepdefinitions.GetEmpleadoStepDefinitions.un_administrador_logueado()&amp#27;[0m
  &amp#27;[32mWhen &amp#27;[0m&amp#27;[32mpide los datos de un empleado especÃ­fico con id &amp#27;[0m&amp#27;[32m&amp#27;[1m1&amp#27;[0m                    &amp#27;[90m# com.ejemplos.testing.serenity.stepdefinitions.GetEmpleadoStepDefinitions.realiza_una_peticion_a_la_API(int)&amp#27;[0m
  &amp#27;[32mThen &amp#27;[0m&amp#27;[32mse devuelve un empleado cuya propiedad edad es un entero&amp#27;[0m             &amp#27;[90m# com.ejemplos.testing.serenity.stepdefinitions.GetEmpleadoStepDefinitions.devuelve_un_objeto_cuya_edad_es_un_entero()&amp#27;[0m
16:18:00.201 [main] INFO   - 
  _____   ___   ___   _____     ___     _     ___   ___   ___   ___  
 |_   _| | __| / __| |_   _|   | _ \   /_\   / __| / __| | __| |   \ 
   | |   | _|  \__ \   | |     |  _/  / _ \  \__ \ \__ \ | _|  | |) |
   |_|   |___| |___/   |_|     |_|   /_/ \_\ |___/ |___/ |___| |___/ 

Al pedir los datos de un empleado, la propiedad edad es un entero
----------------------------------------------------------------------
]]>
    </system-out>
  </testcase>
  <testcase name="Al pedir los datos de un empleado, la propiedad edad es un entero #2" classname="Como administrador quiero poder obtener los datos de un empleado específico para consultar la información de éste" time="0.733">
    <system-out>
      <![CDATA[
@REQ_P3Q-4 @TEST_P3Q-91 @TESTSET_P3Q-15 @API @Cucumber
Scenario: Al pedir los datos de un empleado, la propiedad edad es un entero &amp#27;[90m# src/test/resources/features/getEmpleado/getEmpleado.feature:79&amp#27;[0m
16:18:00.209 [main] INFO  i.c.core.plugin.SerenityReporter - Running feature from file:///C:/Users/34603/Documents/GitHub/Proyecto3/Proyecto3-Serenity/src/test/resources/features/getEmpleado/getEmpleado.feature
  &amp#27;[32mGiven &amp#27;[0m&amp#27;[32mun administrador estÃ¡ logueado&amp#27;[0m                                      &amp#27;[90m# com.ejemplos.testing.serenity.stepdefinitions.GetEmpleadoStepDefinitions.un_administrador_logueado()&amp#27;[0m
  &amp#27;[32mWhen &amp#27;[0m&amp#27;[32mpide los datos de un empleado especÃ­fico con id &amp#27;[0m&amp#27;[32m&amp#27;[1m15&amp#27;[0m                   &amp#27;[90m# com.ejemplos.testing.serenity.stepdefinitions.GetEmpleadoStepDefinitions.realiza_una_peticion_a_la_API(int)&amp#27;[0m
  &amp#27;[32mThen &amp#27;[0m&amp#27;[32mse devuelve un empleado cuya propiedad edad es un entero&amp#27;[0m             &amp#27;[90m# com.ejemplos.testing.serenity.stepdefinitions.GetEmpleadoStepDefinitions.devuelve_un_objeto_cuya_edad_es_un_entero()&amp#27;[0m
16:18:00.934 [main] INFO   - 
  _____   ___   ___   _____     ___     _     ___   ___   ___   ___  
 |_   _| | __| / __| |_   _|   | _ \   /_\   / __| / __| | __| |   \ 
   | |   | _|  \__ \   | |     |  _/  / _ \  \__ \ \__ \ | _|  | |) |
   |_|   |___| |___/   |_|     |_|   /_/ \_\ |___/ |___/ |___| |___/ 

Al pedir los datos de un empleado, la propiedad edad es un entero
----------------------------------------------------------------------
]]>
    </system-out>
  </testcase>
  <testcase name="Al pedir los datos de un empleado, la propiedad edad es un entero #3" classname="Como administrador quiero poder obtener los datos de un empleado específico para consultar la información de éste" time="0.722">
    <system-out>
      <![CDATA[
@REQ_P3Q-4 @TEST_P3Q-91 @TESTSET_P3Q-15 @API @Cucumber
Scenario: Al pedir los datos de un empleado, la propiedad edad es un entero &amp#27;[90m# src/test/resources/features/getEmpleado/getEmpleado.feature:80&amp#27;[0m
16:18:00.942 [main] INFO  i.c.core.plugin.SerenityReporter - Running feature from file:///C:/Users/34603/Documents/GitHub/Proyecto3/Proyecto3-Serenity/src/test/resources/features/getEmpleado/getEmpleado.feature
  &amp#27;[32mGiven &amp#27;[0m&amp#27;[32mun administrador estÃ¡ logueado&amp#27;[0m                                      &amp#27;[90m# com.ejemplos.testing.serenity.stepdefinitions.GetEmpleadoStepDefinitions.un_administrador_logueado()&amp#27;[0m
  &amp#27;[32mWhen &amp#27;[0m&amp#27;[32mpide los datos de un empleado especÃ­fico con id &amp#27;[0m&amp#27;[32m&amp#27;[1m27&amp#27;[0m                   &amp#27;[90m# com.ejemplos.testing.serenity.stepdefinitions.GetEmpleadoStepDefinitions.realiza_una_peticion_a_la_API(int)&amp#27;[0m
  &amp#27;[32mThen &amp#27;[0m&amp#27;[32mse devuelve un empleado cuya propiedad edad es un entero&amp#27;[0m             &amp#27;[90m# com.ejemplos.testing.serenity.stepdefinitions.GetEmpleadoStepDefinitions.devuelve_un_objeto_cuya_edad_es_un_entero()&amp#27;[0m
]]>
    </system-out>
  </testcase>
  <testcase name="Al pedir los datos de un empleado, la propiedad edad es un entero #4" classname="Como administrador quiero poder obtener los datos de un empleado específico para consultar la información de éste" time="0.759">
    <system-out>
      <![CDATA[
@REQ_P3Q-4 @TEST_P3Q-91 @TESTSET_P3Q-15 @API @Cucumber
Scenario: Al pedir los datos de un empleado, la propiedad edad es un entero &amp#27;[90m# src/test/resources/features/getEmpleado/getEmpleado.feature:81&amp#27;[0m
16:18:01.664 [main] INFO  i.c.core.plugin.SerenityReporter - Running feature from file:///C:/Users/34603/Documents/GitHub/Proyecto3/Proyecto3-Serenity/src/test/resources/features/getEmpleado/getEmpleado.feature
  &amp#27;[32mGiven &amp#27;[0m&amp#27;[32mun administrador estÃ¡ logueado&amp#27;[0m                                      &amp#27;[90m# com.ejemplos.testing.serenity.stepdefinitions.GetEmpleadoStepDefinitions.un_administrador_logueado()&amp#27;[0m
  &amp#27;[32mWhen &amp#27;[0m&amp#27;[32mpide los datos de un empleado especÃ­fico con id &amp#27;[0m&amp#27;[32m&amp#27;[1m33&amp#27;[0m                   &amp#27;[90m# com.ejemplos.testing.serenity.stepdefinitions.GetEmpleadoStepDefinitions.realiza_una_peticion_a_la_API(int)&amp#27;[0m
  &amp#27;[32mThen &amp#27;[0m&amp#27;[32mse devuelve un empleado cuya propiedad edad es un entero&amp#27;[0m             &amp#27;[90m# com.ejemplos.testing.serenity.stepdefinitions.GetEmpleadoStepDefinitions.devuelve_un_objeto_cuya_edad_es_un_entero()&amp#27;[0m
]]>
    </system-out>
  </testcase>
  <testcase name="Al pedir los datos de un empleado, la propiedad edad es un entero #5" classname="Como administrador quiero poder obtener los datos de un empleado específico para consultar la información de éste" time="0.722">
    <system-out>
      <![CDATA[
@REQ_P3Q-4 @TEST_P3Q-91 @TESTSET_P3Q-15 @API @Cucumber
Scenario: Al pedir los datos de un empleado, la propiedad edad es un entero &amp#27;[90m# src/test/resources/features/getEmpleado/getEmpleado.feature:82&amp#27;[0m
16:18:02.423 [main] INFO  i.c.core.plugin.SerenityReporter - Running feature from file:///C:/Users/34603/Documents/GitHub/Proyecto3/Proyecto3-Serenity/src/test/resources/features/getEmpleado/getEmpleado.feature
  &amp#27;[32mGiven &amp#27;[0m&amp#27;[32mun administrador estÃ¡ logueado&amp#27;[0m                                      &amp#27;[90m# com.ejemplos.testing.serenity.stepdefinitions.GetEmpleadoStepDefinitions.un_administrador_logueado()&amp#27;[0m
  &amp#27;[32mWhen &amp#27;[0m&amp#27;[32mpide los datos de un empleado especÃ­fico con id &amp#27;[0m&amp#27;[32m&amp#27;[1m42&amp#27;[0m                   &amp#27;[90m# com.ejemplos.testing.serenity.stepdefinitions.GetEmpleadoStepDefinitions.realiza_una_peticion_a_la_API(int)&amp#27;[0m
  &amp#27;[32mThen &amp#27;[0m&amp#27;[32mse devuelve un empleado cuya propiedad edad es un entero&amp#27;[0m             &amp#27;[90m# com.ejemplos.testing.serenity.stepdefinitions.GetEmpleadoStepDefinitions.devuelve_un_objeto_cuya_edad_es_un_entero()&amp#27;[0m
]]>
    </system-out>
  </testcase>
  <testcase name="Al pedir los datos de un empleado, la propiedad edad es un entero #6" classname="Como administrador quiero poder obtener los datos de un empleado específico para consultar la información de éste" time="0.723">
    <system-out>
      <![CDATA[
@REQ_P3Q-4 @TEST_P3Q-91 @TESTSET_P3Q-15 @API @Cucumber
Scenario: Al pedir los datos de un empleado, la propiedad edad es un entero &amp#27;[90m# src/test/resources/features/getEmpleado/getEmpleado.feature:83&amp#27;[0m
16:18:03.148 [main] INFO  i.c.core.plugin.SerenityReporter - Running feature from file:///C:/Users/34603/Documents/GitHub/Proyecto3/Proyecto3-Serenity/src/test/resources/features/getEmpleado/getEmpleado.feature
  &amp#27;[32mGiven &amp#27;[0m&amp#27;[32mun administrador estÃ¡ logueado&amp#27;[0m                                      &amp#27;[90m# com.ejemplos.testing.serenity.stepdefinitions.GetEmpleadoStepDefinitions.un_administrador_logueado()&amp#27;[0m
  &amp#27;[32mWhen &amp#27;[0m&amp#27;[32mpide los datos de un empleado especÃ­fico con id &amp#27;[0m&amp#27;[32m&amp#27;[1m59&amp#27;[0m                   &amp#27;[90m# com.ejemplos.testing.serenity.stepdefinitions.GetEmpleadoStepDefinitions.realiza_una_peticion_a_la_API(int)&amp#27;[0m
  &amp#27;[32mThen &amp#27;[0m&amp#27;[32mse devuelve un empleado cuya propiedad edad es un entero&amp#27;[0m             &amp#27;[90m# com.ejemplos.testing.serenity.stepdefinitions.GetEmpleadoStepDefinitions.devuelve_un_objeto_cuya_edad_es_un_entero()&amp#27;[0m
]]>
    </system-out>
  </testcase>
  <testcase name="Al pedir los datos de un empleado, la propiedad edad es un entero #7" classname="Como administrador quiero poder obtener los datos de un empleado específico para consultar la información de éste" time="0.767">
    <system-out>
      <![CDATA[
@REQ_P3Q-4 @TEST_P3Q-91 @TESTSET_P3Q-15 @API @Cucumber
Scenario: Al pedir los datos de un empleado, la propiedad edad es un entero &amp#27;[90m# src/test/resources/features/getEmpleado/getEmpleado.feature:84&amp#27;[0m
16:18:03.869 [main] INFO  i.c.core.plugin.SerenityReporter - Running feature from file:///C:/Users/34603/Documents/GitHub/Proyecto3/Proyecto3-Serenity/src/test/resources/features/getEmpleado/getEmpleado.feature
  &amp#27;[32mGiven &amp#27;[0m&amp#27;[32mun administrador estÃ¡ logueado&amp#27;[0m                                      &amp#27;[90m# com.ejemplos.testing.serenity.stepdefinitions.GetEmpleadoStepDefinitions.un_administrador_logueado()&amp#27;[0m
  &amp#27;[32mWhen &amp#27;[0m&amp#27;[32mpide los datos de un empleado especÃ­fico con id &amp#27;[0m&amp#27;[32m&amp#27;[1m66&amp#27;[0m                   &amp#27;[90m# com.ejemplos.testing.serenity.stepdefinitions.GetEmpleadoStepDefinitions.realiza_una_peticion_a_la_API(int)&amp#27;[0m
  &amp#27;[32mThen &amp#27;[0m&amp#27;[32mse devuelve un empleado cuya propiedad edad es un entero&amp#27;[0m             &amp#27;[90m# com.ejemplos.testing.serenity.stepdefinitions.GetEmpleadoStepDefinitions.devuelve_un_objeto_cuya_edad_es_un_entero()&amp#27;[0m
]]>
    </system-out>
  </testcase>
  <testcase name="Al pedir los datos de un empleado, la propiedad edad es un entero #8" classname="Como administrador quiero poder obtener los datos de un empleado específico para consultar la información de éste" time="0.744">
    <system-out>
      <![CDATA[
@REQ_P3Q-4 @TEST_P3Q-91 @TESTSET_P3Q-15 @API @Cucumber
Scenario: Al pedir los datos de un empleado, la propiedad edad es un entero &amp#27;[90m# src/test/resources/features/getEmpleado/getEmpleado.feature:85&amp#27;[0m
16:18:04.635 [main] INFO  i.c.core.plugin.SerenityReporter - Running feature from file:///C:/Users/34603/Documents/GitHub/Proyecto3/Proyecto3-Serenity/src/test/resources/features/getEmpleado/getEmpleado.feature
  &amp#27;[32mGiven &amp#27;[0m&amp#27;[32mun administrador estÃ¡ logueado&amp#27;[0m                                      &amp#27;[90m# com.ejemplos.testing.serenity.stepdefinitions.GetEmpleadoStepDefinitions.un_administrador_logueado()&amp#27;[0m
  &amp#27;[32mWhen &amp#27;[0m&amp#27;[32mpide los datos de un empleado especÃ­fico con id &amp#27;[0m&amp#27;[32m&amp#27;[1m72&amp#27;[0m                   &amp#27;[90m# com.ejemplos.testing.serenity.stepdefinitions.GetEmpleadoStepDefinitions.realiza_una_peticion_a_la_API(int)&amp#27;[0m
  &amp#27;[32mThen &amp#27;[0m&amp#27;[32mse devuelve un empleado cuya propiedad edad es un entero&amp#27;[0m             &amp#27;[90m# com.ejemplos.testing.serenity.stepdefinitions.GetEmpleadoStepDefinitions.devuelve_un_objeto_cuya_edad_es_un_entero()&amp#27;[0m
]]>
    </system-out>
  </testcase>
  <testcase name="Al pedir los datos de un empleado, la propiedad edad es un entero #9" classname="Como administrador quiero poder obtener los datos de un empleado específico para consultar la información de éste" time="0.77">
    <system-out>
      <![CDATA[
@REQ_P3Q-4 @TEST_P3Q-91 @TESTSET_P3Q-15 @API @Cucumber
Scenario: Al pedir los datos de un empleado, la propiedad edad es un entero &amp#27;[90m# src/test/resources/features/getEmpleado/getEmpleado.feature:86&amp#27;[0m
16:18:05.384 [main] INFO  i.c.core.plugin.SerenityReporter - Running feature from file:///C:/Users/34603/Documents/GitHub/Proyecto3/Proyecto3-Serenity/src/test/resources/features/getEmpleado/getEmpleado.feature
  &amp#27;[32mGiven &amp#27;[0m&amp#27;[32mun administrador estÃ¡ logueado&amp#27;[0m                                      &amp#27;[90m# com.ejemplos.testing.serenity.stepdefinitions.GetEmpleadoStepDefinitions.un_administrador_logueado()&amp#27;[0m
  &amp#27;[32mWhen &amp#27;[0m&amp#27;[32mpide los datos de un empleado especÃ­fico con id &amp#27;[0m&amp#27;[32m&amp#27;[1m88&amp#27;[0m                   &amp#27;[90m# com.ejemplos.testing.serenity.stepdefinitions.GetEmpleadoStepDefinitions.realiza_una_peticion_a_la_API(int)&amp#27;[0m
  &amp#27;[32mThen &amp#27;[0m&amp#27;[32mse devuelve un empleado cuya propiedad edad es un entero&amp#27;[0m             &amp#27;[90m# com.ejemplos.testing.serenity.stepdefinitions.GetEmpleadoStepDefinitions.devuelve_un_objeto_cuya_edad_es_un_entero()&amp#27;[0m
]]>
    </system-out>
  </testcase>
  <testcase name="Al pedir los datos de un empleado, la propiedad edad es un entero #10" classname="Como administrador quiero poder obtener los datos de un empleado específico para consultar la información de éste" time="0.872">
    <system-out>
      <![CDATA[
@REQ_P3Q-4 @TEST_P3Q-91 @TESTSET_P3Q-15 @API @Cucumber
Scenario: Al pedir los datos de un empleado, la propiedad edad es un entero &amp#27;[90m# src/test/resources/features/getEmpleado/getEmpleado.feature:87&amp#27;[0m
16:18:06.150 [main] INFO  i.c.core.plugin.SerenityReporter - Running feature from file:///C:/Users/34603/Documents/GitHub/Proyecto3/Proyecto3-Serenity/src/test/resources/features/getEmpleado/getEmpleado.feature
  &amp#27;[32mGiven &amp#27;[0m&amp#27;[32mun administrador estÃ¡ logueado&amp#27;[0m                                      &amp#27;[90m# com.ejemplos.testing.serenity.stepdefinitions.GetEmpleadoStepDefinitions.un_administrador_logueado()&amp#27;[0m
  &amp#27;[32mWhen &amp#27;[0m&amp#27;[32mpide los datos de un empleado especÃ­fico con id &amp#27;[0m&amp#27;[32m&amp#27;[1m93&amp#27;[0m                   &amp#27;[90m# com.ejemplos.testing.serenity.stepdefinitions.GetEmpleadoStepDefinitions.realiza_una_peticion_a_la_API(int)&amp#27;[0m
  &amp#27;[32mThen &amp#27;[0m&amp#27;[32mse devuelve un empleado cuya propiedad edad es un entero&amp#27;[0m             &amp#27;[90m# com.ejemplos.testing.serenity.stepdefinitions.GetEmpleadoStepDefinitions.devuelve_un_objeto_cuya_edad_es_un_entero()&amp#27;[0m
]]>
    </system-out>
  </testcase>
  <testcase name="Al pedir los datos de un empleado, la propiedad edad es superior a 18 #1" classname="Como administrador quiero poder obtener los datos de un empleado específico para consultar la información de éste" time="0.741">
    <system-out>
      <![CDATA[
@REQ_P3Q-4 @TEST_P3Q-92 @TESTSET_P3Q-15 @API @Cucumber
Scenario: Al pedir los datos de un empleado, la propiedad edad es superior a 18 &amp#27;[90m# src/test/resources/features/getEmpleado/getEmpleado.feature:95&amp#27;[0m
16:18:07.022 [main] INFO  i.c.core.plugin.SerenityReporter - Running feature from file:///C:/Users/34603/Documents/GitHub/Proyecto3/Proyecto3-Serenity/src/test/resources/features/getEmpleado/getEmpleado.feature
16:18:07.024 [main] INFO   - 
  _____   ___   ___   _____     ___   _____     _     ___   _____   ___   ___  
 |_   _| | __| / __| |_   _|   / __| |_   _|   /_\   | _ \ |_   _| | __| |   \ 
   | |   | _|  \__ \   | |     \__ \   | |    / _ \  |   /   | |   | _|  | |) |
   |_|   |___| |___/   |_|     |___/   |_|   /_/ \_\ |_|_\   |_|   |___| |___/ 

Al pedir los datos de un empleado, la propiedad edad es superior a 18(como-administrador-quiero-poder-obtener-los-datos-de-un-empleado-específico-para-consultar-la-información-de-éste;al-pedir-los-datos-de-un-empleado--la-propiedad-edad-es-superior-a-18)
--------------------------------------------------------------------------------
  &amp#27;[32mGiven &amp#27;[0m&amp#27;[32mun administrador estÃ¡ logueado&amp#27;[0m                                          &amp#27;[90m# com.ejemplos.testing.serenity.stepdefinitions.GetEmpleadoStepDefinitions.un_administrador_logueado()&amp#27;[0m
  &amp#27;[32mWhen &amp#27;[0m&amp#27;[32mpide los datos de un empleado especÃ­fico con id &amp#27;[0m&amp#27;[32m&amp#27;[1m1&amp#27;[0m                        &amp#27;[90m# com.ejemplos.testing.serenity.stepdefinitions.GetEmpleadoStepDefinitions.realiza_una_peticion_a_la_API(int)&amp#27;[0m
  &amp#27;[32mThen &amp#27;[0m&amp#27;[32mse devuelve un empleado cuya propiedad edad es superior a 18&amp#27;[0m             &amp#27;[90m# com.ejemplos.testing.serenity.stepdefinitions.GetEmpleadoStepDefinitions.devuelve_un_objeto_cuya_edad_es_mayor_que_18()&amp#27;[0m
16:18:07.756 [main] INFO   - 
  _____   ___   ___   _____     ___     _     ___   ___   ___   ___  
 |_   _| | __| / __| |_   _|   | _ \   /_\   / __| / __| | __| |   \ 
   | |   | _|  \__ \   | |     |  _/  / _ \  \__ \ \__ \ | _|  | |) |
   |_|   |___| |___/   |_|     |_|   /_/ \_\ |___/ |___/ |___| |___/ 

Al pedir los datos de un empleado, la propiedad edad es superior a 18
----------------------------------------------------------------------
]]>
    </system-out>
  </testcase>
  <testcase name="Al pedir los datos de un empleado, la propiedad edad es superior a 18 #2" classname="Como administrador quiero poder obtener los datos de un empleado específico para consultar la información de éste" time="0.888">
    <system-out>
      <![CDATA[
@REQ_P3Q-4 @TEST_P3Q-92 @TESTSET_P3Q-15 @API @Cucumber
Scenario: Al pedir los datos de un empleado, la propiedad edad es superior a 18 &amp#27;[90m# src/test/resources/features/getEmpleado/getEmpleado.feature:96&amp#27;[0m
16:18:07.764 [main] INFO  i.c.core.plugin.SerenityReporter - Running feature from file:///C:/Users/34603/Documents/GitHub/Proyecto3/Proyecto3-Serenity/src/test/resources/features/getEmpleado/getEmpleado.feature
  &amp#27;[32mGiven &amp#27;[0m&amp#27;[32mun administrador estÃ¡ logueado&amp#27;[0m                                          &amp#27;[90m# com.ejemplos.testing.serenity.stepdefinitions.GetEmpleadoStepDefinitions.un_administrador_logueado()&amp#27;[0m
  &amp#27;[32mWhen &amp#27;[0m&amp#27;[32mpide los datos de un empleado especÃ­fico con id &amp#27;[0m&amp#27;[32m&amp#27;[1m15&amp#27;[0m                       &amp#27;[90m# com.ejemplos.testing.serenity.stepdefinitions.GetEmpleadoStepDefinitions.realiza_una_peticion_a_la_API(int)&amp#27;[0m
  &amp#27;[32mThen &amp#27;[0m&amp#27;[32mse devuelve un empleado cuya propiedad edad es superior a 18&amp#27;[0m             &amp#27;[90m# com.ejemplos.testing.serenity.stepdefinitions.GetEmpleadoStepDefinitions.devuelve_un_objeto_cuya_edad_es_mayor_que_18()&amp#27;[0m
16:18:08.644 [main] INFO   - 
  _____   ___   ___   _____     ___     _     ___   ___   ___   ___  
 |_   _| | __| / __| |_   _|   | _ \   /_\   / __| / __| | __| |   \ 
   | |   | _|  \__ \   | |     |  _/  / _ \  \__ \ \__ \ | _|  | |) |
   |_|   |___| |___/   |_|     |_|   /_/ \_\ |___/ |___/ |___| |___/ 

Al pedir los datos de un empleado, la propiedad edad es superior a 18
----------------------------------------------------------------------
]]>
    </system-out>
  </testcase>
  <testcase name="Al pedir los datos de un empleado, la propiedad edad es superior a 18 #3" classname="Como administrador quiero poder obtener los datos de un empleado específico para consultar la información de éste" time="0.753">
    <system-out>
      <![CDATA[
@REQ_P3Q-4 @TEST_P3Q-92 @TESTSET_P3Q-15 @API @Cucumber
Scenario: Al pedir los datos de un empleado, la propiedad edad es superior a 18 &amp#27;[90m# src/test/resources/features/getEmpleado/getEmpleado.feature:97&amp#27;[0m
16:18:08.653 [main] INFO  i.c.core.plugin.SerenityReporter - Running feature from file:///C:/Users/34603/Documents/GitHub/Proyecto3/Proyecto3-Serenity/src/test/resources/features/getEmpleado/getEmpleado.feature
  &amp#27;[32mGiven &amp#27;[0m&amp#27;[32mun administrador estÃ¡ logueado&amp#27;[0m                                          &amp#27;[90m# com.ejemplos.testing.serenity.stepdefinitions.GetEmpleadoStepDefinitions.un_administrador_logueado()&amp#27;[0m
  &amp#27;[32mWhen &amp#27;[0m&amp#27;[32mpide los datos de un empleado especÃ­fico con id &amp#27;[0m&amp#27;[32m&amp#27;[1m27&amp#27;[0m                       &amp#27;[90m# com.ejemplos.testing.serenity.stepdefinitions.GetEmpleadoStepDefinitions.realiza_una_peticion_a_la_API(int)&amp#27;[0m
  &amp#27;[32mThen &amp#27;[0m&amp#27;[32mse devuelve un empleado cuya propiedad edad es superior a 18&amp#27;[0m             &amp#27;[90m# com.ejemplos.testing.serenity.stepdefinitions.GetEmpleadoStepDefinitions.devuelve_un_objeto_cuya_edad_es_mayor_que_18()&amp#27;[0m
]]>
    </system-out>
  </testcase>
  <testcase name="Al pedir los datos de un empleado, la propiedad edad es superior a 18 #4" classname="Como administrador quiero poder obtener los datos de un empleado específico para consultar la información de éste" time="0.733">
    <system-out>
      <![CDATA[
@REQ_P3Q-4 @TEST_P3Q-92 @TESTSET_P3Q-15 @API @Cucumber
Scenario: Al pedir los datos de un empleado, la propiedad edad es superior a 18 &amp#27;[90m# src/test/resources/features/getEmpleado/getEmpleado.feature:98&amp#27;[0m
16:18:09.404 [main] INFO  i.c.core.plugin.SerenityReporter - Running feature from file:///C:/Users/34603/Documents/GitHub/Proyecto3/Proyecto3-Serenity/src/test/resources/features/getEmpleado/getEmpleado.feature
  &amp#27;[32mGiven &amp#27;[0m&amp#27;[32mun administrador estÃ¡ logueado&amp#27;[0m                                          &amp#27;[90m# com.ejemplos.testing.serenity.stepdefinitions.GetEmpleadoStepDefinitions.un_administrador_logueado()&amp#27;[0m
  &amp#27;[32mWhen &amp#27;[0m&amp#27;[32mpide los datos de un empleado especÃ­fico con id &amp#27;[0m&amp#27;[32m&amp#27;[1m33&amp#27;[0m                       &amp#27;[90m# com.ejemplos.testing.serenity.stepdefinitions.GetEmpleadoStepDefinitions.realiza_una_peticion_a_la_API(int)&amp#27;[0m
  &amp#27;[32mThen &amp#27;[0m&amp#27;[32mse devuelve un empleado cuya propiedad edad es superior a 18&amp#27;[0m             &amp#27;[90m# com.ejemplos.testing.serenity.stepdefinitions.GetEmpleadoStepDefinitions.devuelve_un_objeto_cuya_edad_es_mayor_que_18()&amp#27;[0m
]]>
    </system-out>
  </testcase>
  <testcase name="Al pedir los datos de un empleado, la propiedad edad es superior a 18 #5" classname="Como administrador quiero poder obtener los datos de un empleado específico para consultar la información de éste" time="0.734">
    <system-out>
      <![CDATA[
@REQ_P3Q-4 @TEST_P3Q-92 @TESTSET_P3Q-15 @API @Cucumber
Scenario: Al pedir los datos de un empleado, la propiedad edad es superior a 18 &amp#27;[90m# src/test/resources/features/getEmpleado/getEmpleado.feature:99&amp#27;[0m
16:18:10.139 [main] INFO  i.c.core.plugin.SerenityReporter - Running feature from file:///C:/Users/34603/Documents/GitHub/Proyecto3/Proyecto3-Serenity/src/test/resources/features/getEmpleado/getEmpleado.feature
  &amp#27;[32mGiven &amp#27;[0m&amp#27;[32mun administrador estÃ¡ logueado&amp#27;[0m                                          &amp#27;[90m# com.ejemplos.testing.serenity.stepdefinitions.GetEmpleadoStepDefinitions.un_administrador_logueado()&amp#27;[0m
  &amp#27;[32mWhen &amp#27;[0m&amp#27;[32mpide los datos de un empleado especÃ­fico con id &amp#27;[0m&amp#27;[32m&amp#27;[1m42&amp#27;[0m                       &amp#27;[90m# com.ejemplos.testing.serenity.stepdefinitions.GetEmpleadoStepDefinitions.realiza_una_peticion_a_la_API(int)&amp#27;[0m
  &amp#27;[32mThen &amp#27;[0m&amp#27;[32mse devuelve un empleado cuya propiedad edad es superior a 18&amp#27;[0m             &amp#27;[90m# com.ejemplos.testing.serenity.stepdefinitions.GetEmpleadoStepDefinitions.devuelve_un_objeto_cuya_edad_es_mayor_que_18()&amp#27;[0m
]]>
    </system-out>
  </testcase>
  <testcase name="Al pedir los datos de un empleado, la propiedad edad es superior a 18 #6" classname="Como administrador quiero poder obtener los datos de un empleado específico para consultar la información de éste" time="0.777">
    <system-out>
      <![CDATA[
@REQ_P3Q-4 @TEST_P3Q-92 @TESTSET_P3Q-15 @API @Cucumber
Scenario: Al pedir los datos de un empleado, la propiedad edad es superior a 18 &amp#27;[90m# src/test/resources/features/getEmpleado/getEmpleado.feature:100&amp#27;[0m
16:18:10.873 [main] INFO  i.c.core.plugin.SerenityReporter - Running feature from file:///C:/Users/34603/Documents/GitHub/Proyecto3/Proyecto3-Serenity/src/test/resources/features/getEmpleado/getEmpleado.feature
  &amp#27;[32mGiven &amp#27;[0m&amp#27;[32mun administrador estÃ¡ logueado&amp#27;[0m                                          &amp#27;[90m# com.ejemplos.testing.serenity.stepdefinitions.GetEmpleadoStepDefinitions.un_administrador_logueado()&amp#27;[0m
  &amp#27;[32mWhen &amp#27;[0m&amp#27;[32mpide los datos de un empleado especÃ­fico con id &amp#27;[0m&amp#27;[32m&amp#27;[1m59&amp#27;[0m                       &amp#27;[90m# com.ejemplos.testing.serenity.stepdefinitions.GetEmpleadoStepDefinitions.realiza_una_peticion_a_la_API(int)&amp#27;[0m
  &amp#27;[32mThen &amp#27;[0m&amp#27;[32mse devuelve un empleado cuya propiedad edad es superior a 18&amp#27;[0m             &amp#27;[90m# com.ejemplos.testing.serenity.stepdefinitions.GetEmpleadoStepDefinitions.devuelve_un_objeto_cuya_edad_es_mayor_que_18()&amp#27;[0m
]]>
    </system-out>
  </testcase>
  <testcase name="Al pedir los datos de un empleado, la propiedad edad es superior a 18 #7" classname="Como administrador quiero poder obtener los datos de un empleado específico para consultar la información de éste" time="4.139">
    <system-out>
      <![CDATA[
@REQ_P3Q-4 @TEST_P3Q-92 @TESTSET_P3Q-15 @API @Cucumber
Scenario: Al pedir los datos de un empleado, la propiedad edad es superior a 18 &amp#27;[90m# src/test/resources/features/getEmpleado/getEmpleado.feature:101&amp#27;[0m
16:18:11.650 [main] INFO  i.c.core.plugin.SerenityReporter - Running feature from file:///C:/Users/34603/Documents/GitHub/Proyecto3/Proyecto3-Serenity/src/test/resources/features/getEmpleado/getEmpleado.feature
  &amp#27;[32mGiven &amp#27;[0m&amp#27;[32mun administrador estÃ¡ logueado&amp#27;[0m                                          &amp#27;[90m# com.ejemplos.testing.serenity.stepdefinitions.GetEmpleadoStepDefinitions.un_administrador_logueado()&amp#27;[0m
  &amp#27;[32mWhen &amp#27;[0m&amp#27;[32mpide los datos de un empleado especÃ­fico con id &amp#27;[0m&amp#27;[32m&amp#27;[1m66&amp#27;[0m                       &amp#27;[90m# com.ejemplos.testing.serenity.stepdefinitions.GetEmpleadoStepDefinitions.realiza_una_peticion_a_la_API(int)&amp#27;[0m
  &amp#27;[32mThen &amp#27;[0m&amp#27;[32mse devuelve un empleado cuya propiedad edad es superior a 18&amp#27;[0m             &amp#27;[90m# com.ejemplos.testing.serenity.stepdefinitions.GetEmpleadoStepDefinitions.devuelve_un_objeto_cuya_edad_es_mayor_que_18()&amp#27;[0m
]]>
    </system-out>
  </testcase>
  <testcase name="Al pedir los datos de un empleado, la propiedad edad es superior a 18 #8" classname="Como administrador quiero poder obtener los datos de un empleado específico para consultar la información de éste" time="1.05">
    <system-out>
      <![CDATA[
@REQ_P3Q-4 @TEST_P3Q-92 @TESTSET_P3Q-15 @API @Cucumber
Scenario: Al pedir los datos de un empleado, la propiedad edad es superior a 18 &amp#27;[90m# src/test/resources/features/getEmpleado/getEmpleado.feature:102&amp#27;[0m
16:18:15.790 [main] INFO  i.c.core.plugin.SerenityReporter - Running feature from file:///C:/Users/34603/Documents/GitHub/Proyecto3/Proyecto3-Serenity/src/test/resources/features/getEmpleado/getEmpleado.feature
  &amp#27;[32mGiven &amp#27;[0m&amp#27;[32mun administrador estÃ¡ logueado&amp#27;[0m                                          &amp#27;[90m# com.ejemplos.testing.serenity.stepdefinitions.GetEmpleadoStepDefinitions.un_administrador_logueado()&amp#27;[0m
  &amp#27;[32mWhen &amp#27;[0m&amp#27;[32mpide los datos de un empleado especÃ­fico con id &amp#27;[0m&amp#27;[32m&amp#27;[1m72&amp#27;[0m                       &amp#27;[90m# com.ejemplos.testing.serenity.stepdefinitions.GetEmpleadoStepDefinitions.realiza_una_peticion_a_la_API(int)&amp#27;[0m
  &amp#27;[32mThen &amp#27;[0m&amp#27;[32mse devuelve un empleado cuya propiedad edad es superior a 18&amp#27;[0m             &amp#27;[90m# com.ejemplos.testing.serenity.stepdefinitions.GetEmpleadoStepDefinitions.devuelve_un_objeto_cuya_edad_es_mayor_que_18()&amp#27;[0m
]]>
    </system-out>
  </testcase>
  <testcase name="Al pedir los datos de un empleado, la propiedad edad es superior a 18 #9" classname="Como administrador quiero poder obtener los datos de un empleado específico para consultar la información de éste" time="0.774">
    <system-out>
      <![CDATA[
@REQ_P3Q-4 @TEST_P3Q-92 @TESTSET_P3Q-15 @API @Cucumber
Scenario: Al pedir los datos de un empleado, la propiedad edad es superior a 18 &amp#27;[90m# src/test/resources/features/getEmpleado/getEmpleado.feature:103&amp#27;[0m
16:18:16.844 [main] INFO  i.c.core.plugin.SerenityReporter - Running feature from file:///C:/Users/34603/Documents/GitHub/Proyecto3/Proyecto3-Serenity/src/test/resources/features/getEmpleado/getEmpleado.feature
  &amp#27;[32mGiven &amp#27;[0m&amp#27;[32mun administrador estÃ¡ logueado&amp#27;[0m                                          &amp#27;[90m# com.ejemplos.testing.serenity.stepdefinitions.GetEmpleadoStepDefinitions.un_administrador_logueado()&amp#27;[0m
  &amp#27;[32mWhen &amp#27;[0m&amp#27;[32mpide los datos de un empleado especÃ­fico con id &amp#27;[0m&amp#27;[32m&amp#27;[1m88&amp#27;[0m                       &amp#27;[90m# com.ejemplos.testing.serenity.stepdefinitions.GetEmpleadoStepDefinitions.realiza_una_peticion_a_la_API(int)&amp#27;[0m
  &amp#27;[32mThen &amp#27;[0m&amp#27;[32mse devuelve un empleado cuya propiedad edad es superior a 18&amp#27;[0m             &amp#27;[90m# com.ejemplos.testing.serenity.stepdefinitions.GetEmpleadoStepDefinitions.devuelve_un_objeto_cuya_edad_es_mayor_que_18()&amp#27;[0m
]]>
    </system-out>
  </testcase>
  <testcase name="Al pedir los datos de un empleado, la propiedad edad es superior a 18 #10" classname="Como administrador quiero poder obtener los datos de un empleado específico para consultar la información de éste" time="1.458">
    <system-out>
      <![CDATA[
@REQ_P3Q-4 @TEST_P3Q-92 @TESTSET_P3Q-15 @API @Cucumber
Scenario: Al pedir los datos de un empleado, la propiedad edad es superior a 18 &amp#27;[90m# src/test/resources/features/getEmpleado/getEmpleado.feature:104&amp#27;[0m
16:18:17.615 [main] INFO  i.c.core.plugin.SerenityReporter - Running feature from file:///C:/Users/34603/Documents/GitHub/Proyecto3/Proyecto3-Serenity/src/test/resources/features/getEmpleado/getEmpleado.feature
  &amp#27;[32mGiven &amp#27;[0m&amp#27;[32mun administrador estÃ¡ logueado&amp#27;[0m                                          &amp#27;[90m# com.ejemplos.testing.serenity.stepdefinitions.GetEmpleadoStepDefinitions.un_administrador_logueado()&amp#27;[0m
  &amp#27;[32mWhen &amp#27;[0m&amp#27;[32mpide los datos de un empleado especÃ­fico con id &amp#27;[0m&amp#27;[32m&amp#27;[1m93&amp#27;[0m                       &amp#27;[90m# com.ejemplos.testing.serenity.stepdefinitions.GetEmpleadoStepDefinitions.realiza_una_peticion_a_la_API(int)&amp#27;[0m
  &amp#27;[32mThen &amp#27;[0m&amp#27;[32mse devuelve un empleado cuya propiedad edad es superior a 18&amp#27;[0m             &amp#27;[90m# com.ejemplos.testing.serenity.stepdefinitions.GetEmpleadoStepDefinitions.devuelve_un_objeto_cuya_edad_es_mayor_que_18()&amp#27;[0m
]]>
    </system-out>
  </testcase>
  <testcase name="Al pedir los datos de un empleado, la propiedad correo tiene un formato válido #1" classname="Como administrador quiero poder obtener los datos de un empleado específico para consultar la información de éste" time="0.77">
    <system-out>
      <![CDATA[
@REQ_P3Q-4 @TEST_P3Q-100 @TESTSET_P3Q-15 @API @Cucumber
Scenario: Al pedir los datos de un empleado, la propiedad correo tiene un formato vÃ¡lido &amp#27;[90m# src/test/resources/features/getEmpleado/getEmpleado.feature:112&amp#27;[0m
16:18:19.073 [main] INFO  i.c.core.plugin.SerenityReporter - Running feature from file:///C:/Users/34603/Documents/GitHub/Proyecto3/Proyecto3-Serenity/src/test/resources/features/getEmpleado/getEmpleado.feature
16:18:19.076 [main] INFO   - 
  _____   ___   ___   _____     ___   _____     _     ___   _____   ___   ___  
 |_   _| | __| / __| |_   _|   / __| |_   _|   /_\   | _ \ |_   _| | __| |   \ 
   | |   | _|  \__ \   | |     \__ \   | |    / _ \  |   /   | |   | _|  | |) |
   |_|   |___| |___/   |_|     |___/   |_|   /_/ \_\ |_|_\   |_|   |___| |___/ 

Al pedir los datos de un empleado, la propiedad correo tiene un formato válido(como-administrador-quiero-poder-obtener-los-datos-de-un-empleado-específico-para-consultar-la-información-de-éste;al-pedir-los-datos-de-un-empleado--la-propiedad-correo-tiene-un-formato-válido)
--------------------------------------------------------------------------------
  &amp#27;[32mGiven &amp#27;[0m&amp#27;[32mun administrador estÃ¡ logueado&amp#27;[0m                                                   &amp#27;[90m# com.ejemplos.testing.serenity.stepdefinitions.GetEmpleadoStepDefinitions.un_administrador_logueado()&amp#27;[0m
  &amp#27;[32mWhen &amp#27;[0m&amp#27;[32mpide los datos de un empleado especÃ­fico con id &amp#27;[0m&amp#27;[32m&amp#27;[1m1&amp#27;[0m                                 &amp#27;[90m# com.ejemplos.testing.serenity.stepdefinitions.GetEmpleadoStepDefinitions.realiza_una_peticion_a_la_API(int)&amp#27;[0m
  &amp#27;[32mThen &amp#27;[0m&amp#27;[32mse devuelve un empleado cuya propriedad correo tiene un formato correcto&amp#27;[0m          &amp#27;[90m# com.ejemplos.testing.serenity.stepdefinitions.GetEmpleadoStepDefinitions.devuelve_un_objeto_cuya_propiedad_correo_tiene_formato_correcto()&amp#27;[0m
16:18:19.835 [main] INFO   - 
  _____   ___   ___   _____     ___     _     ___   ___   ___   ___  
 |_   _| | __| / __| |_   _|   | _ \   /_\   / __| / __| | __| |   \ 
   | |   | _|  \__ \   | |     |  _/  / _ \  \__ \ \__ \ | _|  | |) |
   |_|   |___| |___/   |_|     |_|   /_/ \_\ |___/ |___/ |___| |___/ 

Al pedir los datos de un empleado, la propiedad correo tiene un formato válido
----------------------------------------------------------------------
]]>
    </system-out>
  </testcase>
  <testcase name="Al pedir los datos de un empleado, la propiedad correo tiene un formato válido #2" classname="Como administrador quiero poder obtener los datos de un empleado específico para consultar la información de éste" time="0.883">
    <system-out>
      <![CDATA[
@REQ_P3Q-4 @TEST_P3Q-100 @TESTSET_P3Q-15 @API @Cucumber
Scenario: Al pedir los datos de un empleado, la propiedad correo tiene un formato vÃ¡lido &amp#27;[90m# src/test/resources/features/getEmpleado/getEmpleado.feature:113&amp#27;[0m
16:18:19.843 [main] INFO  i.c.core.plugin.SerenityReporter - Running feature from file:///C:/Users/34603/Documents/GitHub/Proyecto3/Proyecto3-Serenity/src/test/resources/features/getEmpleado/getEmpleado.feature
  &amp#27;[32mGiven &amp#27;[0m&amp#27;[32mun administrador estÃ¡ logueado&amp#27;[0m                                                   &amp#27;[90m# com.ejemplos.testing.serenity.stepdefinitions.GetEmpleadoStepDefinitions.un_administrador_logueado()&amp#27;[0m
  &amp#27;[32mWhen &amp#27;[0m&amp#27;[32mpide los datos de un empleado especÃ­fico con id &amp#27;[0m&amp#27;[32m&amp#27;[1m15&amp#27;[0m                                &amp#27;[90m# com.ejemplos.testing.serenity.stepdefinitions.GetEmpleadoStepDefinitions.realiza_una_peticion_a_la_API(int)&amp#27;[0m
  &amp#27;[32mThen &amp#27;[0m&amp#27;[32mse devuelve un empleado cuya propriedad correo tiene un formato correcto&amp#27;[0m          &amp#27;[90m# com.ejemplos.testing.serenity.stepdefinitions.GetEmpleadoStepDefinitions.devuelve_un_objeto_cuya_propiedad_correo_tiene_formato_correcto()&amp#27;[0m
16:18:20.719 [main] INFO   - 
  _____   ___   ___   _____     ___     _     ___   ___   ___   ___  
 |_   _| | __| / __| |_   _|   | _ \   /_\   / __| / __| | __| |   \ 
   | |   | _|  \__ \   | |     |  _/  / _ \  \__ \ \__ \ | _|  | |) |
   |_|   |___| |___/   |_|     |_|   /_/ \_\ |___/ |___/ |___| |___/ 

Al pedir los datos de un empleado, la propiedad correo tiene un formato válido
----------------------------------------------------------------------
]]>
    </system-out>
  </testcase>
  <testcase name="Al pedir los datos de un empleado, la propiedad correo tiene un formato válido #3" classname="Como administrador quiero poder obtener los datos de un empleado específico para consultar la información de éste" time="0.769">
    <system-out>
      <![CDATA[
@REQ_P3Q-4 @TEST_P3Q-100 @TESTSET_P3Q-15 @API @Cucumber
Scenario: Al pedir los datos de un empleado, la propiedad correo tiene un formato vÃ¡lido &amp#27;[90m# src/test/resources/features/getEmpleado/getEmpleado.feature:114&amp#27;[0m
16:18:20.729 [main] INFO  i.c.core.plugin.SerenityReporter - Running feature from file:///C:/Users/34603/Documents/GitHub/Proyecto3/Proyecto3-Serenity/src/test/resources/features/getEmpleado/getEmpleado.feature
  &amp#27;[32mGiven &amp#27;[0m&amp#27;[32mun administrador estÃ¡ logueado&amp#27;[0m                                                   &amp#27;[90m# com.ejemplos.testing.serenity.stepdefinitions.GetEmpleadoStepDefinitions.un_administrador_logueado()&amp#27;[0m
  &amp#27;[32mWhen &amp#27;[0m&amp#27;[32mpide los datos de un empleado especÃ­fico con id &amp#27;[0m&amp#27;[32m&amp#27;[1m27&amp#27;[0m                                &amp#27;[90m# com.ejemplos.testing.serenity.stepdefinitions.GetEmpleadoStepDefinitions.realiza_una_peticion_a_la_API(int)&amp#27;[0m
  &amp#27;[32mThen &amp#27;[0m&amp#27;[32mse devuelve un empleado cuya propriedad correo tiene un formato correcto&amp#27;[0m          &amp#27;[90m# com.ejemplos.testing.serenity.stepdefinitions.GetEmpleadoStepDefinitions.devuelve_un_objeto_cuya_propiedad_correo_tiene_formato_correcto()&amp#27;[0m
]]>
    </system-out>
  </testcase>
  <testcase name="Al pedir los datos de un empleado, la propiedad correo tiene un formato válido #4" classname="Como administrador quiero poder obtener los datos de un empleado específico para consultar la información de éste" time="0.734">
    <system-out>
      <![CDATA[
@REQ_P3Q-4 @TEST_P3Q-100 @TESTSET_P3Q-15 @API @Cucumber
Scenario: Al pedir los datos de un empleado, la propiedad correo tiene un formato vÃ¡lido &amp#27;[90m# src/test/resources/features/getEmpleado/getEmpleado.feature:115&amp#27;[0m
16:18:21.496 [main] INFO  i.c.core.plugin.SerenityReporter - Running feature from file:///C:/Users/34603/Documents/GitHub/Proyecto3/Proyecto3-Serenity/src/test/resources/features/getEmpleado/getEmpleado.feature
  &amp#27;[32mGiven &amp#27;[0m&amp#27;[32mun administrador estÃ¡ logueado&amp#27;[0m                                                   &amp#27;[90m# com.ejemplos.testing.serenity.stepdefinitions.GetEmpleadoStepDefinitions.un_administrador_logueado()&amp#27;[0m
  &amp#27;[32mWhen &amp#27;[0m&amp#27;[32mpide los datos de un empleado especÃ­fico con id &amp#27;[0m&amp#27;[32m&amp#27;[1m33&amp#27;[0m                                &amp#27;[90m# com.ejemplos.testing.serenity.stepdefinitions.GetEmpleadoStepDefinitions.realiza_una_peticion_a_la_API(int)&amp#27;[0m
  &amp#27;[32mThen &amp#27;[0m&amp#27;[32mse devuelve un empleado cuya propriedad correo tiene un formato correcto&amp#27;[0m          &amp#27;[90m# com.ejemplos.testing.serenity.stepdefinitions.GetEmpleadoStepDefinitions.devuelve_un_objeto_cuya_propiedad_correo_tiene_formato_correcto()&amp#27;[0m
]]>
    </system-out>
  </testcase>
  <testcase name="Al pedir los datos de un empleado, la propiedad correo tiene un formato válido #5" classname="Como administrador quiero poder obtener los datos de un empleado específico para consultar la información de éste" time="0.77">
    <system-out>
      <![CDATA[
@REQ_P3Q-4 @TEST_P3Q-100 @TESTSET_P3Q-15 @API @Cucumber
Scenario: Al pedir los datos de un empleado, la propiedad correo tiene un formato vÃ¡lido &amp#27;[90m# src/test/resources/features/getEmpleado/getEmpleado.feature:116&amp#27;[0m
16:18:22.230 [main] INFO  i.c.core.plugin.SerenityReporter - Running feature from file:///C:/Users/34603/Documents/GitHub/Proyecto3/Proyecto3-Serenity/src/test/resources/features/getEmpleado/getEmpleado.feature
  &amp#27;[32mGiven &amp#27;[0m&amp#27;[32mun administrador estÃ¡ logueado&amp#27;[0m                                                   &amp#27;[90m# com.ejemplos.testing.serenity.stepdefinitions.GetEmpleadoStepDefinitions.un_administrador_logueado()&amp#27;[0m
  &amp#27;[32mWhen &amp#27;[0m&amp#27;[32mpide los datos de un empleado especÃ­fico con id &amp#27;[0m&amp#27;[32m&amp#27;[1m42&amp#27;[0m                                &amp#27;[90m# com.ejemplos.testing.serenity.stepdefinitions.GetEmpleadoStepDefinitions.realiza_una_peticion_a_la_API(int)&amp#27;[0m
  &amp#27;[32mThen &amp#27;[0m&amp#27;[32mse devuelve un empleado cuya propriedad correo tiene un formato correcto&amp#27;[0m          &amp#27;[90m# com.ejemplos.testing.serenity.stepdefinitions.GetEmpleadoStepDefinitions.devuelve_un_objeto_cuya_propiedad_correo_tiene_formato_correcto()&amp#27;[0m
]]>
    </system-out>
  </testcase>
  <testcase name="Al pedir los datos de un empleado, la propiedad correo tiene un formato válido #6" classname="Como administrador quiero poder obtener los datos de un empleado específico para consultar la información de éste" time="0.947">
    <system-out>
      <![CDATA[
@REQ_P3Q-4 @TEST_P3Q-100 @TESTSET_P3Q-15 @API @Cucumber
Scenario: Al pedir los datos de un empleado, la propiedad correo tiene un formato vÃ¡lido &amp#27;[90m# src/test/resources/features/getEmpleado/getEmpleado.feature:117&amp#27;[0m
16:18:23.000 [main] INFO  i.c.core.plugin.SerenityReporter - Running feature from file:///C:/Users/34603/Documents/GitHub/Proyecto3/Proyecto3-Serenity/src/test/resources/features/getEmpleado/getEmpleado.feature
  &amp#27;[32mGiven &amp#27;[0m&amp#27;[32mun administrador estÃ¡ logueado&amp#27;[0m                                                   &amp#27;[90m# com.ejemplos.testing.serenity.stepdefinitions.GetEmpleadoStepDefinitions.un_administrador_logueado()&amp#27;[0m
  &amp#27;[32mWhen &amp#27;[0m&amp#27;[32mpide los datos de un empleado especÃ­fico con id &amp#27;[0m&amp#27;[32m&amp#27;[1m59&amp#27;[0m                                &amp#27;[90m# com.ejemplos.testing.serenity.stepdefinitions.GetEmpleadoStepDefinitions.realiza_una_peticion_a_la_API(int)&amp#27;[0m
  &amp#27;[32mThen &amp#27;[0m&amp#27;[32mse devuelve un empleado cuya propriedad correo tiene un formato correcto&amp#27;[0m          &amp#27;[90m# com.ejemplos.testing.serenity.stepdefinitions.GetEmpleadoStepDefinitions.devuelve_un_objeto_cuya_propiedad_correo_tiene_formato_correcto()&amp#27;[0m
]]>
    </system-out>
  </testcase>
  <testcase name="Al pedir los datos de un empleado, la propiedad correo tiene un formato válido #7" classname="Como administrador quiero poder obtener los datos de un empleado específico para consultar la información de éste" time="0.732">
    <system-out>
      <![CDATA[
@REQ_P3Q-4 @TEST_P3Q-100 @TESTSET_P3Q-15 @API @Cucumber
Scenario: Al pedir los datos de un empleado, la propiedad correo tiene un formato vÃ¡lido &amp#27;[90m# src/test/resources/features/getEmpleado/getEmpleado.feature:118&amp#27;[0m
16:18:23.947 [main] INFO  i.c.core.plugin.SerenityReporter - Running feature from file:///C:/Users/34603/Documents/GitHub/Proyecto3/Proyecto3-Serenity/src/test/resources/features/getEmpleado/getEmpleado.feature
  &amp#27;[32mGiven &amp#27;[0m&amp#27;[32mun administrador estÃ¡ logueado&amp#27;[0m                                                   &amp#27;[90m# com.ejemplos.testing.serenity.stepdefinitions.GetEmpleadoStepDefinitions.un_administrador_logueado()&amp#27;[0m
  &amp#27;[32mWhen &amp#27;[0m&amp#27;[32mpide los datos de un empleado especÃ­fico con id &amp#27;[0m&amp#27;[32m&amp#27;[1m66&amp#27;[0m                                &amp#27;[90m# com.ejemplos.testing.serenity.stepdefinitions.GetEmpleadoStepDefinitions.realiza_una_peticion_a_la_API(int)&amp#27;[0m
  &amp#27;[32mThen &amp#27;[0m&amp#27;[32mse devuelve un empleado cuya propriedad correo tiene un formato correcto&amp#27;[0m          &amp#27;[90m# com.ejemplos.testing.serenity.stepdefinitions.GetEmpleadoStepDefinitions.devuelve_un_objeto_cuya_propiedad_correo_tiene_formato_correcto()&amp#27;[0m
]]>
    </system-out>
  </testcase>
  <testcase name="Al pedir los datos de un empleado, la propiedad correo tiene un formato válido #8" classname="Como administrador quiero poder obtener los datos de un empleado específico para consultar la información de éste" time="0.757">
    <system-out>
      <![CDATA[
@REQ_P3Q-4 @TEST_P3Q-100 @TESTSET_P3Q-15 @API @Cucumber
Scenario: Al pedir los datos de un empleado, la propiedad correo tiene un formato vÃ¡lido &amp#27;[90m# src/test/resources/features/getEmpleado/getEmpleado.feature:119&amp#27;[0m
16:18:24.679 [main] INFO  i.c.core.plugin.SerenityReporter - Running feature from file:///C:/Users/34603/Documents/GitHub/Proyecto3/Proyecto3-Serenity/src/test/resources/features/getEmpleado/getEmpleado.feature
  &amp#27;[32mGiven &amp#27;[0m&amp#27;[32mun administrador estÃ¡ logueado&amp#27;[0m                                                   &amp#27;[90m# com.ejemplos.testing.serenity.stepdefinitions.GetEmpleadoStepDefinitions.un_administrador_logueado()&amp#27;[0m
  &amp#27;[32mWhen &amp#27;[0m&amp#27;[32mpide los datos de un empleado especÃ­fico con id &amp#27;[0m&amp#27;[32m&amp#27;[1m72&amp#27;[0m                                &amp#27;[90m# com.ejemplos.testing.serenity.stepdefinitions.GetEmpleadoStepDefinitions.realiza_una_peticion_a_la_API(int)&amp#27;[0m
  &amp#27;[32mThen &amp#27;[0m&amp#27;[32mse devuelve un empleado cuya propriedad correo tiene un formato correcto&amp#27;[0m          &amp#27;[90m# com.ejemplos.testing.serenity.stepdefinitions.GetEmpleadoStepDefinitions.devuelve_un_objeto_cuya_propiedad_correo_tiene_formato_correcto()&amp#27;[0m
]]>
    </system-out>
  </testcase>
  <testcase name="Al pedir los datos de un empleado, la propiedad correo tiene un formato válido #9" classname="Como administrador quiero poder obtener los datos de un empleado específico para consultar la información de éste" time="1.264">
    <system-out>
      <![CDATA[
@REQ_P3Q-4 @TEST_P3Q-100 @TESTSET_P3Q-15 @API @Cucumber
Scenario: Al pedir los datos de un empleado, la propiedad correo tiene un formato vÃ¡lido &amp#27;[90m# src/test/resources/features/getEmpleado/getEmpleado.feature:120&amp#27;[0m
16:18:25.435 [main] INFO  i.c.core.plugin.SerenityReporter - Running feature from file:///C:/Users/34603/Documents/GitHub/Proyecto3/Proyecto3-Serenity/src/test/resources/features/getEmpleado/getEmpleado.feature
  &amp#27;[32mGiven &amp#27;[0m&amp#27;[32mun administrador estÃ¡ logueado&amp#27;[0m                                                   &amp#27;[90m# com.ejemplos.testing.serenity.stepdefinitions.GetEmpleadoStepDefinitions.un_administrador_logueado()&amp#27;[0m
  &amp#27;[32mWhen &amp#27;[0m&amp#27;[32mpide los datos de un empleado especÃ­fico con id &amp#27;[0m&amp#27;[32m&amp#27;[1m88&amp#27;[0m                                &amp#27;[90m# com.ejemplos.testing.serenity.stepdefinitions.GetEmpleadoStepDefinitions.realiza_una_peticion_a_la_API(int)&amp#27;[0m
  &amp#27;[32mThen &amp#27;[0m&amp#27;[32mse devuelve un empleado cuya propriedad correo tiene un formato correcto&amp#27;[0m          &amp#27;[90m# com.ejemplos.testing.serenity.stepdefinitions.GetEmpleadoStepDefinitions.devuelve_un_objeto_cuya_propiedad_correo_tiene_formato_correcto()&amp#27;[0m
]]>
    </system-out>
  </testcase>
  <testcase name="Al pedir los datos de un empleado, la propiedad correo tiene un formato válido #10" classname="Como administrador quiero poder obtener los datos de un empleado específico para consultar la información de éste" time="3.147">
    <system-out>
      <![CDATA[
@REQ_P3Q-4 @TEST_P3Q-100 @TESTSET_P3Q-15 @API @Cucumber
Scenario: Al pedir los datos de un empleado, la propiedad correo tiene un formato vÃ¡lido &amp#27;[90m# src/test/resources/features/getEmpleado/getEmpleado.feature:121&amp#27;[0m
16:18:26.702 [main] INFO  i.c.core.plugin.SerenityReporter - Running feature from file:///C:/Users/34603/Documents/GitHub/Proyecto3/Proyecto3-Serenity/src/test/resources/features/getEmpleado/getEmpleado.feature
  &amp#27;[32mGiven &amp#27;[0m&amp#27;[32mun administrador estÃ¡ logueado&amp#27;[0m                                                   &amp#27;[90m# com.ejemplos.testing.serenity.stepdefinitions.GetEmpleadoStepDefinitions.un_administrador_logueado()&amp#27;[0m
  &amp#27;[32mWhen &amp#27;[0m&amp#27;[32mpide los datos de un empleado especÃ­fico con id &amp#27;[0m&amp#27;[32m&amp#27;[1m93&amp#27;[0m                                &amp#27;[90m# com.ejemplos.testing.serenity.stepdefinitions.GetEmpleadoStepDefinitions.realiza_una_peticion_a_la_API(int)&amp#27;[0m
  &amp#27;[32mThen &amp#27;[0m&amp#27;[32mse devuelve un empleado cuya propriedad correo tiene un formato correcto&amp#27;[0m          &amp#27;[90m# com.ejemplos.testing.serenity.stepdefinitions.GetEmpleadoStepDefinitions.devuelve_un_objeto_cuya_propiedad_correo_tiene_formato_correcto()&amp#27;[0m
]]>
    </system-out>
  </testcase>
  <testcase name="Al pedir los datos de un empleado, la propiedad teléfono tiene un formato válido #1" classname="Como administrador quiero poder obtener los datos de un empleado específico para consultar la información de éste" time="0.77">
    <system-out>
      <![CDATA[
@REQ_P3Q-4 @TEST_P3Q-102 @TESTSET_P3Q-15 @API @Cucumber
Scenario: Al pedir los datos de un empleado, la propiedad telÃ©fono tiene un formato vÃ¡lido &amp#27;[90m# src/test/resources/features/getEmpleado/getEmpleado.feature:129&amp#27;[0m
16:18:29.847 [main] INFO  i.c.core.plugin.SerenityReporter - Running feature from file:///C:/Users/34603/Documents/GitHub/Proyecto3/Proyecto3-Serenity/src/test/resources/features/getEmpleado/getEmpleado.feature
16:18:29.850 [main] INFO   - 
  _____   ___   ___   _____     ___   _____     _     ___   _____   ___   ___  
 |_   _| | __| / __| |_   _|   / __| |_   _|   /_\   | _ \ |_   _| | __| |   \ 
   | |   | _|  \__ \   | |     \__ \   | |    / _ \  |   /   | |   | _|  | |) |
   |_|   |___| |___/   |_|     |___/   |_|   /_/ \_\ |_|_\   |_|   |___| |___/ 

Al pedir los datos de un empleado, la propiedad teléfono tiene un formato válido(como-administrador-quiero-poder-obtener-los-datos-de-un-empleado-específico-para-consultar-la-información-de-éste;al-pedir-los-datos-de-un-empleado--la-propiedad-teléfono-tiene-un-formato-válido)
--------------------------------------------------------------------------------
  &amp#27;[32mGiven &amp#27;[0m&amp#27;[32mun administrador estÃ¡ logueado&amp#27;[0m                                                     &amp#27;[90m# com.ejemplos.testing.serenity.stepdefinitions.GetEmpleadoStepDefinitions.un_administrador_logueado()&amp#27;[0m
  &amp#27;[32mWhen &amp#27;[0m&amp#27;[32mpide los datos de un empleado especÃ­fico con id &amp#27;[0m&amp#27;[32m&amp#27;[1m1&amp#27;[0m                                   &amp#27;[90m# com.ejemplos.testing.serenity.stepdefinitions.GetEmpleadoStepDefinitions.realiza_una_peticion_a_la_API(int)&amp#27;[0m
  &amp#27;[32mThen &amp#27;[0m&amp#27;[32mse devuelve un empleado cuya propriedad telÃ©fono tiene un formato correcto&amp#27;[0m          &amp#27;[90m# com.ejemplos.testing.serenity.stepdefinitions.GetEmpleadoStepDefinitions.devuelve_un_objeto_cuya_propiedad_telefono_tiene_formato_correcto()&amp#27;[0m
16:18:30.609 [main] INFO   - 
  _____   ___   ___   _____     ___     _     ___   ___   ___   ___  
 |_   _| | __| / __| |_   _|   | _ \   /_\   / __| / __| | __| |   \ 
   | |   | _|  \__ \   | |     |  _/  / _ \  \__ \ \__ \ | _|  | |) |
   |_|   |___| |___/   |_|     |_|   /_/ \_\ |___/ |___/ |___| |___/ 

Al pedir los datos de un empleado, la propiedad teléfono tiene un formato válido
----------------------------------------------------------------------
]]>
    </system-out>
  </testcase>
  <testcase name="Al pedir los datos de un empleado, la propiedad teléfono tiene un formato válido #2" classname="Como administrador quiero poder obtener los datos de un empleado específico para consultar la información de éste" time="0.765">
    <system-out>
      <![CDATA[
@REQ_P3Q-4 @TEST_P3Q-102 @TESTSET_P3Q-15 @API @Cucumber
Scenario: Al pedir los datos de un empleado, la propiedad telÃ©fono tiene un formato vÃ¡lido &amp#27;[90m# src/test/resources/features/getEmpleado/getEmpleado.feature:130&amp#27;[0m
16:18:30.617 [main] INFO  i.c.core.plugin.SerenityReporter - Running feature from file:///C:/Users/34603/Documents/GitHub/Proyecto3/Proyecto3-Serenity/src/test/resources/features/getEmpleado/getEmpleado.feature
  &amp#27;[32mGiven &amp#27;[0m&amp#27;[32mun administrador estÃ¡ logueado&amp#27;[0m                                                     &amp#27;[90m# com.ejemplos.testing.serenity.stepdefinitions.GetEmpleadoStepDefinitions.un_administrador_logueado()&amp#27;[0m
  &amp#27;[32mWhen &amp#27;[0m&amp#27;[32mpide los datos de un empleado especÃ­fico con id &amp#27;[0m&amp#27;[32m&amp#27;[1m15&amp#27;[0m                                  &amp#27;[90m# com.ejemplos.testing.serenity.stepdefinitions.GetEmpleadoStepDefinitions.realiza_una_peticion_a_la_API(int)&amp#27;[0m
  &amp#27;[32mThen &amp#27;[0m&amp#27;[32mse devuelve un empleado cuya propriedad telÃ©fono tiene un formato correcto&amp#27;[0m          &amp#27;[90m# com.ejemplos.testing.serenity.stepdefinitions.GetEmpleadoStepDefinitions.devuelve_un_objeto_cuya_propiedad_telefono_tiene_formato_correcto()&amp#27;[0m
16:18:31.375 [main] INFO   - 
  _____   ___   ___   _____     ___     _     ___   ___   ___   ___  
 |_   _| | __| / __| |_   _|   | _ \   /_\   / __| / __| | __| |   \ 
   | |   | _|  \__ \   | |     |  _/  / _ \  \__ \ \__ \ | _|  | |) |
   |_|   |___| |___/   |_|     |_|   /_/ \_\ |___/ |___/ |___| |___/ 

Al pedir los datos de un empleado, la propiedad teléfono tiene un formato válido
----------------------------------------------------------------------
]]>
    </system-out>
  </testcase>
  <testcase name="Al pedir los datos de un empleado, la propiedad teléfono tiene un formato válido #3" classname="Como administrador quiero poder obtener los datos de un empleado específico para consultar la información de éste" time="0.761">
    <system-out>
      <![CDATA[
@REQ_P3Q-4 @TEST_P3Q-102 @TESTSET_P3Q-15 @API @Cucumber
Scenario: Al pedir los datos de un empleado, la propiedad telÃ©fono tiene un formato vÃ¡lido &amp#27;[90m# src/test/resources/features/getEmpleado/getEmpleado.feature:131&amp#27;[0m
16:18:31.382 [main] INFO  i.c.core.plugin.SerenityReporter - Running feature from file:///C:/Users/34603/Documents/GitHub/Proyecto3/Proyecto3-Serenity/src/test/resources/features/getEmpleado/getEmpleado.feature
  &amp#27;[32mGiven &amp#27;[0m&amp#27;[32mun administrador estÃ¡ logueado&amp#27;[0m                                                     &amp#27;[90m# com.ejemplos.testing.serenity.stepdefinitions.GetEmpleadoStepDefinitions.un_administrador_logueado()&amp#27;[0m
  &amp#27;[32mWhen &amp#27;[0m&amp#27;[32mpide los datos de un empleado especÃ­fico con id &amp#27;[0m&amp#27;[32m&amp#27;[1m27&amp#27;[0m                                  &amp#27;[90m# com.ejemplos.testing.serenity.stepdefinitions.GetEmpleadoStepDefinitions.realiza_una_peticion_a_la_API(int)&amp#27;[0m
  &amp#27;[32mThen &amp#27;[0m&amp#27;[32mse devuelve un empleado cuya propriedad telÃ©fono tiene un formato correcto&amp#27;[0m          &amp#27;[90m# com.ejemplos.testing.serenity.stepdefinitions.GetEmpleadoStepDefinitions.devuelve_un_objeto_cuya_propiedad_telefono_tiene_formato_correcto()&amp#27;[0m
]]>
    </system-out>
  </testcase>
  <testcase name="Al pedir los datos de un empleado, la propiedad teléfono tiene un formato válido #4" classname="Como administrador quiero poder obtener los datos de un empleado específico para consultar la información de éste" time="0.767">
    <system-out>
      <![CDATA[
@REQ_P3Q-4 @TEST_P3Q-102 @TESTSET_P3Q-15 @API @Cucumber
Scenario: Al pedir los datos de un empleado, la propiedad telÃ©fono tiene un formato vÃ¡lido &amp#27;[90m# src/test/resources/features/getEmpleado/getEmpleado.feature:132&amp#27;[0m
16:18:32.145 [main] INFO  i.c.core.plugin.SerenityReporter - Running feature from file:///C:/Users/34603/Documents/GitHub/Proyecto3/Proyecto3-Serenity/src/test/resources/features/getEmpleado/getEmpleado.feature
  &amp#27;[32mGiven &amp#27;[0m&amp#27;[32mun administrador estÃ¡ logueado&amp#27;[0m                                                     &amp#27;[90m# com.ejemplos.testing.serenity.stepdefinitions.GetEmpleadoStepDefinitions.un_administrador_logueado()&amp#27;[0m
  &amp#27;[32mWhen &amp#27;[0m&amp#27;[32mpide los datos de un empleado especÃ­fico con id &amp#27;[0m&amp#27;[32m&amp#27;[1m33&amp#27;[0m                                  &amp#27;[90m# com.ejemplos.testing.serenity.stepdefinitions.GetEmpleadoStepDefinitions.realiza_una_peticion_a_la_API(int)&amp#27;[0m
  &amp#27;[32mThen &amp#27;[0m&amp#27;[32mse devuelve un empleado cuya propriedad telÃ©fono tiene un formato correcto&amp#27;[0m          &amp#27;[90m# com.ejemplos.testing.serenity.stepdefinitions.GetEmpleadoStepDefinitions.devuelve_un_objeto_cuya_propiedad_telefono_tiene_formato_correcto()&amp#27;[0m
]]>
    </system-out>
  </testcase>
  <testcase name="Al pedir los datos de un empleado, la propiedad teléfono tiene un formato válido #5" classname="Como administrador quiero poder obtener los datos de un empleado específico para consultar la información de éste" time="0.762">
    <system-out>
      <![CDATA[
@REQ_P3Q-4 @TEST_P3Q-102 @TESTSET_P3Q-15 @API @Cucumber
Scenario: Al pedir los datos de un empleado, la propiedad telÃ©fono tiene un formato vÃ¡lido &amp#27;[90m# src/test/resources/features/getEmpleado/getEmpleado.feature:133&amp#27;[0m
16:18:32.911 [main] INFO  i.c.core.plugin.SerenityReporter - Running feature from file:///C:/Users/34603/Documents/GitHub/Proyecto3/Proyecto3-Serenity/src/test/resources/features/getEmpleado/getEmpleado.feature
  &amp#27;[32mGiven &amp#27;[0m&amp#27;[32mun administrador estÃ¡ logueado&amp#27;[0m                                                     &amp#27;[90m# com.ejemplos.testing.serenity.stepdefinitions.GetEmpleadoStepDefinitions.un_administrador_logueado()&amp#27;[0m
  &amp#27;[32mWhen &amp#27;[0m&amp#27;[32mpide los datos de un empleado especÃ­fico con id &amp#27;[0m&amp#27;[32m&amp#27;[1m42&amp#27;[0m                                  &amp#27;[90m# com.ejemplos.testing.serenity.stepdefinitions.GetEmpleadoStepDefinitions.realiza_una_peticion_a_la_API(int)&amp#27;[0m
  &amp#27;[32mThen &amp#27;[0m&amp#27;[32mse devuelve un empleado cuya propriedad telÃ©fono tiene un formato correcto&amp#27;[0m          &amp#27;[90m# com.ejemplos.testing.serenity.stepdefinitions.GetEmpleadoStepDefinitions.devuelve_un_objeto_cuya_propiedad_telefono_tiene_formato_correcto()&amp#27;[0m
]]>
    </system-out>
  </testcase>
  <testcase name="Al pedir los datos de un empleado, la propiedad teléfono tiene un formato válido #6" classname="Como administrador quiero poder obtener los datos de un empleado específico para consultar la información de éste" time="0.746">
    <system-out>
      <![CDATA[
@REQ_P3Q-4 @TEST_P3Q-102 @TESTSET_P3Q-15 @API @Cucumber
Scenario: Al pedir los datos de un empleado, la propiedad telÃ©fono tiene un formato vÃ¡lido &amp#27;[90m# src/test/resources/features/getEmpleado/getEmpleado.feature:134&amp#27;[0m
16:18:33.674 [main] INFO  i.c.core.plugin.SerenityReporter - Running feature from file:///C:/Users/34603/Documents/GitHub/Proyecto3/Proyecto3-Serenity/src/test/resources/features/getEmpleado/getEmpleado.feature
  &amp#27;[32mGiven &amp#27;[0m&amp#27;[32mun administrador estÃ¡ logueado&amp#27;[0m                                                     &amp#27;[90m# com.ejemplos.testing.serenity.stepdefinitions.GetEmpleadoStepDefinitions.un_administrador_logueado()&amp#27;[0m
  &amp#27;[32mWhen &amp#27;[0m&amp#27;[32mpide los datos de un empleado especÃ­fico con id &amp#27;[0m&amp#27;[32m&amp#27;[1m59&amp#27;[0m                                  &amp#27;[90m# com.ejemplos.testing.serenity.stepdefinitions.GetEmpleadoStepDefinitions.realiza_una_peticion_a_la_API(int)&amp#27;[0m
  &amp#27;[32mThen &amp#27;[0m&amp#27;[32mse devuelve un empleado cuya propriedad telÃ©fono tiene un formato correcto&amp#27;[0m          &amp#27;[90m# com.ejemplos.testing.serenity.stepdefinitions.GetEmpleadoStepDefinitions.devuelve_un_objeto_cuya_propiedad_telefono_tiene_formato_correcto()&amp#27;[0m
]]>
    </system-out>
  </testcase>
  <testcase name="Al pedir los datos de un empleado, la propiedad teléfono tiene un formato válido #7" classname="Como administrador quiero poder obtener los datos de un empleado específico para consultar la información de éste" time="0.767">
    <system-out>
      <![CDATA[
@REQ_P3Q-4 @TEST_P3Q-102 @TESTSET_P3Q-15 @API @Cucumber
Scenario: Al pedir los datos de un empleado, la propiedad telÃ©fono tiene un formato vÃ¡lido &amp#27;[90m# src/test/resources/features/getEmpleado/getEmpleado.feature:135&amp#27;[0m
16:18:34.420 [main] INFO  i.c.core.plugin.SerenityReporter - Running feature from file:///C:/Users/34603/Documents/GitHub/Proyecto3/Proyecto3-Serenity/src/test/resources/features/getEmpleado/getEmpleado.feature
  &amp#27;[32mGiven &amp#27;[0m&amp#27;[32mun administrador estÃ¡ logueado&amp#27;[0m                                                     &amp#27;[90m# com.ejemplos.testing.serenity.stepdefinitions.GetEmpleadoStepDefinitions.un_administrador_logueado()&amp#27;[0m
  &amp#27;[32mWhen &amp#27;[0m&amp#27;[32mpide los datos de un empleado especÃ­fico con id &amp#27;[0m&amp#27;[32m&amp#27;[1m66&amp#27;[0m                                  &amp#27;[90m# com.ejemplos.testing.serenity.stepdefinitions.GetEmpleadoStepDefinitions.realiza_una_peticion_a_la_API(int)&amp#27;[0m
  &amp#27;[32mThen &amp#27;[0m&amp#27;[32mse devuelve un empleado cuya propriedad telÃ©fono tiene un formato correcto&amp#27;[0m          &amp#27;[90m# com.ejemplos.testing.serenity.stepdefinitions.GetEmpleadoStepDefinitions.devuelve_un_objeto_cuya_propiedad_telefono_tiene_formato_correcto()&amp#27;[0m
]]>
    </system-out>
  </testcase>
  <testcase name="Al pedir los datos de un empleado, la propiedad teléfono tiene un formato válido #8" classname="Como administrador quiero poder obtener los datos de un empleado específico para consultar la información de éste" time="0.743">
    <system-out>
      <![CDATA[
@REQ_P3Q-4 @TEST_P3Q-102 @TESTSET_P3Q-15 @API @Cucumber
Scenario: Al pedir los datos de un empleado, la propiedad telÃ©fono tiene un formato vÃ¡lido &amp#27;[90m# src/test/resources/features/getEmpleado/getEmpleado.feature:136&amp#27;[0m
16:18:35.187 [main] INFO  i.c.core.plugin.SerenityReporter - Running feature from file:///C:/Users/34603/Documents/GitHub/Proyecto3/Proyecto3-Serenity/src/test/resources/features/getEmpleado/getEmpleado.feature
  &amp#27;[32mGiven &amp#27;[0m&amp#27;[32mun administrador estÃ¡ logueado&amp#27;[0m                                                     &amp#27;[90m# com.ejemplos.testing.serenity.stepdefinitions.GetEmpleadoStepDefinitions.un_administrador_logueado()&amp#27;[0m
  &amp#27;[32mWhen &amp#27;[0m&amp#27;[32mpide los datos de un empleado especÃ­fico con id &amp#27;[0m&amp#27;[32m&amp#27;[1m72&amp#27;[0m                                  &amp#27;[90m# com.ejemplos.testing.serenity.stepdefinitions.GetEmpleadoStepDefinitions.realiza_una_peticion_a_la_API(int)&amp#27;[0m
  &amp#27;[32mThen &amp#27;[0m&amp#27;[32mse devuelve un empleado cuya propriedad telÃ©fono tiene un formato correcto&amp#27;[0m          &amp#27;[90m# com.ejemplos.testing.serenity.stepdefinitions.GetEmpleadoStepDefinitions.devuelve_un_objeto_cuya_propiedad_telefono_tiene_formato_correcto()&amp#27;[0m
]]>
    </system-out>
  </testcase>
  <testcase name="Al pedir los datos de un empleado, la propiedad teléfono tiene un formato válido #9" classname="Como administrador quiero poder obtener los datos de un empleado específico para consultar la información de éste" time="0.747">
    <system-out>
      <![CDATA[
@REQ_P3Q-4 @TEST_P3Q-102 @TESTSET_P3Q-15 @API @Cucumber
Scenario: Al pedir los datos de un empleado, la propiedad telÃ©fono tiene un formato vÃ¡lido &amp#27;[90m# src/test/resources/features/getEmpleado/getEmpleado.feature:137&amp#27;[0m
16:18:35.930 [main] INFO  i.c.core.plugin.SerenityReporter - Running feature from file:///C:/Users/34603/Documents/GitHub/Proyecto3/Proyecto3-Serenity/src/test/resources/features/getEmpleado/getEmpleado.feature
  &amp#27;[32mGiven &amp#27;[0m&amp#27;[32mun administrador estÃ¡ logueado&amp#27;[0m                                                     &amp#27;[90m# com.ejemplos.testing.serenity.stepdefinitions.GetEmpleadoStepDefinitions.un_administrador_logueado()&amp#27;[0m
  &amp#27;[32mWhen &amp#27;[0m&amp#27;[32mpide los datos de un empleado especÃ­fico con id &amp#27;[0m&amp#27;[32m&amp#27;[1m88&amp#27;[0m                                  &amp#27;[90m# com.ejemplos.testing.serenity.stepdefinitions.GetEmpleadoStepDefinitions.realiza_una_peticion_a_la_API(int)&amp#27;[0m
  &amp#27;[32mThen &amp#27;[0m&amp#27;[32mse devuelve un empleado cuya propriedad telÃ©fono tiene un formato correcto&amp#27;[0m          &amp#27;[90m# com.ejemplos.testing.serenity.stepdefinitions.GetEmpleadoStepDefinitions.devuelve_un_objeto_cuya_propiedad_telefono_tiene_formato_correcto()&amp#27;[0m
]]>
    </system-out>
  </testcase>
  <testcase name="Al pedir los datos de un empleado, la propiedad teléfono tiene un formato válido #10" classname="Como administrador quiero poder obtener los datos de un empleado específico para consultar la información de éste" time="0.726">
    <system-out>
      <![CDATA[
@REQ_P3Q-4 @TEST_P3Q-102 @TESTSET_P3Q-15 @API @Cucumber
Scenario: Al pedir los datos de un empleado, la propiedad telÃ©fono tiene un formato vÃ¡lido &amp#27;[90m# src/test/resources/features/getEmpleado/getEmpleado.feature:138&amp#27;[0m
16:18:36.678 [main] INFO  i.c.core.plugin.SerenityReporter - Running feature from file:///C:/Users/34603/Documents/GitHub/Proyecto3/Proyecto3-Serenity/src/test/resources/features/getEmpleado/getEmpleado.feature
  &amp#27;[32mGiven &amp#27;[0m&amp#27;[32mun administrador estÃ¡ logueado&amp#27;[0m                                                     &amp#27;[90m# com.ejemplos.testing.serenity.stepdefinitions.GetEmpleadoStepDefinitions.un_administrador_logueado()&amp#27;[0m
  &amp#27;[32mWhen &amp#27;[0m&amp#27;[32mpide los datos de un empleado especÃ­fico con id &amp#27;[0m&amp#27;[32m&amp#27;[1m93&amp#27;[0m                                  &amp#27;[90m# com.ejemplos.testing.serenity.stepdefinitions.GetEmpleadoStepDefinitions.realiza_una_peticion_a_la_API(int)&amp#27;[0m
  &amp#27;[32mThen &amp#27;[0m&amp#27;[32mse devuelve un empleado cuya propriedad telÃ©fono tiene un formato correcto&amp#27;[0m          &amp#27;[90m# com.ejemplos.testing.serenity.stepdefinitions.GetEmpleadoStepDefinitions.devuelve_un_objeto_cuya_propiedad_telefono_tiene_formato_correcto()&amp#27;[0m
]]>
    </system-out>
  </testcase>
  <testcase name="Al pedir los datos de un empleado la propiedad género es una cadena de caracteres alfabéticos #1" classname="Como administrador quiero poder obtener los datos de un empleado específico para consultar la información de éste" time="0.758">
    <system-out>
      <![CDATA[
@REQ_P3Q-4 @TEST_P3Q-110 @TESTSET_P3Q-15 @API @Cucumber
Scenario: Al pedir los datos de un empleado la propiedad gÃ©nero es una cadena de caracteres alfabÃ©ticos &amp#27;[90m# src/test/resources/features/getEmpleado/getEmpleado.feature:146&amp#27;[0m
16:18:37.404 [main] INFO  i.c.core.plugin.SerenityReporter - Running feature from file:///C:/Users/34603/Documents/GitHub/Proyecto3/Proyecto3-Serenity/src/test/resources/features/getEmpleado/getEmpleado.feature
16:18:37.407 [main] INFO   - 
  _____   ___   ___   _____     ___   _____     _     ___   _____   ___   ___  
 |_   _| | __| / __| |_   _|   / __| |_   _|   /_\   | _ \ |_   _| | __| |   \ 
   | |   | _|  \__ \   | |     \__ \   | |    / _ \  |   /   | |   | _|  | |) |
   |_|   |___| |___/   |_|     |___/   |_|   /_/ \_\ |_|_\   |_|   |___| |___/ 

Al pedir los datos de un empleado la propiedad género es una cadena de caracteres alfabéticos(como-administrador-quiero-poder-obtener-los-datos-de-un-empleado-específico-para-consultar-la-información-de-éste;al-pedir-los-datos-de-un-empleado-la-propiedad-género-es-una-cadena-de-caracteres-alfabéticos)
--------------------------------------------------------------------------------
  &amp#27;[32mGiven &amp#27;[0m&amp#27;[32mun administrador estÃ¡ logueado&amp#27;[0m                                                                  &amp#27;[90m# com.ejemplos.testing.serenity.stepdefinitions.GetEmpleadoStepDefinitions.un_administrador_logueado()&amp#27;[0m
  &amp#27;[32mWhen &amp#27;[0m&amp#27;[32mpide los datos de un empleado especÃ­fico con id &amp#27;[0m&amp#27;[32m&amp#27;[1m1&amp#27;[0m                                                &amp#27;[90m# com.ejemplos.testing.serenity.stepdefinitions.GetEmpleadoStepDefinitions.realiza_una_peticion_a_la_API(int)&amp#27;[0m
  &amp#27;[32mThen &amp#27;[0m&amp#27;[32mse devuelve un empleado cuya propiedad gÃ©nero estÃ¡ compuesta por caracteres alfabÃ©ticos&amp#27;[0m          &amp#27;[90m# com.ejemplos.testing.serenity.stepdefinitions.GetEmpleadoStepDefinitions.devuelve_un_objeto_cuyo_genero_solo_tiene_letras()&amp#27;[0m
16:18:38.155 [main] INFO   - 
  _____   ___   ___   _____     ___     _     ___   ___   ___   ___  
 |_   _| | __| / __| |_   _|   | _ \   /_\   / __| / __| | __| |   \ 
   | |   | _|  \__ \   | |     |  _/  / _ \  \__ \ \__ \ | _|  | |) |
   |_|   |___| |___/   |_|     |_|   /_/ \_\ |___/ |___/ |___| |___/ 

Al pedir los datos de un empleado la propiedad género es una cadena de caracteres alfabéticos
----------------------------------------------------------------------
]]>
    </system-out>
  </testcase>
  <testcase name="Al pedir los datos de un empleado la propiedad género es una cadena de caracteres alfabéticos #2" classname="Como administrador quiero poder obtener los datos de un empleado específico para consultar la información de éste" time="0.811">
    <system-out>
      <![CDATA[
@REQ_P3Q-4 @TEST_P3Q-110 @TESTSET_P3Q-15 @API @Cucumber
Scenario: Al pedir los datos de un empleado la propiedad gÃ©nero es una cadena de caracteres alfabÃ©ticos &amp#27;[90m# src/test/resources/features/getEmpleado/getEmpleado.feature:147&amp#27;[0m
16:18:38.162 [main] INFO  i.c.core.plugin.SerenityReporter - Running feature from file:///C:/Users/34603/Documents/GitHub/Proyecto3/Proyecto3-Serenity/src/test/resources/features/getEmpleado/getEmpleado.feature
  &amp#27;[32mGiven &amp#27;[0m&amp#27;[32mun administrador estÃ¡ logueado&amp#27;[0m                                                                  &amp#27;[90m# com.ejemplos.testing.serenity.stepdefinitions.GetEmpleadoStepDefinitions.un_administrador_logueado()&amp#27;[0m
  &amp#27;[32mWhen &amp#27;[0m&amp#27;[32mpide los datos de un empleado especÃ­fico con id &amp#27;[0m&amp#27;[32m&amp#27;[1m15&amp#27;[0m                                               &amp#27;[90m# com.ejemplos.testing.serenity.stepdefinitions.GetEmpleadoStepDefinitions.realiza_una_peticion_a_la_API(int)&amp#27;[0m
  &amp#27;[32mThen &amp#27;[0m&amp#27;[32mse devuelve un empleado cuya propiedad gÃ©nero estÃ¡ compuesta por caracteres alfabÃ©ticos&amp#27;[0m          &amp#27;[90m# com.ejemplos.testing.serenity.stepdefinitions.GetEmpleadoStepDefinitions.devuelve_un_objeto_cuyo_genero_solo_tiene_letras()&amp#27;[0m
16:18:38.966 [main] INFO   - 
  _____   ___   ___   _____     ___     _     ___   ___   ___   ___  
 |_   _| | __| / __| |_   _|   | _ \   /_\   / __| / __| | __| |   \ 
   | |   | _|  \__ \   | |     |  _/  / _ \  \__ \ \__ \ | _|  | |) |
   |_|   |___| |___/   |_|     |_|   /_/ \_\ |___/ |___/ |___| |___/ 

Al pedir los datos de un empleado la propiedad género es una cadena de caracteres alfabéticos
----------------------------------------------------------------------
]]>
    </system-out>
  </testcase>
  <testcase name="Al pedir los datos de un empleado la propiedad género es una cadena de caracteres alfabéticos #3" classname="Como administrador quiero poder obtener los datos de un empleado específico para consultar la información de éste" time="0.735">
    <system-out>
      <![CDATA[
@REQ_P3Q-4 @TEST_P3Q-110 @TESTSET_P3Q-15 @API @Cucumber
Scenario: Al pedir los datos de un empleado la propiedad gÃ©nero es una cadena de caracteres alfabÃ©ticos &amp#27;[90m# src/test/resources/features/getEmpleado/getEmpleado.feature:148&amp#27;[0m
16:18:38.973 [main] INFO  i.c.core.plugin.SerenityReporter - Running feature from file:///C:/Users/34603/Documents/GitHub/Proyecto3/Proyecto3-Serenity/src/test/resources/features/getEmpleado/getEmpleado.feature
  &amp#27;[32mGiven &amp#27;[0m&amp#27;[32mun administrador estÃ¡ logueado&amp#27;[0m                                                                  &amp#27;[90m# com.ejemplos.testing.serenity.stepdefinitions.GetEmpleadoStepDefinitions.un_administrador_logueado()&amp#27;[0m
  &amp#27;[32mWhen &amp#27;[0m&amp#27;[32mpide los datos de un empleado especÃ­fico con id &amp#27;[0m&amp#27;[32m&amp#27;[1m27&amp#27;[0m                                               &amp#27;[90m# com.ejemplos.testing.serenity.stepdefinitions.GetEmpleadoStepDefinitions.realiza_una_peticion_a_la_API(int)&amp#27;[0m
  &amp#27;[32mThen &amp#27;[0m&amp#27;[32mse devuelve un empleado cuya propiedad gÃ©nero estÃ¡ compuesta por caracteres alfabÃ©ticos&amp#27;[0m          &amp#27;[90m# com.ejemplos.testing.serenity.stepdefinitions.GetEmpleadoStepDefinitions.devuelve_un_objeto_cuyo_genero_solo_tiene_letras()&amp#27;[0m
]]>
    </system-out>
  </testcase>
  <testcase name="Al pedir los datos de un empleado la propiedad género es una cadena de caracteres alfabéticos #4" classname="Como administrador quiero poder obtener los datos de un empleado específico para consultar la información de éste" time="0.737">
    <system-out>
      <![CDATA[
@REQ_P3Q-4 @TEST_P3Q-110 @TESTSET_P3Q-15 @API @Cucumber
Scenario: Al pedir los datos de un empleado la propiedad gÃ©nero es una cadena de caracteres alfabÃ©ticos &amp#27;[90m# src/test/resources/features/getEmpleado/getEmpleado.feature:149&amp#27;[0m
16:18:39.709 [main] INFO  i.c.core.plugin.SerenityReporter - Running feature from file:///C:/Users/34603/Documents/GitHub/Proyecto3/Proyecto3-Serenity/src/test/resources/features/getEmpleado/getEmpleado.feature
  &amp#27;[32mGiven &amp#27;[0m&amp#27;[32mun administrador estÃ¡ logueado&amp#27;[0m                                                                  &amp#27;[90m# com.ejemplos.testing.serenity.stepdefinitions.GetEmpleadoStepDefinitions.un_administrador_logueado()&amp#27;[0m
  &amp#27;[32mWhen &amp#27;[0m&amp#27;[32mpide los datos de un empleado especÃ­fico con id &amp#27;[0m&amp#27;[32m&amp#27;[1m33&amp#27;[0m                                               &amp#27;[90m# com.ejemplos.testing.serenity.stepdefinitions.GetEmpleadoStepDefinitions.realiza_una_peticion_a_la_API(int)&amp#27;[0m
  &amp#27;[32mThen &amp#27;[0m&amp#27;[32mse devuelve un empleado cuya propiedad gÃ©nero estÃ¡ compuesta por caracteres alfabÃ©ticos&amp#27;[0m          &amp#27;[90m# com.ejemplos.testing.serenity.stepdefinitions.GetEmpleadoStepDefinitions.devuelve_un_objeto_cuyo_genero_solo_tiene_letras()&amp#27;[0m
]]>
    </system-out>
  </testcase>
  <testcase name="Al pedir los datos de un empleado la propiedad género es una cadena de caracteres alfabéticos #5" classname="Como administrador quiero poder obtener los datos de un empleado específico para consultar la información de éste" time="0.721">
    <system-out>
      <![CDATA[
@REQ_P3Q-4 @TEST_P3Q-110 @TESTSET_P3Q-15 @API @Cucumber
Scenario: Al pedir los datos de un empleado la propiedad gÃ©nero es una cadena de caracteres alfabÃ©ticos &amp#27;[90m# src/test/resources/features/getEmpleado/getEmpleado.feature:150&amp#27;[0m
16:18:40.445 [main] INFO  i.c.core.plugin.SerenityReporter - Running feature from file:///C:/Users/34603/Documents/GitHub/Proyecto3/Proyecto3-Serenity/src/test/resources/features/getEmpleado/getEmpleado.feature
  &amp#27;[32mGiven &amp#27;[0m&amp#27;[32mun administrador estÃ¡ logueado&amp#27;[0m                                                                  &amp#27;[90m# com.ejemplos.testing.serenity.stepdefinitions.GetEmpleadoStepDefinitions.un_administrador_logueado()&amp#27;[0m
  &amp#27;[32mWhen &amp#27;[0m&amp#27;[32mpide los datos de un empleado especÃ­fico con id &amp#27;[0m&amp#27;[32m&amp#27;[1m42&amp#27;[0m                                               &amp#27;[90m# com.ejemplos.testing.serenity.stepdefinitions.GetEmpleadoStepDefinitions.realiza_una_peticion_a_la_API(int)&amp#27;[0m
  &amp#27;[32mThen &amp#27;[0m&amp#27;[32mse devuelve un empleado cuya propiedad gÃ©nero estÃ¡ compuesta por caracteres alfabÃ©ticos&amp#27;[0m          &amp#27;[90m# com.ejemplos.testing.serenity.stepdefinitions.GetEmpleadoStepDefinitions.devuelve_un_objeto_cuyo_genero_solo_tiene_letras()&amp#27;[0m
]]>
    </system-out>
  </testcase>
  <testcase name="Al pedir los datos de un empleado la propiedad género es una cadena de caracteres alfabéticos #6" classname="Como administrador quiero poder obtener los datos de un empleado específico para consultar la información de éste" time="0.752">
    <system-out>
      <![CDATA[
@REQ_P3Q-4 @TEST_P3Q-110 @TESTSET_P3Q-15 @API @Cucumber
Scenario: Al pedir los datos de un empleado la propiedad gÃ©nero es una cadena de caracteres alfabÃ©ticos &amp#27;[90m# src/test/resources/features/getEmpleado/getEmpleado.feature:151&amp#27;[0m
16:18:41.167 [main] INFO  i.c.core.plugin.SerenityReporter - Running feature from file:///C:/Users/34603/Documents/GitHub/Proyecto3/Proyecto3-Serenity/src/test/resources/features/getEmpleado/getEmpleado.feature
  &amp#27;[32mGiven &amp#27;[0m&amp#27;[32mun administrador estÃ¡ logueado&amp#27;[0m                                                                  &amp#27;[90m# com.ejemplos.testing.serenity.stepdefinitions.GetEmpleadoStepDefinitions.un_administrador_logueado()&amp#27;[0m
  &amp#27;[32mWhen &amp#27;[0m&amp#27;[32mpide los datos de un empleado especÃ­fico con id &amp#27;[0m&amp#27;[32m&amp#27;[1m59&amp#27;[0m                                               &amp#27;[90m# com.ejemplos.testing.serenity.stepdefinitions.GetEmpleadoStepDefinitions.realiza_una_peticion_a_la_API(int)&amp#27;[0m
  &amp#27;[32mThen &amp#27;[0m&amp#27;[32mse devuelve un empleado cuya propiedad gÃ©nero estÃ¡ compuesta por caracteres alfabÃ©ticos&amp#27;[0m          &amp#27;[90m# com.ejemplos.testing.serenity.stepdefinitions.GetEmpleadoStepDefinitions.devuelve_un_objeto_cuyo_genero_solo_tiene_letras()&amp#27;[0m
]]>
    </system-out>
  </testcase>
  <testcase name="Al pedir los datos de un empleado la propiedad género es una cadena de caracteres alfabéticos #7" classname="Como administrador quiero poder obtener los datos de un empleado específico para consultar la información de éste" time="0.751">
    <system-out>
      <![CDATA[
@REQ_P3Q-4 @TEST_P3Q-110 @TESTSET_P3Q-15 @API @Cucumber
Scenario: Al pedir los datos de un empleado la propiedad gÃ©nero es una cadena de caracteres alfabÃ©ticos &amp#27;[90m# src/test/resources/features/getEmpleado/getEmpleado.feature:152&amp#27;[0m
16:18:41.920 [main] INFO  i.c.core.plugin.SerenityReporter - Running feature from file:///C:/Users/34603/Documents/GitHub/Proyecto3/Proyecto3-Serenity/src/test/resources/features/getEmpleado/getEmpleado.feature
  &amp#27;[32mGiven &amp#27;[0m&amp#27;[32mun administrador estÃ¡ logueado&amp#27;[0m                                                                  &amp#27;[90m# com.ejemplos.testing.serenity.stepdefinitions.GetEmpleadoStepDefinitions.un_administrador_logueado()&amp#27;[0m
  &amp#27;[32mWhen &amp#27;[0m&amp#27;[32mpide los datos de un empleado especÃ­fico con id &amp#27;[0m&amp#27;[32m&amp#27;[1m66&amp#27;[0m                                               &amp#27;[90m# com.ejemplos.testing.serenity.stepdefinitions.GetEmpleadoStepDefinitions.realiza_una_peticion_a_la_API(int)&amp#27;[0m
  &amp#27;[32mThen &amp#27;[0m&amp#27;[32mse devuelve un empleado cuya propiedad gÃ©nero estÃ¡ compuesta por caracteres alfabÃ©ticos&amp#27;[0m          &amp#27;[90m# com.ejemplos.testing.serenity.stepdefinitions.GetEmpleadoStepDefinitions.devuelve_un_objeto_cuyo_genero_solo_tiene_letras()&amp#27;[0m
]]>
    </system-out>
  </testcase>
  <testcase name="Al pedir los datos de un empleado la propiedad género es una cadena de caracteres alfabéticos #8" classname="Como administrador quiero poder obtener los datos de un empleado específico para consultar la información de éste" time="0.773">
    <system-out>
      <![CDATA[
@REQ_P3Q-4 @TEST_P3Q-110 @TESTSET_P3Q-15 @API @Cucumber
Scenario: Al pedir los datos de un empleado la propiedad gÃ©nero es una cadena de caracteres alfabÃ©ticos &amp#27;[90m# src/test/resources/features/getEmpleado/getEmpleado.feature:153&amp#27;[0m
16:18:42.671 [main] INFO  i.c.core.plugin.SerenityReporter - Running feature from file:///C:/Users/34603/Documents/GitHub/Proyecto3/Proyecto3-Serenity/src/test/resources/features/getEmpleado/getEmpleado.feature
  &amp#27;[32mGiven &amp#27;[0m&amp#27;[32mun administrador estÃ¡ logueado&amp#27;[0m                                                                  &amp#27;[90m# com.ejemplos.testing.serenity.stepdefinitions.GetEmpleadoStepDefinitions.un_administrador_logueado()&amp#27;[0m
  &amp#27;[32mWhen &amp#27;[0m&amp#27;[32mpide los datos de un empleado especÃ­fico con id &amp#27;[0m&amp#27;[32m&amp#27;[1m72&amp#27;[0m                                               &amp#27;[90m# com.ejemplos.testing.serenity.stepdefinitions.GetEmpleadoStepDefinitions.realiza_una_peticion_a_la_API(int)&amp#27;[0m
  &amp#27;[32mThen &amp#27;[0m&amp#27;[32mse devuelve un empleado cuya propiedad gÃ©nero estÃ¡ compuesta por caracteres alfabÃ©ticos&amp#27;[0m          &amp#27;[90m# com.ejemplos.testing.serenity.stepdefinitions.GetEmpleadoStepDefinitions.devuelve_un_objeto_cuyo_genero_solo_tiene_letras()&amp#27;[0m
]]>
    </system-out>
  </testcase>
  <testcase name="Al pedir los datos de un empleado la propiedad género es una cadena de caracteres alfabéticos #9" classname="Como administrador quiero poder obtener los datos de un empleado específico para consultar la información de éste" time="0.766">
    <system-out>
      <![CDATA[
@REQ_P3Q-4 @TEST_P3Q-110 @TESTSET_P3Q-15 @API @Cucumber
Scenario: Al pedir los datos de un empleado la propiedad gÃ©nero es una cadena de caracteres alfabÃ©ticos &amp#27;[90m# src/test/resources/features/getEmpleado/getEmpleado.feature:154&amp#27;[0m
16:18:43.444 [main] INFO  i.c.core.plugin.SerenityReporter - Running feature from file:///C:/Users/34603/Documents/GitHub/Proyecto3/Proyecto3-Serenity/src/test/resources/features/getEmpleado/getEmpleado.feature
  &amp#27;[32mGiven &amp#27;[0m&amp#27;[32mun administrador estÃ¡ logueado&amp#27;[0m                                                                  &amp#27;[90m# com.ejemplos.testing.serenity.stepdefinitions.GetEmpleadoStepDefinitions.un_administrador_logueado()&amp#27;[0m
  &amp#27;[32mWhen &amp#27;[0m&amp#27;[32mpide los datos de un empleado especÃ­fico con id &amp#27;[0m&amp#27;[32m&amp#27;[1m88&amp#27;[0m                                               &amp#27;[90m# com.ejemplos.testing.serenity.stepdefinitions.GetEmpleadoStepDefinitions.realiza_una_peticion_a_la_API(int)&amp#27;[0m
  &amp#27;[32mThen &amp#27;[0m&amp#27;[32mse devuelve un empleado cuya propiedad gÃ©nero estÃ¡ compuesta por caracteres alfabÃ©ticos&amp#27;[0m          &amp#27;[90m# com.ejemplos.testing.serenity.stepdefinitions.GetEmpleadoStepDefinitions.devuelve_un_objeto_cuyo_genero_solo_tiene_letras()&amp#27;[0m
]]>
    </system-out>
  </testcase>
  <testcase name="Al pedir los datos de un empleado la propiedad género es una cadena de caracteres alfabéticos #10" classname="Como administrador quiero poder obtener los datos de un empleado específico para consultar la información de éste" time="0.777">
    <system-out>
      <![CDATA[
@REQ_P3Q-4 @TEST_P3Q-110 @TESTSET_P3Q-15 @API @Cucumber
Scenario: Al pedir los datos de un empleado la propiedad gÃ©nero es una cadena de caracteres alfabÃ©ticos &amp#27;[90m# src/test/resources/features/getEmpleado/getEmpleado.feature:155&amp#27;[0m
16:18:44.217 [main] INFO  i.c.core.plugin.SerenityReporter - Running feature from file:///C:/Users/34603/Documents/GitHub/Proyecto3/Proyecto3-Serenity/src/test/resources/features/getEmpleado/getEmpleado.feature
  &amp#27;[32mGiven &amp#27;[0m&amp#27;[32mun administrador estÃ¡ logueado&amp#27;[0m                                                                  &amp#27;[90m# com.ejemplos.testing.serenity.stepdefinitions.GetEmpleadoStepDefinitions.un_administrador_logueado()&amp#27;[0m
  &amp#27;[32mWhen &amp#27;[0m&amp#27;[32mpide los datos de un empleado especÃ­fico con id &amp#27;[0m&amp#27;[32m&amp#27;[1m93&amp#27;[0m                                               &amp#27;[90m# com.ejemplos.testing.serenity.stepdefinitions.GetEmpleadoStepDefinitions.realiza_una_peticion_a_la_API(int)&amp#27;[0m
  &amp#27;[32mThen &amp#27;[0m&amp#27;[32mse devuelve un empleado cuya propiedad gÃ©nero estÃ¡ compuesta por caracteres alfabÃ©ticos&amp#27;[0m          &amp#27;[90m# com.ejemplos.testing.serenity.stepdefinitions.GetEmpleadoStepDefinitions.devuelve_un_objeto_cuyo_genero_solo_tiene_letras()&amp#27;[0m
]]>
    </system-out>
  </testcase>
  <testcase name="Al pedir los datos de un empleado la propiedad registered contiene una fecha pasada o actual #1" classname="Como administrador quiero poder obtener los datos de un empleado específico para consultar la información de éste" time="0.765">
    <system-out>
      <![CDATA[
@REQ_P3Q-4 @TEST_P3Q-114 @TESTSET_P3Q-15 @API @Cucumber
Scenario: Al pedir los datos de un empleado la propiedad registered contiene una fecha pasada o actual   &amp#27;[90m# src/test/resources/features/getEmpleado/getEmpleado.feature:163&amp#27;[0m
16:18:44.988 [main] INFO  i.c.core.plugin.SerenityReporter - Running feature from file:///C:/Users/34603/Documents/GitHub/Proyecto3/Proyecto3-Serenity/src/test/resources/features/getEmpleado/getEmpleado.feature
16:18:44.990 [main] INFO   - 
  _____   ___   ___   _____     ___   _____     _     ___   _____   ___   ___  
 |_   _| | __| / __| |_   _|   / __| |_   _|   /_\   | _ \ |_   _| | __| |   \ 
   | |   | _|  \__ \   | |     \__ \   | |    / _ \  |   /   | |   | _|  | |) |
   |_|   |___| |___/   |_|     |___/   |_|   /_/ \_\ |_|_\   |_|   |___| |___/ 

Al pedir los datos de un empleado la propiedad registered contiene una fecha pasada o actual(como-administrador-quiero-poder-obtener-los-datos-de-un-empleado-específico-para-consultar-la-información-de-éste;al-pedir-los-datos-de-un-empleado-la-propiedad-registered-contiene-una-fecha-pasada-o-actual)
--------------------------------------------------------------------------------
  &amp#27;[32mGiven &amp#27;[0m&amp#27;[32mun administrador estÃ¡ logueado&amp#27;[0m                                                                   &amp#27;[90m# com.ejemplos.testing.serenity.stepdefinitions.GetEmpleadoStepDefinitions.un_administrador_logueado()&amp#27;[0m
  &amp#27;[32mWhen &amp#27;[0m&amp#27;[32mpide los datos de un empleado especÃ­fico con id &amp#27;[0m&amp#27;[32m&amp#27;[1m1&amp#27;[0m                                                 &amp#27;[90m# com.ejemplos.testing.serenity.stepdefinitions.GetEmpleadoStepDefinitions.realiza_una_peticion_a_la_API(int)&amp#27;[0m
Value(YearOfEra,4,19,EXCEEDS_PAD)'-'Value(MonthOfYear,2)'-'Value(DayOfMonth,2)
2015-07-23
  &amp#27;[32mThen &amp#27;[0m&amp#27;[32mse devuelve un empleado cuya propiedad registered contiene una fecha anterior o igual a la actual&amp#27;[0m &amp#27;[90m# com.ejemplos.testing.serenity.stepdefinitions.GetEmpleadoStepDefinitions.devuelve_un_objeto_cuya_propiedad_registered_contiene_fecha_no_futura()&amp#27;[0m
16:18:45.745 [main] INFO   - 
  _____   ___   ___   _____     ___     _     ___   ___   ___   ___  
 |_   _| | __| / __| |_   _|   | _ \   /_\   / __| / __| | __| |   \ 
   | |   | _|  \__ \   | |     |  _/  / _ \  \__ \ \__ \ | _|  | |) |
   |_|   |___| |___/   |_|     |_|   /_/ \_\ |___/ |___/ |___| |___/ 

Al pedir los datos de un empleado la propiedad registered contiene una fecha pasada o actual
----------------------------------------------------------------------
]]>
    </system-out>
  </testcase>
  <testcase name="Al pedir los datos de un empleado la propiedad registered contiene una fecha pasada o actual #2" classname="Como administrador quiero poder obtener los datos de un empleado específico para consultar la información de éste" time="0.849">
    <system-out>
      <![CDATA[
@REQ_P3Q-4 @TEST_P3Q-114 @TESTSET_P3Q-15 @API @Cucumber
Scenario: Al pedir los datos de un empleado la propiedad registered contiene una fecha pasada o actual   &amp#27;[90m# src/test/resources/features/getEmpleado/getEmpleado.feature:164&amp#27;[0m
16:18:45.752 [main] INFO  i.c.core.plugin.SerenityReporter - Running feature from file:///C:/Users/34603/Documents/GitHub/Proyecto3/Proyecto3-Serenity/src/test/resources/features/getEmpleado/getEmpleado.feature
  &amp#27;[32mGiven &amp#27;[0m&amp#27;[32mun administrador estÃ¡ logueado&amp#27;[0m                                                                   &amp#27;[90m# com.ejemplos.testing.serenity.stepdefinitions.GetEmpleadoStepDefinitions.un_administrador_logueado()&amp#27;[0m
  &amp#27;[32mWhen &amp#27;[0m&amp#27;[32mpide los datos de un empleado especÃ­fico con id &amp#27;[0m&amp#27;[32m&amp#27;[1m15&amp#27;[0m                                                &amp#27;[90m# com.ejemplos.testing.serenity.stepdefinitions.GetEmpleadoStepDefinitions.realiza_una_peticion_a_la_API(int)&amp#27;[0m
Value(YearOfEra,4,19,EXCEEDS_PAD)'-'Value(MonthOfYear,2)'-'Value(DayOfMonth,2)
2021-12-07
  &amp#27;[32mThen &amp#27;[0m&amp#27;[32mse devuelve un empleado cuya propiedad registered contiene una fecha anterior o igual a la actual&amp#27;[0m &amp#27;[90m# com.ejemplos.testing.serenity.stepdefinitions.GetEmpleadoStepDefinitions.devuelve_un_objeto_cuya_propiedad_registered_contiene_fecha_no_futura()&amp#27;[0m
16:18:46.593 [main] INFO   - 
  _____   ___   ___   _____     ___     _     ___   ___   ___   ___  
 |_   _| | __| / __| |_   _|   | _ \   /_\   / __| / __| | __| |   \ 
   | |   | _|  \__ \   | |     |  _/  / _ \  \__ \ \__ \ | _|  | |) |
   |_|   |___| |___/   |_|     |_|   /_/ \_\ |___/ |___/ |___| |___/ 

Al pedir los datos de un empleado la propiedad registered contiene una fecha pasada o actual
----------------------------------------------------------------------
]]>
    </system-out>
  </testcase>
  <testcase name="Al pedir los datos de un empleado la propiedad registered contiene una fecha pasada o actual #3" classname="Como administrador quiero poder obtener los datos de un empleado específico para consultar la información de éste" time="0.748">
    <system-out>
      <![CDATA[
@REQ_P3Q-4 @TEST_P3Q-114 @TESTSET_P3Q-15 @API @Cucumber
Scenario: Al pedir los datos de un empleado la propiedad registered contiene una fecha pasada o actual   &amp#27;[90m# src/test/resources/features/getEmpleado/getEmpleado.feature:165&amp#27;[0m
16:18:46.600 [main] INFO  i.c.core.plugin.SerenityReporter - Running feature from file:///C:/Users/34603/Documents/GitHub/Proyecto3/Proyecto3-Serenity/src/test/resources/features/getEmpleado/getEmpleado.feature
  &amp#27;[32mGiven &amp#27;[0m&amp#27;[32mun administrador estÃ¡ logueado&amp#27;[0m                                                                   &amp#27;[90m# com.ejemplos.testing.serenity.stepdefinitions.GetEmpleadoStepDefinitions.un_administrador_logueado()&amp#27;[0m
  &amp#27;[32mWhen &amp#27;[0m&amp#27;[32mpide los datos de un empleado especÃ­fico con id &amp#27;[0m&amp#27;[32m&amp#27;[1m27&amp#27;[0m                                                &amp#27;[90m# com.ejemplos.testing.serenity.stepdefinitions.GetEmpleadoStepDefinitions.realiza_una_peticion_a_la_API(int)&amp#27;[0m
Value(YearOfEra,4,19,EXCEEDS_PAD)'-'Value(MonthOfYear,2)'-'Value(DayOfMonth,2)
2019-03-23
  &amp#27;[32mThen &amp#27;[0m&amp#27;[32mse devuelve un empleado cuya propiedad registered contiene una fecha anterior o igual a la actual&amp#27;[0m &amp#27;[90m# com.ejemplos.testing.serenity.stepdefinitions.GetEmpleadoStepDefinitions.devuelve_un_objeto_cuya_propiedad_registered_contiene_fecha_no_futura()&amp#27;[0m
]]>
    </system-out>
  </testcase>
  <testcase name="Al pedir los datos de un empleado la propiedad registered contiene una fecha pasada o actual #4" classname="Como administrador quiero poder obtener los datos de un empleado específico para consultar la información de éste" time="0.757">
    <system-out>
      <![CDATA[
@REQ_P3Q-4 @TEST_P3Q-114 @TESTSET_P3Q-15 @API @Cucumber
Scenario: Al pedir los datos de un empleado la propiedad registered contiene una fecha pasada o actual   &amp#27;[90m# src/test/resources/features/getEmpleado/getEmpleado.feature:166&amp#27;[0m
16:18:47.349 [main] INFO  i.c.core.plugin.SerenityReporter - Running feature from file:///C:/Users/34603/Documents/GitHub/Proyecto3/Proyecto3-Serenity/src/test/resources/features/getEmpleado/getEmpleado.feature
  &amp#27;[32mGiven &amp#27;[0m&amp#27;[32mun administrador estÃ¡ logueado&amp#27;[0m                                                                   &amp#27;[90m# com.ejemplos.testing.serenity.stepdefinitions.GetEmpleadoStepDefinitions.un_administrador_logueado()&amp#27;[0m
  &amp#27;[32mWhen &amp#27;[0m&amp#27;[32mpide los datos de un empleado especÃ­fico con id &amp#27;[0m&amp#27;[32m&amp#27;[1m33&amp#27;[0m                                                &amp#27;[90m# com.ejemplos.testing.serenity.stepdefinitions.GetEmpleadoStepDefinitions.realiza_una_peticion_a_la_API(int)&amp#27;[0m
Value(YearOfEra,4,19,EXCEEDS_PAD)'-'Value(MonthOfYear,2)'-'Value(DayOfMonth,2)
2014-02-21
  &amp#27;[32mThen &amp#27;[0m&amp#27;[32mse devuelve un empleado cuya propiedad registered contiene una fecha anterior o igual a la actual&amp#27;[0m &amp#27;[90m# com.ejemplos.testing.serenity.stepdefinitions.GetEmpleadoStepDefinitions.devuelve_un_objeto_cuya_propiedad_registered_contiene_fecha_no_futura()&amp#27;[0m
]]>
    </system-out>
  </testcase>
  <testcase name="Al pedir los datos de un empleado la propiedad registered contiene una fecha pasada o actual #5" classname="Como administrador quiero poder obtener los datos de un empleado específico para consultar la información de éste" time="0.825">
    <system-out>
      <![CDATA[
@REQ_P3Q-4 @TEST_P3Q-114 @TESTSET_P3Q-15 @API @Cucumber
Scenario: Al pedir los datos de un empleado la propiedad registered contiene una fecha pasada o actual   &amp#27;[90m# src/test/resources/features/getEmpleado/getEmpleado.feature:167&amp#27;[0m
16:18:48.106 [main] INFO  i.c.core.plugin.SerenityReporter - Running feature from file:///C:/Users/34603/Documents/GitHub/Proyecto3/Proyecto3-Serenity/src/test/resources/features/getEmpleado/getEmpleado.feature
  &amp#27;[32mGiven &amp#27;[0m&amp#27;[32mun administrador estÃ¡ logueado&amp#27;[0m                                                                   &amp#27;[90m# com.ejemplos.testing.serenity.stepdefinitions.GetEmpleadoStepDefinitions.un_administrador_logueado()&amp#27;[0m
  &amp#27;[32mWhen &amp#27;[0m&amp#27;[32mpide los datos de un empleado especÃ­fico con id &amp#27;[0m&amp#27;[32m&amp#27;[1m42&amp#27;[0m                                                &amp#27;[90m# com.ejemplos.testing.serenity.stepdefinitions.GetEmpleadoStepDefinitions.realiza_una_peticion_a_la_API(int)&amp#27;[0m
Value(YearOfEra,4,19,EXCEEDS_PAD)'-'Value(MonthOfYear,2)'-'Value(DayOfMonth,2)
2021-06-18
  &amp#27;[32mThen &amp#27;[0m&amp#27;[32mse devuelve un empleado cuya propiedad registered contiene una fecha anterior o igual a la actual&amp#27;[0m &amp#27;[90m# com.ejemplos.testing.serenity.stepdefinitions.GetEmpleadoStepDefinitions.devuelve_un_objeto_cuya_propiedad_registered_contiene_fecha_no_futura()&amp#27;[0m
]]>
    </system-out>
  </testcase>
  <testcase name="Al pedir los datos de un empleado la propiedad registered contiene una fecha pasada o actual #6" classname="Como administrador quiero poder obtener los datos de un empleado específico para consultar la información de éste" time="0.724">
    <system-out>
      <![CDATA[
@REQ_P3Q-4 @TEST_P3Q-114 @TESTSET_P3Q-15 @API @Cucumber
Scenario: Al pedir los datos de un empleado la propiedad registered contiene una fecha pasada o actual   &amp#27;[90m# src/test/resources/features/getEmpleado/getEmpleado.feature:168&amp#27;[0m
16:18:48.933 [main] INFO  i.c.core.plugin.SerenityReporter - Running feature from file:///C:/Users/34603/Documents/GitHub/Proyecto3/Proyecto3-Serenity/src/test/resources/features/getEmpleado/getEmpleado.feature
  &amp#27;[32mGiven &amp#27;[0m&amp#27;[32mun administrador estÃ¡ logueado&amp#27;[0m                                                                   &amp#27;[90m# com.ejemplos.testing.serenity.stepdefinitions.GetEmpleadoStepDefinitions.un_administrador_logueado()&amp#27;[0m
  &amp#27;[32mWhen &amp#27;[0m&amp#27;[32mpide los datos de un empleado especÃ­fico con id &amp#27;[0m&amp#27;[32m&amp#27;[1m59&amp#27;[0m                                                &amp#27;[90m# com.ejemplos.testing.serenity.stepdefinitions.GetEmpleadoStepDefinitions.realiza_una_peticion_a_la_API(int)&amp#27;[0m
Value(YearOfEra,4,19,EXCEEDS_PAD)'-'Value(MonthOfYear,2)'-'Value(DayOfMonth,2)
2018-06-21
  &amp#27;[32mThen &amp#27;[0m&amp#27;[32mse devuelve un empleado cuya propiedad registered contiene una fecha anterior o igual a la actual&amp#27;[0m &amp#27;[90m# com.ejemplos.testing.serenity.stepdefinitions.GetEmpleadoStepDefinitions.devuelve_un_objeto_cuya_propiedad_registered_contiene_fecha_no_futura()&amp#27;[0m
]]>
    </system-out>
  </testcase>
  <testcase name="Al pedir los datos de un empleado la propiedad registered contiene una fecha pasada o actual #7" classname="Como administrador quiero poder obtener los datos de un empleado específico para consultar la información de éste" time="0.789">
    <system-out>
      <![CDATA[
@REQ_P3Q-4 @TEST_P3Q-114 @TESTSET_P3Q-15 @API @Cucumber
Scenario: Al pedir los datos de un empleado la propiedad registered contiene una fecha pasada o actual   &amp#27;[90m# src/test/resources/features/getEmpleado/getEmpleado.feature:169&amp#27;[0m
16:18:49.655 [main] INFO  i.c.core.plugin.SerenityReporter - Running feature from file:///C:/Users/34603/Documents/GitHub/Proyecto3/Proyecto3-Serenity/src/test/resources/features/getEmpleado/getEmpleado.feature
  &amp#27;[32mGiven &amp#27;[0m&amp#27;[32mun administrador estÃ¡ logueado&amp#27;[0m                                                                   &amp#27;[90m# com.ejemplos.testing.serenity.stepdefinitions.GetEmpleadoStepDefinitions.un_administrador_logueado()&amp#27;[0m
  &amp#27;[32mWhen &amp#27;[0m&amp#27;[32mpide los datos de un empleado especÃ­fico con id &amp#27;[0m&amp#27;[32m&amp#27;[1m66&amp#27;[0m                                                &amp#27;[90m# com.ejemplos.testing.serenity.stepdefinitions.GetEmpleadoStepDefinitions.realiza_una_peticion_a_la_API(int)&amp#27;[0m
Value(YearOfEra,4,19,EXCEEDS_PAD)'-'Value(MonthOfYear,2)'-'Value(DayOfMonth,2)
2018-11-05
  &amp#27;[32mThen &amp#27;[0m&amp#27;[32mse devuelve un empleado cuya propiedad registered contiene una fecha anterior o igual a la actual&amp#27;[0m &amp#27;[90m# com.ejemplos.testing.serenity.stepdefinitions.GetEmpleadoStepDefinitions.devuelve_un_objeto_cuya_propiedad_registered_contiene_fecha_no_futura()&amp#27;[0m
]]>
    </system-out>
  </testcase>
  <testcase name="Al pedir los datos de un empleado la propiedad registered contiene una fecha pasada o actual #8" classname="Como administrador quiero poder obtener los datos de un empleado específico para consultar la información de éste" time="0.805">
    <system-out>
      <![CDATA[
@REQ_P3Q-4 @TEST_P3Q-114 @TESTSET_P3Q-15 @API @Cucumber
Scenario: Al pedir los datos de un empleado la propiedad registered contiene una fecha pasada o actual   &amp#27;[90m# src/test/resources/features/getEmpleado/getEmpleado.feature:170&amp#27;[0m
16:18:50.444 [main] INFO  i.c.core.plugin.SerenityReporter - Running feature from file:///C:/Users/34603/Documents/GitHub/Proyecto3/Proyecto3-Serenity/src/test/resources/features/getEmpleado/getEmpleado.feature
  &amp#27;[32mGiven &amp#27;[0m&amp#27;[32mun administrador estÃ¡ logueado&amp#27;[0m                                                                   &amp#27;[90m# com.ejemplos.testing.serenity.stepdefinitions.GetEmpleadoStepDefinitions.un_administrador_logueado()&amp#27;[0m
  &amp#27;[32mWhen &amp#27;[0m&amp#27;[32mpide los datos de un empleado especÃ­fico con id &amp#27;[0m&amp#27;[32m&amp#27;[1m72&amp#27;[0m                                                &amp#27;[90m# com.ejemplos.testing.serenity.stepdefinitions.GetEmpleadoStepDefinitions.realiza_una_peticion_a_la_API(int)&amp#27;[0m
Value(YearOfEra,4,19,EXCEEDS_PAD)'-'Value(MonthOfYear,2)'-'Value(DayOfMonth,2)
2019-06-02
  &amp#27;[32mThen &amp#27;[0m&amp#27;[32mse devuelve un empleado cuya propiedad registered contiene una fecha anterior o igual a la actual&amp#27;[0m &amp#27;[90m# com.ejemplos.testing.serenity.stepdefinitions.GetEmpleadoStepDefinitions.devuelve_un_objeto_cuya_propiedad_registered_contiene_fecha_no_futura()&amp#27;[0m
]]>
    </system-out>
  </testcase>
  <testcase name="Al pedir los datos de un empleado la propiedad registered contiene una fecha pasada o actual #9" classname="Como administrador quiero poder obtener los datos de un empleado específico para consultar la información de éste" time="0.774">
    <system-out>
      <![CDATA[
@REQ_P3Q-4 @TEST_P3Q-114 @TESTSET_P3Q-15 @API @Cucumber
Scenario: Al pedir los datos de un empleado la propiedad registered contiene una fecha pasada o actual   &amp#27;[90m# src/test/resources/features/getEmpleado/getEmpleado.feature:171&amp#27;[0m
16:18:51.249 [main] INFO  i.c.core.plugin.SerenityReporter - Running feature from file:///C:/Users/34603/Documents/GitHub/Proyecto3/Proyecto3-Serenity/src/test/resources/features/getEmpleado/getEmpleado.feature
  &amp#27;[32mGiven &amp#27;[0m&amp#27;[32mun administrador estÃ¡ logueado&amp#27;[0m                                                                   &amp#27;[90m# com.ejemplos.testing.serenity.stepdefinitions.GetEmpleadoStepDefinitions.un_administrador_logueado()&amp#27;[0m
  &amp#27;[32mWhen &amp#27;[0m&amp#27;[32mpide los datos de un empleado especÃ­fico con id &amp#27;[0m&amp#27;[32m&amp#27;[1m88&amp#27;[0m                                                &amp#27;[90m# com.ejemplos.testing.serenity.stepdefinitions.GetEmpleadoStepDefinitions.realiza_una_peticion_a_la_API(int)&amp#27;[0m
Value(YearOfEra,4,19,EXCEEDS_PAD)'-'Value(MonthOfYear,2)'-'Value(DayOfMonth,2)
2016-10-24
  &amp#27;[32mThen &amp#27;[0m&amp#27;[32mse devuelve un empleado cuya propiedad registered contiene una fecha anterior o igual a la actual&amp#27;[0m &amp#27;[90m# com.ejemplos.testing.serenity.stepdefinitions.GetEmpleadoStepDefinitions.devuelve_un_objeto_cuya_propiedad_registered_contiene_fecha_no_futura()&amp#27;[0m
]]>
    </system-out>
  </testcase>
  <testcase name="Al pedir los datos de un empleado la propiedad registered contiene una fecha pasada o actual #10" classname="Como administrador quiero poder obtener los datos de un empleado específico para consultar la información de éste" time="0.773">
    <system-out>
      <![CDATA[
@REQ_P3Q-4 @TEST_P3Q-114 @TESTSET_P3Q-15 @API @Cucumber
Scenario: Al pedir los datos de un empleado la propiedad registered contiene una fecha pasada o actual   &amp#27;[90m# src/test/resources/features/getEmpleado/getEmpleado.feature:172&amp#27;[0m
16:18:52.023 [main] INFO  i.c.core.plugin.SerenityReporter - Running feature from file:///C:/Users/34603/Documents/GitHub/Proyecto3/Proyecto3-Serenity/src/test/resources/features/getEmpleado/getEmpleado.feature
  &amp#27;[32mGiven &amp#27;[0m&amp#27;[32mun administrador estÃ¡ logueado&amp#27;[0m                                                                   &amp#27;[90m# com.ejemplos.testing.serenity.stepdefinitions.GetEmpleadoStepDefinitions.un_administrador_logueado()&amp#27;[0m
  &amp#27;[32mWhen &amp#27;[0m&amp#27;[32mpide los datos de un empleado especÃ­fico con id &amp#27;[0m&amp#27;[32m&amp#27;[1m93&amp#27;[0m                                                &amp#27;[90m# com.ejemplos.testing.serenity.stepdefinitions.GetEmpleadoStepDefinitions.realiza_una_peticion_a_la_API(int)&amp#27;[0m
Value(YearOfEra,4,19,EXCEEDS_PAD)'-'Value(MonthOfYear,2)'-'Value(DayOfMonth,2)
2016-10-27
  &amp#27;[32mThen &amp#27;[0m&amp#27;[32mse devuelve un empleado cuya propiedad registered contiene una fecha anterior o igual a la actual&amp#27;[0m &amp#27;[90m# com.ejemplos.testing.serenity.stepdefinitions.GetEmpleadoStepDefinitions.devuelve_un_objeto_cuya_propiedad_registered_contiene_fecha_no_futura()&amp#27;[0m
]]>
    </system-out>
  </testcase>
  <testcase name="Al pedir los datos de un empleado la propiedad geolocalización es un array de dos elementos #1" classname="Como administrador quiero poder obtener los datos de un empleado específico para consultar la información de éste" time="0.742">
    <system-out>
      <![CDATA[
@REQ_P3Q-4 @TEST_P3Q-126 @TESTSET_P3Q-15 @API @Cucumber
Scenario: Al pedir los datos de un empleado la propiedad geolocalizaciÃ³n es un array de dos elementos &amp#27;[90m# src/test/resources/features/getEmpleado/getEmpleado.feature:180&amp#27;[0m
16:18:52.796 [main] INFO  i.c.core.plugin.SerenityReporter - Running feature from file:///C:/Users/34603/Documents/GitHub/Proyecto3/Proyecto3-Serenity/src/test/resources/features/getEmpleado/getEmpleado.feature
16:18:52.798 [main] INFO   - 
  _____   ___   ___   _____     ___   _____     _     ___   _____   ___   ___  
 |_   _| | __| / __| |_   _|   / __| |_   _|   /_\   | _ \ |_   _| | __| |   \ 
   | |   | _|  \__ \   | |     \__ \   | |    / _ \  |   /   | |   | _|  | |) |
   |_|   |___| |___/   |_|     |___/   |_|   /_/ \_\ |_|_\   |_|   |___| |___/ 

Al pedir los datos de un empleado la propiedad geolocalización es un array de dos elementos(como-administrador-quiero-poder-obtener-los-datos-de-un-empleado-específico-para-consultar-la-información-de-éste;al-pedir-los-datos-de-un-empleado-la-propiedad-geolocalización-es-un-array-de-dos-elementos)
--------------------------------------------------------------------------------
  &amp#27;[32mGiven &amp#27;[0m&amp#27;[32mun administrador estÃ¡ logueado&amp#27;[0m                                                                &amp#27;[90m# com.ejemplos.testing.serenity.stepdefinitions.GetEmpleadoStepDefinitions.un_administrador_logueado()&amp#27;[0m
  &amp#27;[32mWhen &amp#27;[0m&amp#27;[32mpide los datos de un empleado especÃ­fico con id &amp#27;[0m&amp#27;[32m&amp#27;[1m1&amp#27;[0m                                              &amp#27;[90m# com.ejemplos.testing.serenity.stepdefinitions.GetEmpleadoStepDefinitions.realiza_una_peticion_a_la_API(int)&amp#27;[0m
  &amp#27;[32mThen &amp#27;[0m&amp#27;[32mse devuelve un empleado cuya propiedad geolocalizaciÃ³n es un array de dos elementos&amp#27;[0m            &amp#27;[90m# com.ejemplos.testing.serenity.stepdefinitions.GetEmpleadoStepDefinitions.devuelve_un_objeto_cuya_propiedad_geolocalizacion_es_un_array_de_dos_elementos()&amp#27;[0m
16:18:53.531 [main] INFO   - 
  _____   ___   ___   _____     ___     _     ___   ___   ___   ___  
 |_   _| | __| / __| |_   _|   | _ \   /_\   / __| / __| | __| |   \ 
   | |   | _|  \__ \   | |     |  _/  / _ \  \__ \ \__ \ | _|  | |) |
   |_|   |___| |___/   |_|     |_|   /_/ \_\ |___/ |___/ |___| |___/ 

Al pedir los datos de un empleado la propiedad geolocalización es un array de dos elementos
----------------------------------------------------------------------
]]>
    </system-out>
  </testcase>
  <testcase name="Al pedir los datos de un empleado la propiedad geolocalización es un array de dos elementos #2" classname="Como administrador quiero poder obtener los datos de un empleado específico para consultar la información de éste" time="0.729">
    <system-out>
      <![CDATA[
@REQ_P3Q-4 @TEST_P3Q-126 @TESTSET_P3Q-15 @API @Cucumber
Scenario: Al pedir los datos de un empleado la propiedad geolocalizaciÃ³n es un array de dos elementos &amp#27;[90m# src/test/resources/features/getEmpleado/getEmpleado.feature:181&amp#27;[0m
16:18:53.539 [main] INFO  i.c.core.plugin.SerenityReporter - Running feature from file:///C:/Users/34603/Documents/GitHub/Proyecto3/Proyecto3-Serenity/src/test/resources/features/getEmpleado/getEmpleado.feature
  &amp#27;[32mGiven &amp#27;[0m&amp#27;[32mun administrador estÃ¡ logueado&amp#27;[0m                                                                &amp#27;[90m# com.ejemplos.testing.serenity.stepdefinitions.GetEmpleadoStepDefinitions.un_administrador_logueado()&amp#27;[0m
  &amp#27;[32mWhen &amp#27;[0m&amp#27;[32mpide los datos de un empleado especÃ­fico con id &amp#27;[0m&amp#27;[32m&amp#27;[1m15&amp#27;[0m                                             &amp#27;[90m# com.ejemplos.testing.serenity.stepdefinitions.GetEmpleadoStepDefinitions.realiza_una_peticion_a_la_API(int)&amp#27;[0m
  &amp#27;[32mThen &amp#27;[0m&amp#27;[32mse devuelve un empleado cuya propiedad geolocalizaciÃ³n es un array de dos elementos&amp#27;[0m            &amp#27;[90m# com.ejemplos.testing.serenity.stepdefinitions.GetEmpleadoStepDefinitions.devuelve_un_objeto_cuya_propiedad_geolocalizacion_es_un_array_de_dos_elementos()&amp#27;[0m
16:18:54.261 [main] INFO   - 
  _____   ___   ___   _____     ___     _     ___   ___   ___   ___  
 |_   _| | __| / __| |_   _|   | _ \   /_\   / __| / __| | __| |   \ 
   | |   | _|  \__ \   | |     |  _/  / _ \  \__ \ \__ \ | _|  | |) |
   |_|   |___| |___/   |_|     |_|   /_/ \_\ |___/ |___/ |___| |___/ 

Al pedir los datos de un empleado la propiedad geolocalización es un array de dos elementos
----------------------------------------------------------------------
]]>
    </system-out>
  </testcase>
  <testcase name="Al pedir los datos de un empleado la propiedad geolocalización es un array de dos elementos #3" classname="Como administrador quiero poder obtener los datos de un empleado específico para consultar la información de éste" time="0.747">
    <system-out>
      <![CDATA[
@REQ_P3Q-4 @TEST_P3Q-126 @TESTSET_P3Q-15 @API @Cucumber
Scenario: Al pedir los datos de un empleado la propiedad geolocalizaciÃ³n es un array de dos elementos &amp#27;[90m# src/test/resources/features/getEmpleado/getEmpleado.feature:182&amp#27;[0m
16:18:54.268 [main] INFO  i.c.core.plugin.SerenityReporter - Running feature from file:///C:/Users/34603/Documents/GitHub/Proyecto3/Proyecto3-Serenity/src/test/resources/features/getEmpleado/getEmpleado.feature
  &amp#27;[32mGiven &amp#27;[0m&amp#27;[32mun administrador estÃ¡ logueado&amp#27;[0m                                                                &amp#27;[90m# com.ejemplos.testing.serenity.stepdefinitions.GetEmpleadoStepDefinitions.un_administrador_logueado()&amp#27;[0m
  &amp#27;[32mWhen &amp#27;[0m&amp#27;[32mpide los datos de un empleado especÃ­fico con id &amp#27;[0m&amp#27;[32m&amp#27;[1m27&amp#27;[0m                                             &amp#27;[90m# com.ejemplos.testing.serenity.stepdefinitions.GetEmpleadoStepDefinitions.realiza_una_peticion_a_la_API(int)&amp#27;[0m
  &amp#27;[32mThen &amp#27;[0m&amp#27;[32mse devuelve un empleado cuya propiedad geolocalizaciÃ³n es un array de dos elementos&amp#27;[0m            &amp#27;[90m# com.ejemplos.testing.serenity.stepdefinitions.GetEmpleadoStepDefinitions.devuelve_un_objeto_cuya_propiedad_geolocalizacion_es_un_array_de_dos_elementos()&amp#27;[0m
]]>
    </system-out>
  </testcase>
  <testcase name="Al pedir los datos de un empleado la propiedad geolocalización es un array de dos elementos #4" classname="Como administrador quiero poder obtener los datos de un empleado específico para consultar la información de éste" time="0.757">
    <system-out>
      <![CDATA[
@REQ_P3Q-4 @TEST_P3Q-126 @TESTSET_P3Q-15 @API @Cucumber
Scenario: Al pedir los datos de un empleado la propiedad geolocalizaciÃ³n es un array de dos elementos &amp#27;[90m# src/test/resources/features/getEmpleado/getEmpleado.feature:183&amp#27;[0m
16:18:55.015 [main] INFO  i.c.core.plugin.SerenityReporter - Running feature from file:///C:/Users/34603/Documents/GitHub/Proyecto3/Proyecto3-Serenity/src/test/resources/features/getEmpleado/getEmpleado.feature
  &amp#27;[32mGiven &amp#27;[0m&amp#27;[32mun administrador estÃ¡ logueado&amp#27;[0m                                                                &amp#27;[90m# com.ejemplos.testing.serenity.stepdefinitions.GetEmpleadoStepDefinitions.un_administrador_logueado()&amp#27;[0m
  &amp#27;[32mWhen &amp#27;[0m&amp#27;[32mpide los datos de un empleado especÃ­fico con id &amp#27;[0m&amp#27;[32m&amp#27;[1m33&amp#27;[0m                                             &amp#27;[90m# com.ejemplos.testing.serenity.stepdefinitions.GetEmpleadoStepDefinitions.realiza_una_peticion_a_la_API(int)&amp#27;[0m
  &amp#27;[32mThen &amp#27;[0m&amp#27;[32mse devuelve un empleado cuya propiedad geolocalizaciÃ³n es un array de dos elementos&amp#27;[0m            &amp#27;[90m# com.ejemplos.testing.serenity.stepdefinitions.GetEmpleadoStepDefinitions.devuelve_un_objeto_cuya_propiedad_geolocalizacion_es_un_array_de_dos_elementos()&amp#27;[0m
]]>
    </system-out>
  </testcase>
  <testcase name="Al pedir los datos de un empleado la propiedad geolocalización es un array de dos elementos #5" classname="Como administrador quiero poder obtener los datos de un empleado específico para consultar la información de éste" time="0.728">
    <system-out>
      <![CDATA[
@REQ_P3Q-4 @TEST_P3Q-126 @TESTSET_P3Q-15 @API @Cucumber
Scenario: Al pedir los datos de un empleado la propiedad geolocalizaciÃ³n es un array de dos elementos &amp#27;[90m# src/test/resources/features/getEmpleado/getEmpleado.feature:184&amp#27;[0m
16:18:55.774 [main] INFO  i.c.core.plugin.SerenityReporter - Running feature from file:///C:/Users/34603/Documents/GitHub/Proyecto3/Proyecto3-Serenity/src/test/resources/features/getEmpleado/getEmpleado.feature
  &amp#27;[32mGiven &amp#27;[0m&amp#27;[32mun administrador estÃ¡ logueado&amp#27;[0m                                                                &amp#27;[90m# com.ejemplos.testing.serenity.stepdefinitions.GetEmpleadoStepDefinitions.un_administrador_logueado()&amp#27;[0m
  &amp#27;[32mWhen &amp#27;[0m&amp#27;[32mpide los datos de un empleado especÃ­fico con id &amp#27;[0m&amp#27;[32m&amp#27;[1m42&amp#27;[0m                                             &amp#27;[90m# com.ejemplos.testing.serenity.stepdefinitions.GetEmpleadoStepDefinitions.realiza_una_peticion_a_la_API(int)&amp#27;[0m
  &amp#27;[32mThen &amp#27;[0m&amp#27;[32mse devuelve un empleado cuya propiedad geolocalizaciÃ³n es un array de dos elementos&amp#27;[0m            &amp#27;[90m# com.ejemplos.testing.serenity.stepdefinitions.GetEmpleadoStepDefinitions.devuelve_un_objeto_cuya_propiedad_geolocalizacion_es_un_array_de_dos_elementos()&amp#27;[0m
]]>
    </system-out>
  </testcase>
  <testcase name="Al pedir los datos de un empleado la propiedad geolocalización es un array de dos elementos #6" classname="Como administrador quiero poder obtener los datos de un empleado específico para consultar la información de éste" time="0.803">
    <system-out>
      <![CDATA[
@REQ_P3Q-4 @TEST_P3Q-126 @TESTSET_P3Q-15 @API @Cucumber
Scenario: Al pedir los datos de un empleado la propiedad geolocalizaciÃ³n es un array de dos elementos &amp#27;[90m# src/test/resources/features/getEmpleado/getEmpleado.feature:185&amp#27;[0m
16:18:56.500 [main] INFO  i.c.core.plugin.SerenityReporter - Running feature from file:///C:/Users/34603/Documents/GitHub/Proyecto3/Proyecto3-Serenity/src/test/resources/features/getEmpleado/getEmpleado.feature
  &amp#27;[32mGiven &amp#27;[0m&amp#27;[32mun administrador estÃ¡ logueado&amp#27;[0m                                                                &amp#27;[90m# com.ejemplos.testing.serenity.stepdefinitions.GetEmpleadoStepDefinitions.un_administrador_logueado()&amp#27;[0m
  &amp#27;[32mWhen &amp#27;[0m&amp#27;[32mpide los datos de un empleado especÃ­fico con id &amp#27;[0m&amp#27;[32m&amp#27;[1m59&amp#27;[0m                                             &amp#27;[90m# com.ejemplos.testing.serenity.stepdefinitions.GetEmpleadoStepDefinitions.realiza_una_peticion_a_la_API(int)&amp#27;[0m
  &amp#27;[32mThen &amp#27;[0m&amp#27;[32mse devuelve un empleado cuya propiedad geolocalizaciÃ³n es un array de dos elementos&amp#27;[0m            &amp#27;[90m# com.ejemplos.testing.serenity.stepdefinitions.GetEmpleadoStepDefinitions.devuelve_un_objeto_cuya_propiedad_geolocalizacion_es_un_array_de_dos_elementos()&amp#27;[0m
]]>
    </system-out>
  </testcase>
  <testcase name="Al pedir los datos de un empleado la propiedad geolocalización es un array de dos elementos #7" classname="Como administrador quiero poder obtener los datos de un empleado específico para consultar la información de éste" time="0.76">
    <system-out>
      <![CDATA[
@REQ_P3Q-4 @TEST_P3Q-126 @TESTSET_P3Q-15 @API @Cucumber
Scenario: Al pedir los datos de un empleado la propiedad geolocalizaciÃ³n es un array de dos elementos &amp#27;[90m# src/test/resources/features/getEmpleado/getEmpleado.feature:186&amp#27;[0m
16:18:57.304 [main] INFO  i.c.core.plugin.SerenityReporter - Running feature from file:///C:/Users/34603/Documents/GitHub/Proyecto3/Proyecto3-Serenity/src/test/resources/features/getEmpleado/getEmpleado.feature
  &amp#27;[32mGiven &amp#27;[0m&amp#27;[32mun administrador estÃ¡ logueado&amp#27;[0m                                                                &amp#27;[90m# com.ejemplos.testing.serenity.stepdefinitions.GetEmpleadoStepDefinitions.un_administrador_logueado()&amp#27;[0m
  &amp#27;[32mWhen &amp#27;[0m&amp#27;[32mpide los datos de un empleado especÃ­fico con id &amp#27;[0m&amp#27;[32m&amp#27;[1m66&amp#27;[0m                                             &amp#27;[90m# com.ejemplos.testing.serenity.stepdefinitions.GetEmpleadoStepDefinitions.realiza_una_peticion_a_la_API(int)&amp#27;[0m
  &amp#27;[32mThen &amp#27;[0m&amp#27;[32mse devuelve un empleado cuya propiedad geolocalizaciÃ³n es un array de dos elementos&amp#27;[0m            &amp#27;[90m# com.ejemplos.testing.serenity.stepdefinitions.GetEmpleadoStepDefinitions.devuelve_un_objeto_cuya_propiedad_geolocalizacion_es_un_array_de_dos_elementos()&amp#27;[0m
]]>
    </system-out>
  </testcase>
  <testcase name="Al pedir los datos de un empleado la propiedad geolocalización es un array de dos elementos #8" classname="Como administrador quiero poder obtener los datos de un empleado específico para consultar la información de éste" time="6.454">
    <system-out>
      <![CDATA[
@REQ_P3Q-4 @TEST_P3Q-126 @TESTSET_P3Q-15 @API @Cucumber
Scenario: Al pedir los datos de un empleado la propiedad geolocalizaciÃ³n es un array de dos elementos &amp#27;[90m# src/test/resources/features/getEmpleado/getEmpleado.feature:187&amp#27;[0m
16:18:58.064 [main] INFO  i.c.core.plugin.SerenityReporter - Running feature from file:///C:/Users/34603/Documents/GitHub/Proyecto3/Proyecto3-Serenity/src/test/resources/features/getEmpleado/getEmpleado.feature
  &amp#27;[32mGiven &amp#27;[0m&amp#27;[32mun administrador estÃ¡ logueado&amp#27;[0m                                                                &amp#27;[90m# com.ejemplos.testing.serenity.stepdefinitions.GetEmpleadoStepDefinitions.un_administrador_logueado()&amp#27;[0m
  &amp#27;[32mWhen &amp#27;[0m&amp#27;[32mpide los datos de un empleado especÃ­fico con id &amp#27;[0m&amp#27;[32m&amp#27;[1m72&amp#27;[0m                                             &amp#27;[90m# com.ejemplos.testing.serenity.stepdefinitions.GetEmpleadoStepDefinitions.realiza_una_peticion_a_la_API(int)&amp#27;[0m
  &amp#27;[32mThen &amp#27;[0m&amp#27;[32mse devuelve un empleado cuya propiedad geolocalizaciÃ³n es un array de dos elementos&amp#27;[0m            &amp#27;[90m# com.ejemplos.testing.serenity.stepdefinitions.GetEmpleadoStepDefinitions.devuelve_un_objeto_cuya_propiedad_geolocalizacion_es_un_array_de_dos_elementos()&amp#27;[0m
]]>
    </system-out>
  </testcase>
  <testcase name="Al pedir los datos de un empleado la propiedad geolocalización es un array de dos elementos #9" classname="Como administrador quiero poder obtener los datos de un empleado específico para consultar la información de éste" time="0.744">
    <system-out>
      <![CDATA[
@REQ_P3Q-4 @TEST_P3Q-126 @TESTSET_P3Q-15 @API @Cucumber
Scenario: Al pedir los datos de un empleado la propiedad geolocalizaciÃ³n es un array de dos elementos &amp#27;[90m# src/test/resources/features/getEmpleado/getEmpleado.feature:188&amp#27;[0m
16:19:04.518 [main] INFO  i.c.core.plugin.SerenityReporter - Running feature from file:///C:/Users/34603/Documents/GitHub/Proyecto3/Proyecto3-Serenity/src/test/resources/features/getEmpleado/getEmpleado.feature
  &amp#27;[32mGiven &amp#27;[0m&amp#27;[32mun administrador estÃ¡ logueado&amp#27;[0m                                                                &amp#27;[90m# com.ejemplos.testing.serenity.stepdefinitions.GetEmpleadoStepDefinitions.un_administrador_logueado()&amp#27;[0m
  &amp#27;[32mWhen &amp#27;[0m&amp#27;[32mpide los datos de un empleado especÃ­fico con id &amp#27;[0m&amp#27;[32m&amp#27;[1m88&amp#27;[0m                                             &amp#27;[90m# com.ejemplos.testing.serenity.stepdefinitions.GetEmpleadoStepDefinitions.realiza_una_peticion_a_la_API(int)&amp#27;[0m
  &amp#27;[32mThen &amp#27;[0m&amp#27;[32mse devuelve un empleado cuya propiedad geolocalizaciÃ³n es un array de dos elementos&amp#27;[0m            &amp#27;[90m# com.ejemplos.testing.serenity.stepdefinitions.GetEmpleadoStepDefinitions.devuelve_un_objeto_cuya_propiedad_geolocalizacion_es_un_array_de_dos_elementos()&amp#27;[0m
]]>
    </system-out>
  </testcase>
  <testcase name="Al pedir los datos de un empleado la propiedad geolocalización es un array de dos elementos #10" classname="Como administrador quiero poder obtener los datos de un empleado específico para consultar la información de éste" time="0.801">
    <system-out>
      <![CDATA[
@REQ_P3Q-4 @TEST_P3Q-126 @TESTSET_P3Q-15 @API @Cucumber
Scenario: Al pedir los datos de un empleado la propiedad geolocalizaciÃ³n es un array de dos elementos &amp#27;[90m# src/test/resources/features/getEmpleado/getEmpleado.feature:189&amp#27;[0m
16:19:05.262 [main] INFO  i.c.core.plugin.SerenityReporter - Running feature from file:///C:/Users/34603/Documents/GitHub/Proyecto3/Proyecto3-Serenity/src/test/resources/features/getEmpleado/getEmpleado.feature
  &amp#27;[32mGiven &amp#27;[0m&amp#27;[32mun administrador estÃ¡ logueado&amp#27;[0m                                                                &amp#27;[90m# com.ejemplos.testing.serenity.stepdefinitions.GetEmpleadoStepDefinitions.un_administrador_logueado()&amp#27;[0m
  &amp#27;[32mWhen &amp#27;[0m&amp#27;[32mpide los datos de un empleado especÃ­fico con id &amp#27;[0m&amp#27;[32m&amp#27;[1m93&amp#27;[0m                                             &amp#27;[90m# com.ejemplos.testing.serenity.stepdefinitions.GetEmpleadoStepDefinitions.realiza_una_peticion_a_la_API(int)&amp#27;[0m
  &amp#27;[32mThen &amp#27;[0m&amp#27;[32mse devuelve un empleado cuya propiedad geolocalizaciÃ³n es un array de dos elementos&amp#27;[0m            &amp#27;[90m# com.ejemplos.testing.serenity.stepdefinitions.GetEmpleadoStepDefinitions.devuelve_un_objeto_cuya_propiedad_geolocalizacion_es_un_array_de_dos_elementos()&amp#27;[0m
]]>
    </system-out>
  </testcase>
  <testcase name="Al pedir los datos de un empleado la propiedad latitud es un número con decimales entre -90 y 90 #1" classname="Como administrador quiero poder obtener los datos de un empleado específico para consultar la información de éste" time="0.786">
    <system-out>
      <![CDATA[
@REQ_P3Q-4 @TEST_P3Q-134 @TESTSET_P3Q-15 @API @Cucumber
Scenario: Al pedir los datos de un empleado la propiedad latitud es un nÃºmero con decimales entre -90 y 90 &amp#27;[90m# src/test/resources/features/getEmpleado/getEmpleado.feature:197&amp#27;[0m
16:19:06.065 [main] INFO  i.c.core.plugin.SerenityReporter - Running feature from file:///C:/Users/34603/Documents/GitHub/Proyecto3/Proyecto3-Serenity/src/test/resources/features/getEmpleado/getEmpleado.feature
16:19:06.068 [main] INFO   - 
  _____   ___   ___   _____     ___   _____     _     ___   _____   ___   ___  
 |_   _| | __| / __| |_   _|   / __| |_   _|   /_\   | _ \ |_   _| | __| |   \ 
   | |   | _|  \__ \   | |     \__ \   | |    / _ \  |   /   | |   | _|  | |) |
   |_|   |___| |___/   |_|     |___/   |_|   /_/ \_\ |_|_\   |_|   |___| |___/ 

Al pedir los datos de un empleado la propiedad latitud es un número con decimales entre -90 y 90(como-administrador-quiero-poder-obtener-los-datos-de-un-empleado-específico-para-consultar-la-información-de-éste;al-pedir-los-datos-de-un-empleado-la-propiedad-latitud-es-un-número-con-decimales-entre--90-y-90)
--------------------------------------------------------------------------------
  &amp#27;[32mGiven &amp#27;[0m&amp#27;[32mun administrador estÃ¡ logueado&amp#27;[0m                                                                     &amp#27;[90m# com.ejemplos.testing.serenity.stepdefinitions.GetEmpleadoStepDefinitions.un_administrador_logueado()&amp#27;[0m
  &amp#27;[32mWhen &amp#27;[0m&amp#27;[32mpide los datos de un empleado especÃ­fico con id &amp#27;[0m&amp#27;[32m&amp#27;[1m1&amp#27;[0m                                                   &amp#27;[90m# com.ejemplos.testing.serenity.stepdefinitions.GetEmpleadoStepDefinitions.realiza_una_peticion_a_la_API(int)&amp#27;[0m
  &amp#27;[32mThen &amp#27;[0m&amp#27;[32mse devuelve un empleado cuya propiedad latitud es un nÃºmero con decimales entre -90 y 90&amp#27;[0m            &amp#27;[90m# com.ejemplos.testing.serenity.stepdefinitions.GetEmpleadoStepDefinitions.devuelve_un_objeto_cuya_propiedad_latitud_es_correcta()&amp#27;[0m
16:19:06.843 [main] INFO   - 
  _____   ___   ___   _____     ___     _     ___   ___   ___   ___  
 |_   _| | __| / __| |_   _|   | _ \   /_\   / __| / __| | __| |   \ 
   | |   | _|  \__ \   | |     |  _/  / _ \  \__ \ \__ \ | _|  | |) |
   |_|   |___| |___/   |_|     |_|   /_/ \_\ |___/ |___/ |___| |___/ 

Al pedir los datos de un empleado la propiedad latitud es un número con decimales entre -90 y 90
----------------------------------------------------------------------
]]>
    </system-out>
  </testcase>
  <testcase name="Al pedir los datos de un empleado la propiedad latitud es un número con decimales entre -90 y 90 #2" classname="Como administrador quiero poder obtener los datos de un empleado específico para consultar la información de éste" time="0.749">
    <system-out>
      <![CDATA[
@REQ_P3Q-4 @TEST_P3Q-134 @TESTSET_P3Q-15 @API @Cucumber
Scenario: Al pedir los datos de un empleado la propiedad latitud es un nÃºmero con decimales entre -90 y 90 &amp#27;[90m# src/test/resources/features/getEmpleado/getEmpleado.feature:198&amp#27;[0m
16:19:06.850 [main] INFO  i.c.core.plugin.SerenityReporter - Running feature from file:///C:/Users/34603/Documents/GitHub/Proyecto3/Proyecto3-Serenity/src/test/resources/features/getEmpleado/getEmpleado.feature
  &amp#27;[32mGiven &amp#27;[0m&amp#27;[32mun administrador estÃ¡ logueado&amp#27;[0m                                                                     &amp#27;[90m# com.ejemplos.testing.serenity.stepdefinitions.GetEmpleadoStepDefinitions.un_administrador_logueado()&amp#27;[0m
  &amp#27;[32mWhen &amp#27;[0m&amp#27;[32mpide los datos de un empleado especÃ­fico con id &amp#27;[0m&amp#27;[32m&amp#27;[1m15&amp#27;[0m                                                  &amp#27;[90m# com.ejemplos.testing.serenity.stepdefinitions.GetEmpleadoStepDefinitions.realiza_una_peticion_a_la_API(int)&amp#27;[0m
  &amp#27;[32mThen &amp#27;[0m&amp#27;[32mse devuelve un empleado cuya propiedad latitud es un nÃºmero con decimales entre -90 y 90&amp#27;[0m            &amp#27;[90m# com.ejemplos.testing.serenity.stepdefinitions.GetEmpleadoStepDefinitions.devuelve_un_objeto_cuya_propiedad_latitud_es_correcta()&amp#27;[0m
16:19:07.593 [main] INFO   - 
  _____   ___   ___   _____     ___     _     ___   ___   ___   ___  
 |_   _| | __| / __| |_   _|   | _ \   /_\   / __| / __| | __| |   \ 
   | |   | _|  \__ \   | |     |  _/  / _ \  \__ \ \__ \ | _|  | |) |
   |_|   |___| |___/   |_|     |_|   /_/ \_\ |___/ |___/ |___| |___/ 

Al pedir los datos de un empleado la propiedad latitud es un número con decimales entre -90 y 90
----------------------------------------------------------------------
]]>
    </system-out>
  </testcase>
  <testcase name="Al pedir los datos de un empleado la propiedad latitud es un número con decimales entre -90 y 90 #3" classname="Como administrador quiero poder obtener los datos de un empleado específico para consultar la información de éste" time="0.968">
    <system-out>
      <![CDATA[
@REQ_P3Q-4 @TEST_P3Q-134 @TESTSET_P3Q-15 @API @Cucumber
Scenario: Al pedir los datos de un empleado la propiedad latitud es un nÃºmero con decimales entre -90 y 90 &amp#27;[90m# src/test/resources/features/getEmpleado/getEmpleado.feature:199&amp#27;[0m
16:19:07.599 [main] INFO  i.c.core.plugin.SerenityReporter - Running feature from file:///C:/Users/34603/Documents/GitHub/Proyecto3/Proyecto3-Serenity/src/test/resources/features/getEmpleado/getEmpleado.feature
  &amp#27;[32mGiven &amp#27;[0m&amp#27;[32mun administrador estÃ¡ logueado&amp#27;[0m                                                                     &amp#27;[90m# com.ejemplos.testing.serenity.stepdefinitions.GetEmpleadoStepDefinitions.un_administrador_logueado()&amp#27;[0m
  &amp#27;[32mWhen &amp#27;[0m&amp#27;[32mpide los datos de un empleado especÃ­fico con id &amp#27;[0m&amp#27;[32m&amp#27;[1m27&amp#27;[0m                                                  &amp#27;[90m# com.ejemplos.testing.serenity.stepdefinitions.GetEmpleadoStepDefinitions.realiza_una_peticion_a_la_API(int)&amp#27;[0m
  &amp#27;[32mThen &amp#27;[0m&amp#27;[32mse devuelve un empleado cuya propiedad latitud es un nÃºmero con decimales entre -90 y 90&amp#27;[0m            &amp#27;[90m# com.ejemplos.testing.serenity.stepdefinitions.GetEmpleadoStepDefinitions.devuelve_un_objeto_cuya_propiedad_latitud_es_correcta()&amp#27;[0m
]]>
    </system-out>
  </testcase>
  <testcase name="Al pedir los datos de un empleado la propiedad latitud es un número con decimales entre -90 y 90 #4" classname="Como administrador quiero poder obtener los datos de un empleado específico para consultar la información de éste" time="0.703">
    <system-out>
      <![CDATA[
@REQ_P3Q-4 @TEST_P3Q-134 @TESTSET_P3Q-15 @API @Cucumber
Scenario: Al pedir los datos de un empleado la propiedad latitud es un nÃºmero con decimales entre -90 y 90 &amp#27;[90m# src/test/resources/features/getEmpleado/getEmpleado.feature:200&amp#27;[0m
16:19:08.567 [main] INFO  i.c.core.plugin.SerenityReporter - Running feature from file:///C:/Users/34603/Documents/GitHub/Proyecto3/Proyecto3-Serenity/src/test/resources/features/getEmpleado/getEmpleado.feature
  &amp#27;[32mGiven &amp#27;[0m&amp#27;[32mun administrador estÃ¡ logueado&amp#27;[0m                                                                     &amp#27;[90m# com.ejemplos.testing.serenity.stepdefinitions.GetEmpleadoStepDefinitions.un_administrador_logueado()&amp#27;[0m
  &amp#27;[32mWhen &amp#27;[0m&amp#27;[32mpide los datos de un empleado especÃ­fico con id &amp#27;[0m&amp#27;[32m&amp#27;[1m33&amp#27;[0m                                                  &amp#27;[90m# com.ejemplos.testing.serenity.stepdefinitions.GetEmpleadoStepDefinitions.realiza_una_peticion_a_la_API(int)&amp#27;[0m
  &amp#27;[32mThen &amp#27;[0m&amp#27;[32mse devuelve un empleado cuya propiedad latitud es un nÃºmero con decimales entre -90 y 90&amp#27;[0m            &amp#27;[90m# com.ejemplos.testing.serenity.stepdefinitions.GetEmpleadoStepDefinitions.devuelve_un_objeto_cuya_propiedad_latitud_es_correcta()&amp#27;[0m
]]>
    </system-out>
  </testcase>
  <testcase name="Al pedir los datos de un empleado la propiedad latitud es un número con decimales entre -90 y 90 #5" classname="Como administrador quiero poder obtener los datos de un empleado específico para consultar la información de éste" time="0.773">
    <system-out>
      <![CDATA[
@REQ_P3Q-4 @TEST_P3Q-134 @TESTSET_P3Q-15 @API @Cucumber
Scenario: Al pedir los datos de un empleado la propiedad latitud es un nÃºmero con decimales entre -90 y 90 &amp#27;[90m# src/test/resources/features/getEmpleado/getEmpleado.feature:201&amp#27;[0m
16:19:09.270 [main] INFO  i.c.core.plugin.SerenityReporter - Running feature from file:///C:/Users/34603/Documents/GitHub/Proyecto3/Proyecto3-Serenity/src/test/resources/features/getEmpleado/getEmpleado.feature
  &amp#27;[32mGiven &amp#27;[0m&amp#27;[32mun administrador estÃ¡ logueado&amp#27;[0m                                                                     &amp#27;[90m# com.ejemplos.testing.serenity.stepdefinitions.GetEmpleadoStepDefinitions.un_administrador_logueado()&amp#27;[0m
  &amp#27;[32mWhen &amp#27;[0m&amp#27;[32mpide los datos de un empleado especÃ­fico con id &amp#27;[0m&amp#27;[32m&amp#27;[1m42&amp#27;[0m                                                  &amp#27;[90m# com.ejemplos.testing.serenity.stepdefinitions.GetEmpleadoStepDefinitions.realiza_una_peticion_a_la_API(int)&amp#27;[0m
  &amp#27;[32mThen &amp#27;[0m&amp#27;[32mse devuelve un empleado cuya propiedad latitud es un nÃºmero con decimales entre -90 y 90&amp#27;[0m            &amp#27;[90m# com.ejemplos.testing.serenity.stepdefinitions.GetEmpleadoStepDefinitions.devuelve_un_objeto_cuya_propiedad_latitud_es_correcta()&amp#27;[0m
]]>
    </system-out>
  </testcase>
  <testcase name="Al pedir los datos de un empleado la propiedad latitud es un número con decimales entre -90 y 90 #6" classname="Como administrador quiero poder obtener los datos de un empleado específico para consultar la información de éste" time="0.728">
    <system-out>
      <![CDATA[
@REQ_P3Q-4 @TEST_P3Q-134 @TESTSET_P3Q-15 @API @Cucumber
Scenario: Al pedir los datos de un empleado la propiedad latitud es un nÃºmero con decimales entre -90 y 90 &amp#27;[90m# src/test/resources/features/getEmpleado/getEmpleado.feature:202&amp#27;[0m
16:19:10.043 [main] INFO  i.c.core.plugin.SerenityReporter - Running feature from file:///C:/Users/34603/Documents/GitHub/Proyecto3/Proyecto3-Serenity/src/test/resources/features/getEmpleado/getEmpleado.feature
  &amp#27;[32mGiven &amp#27;[0m&amp#27;[32mun administrador estÃ¡ logueado&amp#27;[0m                                                                     &amp#27;[90m# com.ejemplos.testing.serenity.stepdefinitions.GetEmpleadoStepDefinitions.un_administrador_logueado()&amp#27;[0m
  &amp#27;[32mWhen &amp#27;[0m&amp#27;[32mpide los datos de un empleado especÃ­fico con id &amp#27;[0m&amp#27;[32m&amp#27;[1m59&amp#27;[0m                                                  &amp#27;[90m# com.ejemplos.testing.serenity.stepdefinitions.GetEmpleadoStepDefinitions.realiza_una_peticion_a_la_API(int)&amp#27;[0m
  &amp#27;[32mThen &amp#27;[0m&amp#27;[32mse devuelve un empleado cuya propiedad latitud es un nÃºmero con decimales entre -90 y 90&amp#27;[0m            &amp#27;[90m# com.ejemplos.testing.serenity.stepdefinitions.GetEmpleadoStepDefinitions.devuelve_un_objeto_cuya_propiedad_latitud_es_correcta()&amp#27;[0m
]]>
    </system-out>
  </testcase>
  <testcase name="Al pedir los datos de un empleado la propiedad latitud es un número con decimales entre -90 y 90 #7" classname="Como administrador quiero poder obtener los datos de un empleado específico para consultar la información de éste" time="0.751">
    <system-out>
      <![CDATA[
@REQ_P3Q-4 @TEST_P3Q-134 @TESTSET_P3Q-15 @API @Cucumber
Scenario: Al pedir los datos de un empleado la propiedad latitud es un nÃºmero con decimales entre -90 y 90 &amp#27;[90m# src/test/resources/features/getEmpleado/getEmpleado.feature:203&amp#27;[0m
16:19:10.771 [main] INFO  i.c.core.plugin.SerenityReporter - Running feature from file:///C:/Users/34603/Documents/GitHub/Proyecto3/Proyecto3-Serenity/src/test/resources/features/getEmpleado/getEmpleado.feature
  &amp#27;[32mGiven &amp#27;[0m&amp#27;[32mun administrador estÃ¡ logueado&amp#27;[0m                                                                     &amp#27;[90m# com.ejemplos.testing.serenity.stepdefinitions.GetEmpleadoStepDefinitions.un_administrador_logueado()&amp#27;[0m
  &amp#27;[32mWhen &amp#27;[0m&amp#27;[32mpide los datos de un empleado especÃ­fico con id &amp#27;[0m&amp#27;[32m&amp#27;[1m66&amp#27;[0m                                                  &amp#27;[90m# com.ejemplos.testing.serenity.stepdefinitions.GetEmpleadoStepDefinitions.realiza_una_peticion_a_la_API(int)&amp#27;[0m
  &amp#27;[32mThen &amp#27;[0m&amp#27;[32mse devuelve un empleado cuya propiedad latitud es un nÃºmero con decimales entre -90 y 90&amp#27;[0m            &amp#27;[90m# com.ejemplos.testing.serenity.stepdefinitions.GetEmpleadoStepDefinitions.devuelve_un_objeto_cuya_propiedad_latitud_es_correcta()&amp#27;[0m
]]>
    </system-out>
  </testcase>
  <testcase name="Al pedir los datos de un empleado la propiedad latitud es un número con decimales entre -90 y 90 #8" classname="Como administrador quiero poder obtener los datos de un empleado específico para consultar la información de éste" time="0.743">
    <system-out>
      <![CDATA[
@REQ_P3Q-4 @TEST_P3Q-134 @TESTSET_P3Q-15 @API @Cucumber
Scenario: Al pedir los datos de un empleado la propiedad latitud es un nÃºmero con decimales entre -90 y 90 &amp#27;[90m# src/test/resources/features/getEmpleado/getEmpleado.feature:204&amp#27;[0m
16:19:11.523 [main] INFO  i.c.core.plugin.SerenityReporter - Running feature from file:///C:/Users/34603/Documents/GitHub/Proyecto3/Proyecto3-Serenity/src/test/resources/features/getEmpleado/getEmpleado.feature
  &amp#27;[32mGiven &amp#27;[0m&amp#27;[32mun administrador estÃ¡ logueado&amp#27;[0m                                                                     &amp#27;[90m# com.ejemplos.testing.serenity.stepdefinitions.GetEmpleadoStepDefinitions.un_administrador_logueado()&amp#27;[0m
  &amp#27;[32mWhen &amp#27;[0m&amp#27;[32mpide los datos de un empleado especÃ­fico con id &amp#27;[0m&amp#27;[32m&amp#27;[1m72&amp#27;[0m                                                  &amp#27;[90m# com.ejemplos.testing.serenity.stepdefinitions.GetEmpleadoStepDefinitions.realiza_una_peticion_a_la_API(int)&amp#27;[0m
  &amp#27;[32mThen &amp#27;[0m&amp#27;[32mse devuelve un empleado cuya propiedad latitud es un nÃºmero con decimales entre -90 y 90&amp#27;[0m            &amp#27;[90m# com.ejemplos.testing.serenity.stepdefinitions.GetEmpleadoStepDefinitions.devuelve_un_objeto_cuya_propiedad_latitud_es_correcta()&amp#27;[0m
]]>
    </system-out>
  </testcase>
  <testcase name="Al pedir los datos de un empleado la propiedad latitud es un número con decimales entre -90 y 90 #9" classname="Como administrador quiero poder obtener los datos de un empleado específico para consultar la información de éste" time="0.76">
    <system-out>
      <![CDATA[
@REQ_P3Q-4 @TEST_P3Q-134 @TESTSET_P3Q-15 @API @Cucumber
Scenario: Al pedir los datos de un empleado la propiedad latitud es un nÃºmero con decimales entre -90 y 90 &amp#27;[90m# src/test/resources/features/getEmpleado/getEmpleado.feature:205&amp#27;[0m
16:19:12.266 [main] INFO  i.c.core.plugin.SerenityReporter - Running feature from file:///C:/Users/34603/Documents/GitHub/Proyecto3/Proyecto3-Serenity/src/test/resources/features/getEmpleado/getEmpleado.feature
  &amp#27;[32mGiven &amp#27;[0m&amp#27;[32mun administrador estÃ¡ logueado&amp#27;[0m                                                                     &amp#27;[90m# com.ejemplos.testing.serenity.stepdefinitions.GetEmpleadoStepDefinitions.un_administrador_logueado()&amp#27;[0m
  &amp#27;[32mWhen &amp#27;[0m&amp#27;[32mpide los datos de un empleado especÃ­fico con id &amp#27;[0m&amp#27;[32m&amp#27;[1m88&amp#27;[0m                                                  &amp#27;[90m# com.ejemplos.testing.serenity.stepdefinitions.GetEmpleadoStepDefinitions.realiza_una_peticion_a_la_API(int)&amp#27;[0m
  &amp#27;[32mThen &amp#27;[0m&amp#27;[32mse devuelve un empleado cuya propiedad latitud es un nÃºmero con decimales entre -90 y 90&amp#27;[0m            &amp#27;[90m# com.ejemplos.testing.serenity.stepdefinitions.GetEmpleadoStepDefinitions.devuelve_un_objeto_cuya_propiedad_latitud_es_correcta()&amp#27;[0m
]]>
    </system-out>
  </testcase>
  <testcase name="Al pedir los datos de un empleado la propiedad latitud es un número con decimales entre -90 y 90 #10" classname="Como administrador quiero poder obtener los datos de un empleado específico para consultar la información de éste" time="0.76">
    <system-out>
      <![CDATA[
@REQ_P3Q-4 @TEST_P3Q-134 @TESTSET_P3Q-15 @API @Cucumber
Scenario: Al pedir los datos de un empleado la propiedad latitud es un nÃºmero con decimales entre -90 y 90 &amp#27;[90m# src/test/resources/features/getEmpleado/getEmpleado.feature:206&amp#27;[0m
16:19:13.026 [main] INFO  i.c.core.plugin.SerenityReporter - Running feature from file:///C:/Users/34603/Documents/GitHub/Proyecto3/Proyecto3-Serenity/src/test/resources/features/getEmpleado/getEmpleado.feature
  &amp#27;[32mGiven &amp#27;[0m&amp#27;[32mun administrador estÃ¡ logueado&amp#27;[0m                                                                     &amp#27;[90m# com.ejemplos.testing.serenity.stepdefinitions.GetEmpleadoStepDefinitions.un_administrador_logueado()&amp#27;[0m
  &amp#27;[32mWhen &amp#27;[0m&amp#27;[32mpide los datos de un empleado especÃ­fico con id &amp#27;[0m&amp#27;[32m&amp#27;[1m93&amp#27;[0m                                                  &amp#27;[90m# com.ejemplos.testing.serenity.stepdefinitions.GetEmpleadoStepDefinitions.realiza_una_peticion_a_la_API(int)&amp#27;[0m
  &amp#27;[32mThen &amp#27;[0m&amp#27;[32mse devuelve un empleado cuya propiedad latitud es un nÃºmero con decimales entre -90 y 90&amp#27;[0m            &amp#27;[90m# com.ejemplos.testing.serenity.stepdefinitions.GetEmpleadoStepDefinitions.devuelve_un_objeto_cuya_propiedad_latitud_es_correcta()&amp#27;[0m
]]>
    </system-out>
  </testcase>
  <testcase name="Al pedir los datos de un empleado la propiedad longitud es un número con decimales entre -180 y 180 #1" classname="Como administrador quiero poder obtener los datos de un empleado específico para consultar la información de éste" time="0.938">
    <system-out>
      <![CDATA[
@REQ_P3Q-4 @TEST_P3Q-135 @TESTSET_P3Q-15 @API @Cucumber
Scenario: Al pedir los datos de un empleado la propiedad longitud es un nÃºmero con decimales entre -180 y 180 &amp#27;[90m# src/test/resources/features/getEmpleado/getEmpleado.feature:214&amp#27;[0m
16:19:13.785 [main] INFO  i.c.core.plugin.SerenityReporter - Running feature from file:///C:/Users/34603/Documents/GitHub/Proyecto3/Proyecto3-Serenity/src/test/resources/features/getEmpleado/getEmpleado.feature
16:19:13.788 [main] INFO   - 
  _____   ___   ___   _____     ___   _____     _     ___   _____   ___   ___  
 |_   _| | __| / __| |_   _|   / __| |_   _|   /_\   | _ \ |_   _| | __| |   \ 
   | |   | _|  \__ \   | |     \__ \   | |    / _ \  |   /   | |   | _|  | |) |
   |_|   |___| |___/   |_|     |___/   |_|   /_/ \_\ |_|_\   |_|   |___| |___/ 

Al pedir los datos de un empleado la propiedad longitud es un número con decimales entre -180 y 180(como-administrador-quiero-poder-obtener-los-datos-de-un-empleado-específico-para-consultar-la-información-de-éste;al-pedir-los-datos-de-un-empleado-la-propiedad-longitud-es-un-número-con-decimales-entre--180-y-180)
--------------------------------------------------------------------------------
  &amp#27;[32mGiven &amp#27;[0m&amp#27;[32mun administrador estÃ¡ logueado&amp#27;[0m                                                                        &amp#27;[90m# com.ejemplos.testing.serenity.stepdefinitions.GetEmpleadoStepDefinitions.un_administrador_logueado()&amp#27;[0m
  &amp#27;[32mWhen &amp#27;[0m&amp#27;[32mpide los datos de un empleado especÃ­fico con id &amp#27;[0m&amp#27;[32m&amp#27;[1m1&amp#27;[0m                                                      &amp#27;[90m# com.ejemplos.testing.serenity.stepdefinitions.GetEmpleadoStepDefinitions.realiza_una_peticion_a_la_API(int)&amp#27;[0m
  &amp#27;[32mThen &amp#27;[0m&amp#27;[32mse devuelve un empleado cuya propiedad longitud es un nÃºmero con decimales entre -180 y 180&amp#27;[0m            &amp#27;[90m# com.ejemplos.testing.serenity.stepdefinitions.GetEmpleadoStepDefinitions.devuelve_un_objeto_cuya_propiedad_longitud_es_correcta()&amp#27;[0m
16:19:14.717 [main] INFO   - 
  _____   ___   ___   _____     ___     _     ___   ___   ___   ___  
 |_   _| | __| / __| |_   _|   | _ \   /_\   / __| / __| | __| |   \ 
   | |   | _|  \__ \   | |     |  _/  / _ \  \__ \ \__ \ | _|  | |) |
   |_|   |___| |___/   |_|     |_|   /_/ \_\ |___/ |___/ |___| |___/ 

Al pedir los datos de un empleado la propiedad longitud es un número con decimales entre -180 y 180
----------------------------------------------------------------------
]]>
    </system-out>
  </testcase>
  <testcase name="Al pedir los datos de un empleado la propiedad longitud es un número con decimales entre -180 y 180 #2" classname="Como administrador quiero poder obtener los datos de un empleado específico para consultar la información de éste" time="0.805">
    <system-out>
      <![CDATA[
@REQ_P3Q-4 @TEST_P3Q-135 @TESTSET_P3Q-15 @API @Cucumber
Scenario: Al pedir los datos de un empleado la propiedad longitud es un nÃºmero con decimales entre -180 y 180 &amp#27;[90m# src/test/resources/features/getEmpleado/getEmpleado.feature:215&amp#27;[0m
16:19:14.727 [main] INFO  i.c.core.plugin.SerenityReporter - Running feature from file:///C:/Users/34603/Documents/GitHub/Proyecto3/Proyecto3-Serenity/src/test/resources/features/getEmpleado/getEmpleado.feature
  &amp#27;[32mGiven &amp#27;[0m&amp#27;[32mun administrador estÃ¡ logueado&amp#27;[0m                                                                        &amp#27;[90m# com.ejemplos.testing.serenity.stepdefinitions.GetEmpleadoStepDefinitions.un_administrador_logueado()&amp#27;[0m
  &amp#27;[32mWhen &amp#27;[0m&amp#27;[32mpide los datos de un empleado especÃ­fico con id &amp#27;[0m&amp#27;[32m&amp#27;[1m15&amp#27;[0m                                                     &amp#27;[90m# com.ejemplos.testing.serenity.stepdefinitions.GetEmpleadoStepDefinitions.realiza_una_peticion_a_la_API(int)&amp#27;[0m
  &amp#27;[32mThen &amp#27;[0m&amp#27;[32mse devuelve un empleado cuya propiedad longitud es un nÃºmero con decimales entre -180 y 180&amp#27;[0m            &amp#27;[90m# com.ejemplos.testing.serenity.stepdefinitions.GetEmpleadoStepDefinitions.devuelve_un_objeto_cuya_propiedad_longitud_es_correcta()&amp#27;[0m
16:19:15.522 [main] INFO   - 
  _____   ___   ___   _____     ___     _     ___   ___   ___   ___  
 |_   _| | __| / __| |_   _|   | _ \   /_\   / __| / __| | __| |   \ 
   | |   | _|  \__ \   | |     |  _/  / _ \  \__ \ \__ \ | _|  | |) |
   |_|   |___| |___/   |_|     |_|   /_/ \_\ |___/ |___/ |___| |___/ 

Al pedir los datos de un empleado la propiedad longitud es un número con decimales entre -180 y 180
----------------------------------------------------------------------
]]>
    </system-out>
  </testcase>
  <testcase name="Al pedir los datos de un empleado la propiedad longitud es un número con decimales entre -180 y 180 #3" classname="Como administrador quiero poder obtener los datos de un empleado específico para consultar la información de éste" time="0.825">
    <system-out>
      <![CDATA[
@REQ_P3Q-4 @TEST_P3Q-135 @TESTSET_P3Q-15 @API @Cucumber
Scenario: Al pedir los datos de un empleado la propiedad longitud es un nÃºmero con decimales entre -180 y 180 &amp#27;[90m# src/test/resources/features/getEmpleado/getEmpleado.feature:216&amp#27;[0m
16:19:15.530 [main] INFO  i.c.core.plugin.SerenityReporter - Running feature from file:///C:/Users/34603/Documents/GitHub/Proyecto3/Proyecto3-Serenity/src/test/resources/features/getEmpleado/getEmpleado.feature
  &amp#27;[32mGiven &amp#27;[0m&amp#27;[32mun administrador estÃ¡ logueado&amp#27;[0m                                                                        &amp#27;[90m# com.ejemplos.testing.serenity.stepdefinitions.GetEmpleadoStepDefinitions.un_administrador_logueado()&amp#27;[0m
  &amp#27;[32mWhen &amp#27;[0m&amp#27;[32mpide los datos de un empleado especÃ­fico con id &amp#27;[0m&amp#27;[32m&amp#27;[1m27&amp#27;[0m                                                     &amp#27;[90m# com.ejemplos.testing.serenity.stepdefinitions.GetEmpleadoStepDefinitions.realiza_una_peticion_a_la_API(int)&amp#27;[0m
  &amp#27;[32mThen &amp#27;[0m&amp#27;[32mse devuelve un empleado cuya propiedad longitud es un nÃºmero con decimales entre -180 y 180&amp#27;[0m            &amp#27;[90m# com.ejemplos.testing.serenity.stepdefinitions.GetEmpleadoStepDefinitions.devuelve_un_objeto_cuya_propiedad_longitud_es_correcta()&amp#27;[0m
]]>
    </system-out>
  </testcase>
  <testcase name="Al pedir los datos de un empleado la propiedad longitud es un número con decimales entre -180 y 180 #4" classname="Como administrador quiero poder obtener los datos de un empleado específico para consultar la información de éste" time="0.856">
    <system-out>
      <![CDATA[
@REQ_P3Q-4 @TEST_P3Q-135 @TESTSET_P3Q-15 @API @Cucumber
Scenario: Al pedir los datos de un empleado la propiedad longitud es un nÃºmero con decimales entre -180 y 180 &amp#27;[90m# src/test/resources/features/getEmpleado/getEmpleado.feature:217&amp#27;[0m
16:19:16.356 [main] INFO  i.c.core.plugin.SerenityReporter - Running feature from file:///C:/Users/34603/Documents/GitHub/Proyecto3/Proyecto3-Serenity/src/test/resources/features/getEmpleado/getEmpleado.feature
  &amp#27;[32mGiven &amp#27;[0m&amp#27;[32mun administrador estÃ¡ logueado&amp#27;[0m                                                                        &amp#27;[90m# com.ejemplos.testing.serenity.stepdefinitions.GetEmpleadoStepDefinitions.un_administrador_logueado()&amp#27;[0m
  &amp#27;[32mWhen &amp#27;[0m&amp#27;[32mpide los datos de un empleado especÃ­fico con id &amp#27;[0m&amp#27;[32m&amp#27;[1m33&amp#27;[0m                                                     &amp#27;[90m# com.ejemplos.testing.serenity.stepdefinitions.GetEmpleadoStepDefinitions.realiza_una_peticion_a_la_API(int)&amp#27;[0m
  &amp#27;[32mThen &amp#27;[0m&amp#27;[32mse devuelve un empleado cuya propiedad longitud es un nÃºmero con decimales entre -180 y 180&amp#27;[0m            &amp#27;[90m# com.ejemplos.testing.serenity.stepdefinitions.GetEmpleadoStepDefinitions.devuelve_un_objeto_cuya_propiedad_longitud_es_correcta()&amp#27;[0m
]]>
    </system-out>
  </testcase>
  <testcase name="Al pedir los datos de un empleado la propiedad longitud es un número con decimales entre -180 y 180 #5" classname="Como administrador quiero poder obtener los datos de un empleado específico para consultar la información de éste" time="0.808">
    <system-out>
      <![CDATA[
@REQ_P3Q-4 @TEST_P3Q-135 @TESTSET_P3Q-15 @API @Cucumber
Scenario: Al pedir los datos de un empleado la propiedad longitud es un nÃºmero con decimales entre -180 y 180 &amp#27;[90m# src/test/resources/features/getEmpleado/getEmpleado.feature:218&amp#27;[0m
16:19:17.211 [main] INFO  i.c.core.plugin.SerenityReporter - Running feature from file:///C:/Users/34603/Documents/GitHub/Proyecto3/Proyecto3-Serenity/src/test/resources/features/getEmpleado/getEmpleado.feature
  &amp#27;[32mGiven &amp#27;[0m&amp#27;[32mun administrador estÃ¡ logueado&amp#27;[0m                                                                        &amp#27;[90m# com.ejemplos.testing.serenity.stepdefinitions.GetEmpleadoStepDefinitions.un_administrador_logueado()&amp#27;[0m
  &amp#27;[32mWhen &amp#27;[0m&amp#27;[32mpide los datos de un empleado especÃ­fico con id &amp#27;[0m&amp#27;[32m&amp#27;[1m42&amp#27;[0m                                                     &amp#27;[90m# com.ejemplos.testing.serenity.stepdefinitions.GetEmpleadoStepDefinitions.realiza_una_peticion_a_la_API(int)&amp#27;[0m
  &amp#27;[32mThen &amp#27;[0m&amp#27;[32mse devuelve un empleado cuya propiedad longitud es un nÃºmero con decimales entre -180 y 180&amp#27;[0m            &amp#27;[90m# com.ejemplos.testing.serenity.stepdefinitions.GetEmpleadoStepDefinitions.devuelve_un_objeto_cuya_propiedad_longitud_es_correcta()&amp#27;[0m
]]>
    </system-out>
  </testcase>
  <testcase name="Al pedir los datos de un empleado la propiedad longitud es un número con decimales entre -180 y 180 #6" classname="Como administrador quiero poder obtener los datos de un empleado específico para consultar la información de éste" time="1.583">
    <system-out>
      <![CDATA[
@REQ_P3Q-4 @TEST_P3Q-135 @TESTSET_P3Q-15 @API @Cucumber
Scenario: Al pedir los datos de un empleado la propiedad longitud es un nÃºmero con decimales entre -180 y 180 &amp#27;[90m# src/test/resources/features/getEmpleado/getEmpleado.feature:219&amp#27;[0m
16:19:18.020 [main] INFO  i.c.core.plugin.SerenityReporter - Running feature from file:///C:/Users/34603/Documents/GitHub/Proyecto3/Proyecto3-Serenity/src/test/resources/features/getEmpleado/getEmpleado.feature
  &amp#27;[32mGiven &amp#27;[0m&amp#27;[32mun administrador estÃ¡ logueado&amp#27;[0m                                                                        &amp#27;[90m# com.ejemplos.testing.serenity.stepdefinitions.GetEmpleadoStepDefinitions.un_administrador_logueado()&amp#27;[0m
  &amp#27;[32mWhen &amp#27;[0m&amp#27;[32mpide los datos de un empleado especÃ­fico con id &amp#27;[0m&amp#27;[32m&amp#27;[1m59&amp#27;[0m                                                     &amp#27;[90m# com.ejemplos.testing.serenity.stepdefinitions.GetEmpleadoStepDefinitions.realiza_una_peticion_a_la_API(int)&amp#27;[0m
  &amp#27;[32mThen &amp#27;[0m&amp#27;[32mse devuelve un empleado cuya propiedad longitud es un nÃºmero con decimales entre -180 y 180&amp#27;[0m            &amp#27;[90m# com.ejemplos.testing.serenity.stepdefinitions.GetEmpleadoStepDefinitions.devuelve_un_objeto_cuya_propiedad_longitud_es_correcta()&amp#27;[0m
]]>
    </system-out>
  </testcase>
  <testcase name="Al pedir los datos de un empleado la propiedad longitud es un número con decimales entre -180 y 180 #7" classname="Como administrador quiero poder obtener los datos de un empleado específico para consultar la información de éste" time="0.811">
    <system-out>
      <![CDATA[
@REQ_P3Q-4 @TEST_P3Q-135 @TESTSET_P3Q-15 @API @Cucumber
Scenario: Al pedir los datos de un empleado la propiedad longitud es un nÃºmero con decimales entre -180 y 180 &amp#27;[90m# src/test/resources/features/getEmpleado/getEmpleado.feature:220&amp#27;[0m
16:19:19.602 [main] INFO  i.c.core.plugin.SerenityReporter - Running feature from file:///C:/Users/34603/Documents/GitHub/Proyecto3/Proyecto3-Serenity/src/test/resources/features/getEmpleado/getEmpleado.feature
  &amp#27;[32mGiven &amp#27;[0m&amp#27;[32mun administrador estÃ¡ logueado&amp#27;[0m                                                                        &amp#27;[90m# com.ejemplos.testing.serenity.stepdefinitions.GetEmpleadoStepDefinitions.un_administrador_logueado()&amp#27;[0m
  &amp#27;[32mWhen &amp#27;[0m&amp#27;[32mpide los datos de un empleado especÃ­fico con id &amp#27;[0m&amp#27;[32m&amp#27;[1m66&amp#27;[0m                                                     &amp#27;[90m# com.ejemplos.testing.serenity.stepdefinitions.GetEmpleadoStepDefinitions.realiza_una_peticion_a_la_API(int)&amp#27;[0m
  &amp#27;[32mThen &amp#27;[0m&amp#27;[32mse devuelve un empleado cuya propiedad longitud es un nÃºmero con decimales entre -180 y 180&amp#27;[0m            &amp#27;[90m# com.ejemplos.testing.serenity.stepdefinitions.GetEmpleadoStepDefinitions.devuelve_un_objeto_cuya_propiedad_longitud_es_correcta()&amp#27;[0m
]]>
    </system-out>
  </testcase>
  <testcase name="Al pedir los datos de un empleado la propiedad longitud es un número con decimales entre -180 y 180 #8" classname="Como administrador quiero poder obtener los datos de un empleado específico para consultar la información de éste" time="0.865">
    <system-out>
      <![CDATA[
@REQ_P3Q-4 @TEST_P3Q-135 @TESTSET_P3Q-15 @API @Cucumber
Scenario: Al pedir los datos de un empleado la propiedad longitud es un nÃºmero con decimales entre -180 y 180 &amp#27;[90m# src/test/resources/features/getEmpleado/getEmpleado.feature:221&amp#27;[0m
16:19:20.415 [main] INFO  i.c.core.plugin.SerenityReporter - Running feature from file:///C:/Users/34603/Documents/GitHub/Proyecto3/Proyecto3-Serenity/src/test/resources/features/getEmpleado/getEmpleado.feature
  &amp#27;[32mGiven &amp#27;[0m&amp#27;[32mun administrador estÃ¡ logueado&amp#27;[0m                                                                        &amp#27;[90m# com.ejemplos.testing.serenity.stepdefinitions.GetEmpleadoStepDefinitions.un_administrador_logueado()&amp#27;[0m
  &amp#27;[32mWhen &amp#27;[0m&amp#27;[32mpide los datos de un empleado especÃ­fico con id &amp#27;[0m&amp#27;[32m&amp#27;[1m72&amp#27;[0m                                                     &amp#27;[90m# com.ejemplos.testing.serenity.stepdefinitions.GetEmpleadoStepDefinitions.realiza_una_peticion_a_la_API(int)&amp#27;[0m
  &amp#27;[32mThen &amp#27;[0m&amp#27;[32mse devuelve un empleado cuya propiedad longitud es un nÃºmero con decimales entre -180 y 180&amp#27;[0m            &amp#27;[90m# com.ejemplos.testing.serenity.stepdefinitions.GetEmpleadoStepDefinitions.devuelve_un_objeto_cuya_propiedad_longitud_es_correcta()&amp#27;[0m
]]>
    </system-out>
  </testcase>
  <testcase name="Al pedir los datos de un empleado la propiedad longitud es un número con decimales entre -180 y 180 #9" classname="Como administrador quiero poder obtener los datos de un empleado específico para consultar la información de éste" time="0.756">
    <system-out>
      <![CDATA[
@REQ_P3Q-4 @TEST_P3Q-135 @TESTSET_P3Q-15 @API @Cucumber
Scenario: Al pedir los datos de un empleado la propiedad longitud es un nÃºmero con decimales entre -180 y 180 &amp#27;[90m# src/test/resources/features/getEmpleado/getEmpleado.feature:222&amp#27;[0m
16:19:21.279 [main] INFO  i.c.core.plugin.SerenityReporter - Running feature from file:///C:/Users/34603/Documents/GitHub/Proyecto3/Proyecto3-Serenity/src/test/resources/features/getEmpleado/getEmpleado.feature
  &amp#27;[32mGiven &amp#27;[0m&amp#27;[32mun administrador estÃ¡ logueado&amp#27;[0m                                                                        &amp#27;[90m# com.ejemplos.testing.serenity.stepdefinitions.GetEmpleadoStepDefinitions.un_administrador_logueado()&amp#27;[0m
  &amp#27;[32mWhen &amp#27;[0m&amp#27;[32mpide los datos de un empleado especÃ­fico con id &amp#27;[0m&amp#27;[32m&amp#27;[1m88&amp#27;[0m                                                     &amp#27;[90m# com.ejemplos.testing.serenity.stepdefinitions.GetEmpleadoStepDefinitions.realiza_una_peticion_a_la_API(int)&amp#27;[0m
  &amp#27;[32mThen &amp#27;[0m&amp#27;[32mse devuelve un empleado cuya propiedad longitud es un nÃºmero con decimales entre -180 y 180&amp#27;[0m            &amp#27;[90m# com.ejemplos.testing.serenity.stepdefinitions.GetEmpleadoStepDefinitions.devuelve_un_objeto_cuya_propiedad_longitud_es_correcta()&amp#27;[0m
]]>
    </system-out>
  </testcase>
  <testcase name="Al pedir los datos de un empleado la propiedad longitud es un número con decimales entre -180 y 180 #10" classname="Como administrador quiero poder obtener los datos de un empleado específico para consultar la información de éste" time="0.743">
    <system-out>
      <![CDATA[
@REQ_P3Q-4 @TEST_P3Q-135 @TESTSET_P3Q-15 @API @Cucumber
Scenario: Al pedir los datos de un empleado la propiedad longitud es un nÃºmero con decimales entre -180 y 180 &amp#27;[90m# src/test/resources/features/getEmpleado/getEmpleado.feature:223&amp#27;[0m
16:19:22.036 [main] INFO  i.c.core.plugin.SerenityReporter - Running feature from file:///C:/Users/34603/Documents/GitHub/Proyecto3/Proyecto3-Serenity/src/test/resources/features/getEmpleado/getEmpleado.feature
  &amp#27;[32mGiven &amp#27;[0m&amp#27;[32mun administrador estÃ¡ logueado&amp#27;[0m                                                                        &amp#27;[90m# com.ejemplos.testing.serenity.stepdefinitions.GetEmpleadoStepDefinitions.un_administrador_logueado()&amp#27;[0m
  &amp#27;[32mWhen &amp#27;[0m&amp#27;[32mpide los datos de un empleado especÃ­fico con id &amp#27;[0m&amp#27;[32m&amp#27;[1m93&amp#27;[0m                                                     &amp#27;[90m# com.ejemplos.testing.serenity.stepdefinitions.GetEmpleadoStepDefinitions.realiza_una_peticion_a_la_API(int)&amp#27;[0m
  &amp#27;[32mThen &amp#27;[0m&amp#27;[32mse devuelve un empleado cuya propiedad longitud es un nÃºmero con decimales entre -180 y 180&amp#27;[0m            &amp#27;[90m# com.ejemplos.testing.serenity.stepdefinitions.GetEmpleadoStepDefinitions.devuelve_un_objeto_cuya_propiedad_longitud_es_correcta()&amp#27;[0m
]]>
    </system-out>
  </testcase>
  <testcase name="Al pedir los datos de un empleado la propiedad login es un array de dos elementos #1" classname="Como administrador quiero poder obtener los datos de un empleado específico para consultar la información de éste" time="0.78">
    <system-out>
      <![CDATA[
@REQ_P3Q-4 @TEST_P3Q-136 @TESTSET_P3Q-15 @API @Cucumber
Scenario: Al pedir los datos de un empleado la propiedad login es un array de dos elementos &amp#27;[90m# src/test/resources/features/getEmpleado/getEmpleado.feature:231&amp#27;[0m
16:19:22.779 [main] INFO  i.c.core.plugin.SerenityReporter - Running feature from file:///C:/Users/34603/Documents/GitHub/Proyecto3/Proyecto3-Serenity/src/test/resources/features/getEmpleado/getEmpleado.feature
16:19:22.782 [main] INFO   - 
  _____   ___   ___   _____     ___   _____     _     ___   _____   ___   ___  
 |_   _| | __| / __| |_   _|   / __| |_   _|   /_\   | _ \ |_   _| | __| |   \ 
   | |   | _|  \__ \   | |     \__ \   | |    / _ \  |   /   | |   | _|  | |) |
   |_|   |___| |___/   |_|     |___/   |_|   /_/ \_\ |_|_\   |_|   |___| |___/ 

Al pedir los datos de un empleado la propiedad login es un array de dos elementos(como-administrador-quiero-poder-obtener-los-datos-de-un-empleado-específico-para-consultar-la-información-de-éste;al-pedir-los-datos-de-un-empleado-la-propiedad-login-es-un-array-de-dos-elementos)
--------------------------------------------------------------------------------
  &amp#27;[32mGiven &amp#27;[0m&amp#27;[32mun administrador estÃ¡ logueado&amp#27;[0m                                                      &amp#27;[90m# com.ejemplos.testing.serenity.stepdefinitions.GetEmpleadoStepDefinitions.un_administrador_logueado()&amp#27;[0m
  &amp#27;[32mWhen &amp#27;[0m&amp#27;[32mpide los datos de un empleado especÃ­fico con id &amp#27;[0m&amp#27;[32m&amp#27;[1m1&amp#27;[0m                                    &amp#27;[90m# com.ejemplos.testing.serenity.stepdefinitions.GetEmpleadoStepDefinitions.realiza_una_peticion_a_la_API(int)&amp#27;[0m
  &amp#27;[32mThen &amp#27;[0m&amp#27;[32mse devuelve un empleado cuya propiedad login es un array de dos elementos&amp#27;[0m            &amp#27;[90m# com.ejemplos.testing.serenity.stepdefinitions.GetEmpleadoStepDefinitions.devuelve_un_objeto_cuya_propiedad_login_tiene_dos_elementos()&amp#27;[0m
16:19:23.553 [main] INFO   - 
  _____   ___   ___   _____     ___     _     ___   ___   ___   ___  
 |_   _| | __| / __| |_   _|   | _ \   /_\   / __| / __| | __| |   \ 
   | |   | _|  \__ \   | |     |  _/  / _ \  \__ \ \__ \ | _|  | |) |
   |_|   |___| |___/   |_|     |_|   /_/ \_\ |___/ |___/ |___| |___/ 

Al pedir los datos de un empleado la propiedad login es un array de dos elementos
----------------------------------------------------------------------
]]>
    </system-out>
  </testcase>
  <testcase name="Al pedir los datos de un empleado la propiedad login es un array de dos elementos #2" classname="Como administrador quiero poder obtener los datos de un empleado específico para consultar la información de éste" time="0.945">
    <system-out>
      <![CDATA[
@REQ_P3Q-4 @TEST_P3Q-136 @TESTSET_P3Q-15 @API @Cucumber
Scenario: Al pedir los datos de un empleado la propiedad login es un array de dos elementos &amp#27;[90m# src/test/resources/features/getEmpleado/getEmpleado.feature:232&amp#27;[0m
16:19:23.559 [main] INFO  i.c.core.plugin.SerenityReporter - Running feature from file:///C:/Users/34603/Documents/GitHub/Proyecto3/Proyecto3-Serenity/src/test/resources/features/getEmpleado/getEmpleado.feature
  &amp#27;[32mGiven &amp#27;[0m&amp#27;[32mun administrador estÃ¡ logueado&amp#27;[0m                                                      &amp#27;[90m# com.ejemplos.testing.serenity.stepdefinitions.GetEmpleadoStepDefinitions.un_administrador_logueado()&amp#27;[0m
  &amp#27;[32mWhen &amp#27;[0m&amp#27;[32mpide los datos de un empleado especÃ­fico con id &amp#27;[0m&amp#27;[32m&amp#27;[1m15&amp#27;[0m                                   &amp#27;[90m# com.ejemplos.testing.serenity.stepdefinitions.GetEmpleadoStepDefinitions.realiza_una_peticion_a_la_API(int)&amp#27;[0m
  &amp#27;[32mThen &amp#27;[0m&amp#27;[32mse devuelve un empleado cuya propiedad login es un array de dos elementos&amp#27;[0m            &amp#27;[90m# com.ejemplos.testing.serenity.stepdefinitions.GetEmpleadoStepDefinitions.devuelve_un_objeto_cuya_propiedad_login_tiene_dos_elementos()&amp#27;[0m
16:19:24.498 [main] INFO   - 
  _____   ___   ___   _____     ___     _     ___   ___   ___   ___  
 |_   _| | __| / __| |_   _|   | _ \   /_\   / __| / __| | __| |   \ 
   | |   | _|  \__ \   | |     |  _/  / _ \  \__ \ \__ \ | _|  | |) |
   |_|   |___| |___/   |_|     |_|   /_/ \_\ |___/ |___/ |___| |___/ 

Al pedir los datos de un empleado la propiedad login es un array de dos elementos
----------------------------------------------------------------------
]]>
    </system-out>
  </testcase>
  <testcase name="Al pedir los datos de un empleado la propiedad login es un array de dos elementos #3" classname="Como administrador quiero poder obtener los datos de un empleado específico para consultar la información de éste" time="0.784">
    <system-out>
      <![CDATA[
@REQ_P3Q-4 @TEST_P3Q-136 @TESTSET_P3Q-15 @API @Cucumber
Scenario: Al pedir los datos de un empleado la propiedad login es un array de dos elementos &amp#27;[90m# src/test/resources/features/getEmpleado/getEmpleado.feature:233&amp#27;[0m
16:19:24.505 [main] INFO  i.c.core.plugin.SerenityReporter - Running feature from file:///C:/Users/34603/Documents/GitHub/Proyecto3/Proyecto3-Serenity/src/test/resources/features/getEmpleado/getEmpleado.feature
  &amp#27;[32mGiven &amp#27;[0m&amp#27;[32mun administrador estÃ¡ logueado&amp#27;[0m                                                      &amp#27;[90m# com.ejemplos.testing.serenity.stepdefinitions.GetEmpleadoStepDefinitions.un_administrador_logueado()&amp#27;[0m
  &amp#27;[32mWhen &amp#27;[0m&amp#27;[32mpide los datos de un empleado especÃ­fico con id &amp#27;[0m&amp#27;[32m&amp#27;[1m27&amp#27;[0m                                   &amp#27;[90m# com.ejemplos.testing.serenity.stepdefinitions.GetEmpleadoStepDefinitions.realiza_una_peticion_a_la_API(int)&amp#27;[0m
  &amp#27;[32mThen &amp#27;[0m&amp#27;[32mse devuelve un empleado cuya propiedad login es un array de dos elementos&amp#27;[0m            &amp#27;[90m# com.ejemplos.testing.serenity.stepdefinitions.GetEmpleadoStepDefinitions.devuelve_un_objeto_cuya_propiedad_login_tiene_dos_elementos()&amp#27;[0m
]]>
    </system-out>
  </testcase>
  <testcase name="Al pedir los datos de un empleado la propiedad login es un array de dos elementos #4" classname="Como administrador quiero poder obtener los datos de un empleado específico para consultar la información de éste" time="4.453">
    <system-out>
      <![CDATA[
@REQ_P3Q-4 @TEST_P3Q-136 @TESTSET_P3Q-15 @API @Cucumber
Scenario: Al pedir los datos de un empleado la propiedad login es un array de dos elementos &amp#27;[90m# src/test/resources/features/getEmpleado/getEmpleado.feature:234&amp#27;[0m
16:19:25.290 [main] INFO  i.c.core.plugin.SerenityReporter - Running feature from file:///C:/Users/34603/Documents/GitHub/Proyecto3/Proyecto3-Serenity/src/test/resources/features/getEmpleado/getEmpleado.feature
  &amp#27;[32mGiven &amp#27;[0m&amp#27;[32mun administrador estÃ¡ logueado&amp#27;[0m                                                      &amp#27;[90m# com.ejemplos.testing.serenity.stepdefinitions.GetEmpleadoStepDefinitions.un_administrador_logueado()&amp#27;[0m
  &amp#27;[32mWhen &amp#27;[0m&amp#27;[32mpide los datos de un empleado especÃ­fico con id &amp#27;[0m&amp#27;[32m&amp#27;[1m33&amp#27;[0m                                   &amp#27;[90m# com.ejemplos.testing.serenity.stepdefinitions.GetEmpleadoStepDefinitions.realiza_una_peticion_a_la_API(int)&amp#27;[0m
  &amp#27;[32mThen &amp#27;[0m&amp#27;[32mse devuelve un empleado cuya propiedad login es un array de dos elementos&amp#27;[0m            &amp#27;[90m# com.ejemplos.testing.serenity.stepdefinitions.GetEmpleadoStepDefinitions.devuelve_un_objeto_cuya_propiedad_login_tiene_dos_elementos()&amp#27;[0m
]]>
    </system-out>
  </testcase>
  <testcase name="Al pedir los datos de un empleado la propiedad login es un array de dos elementos #5" classname="Como administrador quiero poder obtener los datos de un empleado específico para consultar la información de éste" time="1.13">
    <system-out>
      <![CDATA[
@REQ_P3Q-4 @TEST_P3Q-136 @TESTSET_P3Q-15 @API @Cucumber
Scenario: Al pedir los datos de un empleado la propiedad login es un array de dos elementos &amp#27;[90m# src/test/resources/features/getEmpleado/getEmpleado.feature:235&amp#27;[0m
16:19:29.742 [main] INFO  i.c.core.plugin.SerenityReporter - Running feature from file:///C:/Users/34603/Documents/GitHub/Proyecto3/Proyecto3-Serenity/src/test/resources/features/getEmpleado/getEmpleado.feature
  &amp#27;[32mGiven &amp#27;[0m&amp#27;[32mun administrador estÃ¡ logueado&amp#27;[0m                                                      &amp#27;[90m# com.ejemplos.testing.serenity.stepdefinitions.GetEmpleadoStepDefinitions.un_administrador_logueado()&amp#27;[0m
  &amp#27;[32mWhen &amp#27;[0m&amp#27;[32mpide los datos de un empleado especÃ­fico con id &amp#27;[0m&amp#27;[32m&amp#27;[1m42&amp#27;[0m                                   &amp#27;[90m# com.ejemplos.testing.serenity.stepdefinitions.GetEmpleadoStepDefinitions.realiza_una_peticion_a_la_API(int)&amp#27;[0m
  &amp#27;[32mThen &amp#27;[0m&amp#27;[32mse devuelve un empleado cuya propiedad login es un array de dos elementos&amp#27;[0m            &amp#27;[90m# com.ejemplos.testing.serenity.stepdefinitions.GetEmpleadoStepDefinitions.devuelve_un_objeto_cuya_propiedad_login_tiene_dos_elementos()&amp#27;[0m
]]>
    </system-out>
  </testcase>
  <testcase name="Al pedir los datos de un empleado la propiedad login es un array de dos elementos #6" classname="Como administrador quiero poder obtener los datos de un empleado específico para consultar la información de éste" time="0.767">
    <system-out>
      <![CDATA[
@REQ_P3Q-4 @TEST_P3Q-136 @TESTSET_P3Q-15 @API @Cucumber
Scenario: Al pedir los datos de un empleado la propiedad login es un array de dos elementos &amp#27;[90m# src/test/resources/features/getEmpleado/getEmpleado.feature:236&amp#27;[0m
16:19:30.872 [main] INFO  i.c.core.plugin.SerenityReporter - Running feature from file:///C:/Users/34603/Documents/GitHub/Proyecto3/Proyecto3-Serenity/src/test/resources/features/getEmpleado/getEmpleado.feature
  &amp#27;[32mGiven &amp#27;[0m&amp#27;[32mun administrador estÃ¡ logueado&amp#27;[0m                                                      &amp#27;[90m# com.ejemplos.testing.serenity.stepdefinitions.GetEmpleadoStepDefinitions.un_administrador_logueado()&amp#27;[0m
  &amp#27;[32mWhen &amp#27;[0m&amp#27;[32mpide los datos de un empleado especÃ­fico con id &amp#27;[0m&amp#27;[32m&amp#27;[1m59&amp#27;[0m                                   &amp#27;[90m# com.ejemplos.testing.serenity.stepdefinitions.GetEmpleadoStepDefinitions.realiza_una_peticion_a_la_API(int)&amp#27;[0m
  &amp#27;[32mThen &amp#27;[0m&amp#27;[32mse devuelve un empleado cuya propiedad login es un array de dos elementos&amp#27;[0m            &amp#27;[90m# com.ejemplos.testing.serenity.stepdefinitions.GetEmpleadoStepDefinitions.devuelve_un_objeto_cuya_propiedad_login_tiene_dos_elementos()&amp#27;[0m
]]>
    </system-out>
  </testcase>
  <testcase name="Al pedir los datos de un empleado la propiedad login es un array de dos elementos #7" classname="Como administrador quiero poder obtener los datos de un empleado específico para consultar la información de éste" time="0.744">
    <system-out>
      <![CDATA[
@REQ_P3Q-4 @TEST_P3Q-136 @TESTSET_P3Q-15 @API @Cucumber
Scenario: Al pedir los datos de un empleado la propiedad login es un array de dos elementos &amp#27;[90m# src/test/resources/features/getEmpleado/getEmpleado.feature:237&amp#27;[0m
16:19:31.643 [main] INFO  i.c.core.plugin.SerenityReporter - Running feature from file:///C:/Users/34603/Documents/GitHub/Proyecto3/Proyecto3-Serenity/src/test/resources/features/getEmpleado/getEmpleado.feature
  &amp#27;[32mGiven &amp#27;[0m&amp#27;[32mun administrador estÃ¡ logueado&amp#27;[0m                                                      &amp#27;[90m# com.ejemplos.testing.serenity.stepdefinitions.GetEmpleadoStepDefinitions.un_administrador_logueado()&amp#27;[0m
  &amp#27;[32mWhen &amp#27;[0m&amp#27;[32mpide los datos de un empleado especÃ­fico con id &amp#27;[0m&amp#27;[32m&amp#27;[1m66&amp#27;[0m                                   &amp#27;[90m# com.ejemplos.testing.serenity.stepdefinitions.GetEmpleadoStepDefinitions.realiza_una_peticion_a_la_API(int)&amp#27;[0m
  &amp#27;[32mThen &amp#27;[0m&amp#27;[32mse devuelve un empleado cuya propiedad login es un array de dos elementos&amp#27;[0m            &amp#27;[90m# com.ejemplos.testing.serenity.stepdefinitions.GetEmpleadoStepDefinitions.devuelve_un_objeto_cuya_propiedad_login_tiene_dos_elementos()&amp#27;[0m
]]>
    </system-out>
  </testcase>
  <testcase name="Al pedir los datos de un empleado la propiedad login es un array de dos elementos #8" classname="Como administrador quiero poder obtener los datos de un empleado específico para consultar la información de éste" time="0.743">
    <system-out>
      <![CDATA[
@REQ_P3Q-4 @TEST_P3Q-136 @TESTSET_P3Q-15 @API @Cucumber
Scenario: Al pedir los datos de un empleado la propiedad login es un array de dos elementos &amp#27;[90m# src/test/resources/features/getEmpleado/getEmpleado.feature:238&amp#27;[0m
16:19:32.385 [main] INFO  i.c.core.plugin.SerenityReporter - Running feature from file:///C:/Users/34603/Documents/GitHub/Proyecto3/Proyecto3-Serenity/src/test/resources/features/getEmpleado/getEmpleado.feature
  &amp#27;[32mGiven &amp#27;[0m&amp#27;[32mun administrador estÃ¡ logueado&amp#27;[0m                                                      &amp#27;[90m# com.ejemplos.testing.serenity.stepdefinitions.GetEmpleadoStepDefinitions.un_administrador_logueado()&amp#27;[0m
  &amp#27;[32mWhen &amp#27;[0m&amp#27;[32mpide los datos de un empleado especÃ­fico con id &amp#27;[0m&amp#27;[32m&amp#27;[1m72&amp#27;[0m                                   &amp#27;[90m# com.ejemplos.testing.serenity.stepdefinitions.GetEmpleadoStepDefinitions.realiza_una_peticion_a_la_API(int)&amp#27;[0m
  &amp#27;[32mThen &amp#27;[0m&amp#27;[32mse devuelve un empleado cuya propiedad login es un array de dos elementos&amp#27;[0m            &amp#27;[90m# com.ejemplos.testing.serenity.stepdefinitions.GetEmpleadoStepDefinitions.devuelve_un_objeto_cuya_propiedad_login_tiene_dos_elementos()&amp#27;[0m
]]>
    </system-out>
  </testcase>
  <testcase name="Al pedir los datos de un empleado la propiedad login es un array de dos elementos #9" classname="Como administrador quiero poder obtener los datos de un empleado específico para consultar la información de éste" time="0.803">
    <system-out>
      <![CDATA[
@REQ_P3Q-4 @TEST_P3Q-136 @TESTSET_P3Q-15 @API @Cucumber
Scenario: Al pedir los datos de un empleado la propiedad login es un array de dos elementos &amp#27;[90m# src/test/resources/features/getEmpleado/getEmpleado.feature:239&amp#27;[0m
16:19:33.131 [main] INFO  i.c.core.plugin.SerenityReporter - Running feature from file:///C:/Users/34603/Documents/GitHub/Proyecto3/Proyecto3-Serenity/src/test/resources/features/getEmpleado/getEmpleado.feature
  &amp#27;[32mGiven &amp#27;[0m&amp#27;[32mun administrador estÃ¡ logueado&amp#27;[0m                                                      &amp#27;[90m# com.ejemplos.testing.serenity.stepdefinitions.GetEmpleadoStepDefinitions.un_administrador_logueado()&amp#27;[0m
  &amp#27;[32mWhen &amp#27;[0m&amp#27;[32mpide los datos de un empleado especÃ­fico con id &amp#27;[0m&amp#27;[32m&amp#27;[1m88&amp#27;[0m                                   &amp#27;[90m# com.ejemplos.testing.serenity.stepdefinitions.GetEmpleadoStepDefinitions.realiza_una_peticion_a_la_API(int)&amp#27;[0m
  &amp#27;[32mThen &amp#27;[0m&amp#27;[32mse devuelve un empleado cuya propiedad login es un array de dos elementos&amp#27;[0m            &amp#27;[90m# com.ejemplos.testing.serenity.stepdefinitions.GetEmpleadoStepDefinitions.devuelve_un_objeto_cuya_propiedad_login_tiene_dos_elementos()&amp#27;[0m
]]>
    </system-out>
  </testcase>
  <testcase name="Al pedir los datos de un empleado la propiedad login es un array de dos elementos #10" classname="Como administrador quiero poder obtener los datos de un empleado específico para consultar la información de éste" time="0.733">
    <system-out>
      <![CDATA[
@REQ_P3Q-4 @TEST_P3Q-136 @TESTSET_P3Q-15 @API @Cucumber
Scenario: Al pedir los datos de un empleado la propiedad login es un array de dos elementos &amp#27;[90m# src/test/resources/features/getEmpleado/getEmpleado.feature:240&amp#27;[0m
16:19:33.932 [main] INFO  i.c.core.plugin.SerenityReporter - Running feature from file:///C:/Users/34603/Documents/GitHub/Proyecto3/Proyecto3-Serenity/src/test/resources/features/getEmpleado/getEmpleado.feature
  &amp#27;[32mGiven &amp#27;[0m&amp#27;[32mun administrador estÃ¡ logueado&amp#27;[0m                                                      &amp#27;[90m# com.ejemplos.testing.serenity.stepdefinitions.GetEmpleadoStepDefinitions.un_administrador_logueado()&amp#27;[0m
  &amp#27;[32mWhen &amp#27;[0m&amp#27;[32mpide los datos de un empleado especÃ­fico con id &amp#27;[0m&amp#27;[32m&amp#27;[1m93&amp#27;[0m                                   &amp#27;[90m# com.ejemplos.testing.serenity.stepdefinitions.GetEmpleadoStepDefinitions.realiza_una_peticion_a_la_API(int)&amp#27;[0m
  &amp#27;[32mThen &amp#27;[0m&amp#27;[32mse devuelve un empleado cuya propiedad login es un array de dos elementos&amp#27;[0m            &amp#27;[90m# com.ejemplos.testing.serenity.stepdefinitions.GetEmpleadoStepDefinitions.devuelve_un_objeto_cuya_propiedad_login_tiene_dos_elementos()&amp#27;[0m
]]>
    </system-out>
  </testcase>
  <testcase name="la página Home presenta sección de clientes" classname="Como usuario quiero poder acceder a la página Home de la web para poder conocer la empresa" time="7.696">
    <system-out>
      <![CDATA[16:19:34.660 [main] INFO  i.c.core.plugin.SerenityReporter - Running feature from file:///C:/Users/34603/Documents/GitHub/Proyecto3/Proyecto3-Serenity/src/test/resources/features/home/home.feature
16:19:34.662 [main] INFO   - Test Suite Started: Como usuario quiero poder acceder a la página Home de la web para poder conocer la empresa

@REQ_P3Q-2 @TEST_P3Q-119 @TESTSET_P3Q-31 @Accesibilidad @UI/UX @Web
Scenario: la pÃ¡gina Home presenta secciÃ³n de clientes &amp#27;[90m# src/test/resources/features/home/home.feature:4&amp#27;[0m
16:19:34.672 [main] INFO  i.c.core.plugin.SerenityReporter - Running feature from file:///C:/Users/34603/Documents/GitHub/Proyecto3/Proyecto3-Serenity/src/test/resources/features/home/home.feature
16:19:34.674 [main] INFO   - 
  _____   ___   ___   _____     ___   _____     _     ___   _____   ___   ___  
 |_   _| | __| / __| |_   _|   / __| |_   _|   /_\   | _ \ |_   _| | __| |   \ 
   | |   | _|  \__ \   | |     \__ \   | |    / _ \  |   /   | |   | _|  | |) |
   |_|   |___| |___/   |_|     |___/   |_|   /_/ \_\ |_|_\   |_|   |___| |___/ 

la página Home presenta sección de clientes(como-usuario-quiero-poder-acceder-a-la-página-home-de-la-web-para-poder-conocer-la-empresa;la-página-home-presenta-sección-de-clientes)
--------------------------------------------------------------------------------
16:19:34.691 [main] INFO  n.s.c.w.d.ChromeDriverProvider - Using automatically driver download
16:19:34.871 [main] INFO  i.g.bonigarcia.wdm.WebDriverManager - Using chromedriver 99.0.4844.51 (resolved driver for Chrome 99)
16:19:34.886 [main] INFO  i.g.bonigarcia.wdm.WebDriverManager - Exporting webdriver.chrome.driver as C:\Users\34603\.cache\selenium\chromedriver\win32\99.0.4844.51\chromedriver.exe
  &amp#27;[32mGiven &amp#27;[0m&amp#27;[32mun &amp#27;[0m&amp#27;[32m&amp#27;[1musuario&amp#27;[0m&amp#27;[32m accede a la pÃ¡gina Home&amp#27;[0m            &amp#27;[90m# com.ejemplos.testing.serenity.stepdefinitions.HomeStepDefinitions.is_in_home_page(net.serenitybdd.screenplay.Actor)&amp#27;[0m
  &amp#27;[32mWhen &amp#27;[0m&amp#27;[32mese &amp#27;[0m&amp#27;[32m&amp#27;[1musuario&amp#27;[0m&amp#27;[32m navega por la pÃ¡gina&amp#27;[0m               &amp#27;[90m# com.ejemplos.testing.serenity.stepdefinitions.ServiciosStepDefinitions.servicios_esta_cargado(net.serenitybdd.screenplay.Actor)&amp#27;[0m
  &amp#27;[32mThen &amp#27;[0m&amp#27;[32m&amp#27;[0m&amp#27;[32m&amp#27;[1musuario&amp#27;[0m&amp#27;[32m visualiza secciÃ³n de clientes&amp#27;[0m          &amp#27;[90m# com.ejemplos.testing.serenity.stepdefinitions.HomeStepDefinitions.visualiza_seccion_de_clientes(net.serenitybdd.screenplay.Actor)&amp#27;[0m
16:19:41.259 [main] INFO   - 
  _____   ___   ___   _____     ___     _     ___   ___   ___   ___  
 |_   _| | __| / __| |_   _|   | _ \   /_\   / __| / __| | __| |   \ 
   | |   | _|  \__ \   | |     |  _/  / _ \  \__ \ \__ \ | _|  | |) |
   |_|   |___| |___/   |_|     |_|   /_/ \_\ |___/ |___/ |___| |___/ 

la página Home presenta sección de clientes
----------------------------------------------------------------------
]]>
    </system-out>
    <system-err>
      <![CDATA[Starting ChromeDriver 99.0.4844.51 (d537ec02474b5afe23684e7963d538896c63ac77-refs/branch-heads/4844@{#875}) on port 49689
Only local connections are allowed.
Please see https://chromedriver.chromium.org/security-considerations for suggestions on keeping ChromeDriver safe.
ChromeDriver was started successfully.
abr 07, 2022 4:19:37 P. M. org.openqa.selenium.remote.ProtocolHandshake createSession
INFO: Detected dialect: W3C
abr 07, 2022 4:19:37 P. M. org.openqa.selenium.devtools.CdpVersionFinder findNearestMatch
INFO: Found exact CDP implementation for version 99
]]>
    </system-err>
  </testcase>
  <testcase name="Validar que la sección Home presenta una descripción de la empresa y sus valores" classname="Como usuario quiero poder acceder a la página Home de la web para poder conocer la empresa" time="6.178">
    <system-out>
      <![CDATA[
@REQ_P3Q-2 @TEST_P3Q-112 @TESTSET_P3Q-31 @UI/UX @Web
Scenario: Validar que la secciÃ³n Home presenta una descripciÃ³n de la empresa y sus valores &amp#27;[90m# src/test/resources/features/home/home.feature:10&amp#27;[0m
16:19:42.368 [main] INFO  i.c.core.plugin.SerenityReporter - Running feature from file:///C:/Users/34603/Documents/GitHub/Proyecto3/Proyecto3-Serenity/src/test/resources/features/home/home.feature
16:19:42.370 [main] INFO   - 
  _____   ___   ___   _____     ___   _____     _     ___   _____   ___   ___  
 |_   _| | __| / __| |_   _|   / __| |_   _|   /_\   | _ \ |_   _| | __| |   \ 
   | |   | _|  \__ \   | |     \__ \   | |    / _ \  |   /   | |   | _|  | |) |
   |_|   |___| |___/   |_|     |___/   |_|   /_/ \_\ |_|_\   |_|   |___| |___/ 

Validar que la sección Home presenta una descripción de la empresa y sus valores(como-usuario-quiero-poder-acceder-a-la-página-home-de-la-web-para-poder-conocer-la-empresa;validar-que-la-sección-home-presenta-una-descripción-de-la-empresa-y-sus-valores)
--------------------------------------------------------------------------------
16:19:42.387 [main] INFO  n.s.c.w.d.ChromeDriverProvider - Using automatically driver download
16:19:42.563 [main] INFO  i.g.bonigarcia.wdm.WebDriverManager - Using chromedriver 99.0.4844.51 (resolved driver for Chrome 99)
16:19:42.577 [main] INFO  i.g.bonigarcia.wdm.WebDriverManager - Exporting webdriver.chrome.driver as C:\Users\34603\.cache\selenium\chromedriver\win32\99.0.4844.51\chromedriver.exe
  &amp#27;[32mGiven &amp#27;[0m&amp#27;[32mun &amp#27;[0m&amp#27;[32m&amp#27;[1musuario&amp#27;[0m&amp#27;[32m accede a la pÃ¡gina Home&amp#27;[0m                                                 &amp#27;[90m# com.ejemplos.testing.serenity.stepdefinitions.HomeStepDefinitions.is_in_home_page(net.serenitybdd.screenplay.Actor)&amp#27;[0m
  &amp#27;[32mWhen &amp#27;[0m&amp#27;[32mese &amp#27;[0m&amp#27;[32m&amp#27;[1musuario&amp#27;[0m&amp#27;[32m navega por la pÃ¡gina&amp#27;[0m                                                    &amp#27;[90m# com.ejemplos.testing.serenity.stepdefinitions.ServiciosStepDefinitions.servicios_esta_cargado(net.serenitybdd.screenplay.Actor)&amp#27;[0m
  &amp#27;[32mThen &amp#27;[0m&amp#27;[32m&amp#27;[0m&amp#27;[32m&amp#27;[1musuario&amp#27;[0m&amp#27;[32m visualiza descripciÃ³n y valores de la empresa&amp#27;[0m                               &amp#27;[90m# com.ejemplos.testing.serenity.stepdefinitions.HomeStepDefinitions.visualiza_descripciÃ³n_y_valores_de_la_empresa(net.serenitybdd.screenplay.Actor)&amp#27;[0m
16:19:47.442 [main] INFO   - 
  _____   ___   ___   _____     ___     _     ___   ___   ___   ___  
 |_   _| | __| / __| |_   _|   | _ \   /_\   / __| / __| | __| |   \ 
   | |   | _|  \__ \   | |     |  _/  / _ \  \__ \ \__ \ | _|  | |) |
   |_|   |___| |___/   |_|     |_|   /_/ \_\ |___/ |___/ |___| |___/ 

Validar que la sección Home presenta una descripción de la empresa y sus valores
----------------------------------------------------------------------
]]>
    </system-out>
    <system-err>
      <![CDATA[Starting ChromeDriver 99.0.4844.51 (d537ec02474b5afe23684e7963d538896c63ac77-refs/branch-heads/4844@{#875}) on port 57286
Only local connections are allowed.
Please see https://chromedriver.chromium.org/security-considerations for suggestions on keeping ChromeDriver safe.
ChromeDriver was started successfully.
abr 07, 2022 4:19:44 P. M. org.openqa.selenium.remote.ProtocolHandshake createSession
INFO: Detected dialect: W3C
abr 07, 2022 4:19:44 P. M. org.openqa.selenium.devtools.CdpVersionFinder findNearestMatch
INFO: Found exact CDP implementation for version 99
]]>
    </system-err>
  </testcase>
  <testcase name="comprobar que los enlaces del navbar en la sección Home funcionan." classname="Como usuario quiero poder acceder a la página Home de la web para poder conocer la empresa" time="41.257">
    <system-out>
      <![CDATA[
@REQ_P3Q-2 @TEST_P3Q-97 @TESTSET_P3Q-31 @Accesibilidad @UI/UX @Web
Scenario: comprobar que los enlaces del navbar en la secciÃ³n Home funcionan. &amp#27;[90m# src/test/resources/features/home/home.feature:16&amp#27;[0m
16:19:48.545 [main] INFO  i.c.core.plugin.SerenityReporter - Running feature from file:///C:/Users/34603/Documents/GitHub/Proyecto3/Proyecto3-Serenity/src/test/resources/features/home/home.feature
16:19:48.547 [main] INFO   - 
  _____   ___   ___   _____     ___   _____     _     ___   _____   ___   ___  
 |_   _| | __| / __| |_   _|   / __| |_   _|   /_\   | _ \ |_   _| | __| |   \ 
   | |   | _|  \__ \   | |     \__ \   | |    / _ \  |   /   | |   | _|  | |) |
   |_|   |___| |___/   |_|     |___/   |_|   /_/ \_\ |_|_\   |_|   |___| |___/ 

comprobar que los enlaces del navbar en la sección Home funcionan.(como-usuario-quiero-poder-acceder-a-la-página-home-de-la-web-para-poder-conocer-la-empresa;comprobar-que-los-enlaces-del-navbar-en-la-sección-home-funcionan.)
--------------------------------------------------------------------------------
16:19:48.563 [main] INFO  n.s.c.w.d.ChromeDriverProvider - Using automatically driver download
16:19:48.741 [main] INFO  i.g.bonigarcia.wdm.WebDriverManager - Using chromedriver 99.0.4844.51 (resolved driver for Chrome 99)
16:19:48.756 [main] INFO  i.g.bonigarcia.wdm.WebDriverManager - Exporting webdriver.chrome.driver as C:\Users\34603\.cache\selenium\chromedriver\win32\99.0.4844.51\chromedriver.exe
  &amp#27;[32mGiven &amp#27;[0m&amp#27;[32mun &amp#27;[0m&amp#27;[32m&amp#27;[1musuario&amp#27;[0m&amp#27;[32m accede a la pÃ¡gina Home&amp#27;[0m                                   &amp#27;[90m# com.ejemplos.testing.serenity.stepdefinitions.HomeStepDefinitions.is_in_home_page(net.serenitybdd.screenplay.Actor)&amp#27;[0m
  &amp#27;[32mWhen &amp#27;[0m&amp#27;[32mese &amp#27;[0m&amp#27;[32m&amp#27;[1musuario&amp#27;[0m&amp#27;[32m clica en todos los links del navbar&amp#27;[0m                       &amp#27;[90m# com.ejemplos.testing.serenity.stepdefinitions.HomeStepDefinitions.clica_en_links_navbar(net.serenitybdd.screenplay.Actor)&amp#27;[0m
  &amp#27;[32mThen &amp#27;[0m&amp#27;[32mtodos los links funcionan y redirigen correctamente&amp#27;[0m                   &amp#27;[90m# com.ejemplos.testing.serenity.stepdefinitions.HomeStepDefinitions.links_navbar_home_son_correctos()&amp#27;[0m
16:20:28.696 [main] INFO   - 
  _____   ___   ___   _____     ___     _     ___   ___   ___   ___  
 |_   _| | __| / __| |_   _|   | _ \   /_\   / __| / __| | __| |   \ 
   | |   | _|  \__ \   | |     |  _/  / _ \  \__ \ \__ \ | _|  | |) |
   |_|   |___| |___/   |_|     |_|   /_/ \_\ |___/ |___/ |___| |___/ 

comprobar que los enlaces del navbar en la sección Home funcionan.
----------------------------------------------------------------------
]]>
    </system-out>
    <system-err>
      <![CDATA[Starting ChromeDriver 99.0.4844.51 (d537ec02474b5afe23684e7963d538896c63ac77-refs/branch-heads/4844@{#875}) on port 53079
Only local connections are allowed.
Please see https://chromedriver.chromium.org/security-considerations for suggestions on keeping ChromeDriver safe.
ChromeDriver was started successfully.
abr 07, 2022 4:19:50 P. M. org.openqa.selenium.remote.ProtocolHandshake createSession
INFO: Detected dialect: W3C
abr 07, 2022 4:19:50 P. M. org.openqa.selenium.devtools.CdpVersionFinder findNearestMatch
INFO: Found exact CDP implementation for version 99
]]>
    </system-err>
  </testcase>
  <testcase name="validar que usuario con ceguera puede ver los contenidos de Home" classname="Como usuario quiero poder acceder a la página Home de la web para poder conocer la empresa" time="7.378">
    <failure type="java.lang.AssertionError">
      <![CDATA[java.lang.AssertionError: 

Expecting a value that is a match for: <".*[aeiou].*">
But got..............................: <"...">
]]>
    </failure>
    <system-out>
      <![CDATA[
@REQ_P3Q-2 @TEST_P3Q-104 @TESTSET_P3Q-31 @Accesibilidad @UI/UX @Web
Scenario: validar que usuario con ceguera puede ver los contenidos de Home        &amp#27;[90m# src/test/resources/features/home/home.feature:22&amp#27;[0m
16:20:29.802 [main] INFO  i.c.core.plugin.SerenityReporter - Running feature from file:///C:/Users/34603/Documents/GitHub/Proyecto3/Proyecto3-Serenity/src/test/resources/features/home/home.feature
16:20:29.804 [main] INFO   - 
  _____   ___   ___   _____     ___   _____     _     ___   _____   ___   ___  
 |_   _| | __| / __| |_   _|   / __| |_   _|   /_\   | _ \ |_   _| | __| |   \ 
   | |   | _|  \__ \   | |     \__ \   | |    / _ \  |   /   | |   | _|  | |) |
   |_|   |___| |___/   |_|     |___/   |_|   /_/ \_\ |_|_\   |_|   |___| |___/ 

validar que usuario con ceguera puede ver los contenidos de Home(como-usuario-quiero-poder-acceder-a-la-página-home-de-la-web-para-poder-conocer-la-empresa;validar-que-usuario-con-ceguera-puede-ver-los-contenidos-de-home)
--------------------------------------------------------------------------------
16:20:29.819 [main] INFO  n.s.c.w.d.ChromeDriverProvider - Using automatically driver download
16:20:30.003 [main] INFO  i.g.bonigarcia.wdm.WebDriverManager - Using chromedriver 99.0.4844.51 (resolved driver for Chrome 99)
16:20:30.017 [main] INFO  i.g.bonigarcia.wdm.WebDriverManager - Exporting webdriver.chrome.driver as C:\Users\34603\.cache\selenium\chromedriver\win32\99.0.4844.51\chromedriver.exe
  &amp#27;[32mGiven &amp#27;[0m&amp#27;[32mun &amp#27;[0m&amp#27;[32m&amp#27;[1musuario con ceguera&amp#27;[0m&amp#27;[32m accede a la pÃ¡gina Home&amp#27;[0m                            &amp#27;[90m# com.ejemplos.testing.serenity.stepdefinitions.HomeStepDefinitions.is_in_home_page(net.serenitybdd.screenplay.Actor)&amp#27;[0m
  &amp#27;[32mWhen &amp#27;[0m&amp#27;[32mese &amp#27;[0m&amp#27;[32m&amp#27;[1musuario con ceguera&amp#27;[0m&amp#27;[32m navega por la pÃ¡gina&amp#27;[0m                               &amp#27;[90m# com.ejemplos.testing.serenity.stepdefinitions.ServiciosStepDefinitions.servicios_esta_cargado(net.serenitybdd.screenplay.Actor)&amp#27;[0m
  &amp#27;[31mThen &amp#27;[0m&amp#27;[31mes capaz de obtener todos los textos alt de los elementos img de la pagina&amp#27;[0m &amp#27;[90m# com.ejemplos.testing.serenity.stepdefinitions.HomeStepDefinitions.usuario_puede_acceder_a_los_atributos_alt_de_las_imagenes()&amp#27;[0m
      &amp#27;[31mjava.lang.AssertionError: 
Expecting a value that is a match for: <".*[aeiou].*">
But got..............................: <"...">
	at net.serenitybdd.screenplay.ensure.PerformableExpectation.performAs(PerformableExpectations.kt:35)
	at net.serenitybdd.screenplay.ensure.PerformableExpectation$ByteBuddy$nfcU14Cb.performAs$accessor$mxz0NuU5(Unknown Source)
	at jdk.internal.reflect.GeneratedMethodAccessor103.invoke(Unknown Source)
	at java.base/jdk.internal.reflect.DelegatingMethodAccessorImpl.invoke(DelegatingMethodAccessorImpl.java:43)
	at java.base/java.lang.reflect.Method.invoke(Method.java:567)
	at net.thucydides.core.steps.StepInterceptor.invokeMethod(StepInterceptor.java:503)
	at net.thucydides.core.steps.StepInterceptor.executeTestStepMethod(StepInterceptor.java:483)
	at net.thucydides.core.steps.StepInterceptor.runTestStep(StepInterceptor.java:457)
	at net.thucydides.core.steps.StepInterceptor.runOrSkipMethod(StepInterceptor.java:209)
	at net.thucydides.core.steps.StepInterceptor.testStepResult(StepInterceptor.java:196)
	at net.thucydides.core.steps.StepInterceptor.intercept(StepInterceptor.java:84)
	at net.thucydides.core.steps.ProxyConfiguration$InterceptorDispatcher.intercept(ProxyConfiguration.java:51)
	at net.serenitybdd.screenplay.ensure.PerformableExpectation$ByteBuddy$nfcU14Cb.performAs(Unknown Source)
	at net.serenitybdd.screenplay.Actor.performTask(Actor.java:277)
	at net.serenitybdd.screenplay.Actor.perform(Actor.java:256)
	at net.serenitybdd.screenplay.Actor.attemptsTo(Actor.java:197)
	at net.serenitybdd.screenplay.Actor.attemptsTo(Actor.java:204)
	at Proyecto3.Serenity@0.0.1-SNAPSHOT/com.ejemplos.testing.serenity.stepdefinitions.HomeStepDefinitions.usuario_puede_acceder_a_los_atributos_alt_de_las_imagenes(HomeStepDefinitions.java:116)
	at âœ½.es capaz de obtener todos los textos alt de los elementos img de la pagina(file:///C:/Users/34603/Documents/GitHub/Proyecto3/Proyecto3-Serenity/src/test/resources/features/home/home.feature:25)
&amp#27;[0m
16:20:36.079 [main] ERROR  - 
  _____   ___   ___   _____     ___     _     ___   _      ___   ___  
 |_   _| | __| / __| |_   _|   | __|   /_\   |_ _| | |    | __| |   \ 
   | |   | _|  \__ \   | |     | _|   / _ \   | |  | |__  | _|  | |) |
   |_|   |___| |___/   |_|     |_|   /_/ \_\ |___| |____| |___| |___/ 

validar que usuario con ceguera puede ver los contenidos de Home
-----------------------------------------------------------------------
16:20:36.080 [main] ERROR  -     Test failed at step: usuario con ceguera should see a value that is a match for: <".*[aeiou].*">
16:20:36.080 [main] ERROR  -     Expecting a value that is a match for: <".*[aeiou].*">But got..............................: <"...">
]]>
    </system-out>
    <system-err>
      <![CDATA[Starting ChromeDriver 99.0.4844.51 (d537ec02474b5afe23684e7963d538896c63ac77-refs/branch-heads/4844@{#875}) on port 61783
Only local connections are allowed.
Please see https://chromedriver.chromium.org/security-considerations for suggestions on keeping ChromeDriver safe.
ChromeDriver was started successfully.
abr 07, 2022 4:20:31 P. M. org.openqa.selenium.remote.ProtocolHandshake createSession
INFO: Detected dialect: W3C
abr 07, 2022 4:20:31 P. M. org.openqa.selenium.devtools.CdpVersionFinder findNearestMatch
INFO: Found exact CDP implementation for version 99
]]>
    </system-err>
  </testcase>
  <testcase name="un usuario con discapacidad visual leve es capaz de ver los contenidos de Home" classname="Como usuario quiero poder acceder a la página Home de la web para poder conocer la empresa" time="9.31">
    <system-out>
      <![CDATA[
@REQ_P3Q-2 @TEST_P3Q-76 @TESTSET_P3Q-31 @UI/UX @Web
Scenario: un usuario con discapacidad visual leve es capaz de ver los contenidos de Home &amp#27;[90m# src/test/resources/features/home/home.feature:28&amp#27;[0m
16:20:37.184 [main] INFO  i.c.core.plugin.SerenityReporter - Running feature from file:///C:/Users/34603/Documents/GitHub/Proyecto3/Proyecto3-Serenity/src/test/resources/features/home/home.feature
16:20:37.188 [main] INFO   - 
  _____   ___   ___   _____     ___   _____     _     ___   _____   ___   ___  
 |_   _| | __| / __| |_   _|   / __| |_   _|   /_\   | _ \ |_   _| | __| |   \ 
   | |   | _|  \__ \   | |     \__ \   | |    / _ \  |   /   | |   | _|  | |) |
   |_|   |___| |___/   |_|     |___/   |_|   /_/ \_\ |_|_\   |_|   |___| |___/ 

un usuario con discapacidad visual leve es capaz de ver los contenidos de Home(como-usuario-quiero-poder-acceder-a-la-página-home-de-la-web-para-poder-conocer-la-empresa;un-usuario-con-discapacidad-visual-leve-es-capaz-de-ver-los-contenidos-de-home)
--------------------------------------------------------------------------------
16:20:37.214 [main] INFO  n.s.c.w.d.ChromeDriverProvider - Using automatically driver download
16:20:37.408 [main] INFO  i.g.bonigarcia.wdm.WebDriverManager - Using chromedriver 99.0.4844.51 (resolved driver for Chrome 99)
16:20:37.421 [main] INFO  i.g.bonigarcia.wdm.WebDriverManager - Exporting webdriver.chrome.driver as C:\Users\34603\.cache\selenium\chromedriver\win32\99.0.4844.51\chromedriver.exe
  &amp#27;[32mGiven &amp#27;[0m&amp#27;[32mun &amp#27;[0m&amp#27;[32m&amp#27;[1musuario con discapacidad visual leve&amp#27;[0m&amp#27;[32m accede a la pÃ¡gina Home&amp#27;[0m                  &amp#27;[90m# com.ejemplos.testing.serenity.stepdefinitions.HomeStepDefinitions.is_in_home_page(net.serenitybdd.screenplay.Actor)&amp#27;[0m
  &amp#27;[32mWhen &amp#27;[0m&amp#27;[32mese &amp#27;[0m&amp#27;[32m&amp#27;[1musuario con discapacidad visual leve&amp#27;[0m&amp#27;[32m navega por la pÃ¡gina&amp#27;[0m                     &amp#27;[90m# com.ejemplos.testing.serenity.stepdefinitions.ServiciosStepDefinitions.servicios_esta_cargado(net.serenitybdd.screenplay.Actor)&amp#27;[0m
  &amp#27;[32mThen &amp#27;[0m&amp#27;[32mes capaz de leer cualquier texto de la pÃ¡gina Home&amp#27;[0m                                &amp#27;[90m# com.ejemplos.testing.serenity.stepdefinitions.HomeStepDefinitions.letra_mayor_11_Home()&amp#27;[0m
16:20:45.390 [main] INFO   - 
  _____   ___   ___   _____     ___     _     ___   ___   ___   ___  
 |_   _| | __| / __| |_   _|   | _ \   /_\   / __| / __| | __| |   \ 
   | |   | _|  \__ \   | |     |  _/  / _ \  \__ \ \__ \ | _|  | |) |
   |_|   |___| |___/   |_|     |_|   /_/ \_\ |___/ |___/ |___| |___/ 

un usuario con discapacidad visual leve es capaz de ver los contenidos de Home
----------------------------------------------------------------------
]]>
    </system-out>
    <system-err>
      <![CDATA[Starting ChromeDriver 99.0.4844.51 (d537ec02474b5afe23684e7963d538896c63ac77-refs/branch-heads/4844@{#875}) on port 60481
Only local connections are allowed.
Please see https://chromedriver.chromium.org/security-considerations for suggestions on keeping ChromeDriver safe.
ChromeDriver was started successfully.
abr 07, 2022 4:20:38 P. M. org.openqa.selenium.remote.ProtocolHandshake createSession
INFO: Detected dialect: W3C
abr 07, 2022 4:20:38 P. M. org.openqa.selenium.devtools.CdpVersionFinder findNearestMatch
INFO: Found exact CDP implementation for version 99
]]>
    </system-err>
  </testcase>
  <testcase name="un usuario con daltonismo puede navegar por la sección Home sin problema" classname="Como usuario quiero poder acceder a la página Home de la web para poder conocer la empresa" time="13.677">
    <failure type="java.lang.AssertionError">
      <![CDATA[java.lang.AssertionError: 

Expecting fallos contraste with text value that is equal to: <"0">
But got....................................................: <"1">
]]>
    </failure>
    <system-out>
      <![CDATA[
@REQ_P3Q-2 @TEST_P3Q-125 @TESTSET_P3Q-31 @Accesibilidad @UI/UX @Web
Scenario: un usuario con daltonismo puede navegar por la secciÃ³n Home sin problema &amp#27;[90m# src/test/resources/features/home/home.feature:34&amp#27;[0m
16:20:46.491 [main] INFO  i.c.core.plugin.SerenityReporter - Running feature from file:///C:/Users/34603/Documents/GitHub/Proyecto3/Proyecto3-Serenity/src/test/resources/features/home/home.feature
16:20:46.493 [main] INFO   - 
  _____   ___   ___   _____     ___   _____     _     ___   _____   ___   ___  
 |_   _| | __| / __| |_   _|   / __| |_   _|   /_\   | _ \ |_   _| | __| |   \ 
   | |   | _|  \__ \   | |     \__ \   | |    / _ \  |   /   | |   | _|  | |) |
   |_|   |___| |___/   |_|     |___/   |_|   /_/ \_\ |_|_\   |_|   |___| |___/ 

un usuario con daltonismo puede navegar por la sección Home sin problema(como-usuario-quiero-poder-acceder-a-la-página-home-de-la-web-para-poder-conocer-la-empresa;un-usuario-con-daltonismo-puede-navegar-por-la-sección-home-sin-problema)
--------------------------------------------------------------------------------
16:20:46.509 [main] INFO  n.s.c.w.d.ChromeDriverProvider - Using automatically driver download
16:20:46.683 [main] INFO  i.g.bonigarcia.wdm.WebDriverManager - Using chromedriver 99.0.4844.51 (resolved driver for Chrome 99)
16:20:46.696 [main] INFO  i.g.bonigarcia.wdm.WebDriverManager - Exporting webdriver.chrome.driver as C:\Users\34603\.cache\selenium\chromedriver\win32\99.0.4844.51\chromedriver.exe
  &amp#27;[32mGiven &amp#27;[0m&amp#27;[32mun &amp#27;[0m&amp#27;[32m&amp#27;[1musuario&amp#27;[0m&amp#27;[32m accede a la pÃ¡gina Home&amp#27;[0m                                         &amp#27;[90m# com.ejemplos.testing.serenity.stepdefinitions.HomeStepDefinitions.is_in_home_page(net.serenitybdd.screenplay.Actor)&amp#27;[0m
  &amp#27;[32mWhen &amp#27;[0m&amp#27;[32mese &amp#27;[0m&amp#27;[32m&amp#27;[1musuario&amp#27;[0m&amp#27;[32m navega por la pÃ¡gina&amp#27;[0m                                            &amp#27;[90m# com.ejemplos.testing.serenity.stepdefinitions.ServiciosStepDefinitions.servicios_esta_cargado(net.serenitybdd.screenplay.Actor)&amp#27;[0m
  &amp#27;[31mThen &amp#27;[0m&amp#27;[31mvisualiza la pÃ¡gina sin problemas de contraste&amp#27;[0m                              &amp#27;[90m# com.ejemplos.testing.serenity.stepdefinitions.HomeStepDefinitions.comprobar_contrastes()&amp#27;[0m
      &amp#27;[31mjava.lang.AssertionError: 
Expecting fallos contraste with text value that is equal to: <"0">
But got....................................................: <"1">
	at net.serenitybdd.screenplay.ensure.PerformableExpectation.performAs(PerformableExpectations.kt:35)
	at net.serenitybdd.screenplay.ensure.PerformableExpectation$ByteBuddy$nfcU14Cb.performAs$accessor$mxz0NuU5(Unknown Source)
	at jdk.internal.reflect.GeneratedMethodAccessor103.invoke(Unknown Source)
	at java.base/jdk.internal.reflect.DelegatingMethodAccessorImpl.invoke(DelegatingMethodAccessorImpl.java:43)
	at java.base/java.lang.reflect.Method.invoke(Method.java:567)
	at net.thucydides.core.steps.StepInterceptor.invokeMethod(StepInterceptor.java:503)
	at net.thucydides.core.steps.StepInterceptor.executeTestStepMethod(StepInterceptor.java:483)
	at net.thucydides.core.steps.StepInterceptor.runTestStep(StepInterceptor.java:457)
	at net.thucydides.core.steps.StepInterceptor.runOrSkipMethod(StepInterceptor.java:209)
	at net.thucydides.core.steps.StepInterceptor.testStepResult(StepInterceptor.java:196)
	at net.thucydides.core.steps.StepInterceptor.intercept(StepInterceptor.java:84)
	at net.thucydides.core.steps.ProxyConfiguration$InterceptorDispatcher.intercept(ProxyConfiguration.java:51)
	at net.serenitybdd.screenplay.ensure.PerformableExpectation$ByteBuddy$nfcU14Cb.performAs(Unknown Source)
	at net.serenitybdd.screenplay.Actor.performTask(Actor.java:277)
	at net.serenitybdd.screenplay.Actor.perform(Actor.java:256)
	at net.serenitybdd.screenplay.Actor.attemptsTo(Actor.java:197)
	at net.serenitybdd.screenplay.Actor.attemptsTo(Actor.java:204)
	at Proyecto3.Serenity@0.0.1-SNAPSHOT/com.ejemplos.testing.serenity.stepdefinitions.HomeStepDefinitions.comprobar_contrastes(HomeStepDefinitions.java:137)
	at âœ½.visualiza la pÃ¡gina sin problemas de contraste(file:///C:/Users/34603/Documents/GitHub/Proyecto3/Proyecto3-Serenity/src/test/resources/features/home/home.feature:37)
&amp#27;[0m
16:20:59.071 [main] ERROR  - 
  _____   ___   ___   _____     ___     _     ___   _      ___   ___  
 |_   _| | __| / __| |_   _|   | __|   /_\   |_ _| | |    | __| |   \ 
   | |   | _|  \__ \   | |     | _|   / _ \   | |  | |__  | _|  | |) |
   |_|   |___| |___/   |_|     |_|   /_/ \_\ |___| |____| |___| |___/ 

un usuario con daltonismo puede navegar por la sección Home sin problema
-----------------------------------------------------------------------
16:20:59.071 [main] ERROR  -     Test failed at step: usuario should see fallos contraste with text value that is equal to: <"0">
16:20:59.071 [main] ERROR  -     Expecting fallos contraste with text value that is equal to: <"0">But got....................................................: <"1">
]]>
    </system-out>
    <system-err>
      <![CDATA[Starting ChromeDriver 99.0.4844.51 (d537ec02474b5afe23684e7963d538896c63ac77-refs/branch-heads/4844@{#875}) on port 52116
Only local connections are allowed.
Please see https://chromedriver.chromium.org/security-considerations for suggestions on keeping ChromeDriver safe.
ChromeDriver was started successfully.
abr 07, 2022 4:20:48 P. M. org.openqa.selenium.remote.ProtocolHandshake createSession
INFO: Detected dialect: W3C
abr 07, 2022 4:20:48 P. M. org.openqa.selenium.devtools.CdpVersionFinder findNearestMatch
INFO: Found exact CDP implementation for version 99
]]>
    </system-err>
  </testcase>
  <testcase name="los enlaces del footer son siempre visibles en la página Home y funcionan correctamente." classname="Como usuario quiero poder acceder a la página Home de la web para poder conocer la empresa" time="11.351">
    <failure type="java.lang.AssertionError">
      <![CDATA[java.lang.AssertionError: 

Expecting a value that contains: <[lucaticenterprise.herokuapp]>
But got........................: <"https://academiaqa.com/politica-de-privacidad/">
]]>
    </failure>
    <system-out>
      <![CDATA[
@REQ_P3Q-2 @TEST_P3Q-90 @TESTSET_P3Q-31
Scenario: los enlaces del footer son siempre visibles en la pÃ¡gina Home y funcionan correctamente. &amp#27;[90m# src/test/resources/features/home/home.feature:39&amp#27;[0m
16:21:00.170 [main] INFO  i.c.core.plugin.SerenityReporter - Running feature from file:///C:/Users/34603/Documents/GitHub/Proyecto3/Proyecto3-Serenity/src/test/resources/features/home/home.feature
16:21:00.173 [main] INFO   - 
  _____   ___   ___   _____     ___   _____     _     ___   _____   ___   ___  
 |_   _| | __| / __| |_   _|   / __| |_   _|   /_\   | _ \ |_   _| | __| |   \ 
   | |   | _|  \__ \   | |     \__ \   | |    / _ \  |   /   | |   | _|  | |) |
   |_|   |___| |___/   |_|     |___/   |_|   /_/ \_\ |_|_\   |_|   |___| |___/ 

los enlaces del footer son siempre visibles en la página Home y funcionan correctamente.(como-usuario-quiero-poder-acceder-a-la-página-home-de-la-web-para-poder-conocer-la-empresa;los-enlaces-del-footer-son-siempre-visibles-en-la-página-home-y-funcionan-correctamente.)
--------------------------------------------------------------------------------
16:21:00.192 [main] INFO  n.s.c.w.d.ChromeDriverProvider - Using automatically driver download
16:21:00.372 [main] INFO  i.g.bonigarcia.wdm.WebDriverManager - Using chromedriver 99.0.4844.51 (resolved driver for Chrome 99)
16:21:00.384 [main] INFO  i.g.bonigarcia.wdm.WebDriverManager - Exporting webdriver.chrome.driver as C:\Users\34603\.cache\selenium\chromedriver\win32\99.0.4844.51\chromedriver.exe
  &amp#27;[32mGiven &amp#27;[0m&amp#27;[32mun &amp#27;[0m&amp#27;[32m&amp#27;[1musuario&amp#27;[0m&amp#27;[32m accede a la pÃ¡gina Home&amp#27;[0m                                                         &amp#27;[90m# com.ejemplos.testing.serenity.stepdefinitions.HomeStepDefinitions.is_in_home_page(net.serenitybdd.screenplay.Actor)&amp#27;[0m
  &amp#27;[32mWhen &amp#27;[0m&amp#27;[32mese &amp#27;[0m&amp#27;[32m&amp#27;[1musuario&amp#27;[0m&amp#27;[32m navega por la pÃ¡gina&amp#27;[0m                                                            &amp#27;[90m# com.ejemplos.testing.serenity.stepdefinitions.ServiciosStepDefinitions.servicios_esta_cargado(net.serenitybdd.screenplay.Actor)&amp#27;[0m
  &amp#27;[32mThen &amp#27;[0m&amp#27;[32mhay un elemento footer en la pÃ¡gina Home&amp#27;[0m                                                    &amp#27;[90m# com.ejemplos.testing.serenity.stepdefinitions.HomeStepDefinitions.hay_un_elemento_footer_en_la_pagina_home()&amp#27;[0m
  &amp#27;[31mAnd &amp#27;[0m&amp#27;[31mhay un enlace correcto a la pÃ¡gina Privacidad de Home&amp#27;[0m                                        &amp#27;[90m# com.ejemplos.testing.serenity.stepdefinitions.HomeStepDefinitions.el_enlace_a_Privacidad_Home_es_correcto()&amp#27;[0m
      &amp#27;[31mjava.lang.AssertionError: 
Expecting a value that contains: <[lucaticenterprise.herokuapp]>
But got........................: <"https://academiaqa.com/politica-de-privacidad/">
	at net.serenitybdd.screenplay.ensure.PerformableExpectation.performAs(PerformableExpectations.kt:35)
	at net.serenitybdd.screenplay.ensure.PerformableExpectation$ByteBuddy$nfcU14Cb.performAs$accessor$mxz0NuU5(Unknown Source)
	at jdk.internal.reflect.GeneratedMethodAccessor103.invoke(Unknown Source)
	at java.base/jdk.internal.reflect.DelegatingMethodAccessorImpl.invoke(DelegatingMethodAccessorImpl.java:43)
	at java.base/java.lang.reflect.Method.invoke(Method.java:567)
	at net.thucydides.core.steps.StepInterceptor.invokeMethod(StepInterceptor.java:503)
	at net.thucydides.core.steps.StepInterceptor.executeTestStepMethod(StepInterceptor.java:483)
	at net.thucydides.core.steps.StepInterceptor.runTestStep(StepInterceptor.java:457)
	at net.thucydides.core.steps.StepInterceptor.runOrSkipMethod(StepInterceptor.java:209)
	at net.thucydides.core.steps.StepInterceptor.testStepResult(StepInterceptor.java:196)
	at net.thucydides.core.steps.StepInterceptor.intercept(StepInterceptor.java:84)
	at net.thucydides.core.steps.ProxyConfiguration$InterceptorDispatcher.intercept(ProxyConfiguration.java:51)
	at net.serenitybdd.screenplay.ensure.PerformableExpectation$ByteBuddy$nfcU14Cb.performAs(Unknown Source)
	at net.serenitybdd.screenplay.Actor.performTask(Actor.java:277)
	at net.serenitybdd.screenplay.Actor.perform(Actor.java:256)
	at net.serenitybdd.screenplay.Actor.attemptsTo(Actor.java:197)
	at net.serenitybdd.screenplay.Actor.attemptsTo(Actor.java:204)
	at Proyecto3.Serenity@0.0.1-SNAPSHOT/com.ejemplos.testing.serenity.stepdefinitions.HomeStepDefinitions.el_enlace_a_Privacidad_Home_es_correcto(HomeStepDefinitions.java:165)
	at âœ½.hay un enlace correcto a la pÃ¡gina Privacidad de Home(file:///C:/Users/34603/Documents/GitHub/Proyecto3/Proyecto3-Serenity/src/test/resources/features/home/home.feature:43)
&amp#27;[0m
  &amp#27;[36mAnd &amp#27;[0m&amp#27;[36mhay un enlace correcto a la pÃ¡gina Terminos de Home&amp#27;[0m                                          &amp#27;[90m# com.ejemplos.testing.serenity.stepdefinitions.HomeStepDefinitions.el_enlace_a_Terminos_Home_es_correcto()&amp#27;[0m
  &amp#27;[36mAnd &amp#27;[0m&amp#27;[36mhay un enlace correcto a la pÃ¡gina Contacto de Home&amp#27;[0m                                          &amp#27;[90m# com.ejemplos.testing.serenity.stepdefinitions.HomeStepDefinitions.el_enlace_a_Contacto_Home_es_correcto()&amp#27;[0m
16:21:10.425 [main] ERROR  - 
  _____   ___   ___   _____     ___     _     ___   _      ___   ___  
 |_   _| | __| / __| |_   _|   | __|   /_\   |_ _| | |    | __| |   \ 
   | |   | _|  \__ \   | |     | _|   / _ \   | |  | |__  | _|  | |) |
   |_|   |___| |___/   |_|     |_|   /_/ \_\ |___| |____| |___| |___/ 

los enlaces del footer son siempre visibles en la página Home y funcionan correctamente.
-----------------------------------------------------------------------
16:21:10.425 [main] ERROR  -     Test failed at step: usuario should see a value that contains: <[lucaticenterprise.herokuapp]>
16:21:10.426 [main] ERROR  -     Expecting a value that contains: <[lucaticenterprise.herokuapp]>But got........................: <"https://academiaqa.com/politica-de-privacidad/">
]]>
    </system-out>
    <system-err>
      <![CDATA[Starting ChromeDriver 99.0.4844.51 (d537ec02474b5afe23684e7963d538896c63ac77-refs/branch-heads/4844@{#875}) on port 61055
Only local connections are allowed.
Please see https://chromedriver.chromium.org/security-considerations for suggestions on keeping ChromeDriver safe.
ChromeDriver was started successfully.
abr 07, 2022 4:21:01 P. M. org.openqa.selenium.remote.ProtocolHandshake createSession
INFO: Detected dialect: W3C
abr 07, 2022 4:21:01 P. M. org.openqa.selenium.devtools.CdpVersionFinder findNearestMatch
INFO: Found exact CDP implementation for version 99
]]>
    </system-err>
  </testcase>
  <testcase name="comprobar que la pagina servicios se carga correctamente" classname="Como usuario quiero poder acceder a la página Servicios de la web para poder visualizar los servicios y productos de la empresa" time="5.185">
    <system-out>
      <![CDATA[16:21:11.515 [main] INFO  i.c.core.plugin.SerenityReporter - Running feature from file:///C:/Users/34603/Documents/GitHub/Proyecto3/Proyecto3-Serenity/src/test/resources/features/servicios/servicios.feature
16:21:11.518 [main] INFO   - Test Suite Started: Como usuario quiero poder acceder a la página Servicios de la web para poder visualizar los servicios y productos de la empresa

@REQ_P3Q-1 @TEST_P3Q-51 @TESTSET_P3Q-28 @UI/UX @Web
Scenario: comprobar que la pagina servicios se carga correctamente             &amp#27;[90m# src/test/resources/features/servicios/servicios.feature:4&amp#27;[0m
16:21:11.526 [main] INFO  i.c.core.plugin.SerenityReporter - Running feature from file:///C:/Users/34603/Documents/GitHub/Proyecto3/Proyecto3-Serenity/src/test/resources/features/servicios/servicios.feature
16:21:11.528 [main] INFO   - 
  _____   ___   ___   _____     ___   _____     _     ___   _____   ___   ___  
 |_   _| | __| / __| |_   _|   / __| |_   _|   /_\   | _ \ |_   _| | __| |   \ 
   | |   | _|  \__ \   | |     \__ \   | |    / _ \  |   /   | |   | _|  | |) |
   |_|   |___| |___/   |_|     |___/   |_|   /_/ \_\ |_|_\   |_|   |___| |___/ 

comprobar que la pagina servicios se carga correctamente(como-usuario-quiero-poder-acceder-a-la-página-servicios-de-la-web-para-poder-visualizar-los-servicios-y-productos-de-la-empresa;comprobar-que-la-pagina-servicios-se-carga-correctamente)
--------------------------------------------------------------------------------
  &amp#27;[32mGiven &amp#27;[0m&amp#27;[32mun &amp#27;[0m&amp#27;[32m&amp#27;[1musuario&amp#27;[0m&amp#27;[32m se encuentra en la web&amp#27;[0m                                      &amp#27;[90m# com.ejemplos.testing.serenity.stepdefinitions.ServiciosStepDefinitions.navigate_To_Luca_Service_Page(net.serenitybdd.screenplay.Actor)&amp#27;[0m
16:21:11.546 [main] INFO  n.s.c.w.d.ChromeDriverProvider - Using automatically driver download
16:21:11.734 [main] INFO  i.g.bonigarcia.wdm.WebDriverManager - Using chromedriver 99.0.4844.51 (resolved driver for Chrome 99)
16:21:11.755 [main] INFO  i.g.bonigarcia.wdm.WebDriverManager - Exporting webdriver.chrome.driver as C:\Users\34603\.cache\selenium\chromedriver\win32\99.0.4844.51\chromedriver.exe
  &amp#27;[32mWhen &amp#27;[0m&amp#27;[32mese &amp#27;[0m&amp#27;[32m&amp#27;[1musuario&amp#27;[0m&amp#27;[32m accede a la secciÃ³n Servicios&amp#27;[0m                               &amp#27;[90m# com.ejemplos.testing.serenity.stepdefinitions.ServiciosStepDefinitions.acceder_Seccion_Servicios(net.serenitybdd.screenplay.Actor)&amp#27;[0m
  &amp#27;[32mThen &amp#27;[0m&amp#27;[32mse carga la pÃ¡gina Servicios y se muestran los contenidos correctamente&amp#27;[0m &amp#27;[90m# com.ejemplos.testing.serenity.stepdefinitions.ServiciosStepDefinitions.deberia_cargar_y_mostrar_contenido_correctamente()&amp#27;[0m
16:21:15.612 [main] INFO   - 
  _____   ___   ___   _____     ___     _     ___   ___   ___   ___  
 |_   _| | __| / __| |_   _|   | _ \   /_\   / __| / __| | __| |   \ 
   | |   | _|  \__ \   | |     |  _/  / _ \  \__ \ \__ \ | _|  | |) |
   |_|   |___| |___/   |_|     |_|   /_/ \_\ |___/ |___/ |___| |___/ 

comprobar que la pagina servicios se carga correctamente
----------------------------------------------------------------------
]]>
    </system-out>
    <system-err>
      <![CDATA[Starting ChromeDriver 99.0.4844.51 (d537ec02474b5afe23684e7963d538896c63ac77-refs/branch-heads/4844@{#875}) on port 60053
Only local connections are allowed.
Please see https://chromedriver.chromium.org/security-considerations for suggestions on keeping ChromeDriver safe.
ChromeDriver was started successfully.
abr 07, 2022 4:21:12 P. M. org.openqa.selenium.remote.ProtocolHandshake createSession
INFO: Detected dialect: W3C
abr 07, 2022 4:21:12 P. M. org.openqa.selenium.devtools.CdpVersionFinder findNearestMatch
INFO: Found exact CDP implementation for version 99
]]>
    </system-err>
  </testcase>
  <testcase name="los enlaces del footer son siempre visibles en la página Servicios y funcionan correctamente." classname="Como usuario quiero poder acceder a la página Servicios de la web para poder visualizar los servicios y productos de la empresa" time="9.583">
    <failure type="java.lang.AssertionError">
      <![CDATA[java.lang.AssertionError: 

Expecting a value that contains: <[privacidad]>
But got........................: <"https://lucaticenterprise.herokuapp.com/service#!">
]]>
    </failure>
    <system-out>
      <![CDATA[
@REQ_P3Q-1 @TEST_P3Q-75 @TESTSET_P3Q-28 @UI/UX @Web
Scenario: los enlaces del footer son siempre visibles en la pÃ¡gina Servicios y funcionan correctamente. &amp#27;[90m# src/test/resources/features/servicios/servicios.feature:9&amp#27;[0m
16:21:16.712 [main] INFO  i.c.core.plugin.SerenityReporter - Running feature from file:///C:/Users/34603/Documents/GitHub/Proyecto3/Proyecto3-Serenity/src/test/resources/features/servicios/servicios.feature
16:21:16.714 [main] INFO   - 
  _____   ___   ___   _____     ___   _____     _     ___   _____   ___   ___  
 |_   _| | __| / __| |_   _|   / __| |_   _|   /_\   | _ \ |_   _| | __| |   \ 
   | |   | _|  \__ \   | |     \__ \   | |    / _ \  |   /   | |   | _|  | |) |
   |_|   |___| |___/   |_|     |___/   |_|   /_/ \_\ |_|_\   |_|   |___| |___/ 

los enlaces del footer son siempre visibles en la página Servicios y funcionan correctamente.(como-usuario-quiero-poder-acceder-a-la-página-servicios-de-la-web-para-poder-visualizar-los-servicios-y-productos-de-la-empresa;los-enlaces-del-footer-son-siempre-visibles-en-la-página-servicios-y-funcionan-correctamente.)
--------------------------------------------------------------------------------
16:21:16.732 [main] INFO  n.s.c.w.d.ChromeDriverProvider - Using automatically driver download
16:21:16.920 [main] INFO  i.g.bonigarcia.wdm.WebDriverManager - Using chromedriver 99.0.4844.51 (resolved driver for Chrome 99)
16:21:16.933 [main] INFO  i.g.bonigarcia.wdm.WebDriverManager - Exporting webdriver.chrome.driver as C:\Users\34603\.cache\selenium\chromedriver\win32\99.0.4844.51\chromedriver.exe
  &amp#27;[32mGiven &amp#27;[0m&amp#27;[32mun &amp#27;[0m&amp#27;[32m&amp#27;[1musuario&amp#27;[0m&amp#27;[32m accede a la pÃ¡gina Servicios&amp#27;[0m                                                         &amp#27;[90m# com.ejemplos.testing.serenity.stepdefinitions.ServiciosStepDefinitions.usuario_en_la_secciÃ³n_Servicio(net.serenitybdd.screenplay.Actor)&amp#27;[0m
  &amp#27;[32mWhen &amp#27;[0m&amp#27;[32mese &amp#27;[0m&amp#27;[32m&amp#27;[1musuario&amp#27;[0m&amp#27;[32m navega por la pÃ¡gina&amp#27;[0m                                                                 &amp#27;[90m# com.ejemplos.testing.serenity.stepdefinitions.ServiciosStepDefinitions.servicios_esta_cargado(net.serenitybdd.screenplay.Actor)&amp#27;[0m
  &amp#27;[32mThen &amp#27;[0m&amp#27;[32mhay un elemento footer&amp#27;[0m                                                                           &amp#27;[90m# com.ejemplos.testing.serenity.stepdefinitions.ServiciosStepDefinitions.deberia_haber_un_elemento_footer()&amp#27;[0m
  &amp#27;[32mAnd &amp#27;[0m&amp#27;[32mhay un enlace correcto a la pÃ¡gina Contacto&amp#27;[0m                                                       &amp#27;[90m# com.ejemplos.testing.serenity.stepdefinitions.ServiciosStepDefinitions.el_enlace_a_Contacto_deberia_ser_correcto()&amp#27;[0m
  &amp#27;[31mAnd &amp#27;[0m&amp#27;[31mhay un enlace correcto a la pÃ¡gina Privacidad&amp#27;[0m                                                     &amp#27;[90m# com.ejemplos.testing.serenity.stepdefinitions.ServiciosStepDefinitions.el_enlace_a_Privacidad_deberia_ser_correcto()&amp#27;[0m
      &amp#27;[31mjava.lang.AssertionError: 
Expecting a value that contains: <[privacidad]>
But got........................: <"https://lucaticenterprise.herokuapp.com/service#!">
	at net.serenitybdd.screenplay.ensure.PerformableExpectation.performAs(PerformableExpectations.kt:35)
	at net.serenitybdd.screenplay.ensure.PerformableExpectation$ByteBuddy$nfcU14Cb.performAs$accessor$mxz0NuU5(Unknown Source)
	at jdk.internal.reflect.GeneratedMethodAccessor103.invoke(Unknown Source)
	at java.base/jdk.internal.reflect.DelegatingMethodAccessorImpl.invoke(DelegatingMethodAccessorImpl.java:43)
	at java.base/java.lang.reflect.Method.invoke(Method.java:567)
	at net.thucydides.core.steps.StepInterceptor.invokeMethod(StepInterceptor.java:503)
	at net.thucydides.core.steps.StepInterceptor.executeTestStepMethod(StepInterceptor.java:483)
	at net.thucydides.core.steps.StepInterceptor.runTestStep(StepInterceptor.java:457)
	at net.thucydides.core.steps.StepInterceptor.runOrSkipMethod(StepInterceptor.java:209)
	at net.thucydides.core.steps.StepInterceptor.testStepResult(StepInterceptor.java:196)
	at net.thucydides.core.steps.StepInterceptor.intercept(StepInterceptor.java:84)
	at net.thucydides.core.steps.ProxyConfiguration$InterceptorDispatcher.intercept(ProxyConfiguration.java:51)
	at net.serenitybdd.screenplay.ensure.PerformableExpectation$ByteBuddy$nfcU14Cb.performAs(Unknown Source)
	at net.serenitybdd.screenplay.Actor.performTask(Actor.java:277)
	at net.serenitybdd.screenplay.Actor.perform(Actor.java:256)
	at net.serenitybdd.screenplay.Actor.attemptsTo(Actor.java:197)
	at net.serenitybdd.screenplay.Actor.attemptsTo(Actor.java:204)
	at Proyecto3.Serenity@0.0.1-SNAPSHOT/com.ejemplos.testing.serenity.stepdefinitions.ServiciosStepDefinitions.el_enlace_a_Privacidad_deberia_ser_correcto(ServiciosStepDefinitions.java:192)
	at âœ½.hay un enlace correcto a la pÃ¡gina Privacidad(file:///C:/Users/34603/Documents/GitHub/Proyecto3/Proyecto3-Serenity/src/test/resources/features/servicios/servicios.feature:14)
&amp#27;[0m
  &amp#27;[36mAnd &amp#27;[0m&amp#27;[36mhay un enlace correcto a la pÃ¡gina Terminos&amp#27;[0m                                                       &amp#27;[90m# com.ejemplos.testing.serenity.stepdefinitions.ServiciosStepDefinitions.el_enlace_a_Terminos_deberia_ser_correcto()&amp#27;[0m
16:21:25.192 [main] ERROR  - 
  _____   ___   ___   _____     ___     _     ___   _      ___   ___  
 |_   _| | __| / __| |_   _|   | __|   /_\   |_ _| | |    | __| |   \ 
   | |   | _|  \__ \   | |     | _|   / _ \   | |  | |__  | _|  | |) |
   |_|   |___| |___/   |_|     |_|   /_/ \_\ |___| |____| |___| |___/ 

los enlaces del footer son siempre visibles en la página Servicios y funcionan correctamente.
-----------------------------------------------------------------------
16:21:25.192 [main] ERROR  -     Test failed at step: usuario should see a value that contains: <[lucaticenterprise.herokuapp]>
16:21:25.192 [main] ERROR  -     Expecting a value that contains: <[lucaticenterprise.herokuapp]>But got........................: <"https://academiaqa.com/politica-de-privacidad/">
]]>
    </system-out>
    <system-err>
      <![CDATA[Starting ChromeDriver 99.0.4844.51 (d537ec02474b5afe23684e7963d538896c63ac77-refs/branch-heads/4844@{#875}) on port 61759
Only local connections are allowed.
Please see https://chromedriver.chromium.org/security-considerations for suggestions on keeping ChromeDriver safe.
ChromeDriver was started successfully.
abr 07, 2022 4:21:18 P. M. org.openqa.selenium.remote.ProtocolHandshake createSession
INFO: Detected dialect: W3C
abr 07, 2022 4:21:18 P. M. org.openqa.selenium.devtools.CdpVersionFinder findNearestMatch
INFO: Found exact CDP implementation for version 99
]]>
    </system-err>
  </testcase>
  <testcase name="la sección redes sociales funciona correctamente" classname="Como usuario quiero poder acceder a la página Servicios de la web para poder visualizar los servicios y productos de la empresa" time="9.181">
    <failure type="java.lang.AssertionError">
      <![CDATA[java.lang.AssertionError: 

Expecting a value that contains: <[twitter]>
But got........................: <"https://github.com/guirimalo/LucaticEnterprise">
]]>
    </failure>
    <system-out>
      <![CDATA[
@REQ_P3Q-1 @TEST_P3Q-79 @TESTSET_P3Q-28 @UI/UX @Web
Scenario: la secciÃ³n redes sociales funciona correctamente    &amp#27;[90m# src/test/resources/features/servicios/servicios.feature:17&amp#27;[0m
16:21:26.298 [main] INFO  i.c.core.plugin.SerenityReporter - Running feature from file:///C:/Users/34603/Documents/GitHub/Proyecto3/Proyecto3-Serenity/src/test/resources/features/servicios/servicios.feature
16:21:26.301 [main] INFO   - 
  _____   ___   ___   _____     ___   _____     _     ___   _____   ___   ___  
 |_   _| | __| / __| |_   _|   / __| |_   _|   /_\   | _ \ |_   _| | __| |   \ 
   | |   | _|  \__ \   | |     \__ \   | |    / _ \  |   /   | |   | _|  | |) |
   |_|   |___| |___/   |_|     |___/   |_|   /_/ \_\ |_|_\   |_|   |___| |___/ 

la sección redes sociales funciona correctamente(como-usuario-quiero-poder-acceder-a-la-página-servicios-de-la-web-para-poder-visualizar-los-servicios-y-productos-de-la-empresa;la-sección-redes-sociales-funciona-correctamente)
--------------------------------------------------------------------------------
16:21:26.320 [main] INFO  n.s.c.w.d.ChromeDriverProvider - Using automatically driver download
16:21:26.501 [main] INFO  i.g.bonigarcia.wdm.WebDriverManager - Using chromedriver 99.0.4844.51 (resolved driver for Chrome 99)
16:21:26.514 [main] INFO  i.g.bonigarcia.wdm.WebDriverManager - Exporting webdriver.chrome.driver as C:\Users\34603\.cache\selenium\chromedriver\win32\99.0.4844.51\chromedriver.exe
  &amp#27;[32mGiven &amp#27;[0m&amp#27;[32mun &amp#27;[0m&amp#27;[32m&amp#27;[1musuario&amp#27;[0m&amp#27;[32m accede a la pÃ¡gina Servicios&amp#27;[0m               &amp#27;[90m# com.ejemplos.testing.serenity.stepdefinitions.ServiciosStepDefinitions.usuario_en_la_secciÃ³n_Servicio(net.serenitybdd.screenplay.Actor)&amp#27;[0m
  &amp#27;[32mWhen &amp#27;[0m&amp#27;[32mese &amp#27;[0m&amp#27;[32m&amp#27;[1musuario&amp#27;[0m&amp#27;[32m navega por la pÃ¡gina&amp#27;[0m                       &amp#27;[90m# com.ejemplos.testing.serenity.stepdefinitions.ServiciosStepDefinitions.servicios_esta_cargado(net.serenitybdd.screenplay.Actor)&amp#27;[0m
  &amp#27;[32mThen &amp#27;[0m&amp#27;[32m&amp#27;[0m&amp#27;[32m&amp#27;[1musuario&amp#27;[0m&amp#27;[32m se muestra una secciÃ³n de redes sociales&amp#27;[0m       &amp#27;[90m# com.ejemplos.testing.serenity.stepdefinitions.ServiciosStepDefinitions.se_muestra_una_secciÃ³n_de_redes_sociales(net.serenitybdd.screenplay.Actor)&amp#27;[0m
  &amp#27;[31mAnd &amp#27;[0m&amp#27;[31m&amp#27;[0m&amp#27;[31m&amp#27;[1musuario&amp#27;[0m&amp#27;[31m sus enlaces redirigen correctamente a las redes&amp#27;[0m &amp#27;[90m# com.ejemplos.testing.serenity.stepdefinitions.ServiciosStepDefinitions.sus_enlaces_redirigen_correctamente_a_las_redes(net.serenitybdd.screenplay.Actor)&amp#27;[0m
      &amp#27;[31mjava.lang.AssertionError: 
Expecting a value that contains: <[twitter]>
But got........................: <"https://github.com/guirimalo/LucaticEnterprise">
	at net.serenitybdd.screenplay.ensure.PerformableExpectation.performAs(PerformableExpectations.kt:35)
	at net.serenitybdd.screenplay.ensure.PerformableExpectation$ByteBuddy$nfcU14Cb.performAs$accessor$mxz0NuU5(Unknown Source)
	at jdk.internal.reflect.GeneratedMethodAccessor103.invoke(Unknown Source)
	at java.base/jdk.internal.reflect.DelegatingMethodAccessorImpl.invoke(DelegatingMethodAccessorImpl.java:43)
	at java.base/java.lang.reflect.Method.invoke(Method.java:567)
	at net.thucydides.core.steps.StepInterceptor.invokeMethod(StepInterceptor.java:503)
	at net.thucydides.core.steps.StepInterceptor.executeTestStepMethod(StepInterceptor.java:483)
	at net.thucydides.core.steps.StepInterceptor.runTestStep(StepInterceptor.java:457)
	at net.thucydides.core.steps.StepInterceptor.runOrSkipMethod(StepInterceptor.java:209)
	at net.thucydides.core.steps.StepInterceptor.testStepResult(StepInterceptor.java:196)
	at net.thucydides.core.steps.StepInterceptor.intercept(StepInterceptor.java:84)
	at net.thucydides.core.steps.ProxyConfiguration$InterceptorDispatcher.intercept(ProxyConfiguration.java:51)
	at net.serenitybdd.screenplay.ensure.PerformableExpectation$ByteBuddy$nfcU14Cb.performAs(Unknown Source)
	at net.serenitybdd.screenplay.Actor.performTask(Actor.java:277)
	at net.serenitybdd.screenplay.Actor.perform(Actor.java:256)
	at net.serenitybdd.screenplay.Actor.attemptsTo(Actor.java:197)
	at net.serenitybdd.screenplay.Actor.attemptsTo(Actor.java:204)
	at Proyecto3.Serenity@0.0.1-SNAPSHOT/com.ejemplos.testing.serenity.stepdefinitions.ServiciosStepDefinitions.sus_enlaces_redirigen_correctamente_a_las_redes(ServiciosStepDefinitions.java:112)
	at âœ½.usuario sus enlaces redirigen correctamente a las redes(file:///C:/Users/34603/Documents/GitHub/Proyecto3/Proyecto3-Serenity/src/test/resources/features/servicios/servicios.feature:21)
&amp#27;[0m
16:21:34.377 [main] ERROR  - 
  _____   ___   ___   _____     ___     _     ___   _      ___   ___  
 |_   _| | __| / __| |_   _|   | __|   /_\   |_ _| | |    | __| |   \ 
   | |   | _|  \__ \   | |     | _|   / _ \   | |  | |__  | _|  | |) |
   |_|   |___| |___/   |_|     |_|   /_/ \_\ |___| |____| |___| |___/ 

la sección redes sociales funciona correctamente
-----------------------------------------------------------------------
16:21:34.377 [main] ERROR  -     Test failed at step: usuario should see a value that contains: <[twitter]>
16:21:34.377 [main] ERROR  -     Expecting a value that contains: <[twitter]>But got........................: <"https://github.com/guirimalo/LucaticEnterprise">
]]>
    </system-out>
    <system-err>
      <![CDATA[Starting ChromeDriver 99.0.4844.51 (d537ec02474b5afe23684e7963d538896c63ac77-refs/branch-heads/4844@{#875}) on port 52591
Only local connections are allowed.
Please see https://chromedriver.chromium.org/security-considerations for suggestions on keeping ChromeDriver safe.
ChromeDriver was started successfully.
abr 07, 2022 4:21:28 P. M. org.openqa.selenium.remote.ProtocolHandshake createSession
INFO: Detected dialect: W3C
abr 07, 2022 4:21:28 P. M. org.openqa.selenium.devtools.CdpVersionFinder findNearestMatch
INFO: Found exact CDP implementation for version 99
]]>
    </system-err>
  </testcase>
  <testcase name="un usuario con discapacidad visual leve es capaz de ver los contenidos de Servicios" classname="Como usuario quiero poder acceder a la página Servicios de la web para poder visualizar los servicios y productos de la empresa" time="8.6">
    <system-out>
      <![CDATA[
@REQ_P3Q-1 @TEST_P3Q-48 @TESTSET_P3Q-28 @Accesibilidad @UI/UX @Web
Scenario: un usuario con discapacidad visual leve es capaz de ver los contenidos de Servicios &amp#27;[90m# src/test/resources/features/servicios/servicios.feature:23&amp#27;[0m
16:21:35.475 [main] INFO  i.c.core.plugin.SerenityReporter - Running feature from file:///C:/Users/34603/Documents/GitHub/Proyecto3/Proyecto3-Serenity/src/test/resources/features/servicios/servicios.feature
16:21:35.477 [main] INFO   - 
  _____   ___   ___   _____     ___   _____     _     ___   _____   ___   ___  
 |_   _| | __| / __| |_   _|   / __| |_   _|   /_\   | _ \ |_   _| | __| |   \ 
   | |   | _|  \__ \   | |     \__ \   | |    / _ \  |   /   | |   | _|  | |) |
   |_|   |___| |___/   |_|     |___/   |_|   /_/ \_\ |_|_\   |_|   |___| |___/ 

un usuario con discapacidad visual leve es capaz de ver los contenidos de Servicios(como-usuario-quiero-poder-acceder-a-la-página-servicios-de-la-web-para-poder-visualizar-los-servicios-y-productos-de-la-empresa;un-usuario-con-discapacidad-visual-leve-es-capaz-de-ver-los-contenidos-de-servicios)
--------------------------------------------------------------------------------
16:21:35.493 [main] INFO  n.s.c.w.d.ChromeDriverProvider - Using automatically driver download
16:21:35.666 [main] INFO  i.g.bonigarcia.wdm.WebDriverManager - Using chromedriver 99.0.4844.51 (resolved driver for Chrome 99)
16:21:35.678 [main] INFO  i.g.bonigarcia.wdm.WebDriverManager - Exporting webdriver.chrome.driver as C:\Users\34603\.cache\selenium\chromedriver\win32\99.0.4844.51\chromedriver.exe
  &amp#27;[32mGiven &amp#27;[0m&amp#27;[32mun &amp#27;[0m&amp#27;[32m&amp#27;[1musuario con discapacidad visual leve&amp#27;[0m&amp#27;[32m accede a la pÃ¡gina Servicios&amp#27;[0m                  &amp#27;[90m# com.ejemplos.testing.serenity.stepdefinitions.ServiciosStepDefinitions.usuario_en_la_secciÃ³n_Servicio(net.serenitybdd.screenplay.Actor)&amp#27;[0m
  &amp#27;[32mWhen &amp#27;[0m&amp#27;[32mese &amp#27;[0m&amp#27;[32m&amp#27;[1musuario con discapacidad visual leve&amp#27;[0m&amp#27;[32m navega por la pÃ¡gina&amp#27;[0m                          &amp#27;[90m# com.ejemplos.testing.serenity.stepdefinitions.ServiciosStepDefinitions.servicios_esta_cargado(net.serenitybdd.screenplay.Actor)&amp#27;[0m
  &amp#27;[32mThen &amp#27;[0m&amp#27;[32mes capaz de leer cualquier texto de la pÃ¡gina Servicios&amp#27;[0m                                &amp#27;[90m# com.ejemplos.testing.serenity.stepdefinitions.ServiciosStepDefinitions.letra_mayor_11_Servicios()&amp#27;[0m
16:21:42.980 [main] INFO   - 
  _____   ___   ___   _____     ___     _     ___   ___   ___   ___  
 |_   _| | __| / __| |_   _|   | _ \   /_\   / __| / __| | __| |   \ 
   | |   | _|  \__ \   | |     |  _/  / _ \  \__ \ \__ \ | _|  | |) |
   |_|   |___| |___/   |_|     |_|   /_/ \_\ |___/ |___/ |___| |___/ 

un usuario con discapacidad visual leve es capaz de ver los contenidos de Servicios
----------------------------------------------------------------------
]]>
    </system-out>
    <system-err>
      <![CDATA[Starting ChromeDriver 99.0.4844.51 (d537ec02474b5afe23684e7963d538896c63ac77-refs/branch-heads/4844@{#875}) on port 52531
Only local connections are allowed.
Please see https://chromedriver.chromium.org/security-considerations for suggestions on keeping ChromeDriver safe.
ChromeDriver was started successfully.
abr 07, 2022 4:21:37 P. M. org.openqa.selenium.remote.ProtocolHandshake createSession
INFO: Detected dialect: W3C
abr 07, 2022 4:21:37 P. M. org.openqa.selenium.devtools.CdpVersionFinder findNearestMatch
INFO: Found exact CDP implementation for version 99
]]>
    </system-err>
  </testcase>
  <testcase name="un usuario con daltonismo es capaz de navegar sin problema por la página Servicios" classname="Como usuario quiero poder acceder a la página Servicios de la web para poder visualizar los servicios y productos de la empresa" time="9.805">
    <failure type="java.lang.AssertionError">
      <![CDATA[java.lang.AssertionError: 

Expecting fallos contraste with text value that is equal to: <"0">
But got....................................................: <"2">
]]>
    </failure>
    <system-out>
      <![CDATA[
@REQ_P3Q-1 @TEST_P3Q-95 @TESTSET_P3Q-28 @Accesibilidad @UI/UX @Web
Scenario: un usuario con daltonismo es capaz de navegar sin problema por la pÃ¡gina Servicios &amp#27;[90m# src/test/resources/features/servicios/servicios.feature:28&amp#27;[0m
16:21:44.076 [main] INFO  i.c.core.plugin.SerenityReporter - Running feature from file:///C:/Users/34603/Documents/GitHub/Proyecto3/Proyecto3-Serenity/src/test/resources/features/servicios/servicios.feature
16:21:44.077 [main] INFO   - 
  _____   ___   ___   _____     ___   _____     _     ___   _____   ___   ___  
 |_   _| | __| / __| |_   _|   / __| |_   _|   /_\   | _ \ |_   _| | __| |   \ 
   | |   | _|  \__ \   | |     \__ \   | |    / _ \  |   /   | |   | _|  | |) |
   |_|   |___| |___/   |_|     |___/   |_|   /_/ \_\ |_|_\   |_|   |___| |___/ 

un usuario con daltonismo es capaz de navegar sin problema por la página Servicios(como-usuario-quiero-poder-acceder-a-la-página-servicios-de-la-web-para-poder-visualizar-los-servicios-y-productos-de-la-empresa;un-usuario-con-daltonismo-es-capaz-de-navegar-sin-problema-por-la-página-servicios)
--------------------------------------------------------------------------------
16:21:44.091 [main] INFO  n.s.c.w.d.ChromeDriverProvider - Using automatically driver download
16:21:44.269 [main] INFO  i.g.bonigarcia.wdm.WebDriverManager - Using chromedriver 99.0.4844.51 (resolved driver for Chrome 99)
16:21:44.281 [main] INFO  i.g.bonigarcia.wdm.WebDriverManager - Exporting webdriver.chrome.driver as C:\Users\34603\.cache\selenium\chromedriver\win32\99.0.4844.51\chromedriver.exe
  &amp#27;[32mGiven &amp#27;[0m&amp#27;[32mun &amp#27;[0m&amp#27;[32m&amp#27;[1musuario con daltonismo&amp#27;[0m&amp#27;[32m accede a la pÃ¡gina Servicios&amp#27;[0m                               &amp#27;[90m# com.ejemplos.testing.serenity.stepdefinitions.ServiciosStepDefinitions.usuario_en_la_secciÃ³n_Servicio(net.serenitybdd.screenplay.Actor)&amp#27;[0m
  &amp#27;[32mWhen &amp#27;[0m&amp#27;[32mese &amp#27;[0m&amp#27;[32m&amp#27;[1musuario con daltonismo&amp#27;[0m&amp#27;[32m navega por la pÃ¡gina&amp#27;[0m                                       &amp#27;[90m# com.ejemplos.testing.serenity.stepdefinitions.ServiciosStepDefinitions.servicios_esta_cargado(net.serenitybdd.screenplay.Actor)&amp#27;[0m
  &amp#27;[31mThen &amp#27;[0m&amp#27;[31mno tiene ningÃºn impedimento respecto a los contrastes de texto-fondo&amp#27;[0m                  &amp#27;[90m# com.ejemplos.testing.serenity.stepdefinitions.ServiciosStepDefinitions.comprobar_contrastes_()&amp#27;[0m
      &amp#27;[31mjava.lang.AssertionError: 
Expecting fallos contraste with text value that is equal to: <"0">
But got....................................................: <"2">
	at net.serenitybdd.screenplay.ensure.PerformableExpectation.performAs(PerformableExpectations.kt:35)
	at net.serenitybdd.screenplay.ensure.PerformableExpectation$ByteBuddy$nfcU14Cb.performAs$accessor$mxz0NuU5(Unknown Source)
	at jdk.internal.reflect.GeneratedMethodAccessor103.invoke(Unknown Source)
	at java.base/jdk.internal.reflect.DelegatingMethodAccessorImpl.invoke(DelegatingMethodAccessorImpl.java:43)
	at java.base/java.lang.reflect.Method.invoke(Method.java:567)
	at net.thucydides.core.steps.StepInterceptor.invokeMethod(StepInterceptor.java:503)
	at net.thucydides.core.steps.StepInterceptor.executeTestStepMethod(StepInterceptor.java:483)
	at net.thucydides.core.steps.StepInterceptor.runTestStep(StepInterceptor.java:457)
	at net.thucydides.core.steps.StepInterceptor.runOrSkipMethod(StepInterceptor.java:209)
	at net.thucydides.core.steps.StepInterceptor.testStepResult(StepInterceptor.java:196)
	at net.thucydides.core.steps.StepInterceptor.intercept(StepInterceptor.java:84)
	at net.thucydides.core.steps.ProxyConfiguration$InterceptorDispatcher.intercept(ProxyConfiguration.java:51)
	at net.serenitybdd.screenplay.ensure.PerformableExpectation$ByteBuddy$nfcU14Cb.performAs(Unknown Source)
	at net.serenitybdd.screenplay.Actor.performTask(Actor.java:277)
	at net.serenitybdd.screenplay.Actor.perform(Actor.java:256)
	at net.serenitybdd.screenplay.Actor.attemptsTo(Actor.java:197)
	at net.serenitybdd.screenplay.Actor.attemptsTo(Actor.java:204)
	at Proyecto3.Serenity@0.0.1-SNAPSHOT/com.ejemplos.testing.serenity.stepdefinitions.ServiciosStepDefinitions.comprobar_contrastes_(ServiciosStepDefinitions.java:174)
	at âœ½.no tiene ningÃºn impedimento respecto a los contrastes de texto-fondo(file:///C:/Users/34603/Documents/GitHub/Proyecto3/Proyecto3-Serenity/src/test/resources/features/servicios/servicios.feature:31)
&amp#27;[0m
16:21:52.780 [main] ERROR  - 
  _____   ___   ___   _____     ___     _     ___   _      ___   ___  
 |_   _| | __| / __| |_   _|   | __|   /_\   |_ _| | |    | __| |   \ 
   | |   | _|  \__ \   | |     | _|   / _ \   | |  | |__  | _|  | |) |
   |_|   |___| |___/   |_|     |_|   /_/ \_\ |___| |____| |___| |___/ 

un usuario con daltonismo es capaz de navegar sin problema por la página Servicios
-----------------------------------------------------------------------
16:21:52.780 [main] ERROR  -     Test failed at step: usuario con daltonismo should see fallos contraste with text value that is equal to: <"0">
16:21:52.780 [main] ERROR  -     Expecting fallos contraste with text value that is equal to: <"0">But got....................................................: <"2">
]]>
    </system-out>
    <system-err>
      <![CDATA[Starting ChromeDriver 99.0.4844.51 (d537ec02474b5afe23684e7963d538896c63ac77-refs/branch-heads/4844@{#875}) on port 53307
Only local connections are allowed.
Please see https://chromedriver.chromium.org/security-considerations for suggestions on keeping ChromeDriver safe.
ChromeDriver was started successfully.
abr 07, 2022 4:21:45 P. M. org.openqa.selenium.remote.ProtocolHandshake createSession
INFO: Detected dialect: W3C
abr 07, 2022 4:21:45 P. M. org.openqa.selenium.devtools.CdpVersionFinder findNearestMatch
INFO: Found exact CDP implementation for version 99
]]>
    </system-err>
  </testcase>
  <testcase name="los servicios se muestran en un elemento acordeón" classname="Como usuario quiero poder acceder a la página Servicios de la web para poder visualizar los servicios y productos de la empresa" time="3.979">
    <system-out>
      <![CDATA[
@REQ_P3Q-1 @TEST_P3Q-37 @TESTSET_P3Q-28 @UI/UX @Web
Scenario: los servicios se muestran en un elemento acordeÃ³n &amp#27;[90m# src/test/resources/features/servicios/servicios.feature:33&amp#27;[0m
16:21:53.885 [main] INFO  i.c.core.plugin.SerenityReporter - Running feature from file:///C:/Users/34603/Documents/GitHub/Proyecto3/Proyecto3-Serenity/src/test/resources/features/servicios/servicios.feature
16:21:53.889 [main] INFO   - 
  _____   ___   ___   _____     ___   _____     _     ___   _____   ___   ___  
 |_   _| | __| / __| |_   _|   / __| |_   _|   /_\   | _ \ |_   _| | __| |   \ 
   | |   | _|  \__ \   | |     \__ \   | |    / _ \  |   /   | |   | _|  | |) |
   |_|   |___| |___/   |_|     |___/   |_|   /_/ \_\ |_|_\   |_|   |___| |___/ 

los servicios se muestran en un elemento acordeón(como-usuario-quiero-poder-acceder-a-la-página-servicios-de-la-web-para-poder-visualizar-los-servicios-y-productos-de-la-empresa;los-servicios-se-muestran-en-un-elemento-acordeón)
--------------------------------------------------------------------------------
16:21:53.910 [main] INFO  n.s.c.w.d.ChromeDriverProvider - Using automatically driver download
16:21:54.091 [main] INFO  i.g.bonigarcia.wdm.WebDriverManager - Using chromedriver 99.0.4844.51 (resolved driver for Chrome 99)
16:21:54.103 [main] INFO  i.g.bonigarcia.wdm.WebDriverManager - Exporting webdriver.chrome.driver as C:\Users\34603\.cache\selenium\chromedriver\win32\99.0.4844.51\chromedriver.exe
  &amp#27;[32mGiven &amp#27;[0m&amp#27;[32mun &amp#27;[0m&amp#27;[32m&amp#27;[1musuario&amp#27;[0m&amp#27;[32m accede a la pÃ¡gina Servicios&amp#27;[0m             &amp#27;[90m# com.ejemplos.testing.serenity.stepdefinitions.ServiciosStepDefinitions.usuario_en_la_secciÃ³n_Servicio(net.serenitybdd.screenplay.Actor)&amp#27;[0m
  &amp#27;[32mWhen &amp#27;[0m&amp#27;[32mese &amp#27;[0m&amp#27;[32m&amp#27;[1musuario&amp#27;[0m&amp#27;[32m navega por la pÃ¡gina&amp#27;[0m                     &amp#27;[90m# com.ejemplos.testing.serenity.stepdefinitions.ServiciosStepDefinitions.servicios_esta_cargado(net.serenitybdd.screenplay.Actor)&amp#27;[0m
  &amp#27;[32mThen &amp#27;[0m&amp#27;[32mse muestra al menos un elemento de tipo acordeÃ³n&amp#27;[0m     &amp#27;[90m# com.ejemplos.testing.serenity.stepdefinitions.ServiciosStepDefinitions.deberia_mostrar_un_acordeon()&amp#27;[0m
16:21:57.156 [main] INFO   - 
  _____   ___   ___   _____     ___     _     ___   ___   ___   ___  
 |_   _| | __| / __| |_   _|   | _ \   /_\   / __| / __| | __| |   \ 
   | |   | _|  \__ \   | |     |  _/  / _ \  \__ \ \__ \ | _|  | |) |
   |_|   |___| |___/   |_|     |_|   /_/ \_\ |___/ |___/ |___| |___/ 

los servicios se muestran en un elemento acordeón
----------------------------------------------------------------------
]]>
    </system-out>
    <system-err>
      <![CDATA[Starting ChromeDriver 99.0.4844.51 (d537ec02474b5afe23684e7963d538896c63ac77-refs/branch-heads/4844@{#875}) on port 62293
Only local connections are allowed.
Please see https://chromedriver.chromium.org/security-considerations for suggestions on keeping ChromeDriver safe.
ChromeDriver was started successfully.
abr 07, 2022 4:21:55 P. M. org.openqa.selenium.remote.ProtocolHandshake createSession
INFO: Detected dialect: W3C
abr 07, 2022 4:21:55 P. M. org.openqa.selenium.devtools.CdpVersionFinder findNearestMatch
INFO: Found exact CDP implementation for version 99
]]>
    </system-err>
  </testcase>
  <testcase name="un usuario con ceguera es capaz de interpretar los contenidos de Servicios" classname="Como usuario quiero poder acceder a la página Servicios de la web para poder visualizar los servicios y productos de la empresa" time="7.569">
    <system-out>
      <![CDATA[
@REQ_P3Q-1 @TEST_P3Q-87 @TESTSET_P3Q-28 @Accesibilidad @UI/UX @Web
Scenario: un usuario con ceguera es capaz de interpretar los contenidos de Servicios        &amp#27;[90m# src/test/resources/features/servicios/servicios.feature:38&amp#27;[0m
16:21:57.862 [main] INFO  i.c.core.plugin.SerenityReporter - Running feature from file:///C:/Users/34603/Documents/GitHub/Proyecto3/Proyecto3-Serenity/src/test/resources/features/servicios/servicios.feature
16:21:57.863 [main] INFO   - 
  _____   ___   ___   _____     ___   _____     _     ___   _____   ___   ___  
 |_   _| | __| / __| |_   _|   / __| |_   _|   /_\   | _ \ |_   _| | __| |   \ 
   | |   | _|  \__ \   | |     \__ \   | |    / _ \  |   /   | |   | _|  | |) |
   |_|   |___| |___/   |_|     |___/   |_|   /_/ \_\ |_|_\   |_|   |___| |___/ 

un usuario con ceguera es capaz de interpretar los contenidos de Servicios(como-usuario-quiero-poder-acceder-a-la-página-servicios-de-la-web-para-poder-visualizar-los-servicios-y-productos-de-la-empresa;un-usuario-con-ceguera-es-capaz-de-interpretar-los-contenidos-de-servicios)
--------------------------------------------------------------------------------
16:21:57.878 [main] INFO  n.s.c.w.d.ChromeDriverProvider - Using automatically driver download
16:21:58.083 [main] INFO  i.g.bonigarcia.wdm.WebDriverManager - Using chromedriver 99.0.4844.51 (resolved driver for Chrome 99)
16:21:58.099 [main] INFO  i.g.bonigarcia.wdm.WebDriverManager - Exporting webdriver.chrome.driver as C:\Users\34603\.cache\selenium\chromedriver\win32\99.0.4844.51\chromedriver.exe
  &amp#27;[32mGiven &amp#27;[0m&amp#27;[32mun &amp#27;[0m&amp#27;[32m&amp#27;[1musuario con ceguera&amp#27;[0m&amp#27;[32m accede a la pÃ¡gina Servicios&amp#27;[0m                                 &amp#27;[90m# com.ejemplos.testing.serenity.stepdefinitions.ServiciosStepDefinitions.usuario_en_la_secciÃ³n_Servicio(net.serenitybdd.screenplay.Actor)&amp#27;[0m
  &amp#27;[32mWhen &amp#27;[0m&amp#27;[32mese &amp#27;[0m&amp#27;[32m&amp#27;[1musuario con ceguera&amp#27;[0m&amp#27;[32m navega por la pÃ¡gina&amp#27;[0m                                         &amp#27;[90m# com.ejemplos.testing.serenity.stepdefinitions.ServiciosStepDefinitions.servicios_esta_cargado(net.serenitybdd.screenplay.Actor)&amp#27;[0m
  &amp#27;[32mThen &amp#27;[0m&amp#27;[32mes capaz de obtener todos los textos alt de los elementos img de la pagina Servicios&amp#27;[0m &amp#27;[90m# com.ejemplos.testing.serenity.stepdefinitions.ServiciosStepDefinitions.es_capaz_de_obtener_todos_los_textos_alt_de_los_elementos_img_de_la_pagina_servicios()&amp#27;[0m
16:22:04.325 [main] INFO   - 
  _____   ___   ___   _____     ___     _     ___   ___   ___   ___  
 |_   _| | __| / __| |_   _|   | _ \   /_\   / __| / __| | __| |   \ 
   | |   | _|  \__ \   | |     |  _/  / _ \  \__ \ \__ \ | _|  | |) |
   |_|   |___| |___/   |_|     |_|   /_/ \_\ |___/ |___/ |___| |___/ 

un usuario con ceguera es capaz de interpretar los contenidos de Servicios
----------------------------------------------------------------------
]]>
    </system-out>
    <system-err>
      <![CDATA[Starting ChromeDriver 99.0.4844.51 (d537ec02474b5afe23684e7963d538896c63ac77-refs/branch-heads/4844@{#875}) on port 53735
Only local connections are allowed.
Please see https://chromedriver.chromium.org/security-considerations for suggestions on keeping ChromeDriver safe.
ChromeDriver was started successfully.
abr 07, 2022 4:21:59 P. M. org.openqa.selenium.remote.ProtocolHandshake createSession
INFO: Detected dialect: W3C
abr 07, 2022 4:21:59 P. M. org.openqa.selenium.devtools.CdpVersionFinder findNearestMatch
INFO: Found exact CDP implementation for version 99
]]>
    </system-err>
  </testcase>
  <testcase name="los enlaces de la barra de navegación en Servicios son siempre visibles y funcionan correctamente." classname="Como usuario quiero poder acceder a la página Servicios de la web para poder visualizar los servicios y productos de la empresa" time="12.032">
    <system-out>
      <![CDATA[
@REQ_P3Q-1 @TEST_P3Q-78 @TESTSET_P3Q-28 @UI/UX @Web
Scenario: los enlaces de la barra de navegaciÃ³n en Servicios son siempre visibles y funcionan correctamente. &amp#27;[90m# src/test/resources/features/servicios/servicios.feature:43&amp#27;[0m
16:22:05.431 [main] INFO  i.c.core.plugin.SerenityReporter - Running feature from file:///C:/Users/34603/Documents/GitHub/Proyecto3/Proyecto3-Serenity/src/test/resources/features/servicios/servicios.feature
16:22:05.433 [main] INFO   - 
  _____   ___   ___   _____     ___   _____     _     ___   _____   ___   ___  
 |_   _| | __| / __| |_   _|   / __| |_   _|   /_\   | _ \ |_   _| | __| |   \ 
   | |   | _|  \__ \   | |     \__ \   | |    / _ \  |   /   | |   | _|  | |) |
   |_|   |___| |___/   |_|     |___/   |_|   /_/ \_\ |_|_\   |_|   |___| |___/ 

los enlaces de la barra de navegación en Servicios son siempre visibles y funcionan correctamente.(como-usuario-quiero-poder-acceder-a-la-página-servicios-de-la-web-para-poder-visualizar-los-servicios-y-productos-de-la-empresa;los-enlaces-de-la-barra-de-navegación-en-servicios-son-siempre-visibles-y-funcionan-correctamente.)
--------------------------------------------------------------------------------
16:22:05.451 [main] INFO  n.s.c.w.d.ChromeDriverProvider - Using automatically driver download
16:22:05.629 [main] INFO  i.g.bonigarcia.wdm.WebDriverManager - Using chromedriver 99.0.4844.51 (resolved driver for Chrome 99)
16:22:05.642 [main] INFO  i.g.bonigarcia.wdm.WebDriverManager - Exporting webdriver.chrome.driver as C:\Users\34603\.cache\selenium\chromedriver\win32\99.0.4844.51\chromedriver.exe
  &amp#27;[32mGiven &amp#27;[0m&amp#27;[32mun &amp#27;[0m&amp#27;[32m&amp#27;[1musuario&amp#27;[0m&amp#27;[32m accede a la pÃ¡gina Servicios&amp#27;[0m                                                              &amp#27;[90m# com.ejemplos.testing.serenity.stepdefinitions.ServiciosStepDefinitions.usuario_en_la_secciÃ³n_Servicio(net.serenitybdd.screenplay.Actor)&amp#27;[0m
  &amp#27;[32mWhen &amp#27;[0m&amp#27;[32mese &amp#27;[0m&amp#27;[32m&amp#27;[1musuario&amp#27;[0m&amp#27;[32m navega por la pÃ¡gina&amp#27;[0m                                                                      &amp#27;[90m# com.ejemplos.testing.serenity.stepdefinitions.ServiciosStepDefinitions.servicios_esta_cargado(net.serenitybdd.screenplay.Actor)&amp#27;[0m
  &amp#27;[32mThen &amp#27;[0m&amp#27;[32mvisualiza un barra de navegaciÃ³n&amp#27;[0m                                                                      &amp#27;[90m# com.ejemplos.testing.serenity.stepdefinitions.ServiciosStepDefinitions.visualiza_una_barra_de_navegacion()&amp#27;[0m
  &amp#27;[32mAnd &amp#27;[0m&amp#27;[32mclica en los elementos&amp#27;[0m                                                                                 &amp#27;[90m# com.ejemplos.testing.serenity.stepdefinitions.ServiciosStepDefinitions.clica_en_los_elementos()&amp#27;[0m
  &amp#27;[32mAnd &amp#27;[0m&amp#27;[32mlos enlaces funcionan correctamente&amp#27;[0m                                                                    &amp#27;[90m# com.ejemplos.testing.serenity.stepdefinitions.ServiciosStepDefinitions.los_enlaces_funcionan_correctamente()&amp#27;[0m
16:22:16.366 [main] INFO   - 
  _____   ___   ___   _____     ___     _     ___   ___   ___   ___  
 |_   _| | __| / __| |_   _|   | _ \   /_\   / __| / __| | __| |   \ 
   | |   | _|  \__ \   | |     |  _/  / _ \  \__ \ \__ \ | _|  | |) |
   |_|   |___| |___/   |_|     |_|   /_/ \_\ |___/ |___/ |___| |___/ 

los enlaces de la barra de navgeación en Servicios son siempre visibles y funcionan correctamente.
----------------------------------------------------------------------
]]>
    </system-out>
    <system-err>
      <![CDATA[Starting ChromeDriver 99.0.4844.51 (d537ec02474b5afe23684e7963d538896c63ac77-refs/branch-heads/4844@{#875}) on port 65520
Only local connections are allowed.
Please see https://chromedriver.chromium.org/security-considerations for suggestions on keeping ChromeDriver safe.
ChromeDriver was started successfully.
abr 07, 2022 4:22:06 P. M. org.openqa.selenium.remote.ProtocolHandshake createSession
INFO: Detected dialect: W3C
abr 07, 2022 4:22:06 P. M. org.openqa.selenium.devtools.CdpVersionFinder findNearestMatch
INFO: Found exact CDP implementation for version 99
]]>
    </system-err>
  </testcase>
</testsuite>